[2026-06-07T17:39:30.664+0545] {processor.py:161} INFO - Started process (PID=31891) to work on /home/suyog/miniconda3/envs/fraud_mlops/lib/python3.11/site-packages/airflow/example_dags/example_datasets.py
[2026-06-07T17:39:30.666+0545] {processor.py:830} INFO - Processing file /home/suyog/miniconda3/envs/fraud_mlops/lib/python3.11/site-packages/airflow/example_dags/example_datasets.py for tasks to queue
[2026-06-07T17:39:30.671+0545] {logging_mixin.py:188} INFO - [2026-06-07T17:39:30.670+0545] {dagbag.py:545} INFO - Filling up the DagBag from /home/suyog/miniconda3/envs/fraud_mlops/lib/python3.11/site-packages/airflow/example_dags/example_datasets.py
[2026-06-07T17:39:30.688+0545] {processor.py:840} INFO - DAG(s) 'dataset_consumes_1_never_scheduled', 'conditional_dataset_and_time_based_timetable', 'dataset_consumes_unknown_never_scheduled', 'dataset_produces_1', 'consume_1_or_2_with_dataset_expressions', 'consume_1_and_2_with_dataset_expressions', 'dataset_produces_2', 'consume_1_or_both_2_and_3_with_dataset_expressions', 'dataset_consumes_1', 'dataset_consumes_1_and_2' retrieved from /home/suyog/miniconda3/envs/fraud_mlops/lib/python3.11/site-packages/airflow/example_dags/example_datasets.py
[2026-06-07T17:39:31.206+0545] {logging_mixin.py:188} INFO - [2026-06-07T17:39:31.206+0545] {override.py:1858} INFO - Created Permission View: can edit on DAG:dataset_consumes_1_never_scheduled
[2026-06-07T17:39:31.366+0545] {logging_mixin.py:188} INFO - [2026-06-07T17:39:31.365+0545] {override.py:1858} INFO - Created Permission View: can read on DAG:dataset_consumes_1_never_scheduled
[2026-06-07T17:39:31.515+0545] {logging_mixin.py:188} INFO - [2026-06-07T17:39:31.515+0545] {override.py:1858} INFO - Created Permission View: can delete on DAG:dataset_consumes_1_never_scheduled
[2026-06-07T17:39:31.827+0545] {logging_mixin.py:188} INFO - [2026-06-07T17:39:31.826+0545] {override.py:1858} INFO - Created Permission View: can edit on DAG:conditional_dataset_and_time_based_timetable
[2026-06-07T17:39:31.976+0545] {logging_mixin.py:188} INFO - [2026-06-07T17:39:31.976+0545] {override.py:1858} INFO - Created Permission View: can read on DAG:conditional_dataset_and_time_based_timetable
[2026-06-07T17:39:32.136+0545] {logging_mixin.py:188} INFO - [2026-06-07T17:39:32.135+0545] {override.py:1858} INFO - Created Permission View: can delete on DAG:conditional_dataset_and_time_based_timetable
[2026-06-07T17:39:32.446+0545] {logging_mixin.py:188} INFO - [2026-06-07T17:39:32.445+0545] {override.py:1858} INFO - Created Permission View: can edit on DAG:dataset_consumes_unknown_never_scheduled
[2026-06-07T17:39:32.612+0545] {logging_mixin.py:188} INFO - [2026-06-07T17:39:32.611+0545] {override.py:1858} INFO - Created Permission View: can read on DAG:dataset_consumes_unknown_never_scheduled
[2026-06-07T17:39:32.771+0545] {logging_mixin.py:188} INFO - [2026-06-07T17:39:32.771+0545] {override.py:1858} INFO - Created Permission View: can delete on DAG:dataset_consumes_unknown_never_scheduled
[2026-06-07T17:39:33.071+0545] {logging_mixin.py:188} INFO - [2026-06-07T17:39:33.071+0545] {override.py:1858} INFO - Created Permission View: can edit on DAG:dataset_produces_1
[2026-06-07T17:39:33.215+0545] {logging_mixin.py:188} INFO - [2026-06-07T17:39:33.214+0545] {override.py:1858} INFO - Created Permission View: can read on DAG:dataset_produces_1
[2026-06-07T17:39:33.398+0545] {logging_mixin.py:188} INFO - [2026-06-07T17:39:33.397+0545] {override.py:1858} INFO - Created Permission View: can delete on DAG:dataset_produces_1
[2026-06-07T17:39:33.707+0545] {logging_mixin.py:188} INFO - [2026-06-07T17:39:33.707+0545] {override.py:1858} INFO - Created Permission View: can edit on DAG:consume_1_or_2_with_dataset_expressions
[2026-06-07T17:39:33.859+0545] {logging_mixin.py:188} INFO - [2026-06-07T17:39:33.858+0545] {override.py:1858} INFO - Created Permission View: can read on DAG:consume_1_or_2_with_dataset_expressions
[2026-06-07T17:39:34.008+0545] {logging_mixin.py:188} INFO - [2026-06-07T17:39:34.008+0545] {override.py:1858} INFO - Created Permission View: can delete on DAG:consume_1_or_2_with_dataset_expressions
[2026-06-07T17:39:34.328+0545] {logging_mixin.py:188} INFO - [2026-06-07T17:39:34.327+0545] {override.py:1858} INFO - Created Permission View: can edit on DAG:consume_1_and_2_with_dataset_expressions
[2026-06-07T17:39:34.477+0545] {logging_mixin.py:188} INFO - [2026-06-07T17:39:34.477+0545] {override.py:1858} INFO - Created Permission View: can read on DAG:consume_1_and_2_with_dataset_expressions
[2026-06-07T17:39:34.628+0545] {logging_mixin.py:188} INFO - [2026-06-07T17:39:34.627+0545] {override.py:1858} INFO - Created Permission View: can delete on DAG:consume_1_and_2_with_dataset_expressions
[2026-06-07T17:39:34.930+0545] {logging_mixin.py:188} INFO - [2026-06-07T17:39:34.929+0545] {override.py:1858} INFO - Created Permission View: can edit on DAG:dataset_produces_2
[2026-06-07T17:39:35.089+0545] {logging_mixin.py:188} INFO - [2026-06-07T17:39:35.088+0545] {override.py:1858} INFO - Created Permission View: can read on DAG:dataset_produces_2
[2026-06-07T17:39:35.264+0545] {logging_mixin.py:188} INFO - [2026-06-07T17:39:35.263+0545] {override.py:1858} INFO - Created Permission View: can delete on DAG:dataset_produces_2
[2026-06-07T17:39:35.599+0545] {logging_mixin.py:188} INFO - [2026-06-07T17:39:35.598+0545] {override.py:1858} INFO - Created Permission View: can edit on DAG:consume_1_or_both_2_and_3_with_dataset_expressions
[2026-06-07T17:39:35.782+0545] {logging_mixin.py:188} INFO - [2026-06-07T17:39:35.781+0545] {override.py:1858} INFO - Created Permission View: can read on DAG:consume_1_or_both_2_and_3_with_dataset_expressions
[2026-06-07T17:39:35.941+0545] {logging_mixin.py:188} INFO - [2026-06-07T17:39:35.940+0545] {override.py:1858} INFO - Created Permission View: can delete on DAG:consume_1_or_both_2_and_3_with_dataset_expressions
[2026-06-07T17:39:36.224+0545] {logging_mixin.py:188} INFO - [2026-06-07T17:39:36.224+0545] {override.py:1858} INFO - Created Permission View: can edit on DAG:dataset_consumes_1
[2026-06-07T17:39:36.367+0545] {logging_mixin.py:188} INFO - [2026-06-07T17:39:36.366+0545] {override.py:1858} INFO - Created Permission View: can read on DAG:dataset_consumes_1
[2026-06-07T17:39:36.535+0545] {logging_mixin.py:188} INFO - [2026-06-07T17:39:36.534+0545] {override.py:1858} INFO - Created Permission View: can delete on DAG:dataset_consumes_1
[2026-06-07T17:39:36.844+0545] {logging_mixin.py:188} INFO - [2026-06-07T17:39:36.843+0545] {override.py:1858} INFO - Created Permission View: can edit on DAG:dataset_consumes_1_and_2
[2026-06-07T17:39:37.004+0545] {logging_mixin.py:188} INFO - [2026-06-07T17:39:37.003+0545] {override.py:1858} INFO - Created Permission View: can read on DAG:dataset_consumes_1_and_2
[2026-06-07T17:39:37.171+0545] {logging_mixin.py:188} INFO - [2026-06-07T17:39:37.170+0545] {override.py:1858} INFO - Created Permission View: can delete on DAG:dataset_consumes_1_and_2
[2026-06-07T17:39:37.173+0545] {logging_mixin.py:188} INFO - [2026-06-07T17:39:37.172+0545] {dag.py:3089} INFO - Sync 10 DAGs
[2026-06-07T17:39:37.200+0545] {logging_mixin.py:188} INFO - [2026-06-07T17:39:37.199+0545] {dag.py:3111} INFO - Creating ORM DAG for dataset_consumes_1_never_scheduled
[2026-06-07T17:39:37.201+0545] {logging_mixin.py:188} INFO - [2026-06-07T17:39:37.201+0545] {dag.py:3111} INFO - Creating ORM DAG for dataset_consumes_1_and_2
[2026-06-07T17:39:37.202+0545] {logging_mixin.py:188} INFO - [2026-06-07T17:39:37.202+0545] {dag.py:3111} INFO - Creating ORM DAG for dataset_consumes_1
[2026-06-07T17:39:37.203+0545] {logging_mixin.py:188} INFO - [2026-06-07T17:39:37.203+0545] {dag.py:3111} INFO - Creating ORM DAG for consume_1_or_2_with_dataset_expressions
[2026-06-07T17:39:37.204+0545] {logging_mixin.py:188} INFO - [2026-06-07T17:39:37.204+0545] {dag.py:3111} INFO - Creating ORM DAG for dataset_produces_1
[2026-06-07T17:39:37.205+0545] {logging_mixin.py:188} INFO - [2026-06-07T17:39:37.205+0545] {dag.py:3111} INFO - Creating ORM DAG for consume_1_and_2_with_dataset_expressions
[2026-06-07T17:39:37.206+0545] {logging_mixin.py:188} INFO - [2026-06-07T17:39:37.205+0545] {dag.py:3111} INFO - Creating ORM DAG for dataset_produces_2
[2026-06-07T17:39:37.206+0545] {logging_mixin.py:188} INFO - [2026-06-07T17:39:37.206+0545] {dag.py:3111} INFO - Creating ORM DAG for dataset_consumes_unknown_never_scheduled
[2026-06-07T17:39:37.207+0545] {logging_mixin.py:188} INFO - [2026-06-07T17:39:37.207+0545] {dag.py:3111} INFO - Creating ORM DAG for conditional_dataset_and_time_based_timetable
[2026-06-07T17:39:37.208+0545] {logging_mixin.py:188} INFO - [2026-06-07T17:39:37.208+0545] {dag.py:3111} INFO - Creating ORM DAG for consume_1_or_both_2_and_3_with_dataset_expressions
[2026-06-07T17:39:37.218+0545] {logging_mixin.py:188} INFO - [2026-06-07T17:39:37.217+0545] {dag.py:3947} INFO - Setting next_dagrun for conditional_dataset_and_time_based_timetable to 2026-06-03 01:00:00+00:00, run_after=2026-06-03 01:00:00+00:00
[2026-06-07T17:39:37.218+0545] {logging_mixin.py:188} INFO - [2026-06-07T17:39:37.218+0545] {dag.py:3947} INFO - Setting next_dagrun for consume_1_and_2_with_dataset_expressions to None, run_after=None
[2026-06-07T17:39:37.219+0545] {logging_mixin.py:188} INFO - [2026-06-07T17:39:37.218+0545] {dag.py:3947} INFO - Setting next_dagrun for consume_1_or_2_with_dataset_expressions to None, run_after=None
[2026-06-07T17:39:37.219+0545] {logging_mixin.py:188} INFO - [2026-06-07T17:39:37.219+0545] {dag.py:3947} INFO - Setting next_dagrun for consume_1_or_both_2_and_3_with_dataset_expressions to None, run_after=None
[2026-06-07T17:39:37.219+0545] {logging_mixin.py:188} INFO - [2026-06-07T17:39:37.219+0545] {dag.py:3947} INFO - Setting next_dagrun for dataset_consumes_1 to None, run_after=None
[2026-06-07T17:39:37.220+0545] {logging_mixin.py:188} INFO - [2026-06-07T17:39:37.220+0545] {dag.py:3947} INFO - Setting next_dagrun for dataset_consumes_1_and_2 to None, run_after=None
[2026-06-07T17:39:37.221+0545] {logging_mixin.py:188} INFO - [2026-06-07T17:39:37.220+0545] {dag.py:3947} INFO - Setting next_dagrun for dataset_consumes_1_never_scheduled to None, run_after=None
[2026-06-07T17:39:37.221+0545] {logging_mixin.py:188} INFO - [2026-06-07T17:39:37.221+0545] {dag.py:3947} INFO - Setting next_dagrun for dataset_consumes_unknown_never_scheduled to None, run_after=None
[2026-06-07T17:39:37.223+0545] {logging_mixin.py:188} INFO - [2026-06-07T17:39:37.223+0545] {dag.py:3947} INFO - Setting next_dagrun for dataset_produces_1 to 2026-06-06 00:00:00+00:00, run_after=2026-06-07 00:00:00+00:00
[2026-06-07T17:39:37.224+0545] {logging_mixin.py:188} INFO - [2026-06-07T17:39:37.224+0545] {dag.py:3947} INFO - Setting next_dagrun for dataset_produces_2 to None, run_after=None
[2026-06-07T17:39:37.390+0545] {processor.py:183} INFO - Processing /home/suyog/miniconda3/envs/fraud_mlops/lib/python3.11/site-packages/airflow/example_dags/example_datasets.py took 6.741 seconds
[2026-06-07T17:41:15.129+0545] {processor.py:161} INFO - Started process (PID=32109) to work on /home/suyog/miniconda3/envs/fraud_mlops/lib/python3.11/site-packages/airflow/example_dags/example_datasets.py
[2026-06-07T17:41:15.159+0545] {processor.py:830} INFO - Processing file /home/suyog/miniconda3/envs/fraud_mlops/lib/python3.11/site-packages/airflow/example_dags/example_datasets.py for tasks to queue
[2026-06-07T17:41:15.162+0545] {logging_mixin.py:188} INFO - [2026-06-07T17:41:15.161+0545] {dagbag.py:545} INFO - Filling up the DagBag from /home/suyog/miniconda3/envs/fraud_mlops/lib/python3.11/site-packages/airflow/example_dags/example_datasets.py
[2026-06-07T17:41:15.184+0545] {processor.py:840} INFO - DAG(s) 'dataset_consumes_1_never_scheduled', 'consume_1_and_2_with_dataset_expressions', 'consume_1_or_both_2_and_3_with_dataset_expressions', 'consume_1_or_2_with_dataset_expressions', 'dataset_produces_2', 'dataset_consumes_unknown_never_scheduled', 'dataset_produces_1', 'dataset_consumes_1_and_2', 'conditional_dataset_and_time_based_timetable', 'dataset_consumes_1' retrieved from /home/suyog/miniconda3/envs/fraud_mlops/lib/python3.11/site-packages/airflow/example_dags/example_datasets.py
[2026-06-07T17:41:15.217+0545] {logging_mixin.py:188} INFO - [2026-06-07T17:41:15.217+0545] {dag.py:3089} INFO - Sync 10 DAGs
[2026-06-07T17:41:15.234+0545] {logging_mixin.py:188} INFO - [2026-06-07T17:41:15.234+0545] {dag.py:3947} INFO - Setting next_dagrun for conditional_dataset_and_time_based_timetable to 2026-06-03 01:00:00+00:00, run_after=2026-06-03 01:00:00+00:00
[2026-06-07T17:41:15.237+0545] {logging_mixin.py:188} INFO - [2026-06-07T17:41:15.237+0545] {dag.py:3947} INFO - Setting next_dagrun for consume_1_and_2_with_dataset_expressions to None, run_after=None
[2026-06-07T17:41:15.237+0545] {logging_mixin.py:188} INFO - [2026-06-07T17:41:15.237+0545] {dag.py:3947} INFO - Setting next_dagrun for consume_1_or_2_with_dataset_expressions to None, run_after=None
[2026-06-07T17:41:15.238+0545] {logging_mixin.py:188} INFO - [2026-06-07T17:41:15.238+0545] {dag.py:3947} INFO - Setting next_dagrun for consume_1_or_both_2_and_3_with_dataset_expressions to None, run_after=None
[2026-06-07T17:41:15.239+0545] {logging_mixin.py:188} INFO - [2026-06-07T17:41:15.239+0545] {dag.py:3947} INFO - Setting next_dagrun for dataset_consumes_1 to None, run_after=None
[2026-06-07T17:41:15.239+0545] {logging_mixin.py:188} INFO - [2026-06-07T17:41:15.239+0545] {dag.py:3947} INFO - Setting next_dagrun for dataset_consumes_1_and_2 to None, run_after=None
[2026-06-07T17:41:15.240+0545] {logging_mixin.py:188} INFO - [2026-06-07T17:41:15.240+0545] {dag.py:3947} INFO - Setting next_dagrun for dataset_consumes_1_never_scheduled to None, run_after=None
[2026-06-07T17:41:15.241+0545] {logging_mixin.py:188} INFO - [2026-06-07T17:41:15.241+0545] {dag.py:3947} INFO - Setting next_dagrun for dataset_consumes_unknown_never_scheduled to None, run_after=None
[2026-06-07T17:41:15.242+0545] {logging_mixin.py:188} INFO - [2026-06-07T17:41:15.242+0545] {dag.py:3947} INFO - Setting next_dagrun for dataset_produces_1 to 2026-06-06 00:00:00+00:00, run_after=2026-06-07 00:00:00+00:00
[2026-06-07T17:41:15.243+0545] {logging_mixin.py:188} INFO - [2026-06-07T17:41:15.243+0545] {dag.py:3947} INFO - Setting next_dagrun for dataset_produces_2 to None, run_after=None
[2026-06-07T17:41:15.397+0545] {processor.py:183} INFO - Processing /home/suyog/miniconda3/envs/fraud_mlops/lib/python3.11/site-packages/airflow/example_dags/example_datasets.py took 0.275 seconds
[2026-06-07T17:42:27.424+0545] {processor.py:161} INFO - Started process (PID=32301) to work on /home/suyog/miniconda3/envs/fraud_mlops/lib/python3.11/site-packages/airflow/example_dags/example_datasets.py
[2026-06-07T17:42:27.452+0545] {processor.py:830} INFO - Processing file /home/suyog/miniconda3/envs/fraud_mlops/lib/python3.11/site-packages/airflow/example_dags/example_datasets.py for tasks to queue
[2026-06-07T17:42:27.453+0545] {logging_mixin.py:188} INFO - [2026-06-07T17:42:27.453+0545] {dagbag.py:545} INFO - Filling up the DagBag from /home/suyog/miniconda3/envs/fraud_mlops/lib/python3.11/site-packages/airflow/example_dags/example_datasets.py
[2026-06-07T17:42:27.462+0545] {processor.py:840} INFO - DAG(s) 'dataset_consumes_1_never_scheduled', 'dataset_consumes_unknown_never_scheduled', 'consume_1_and_2_with_dataset_expressions', 'conditional_dataset_and_time_based_timetable', 'dataset_produces_1', 'consume_1_or_both_2_and_3_with_dataset_expressions', 'dataset_produces_2', 'consume_1_or_2_with_dataset_expressions', 'dataset_consumes_1', 'dataset_consumes_1_and_2' retrieved from /home/suyog/miniconda3/envs/fraud_mlops/lib/python3.11/site-packages/airflow/example_dags/example_datasets.py
[2026-06-07T17:42:27.489+0545] {logging_mixin.py:188} INFO - [2026-06-07T17:42:27.489+0545] {dag.py:3089} INFO - Sync 10 DAGs
[2026-06-07T17:42:27.507+0545] {logging_mixin.py:188} INFO - [2026-06-07T17:42:27.507+0545] {dag.py:3947} INFO - Setting next_dagrun for conditional_dataset_and_time_based_timetable to 2026-06-03 01:00:00+00:00, run_after=2026-06-03 01:00:00+00:00
[2026-06-07T17:42:27.509+0545] {logging_mixin.py:188} INFO - [2026-06-07T17:42:27.509+0545] {dag.py:3947} INFO - Setting next_dagrun for consume_1_and_2_with_dataset_expressions to None, run_after=None
[2026-06-07T17:42:27.510+0545] {logging_mixin.py:188} INFO - [2026-06-07T17:42:27.510+0545] {dag.py:3947} INFO - Setting next_dagrun for consume_1_or_2_with_dataset_expressions to None, run_after=None
[2026-06-07T17:42:27.511+0545] {logging_mixin.py:188} INFO - [2026-06-07T17:42:27.511+0545] {dag.py:3947} INFO - Setting next_dagrun for consume_1_or_both_2_and_3_with_dataset_expressions to None, run_after=None
[2026-06-07T17:42:27.511+0545] {logging_mixin.py:188} INFO - [2026-06-07T17:42:27.511+0545] {dag.py:3947} INFO - Setting next_dagrun for dataset_consumes_1 to None, run_after=None
[2026-06-07T17:42:27.512+0545] {logging_mixin.py:188} INFO - [2026-06-07T17:42:27.512+0545] {dag.py:3947} INFO - Setting next_dagrun for dataset_consumes_1_and_2 to None, run_after=None
[2026-06-07T17:42:27.513+0545] {logging_mixin.py:188} INFO - [2026-06-07T17:42:27.512+0545] {dag.py:3947} INFO - Setting next_dagrun for dataset_consumes_1_never_scheduled to None, run_after=None
[2026-06-07T17:42:27.513+0545] {logging_mixin.py:188} INFO - [2026-06-07T17:42:27.513+0545] {dag.py:3947} INFO - Setting next_dagrun for dataset_consumes_unknown_never_scheduled to None, run_after=None
[2026-06-07T17:42:27.515+0545] {logging_mixin.py:188} INFO - [2026-06-07T17:42:27.515+0545] {dag.py:3947} INFO - Setting next_dagrun for dataset_produces_1 to 2026-06-06 00:00:00+00:00, run_after=2026-06-07 00:00:00+00:00
[2026-06-07T17:42:27.515+0545] {logging_mixin.py:188} INFO - [2026-06-07T17:42:27.515+0545] {dag.py:3947} INFO - Setting next_dagrun for dataset_produces_2 to None, run_after=None
[2026-06-07T17:42:27.683+0545] {processor.py:183} INFO - Processing /home/suyog/miniconda3/envs/fraud_mlops/lib/python3.11/site-packages/airflow/example_dags/example_datasets.py took 0.264 seconds
[2026-06-07T17:43:41.317+0545] {processor.py:161} INFO - Started process (PID=32939) to work on /home/suyog/miniconda3/envs/fraud_mlops/lib/python3.11/site-packages/airflow/example_dags/example_datasets.py
[2026-06-07T17:43:41.327+0545] {processor.py:830} INFO - Processing file /home/suyog/miniconda3/envs/fraud_mlops/lib/python3.11/site-packages/airflow/example_dags/example_datasets.py for tasks to queue
[2026-06-07T17:43:41.331+0545] {logging_mixin.py:188} INFO - [2026-06-07T17:43:41.330+0545] {dagbag.py:545} INFO - Filling up the DagBag from /home/suyog/miniconda3/envs/fraud_mlops/lib/python3.11/site-packages/airflow/example_dags/example_datasets.py
[2026-06-07T17:43:41.354+0545] {processor.py:840} INFO - DAG(s) 'dataset_consumes_1', 'consume_1_and_2_with_dataset_expressions', 'dataset_consumes_unknown_never_scheduled', 'dataset_produces_1', 'consume_1_or_2_with_dataset_expressions', 'dataset_consumes_1_never_scheduled', 'dataset_consumes_1_and_2', 'consume_1_or_both_2_and_3_with_dataset_expressions', 'dataset_produces_2', 'conditional_dataset_and_time_based_timetable' retrieved from /home/suyog/miniconda3/envs/fraud_mlops/lib/python3.11/site-packages/airflow/example_dags/example_datasets.py
[2026-06-07T17:43:41.383+0545] {logging_mixin.py:188} INFO - [2026-06-07T17:43:41.383+0545] {dag.py:3089} INFO - Sync 10 DAGs
[2026-06-07T17:43:41.399+0545] {logging_mixin.py:188} INFO - [2026-06-07T17:43:41.399+0545] {dag.py:3947} INFO - Setting next_dagrun for conditional_dataset_and_time_based_timetable to 2026-06-03 01:00:00+00:00, run_after=2026-06-03 01:00:00+00:00
[2026-06-07T17:43:41.401+0545] {logging_mixin.py:188} INFO - [2026-06-07T17:43:41.401+0545] {dag.py:3947} INFO - Setting next_dagrun for consume_1_and_2_with_dataset_expressions to None, run_after=None
[2026-06-07T17:43:41.403+0545] {logging_mixin.py:188} INFO - [2026-06-07T17:43:41.403+0545] {dag.py:3947} INFO - Setting next_dagrun for consume_1_or_2_with_dataset_expressions to None, run_after=None
[2026-06-07T17:43:41.403+0545] {logging_mixin.py:188} INFO - [2026-06-07T17:43:41.403+0545] {dag.py:3947} INFO - Setting next_dagrun for consume_1_or_both_2_and_3_with_dataset_expressions to None, run_after=None
[2026-06-07T17:43:41.404+0545] {logging_mixin.py:188} INFO - [2026-06-07T17:43:41.404+0545] {dag.py:3947} INFO - Setting next_dagrun for dataset_consumes_1 to None, run_after=None
[2026-06-07T17:43:41.405+0545] {logging_mixin.py:188} INFO - [2026-06-07T17:43:41.405+0545] {dag.py:3947} INFO - Setting next_dagrun for dataset_consumes_1_and_2 to None, run_after=None
[2026-06-07T17:43:41.405+0545] {logging_mixin.py:188} INFO - [2026-06-07T17:43:41.405+0545] {dag.py:3947} INFO - Setting next_dagrun for dataset_consumes_1_never_scheduled to None, run_after=None
[2026-06-07T17:43:41.406+0545] {logging_mixin.py:188} INFO - [2026-06-07T17:43:41.406+0545] {dag.py:3947} INFO - Setting next_dagrun for dataset_consumes_unknown_never_scheduled to None, run_after=None
[2026-06-07T17:43:41.408+0545] {logging_mixin.py:188} INFO - [2026-06-07T17:43:41.407+0545] {dag.py:3947} INFO - Setting next_dagrun for dataset_produces_1 to 2026-06-06 00:00:00+00:00, run_after=2026-06-07 00:00:00+00:00
[2026-06-07T17:43:41.408+0545] {logging_mixin.py:188} INFO - [2026-06-07T17:43:41.408+0545] {dag.py:3947} INFO - Setting next_dagrun for dataset_produces_2 to None, run_after=None
[2026-06-07T17:43:41.603+0545] {processor.py:183} INFO - Processing /home/suyog/miniconda3/envs/fraud_mlops/lib/python3.11/site-packages/airflow/example_dags/example_datasets.py took 0.301 seconds
[2026-06-07T17:44:50.215+0545] {processor.py:161} INFO - Started process (PID=33112) to work on /home/suyog/miniconda3/envs/fraud_mlops/lib/python3.11/site-packages/airflow/example_dags/example_datasets.py
[2026-06-07T17:44:50.247+0545] {processor.py:830} INFO - Processing file /home/suyog/miniconda3/envs/fraud_mlops/lib/python3.11/site-packages/airflow/example_dags/example_datasets.py for tasks to queue
[2026-06-07T17:44:50.250+0545] {logging_mixin.py:188} INFO - [2026-06-07T17:44:50.249+0545] {dagbag.py:545} INFO - Filling up the DagBag from /home/suyog/miniconda3/envs/fraud_mlops/lib/python3.11/site-packages/airflow/example_dags/example_datasets.py
[2026-06-07T17:44:50.272+0545] {processor.py:840} INFO - DAG(s) 'consume_1_and_2_with_dataset_expressions', 'consume_1_or_both_2_and_3_with_dataset_expressions', 'dataset_consumes_1_never_scheduled', 'dataset_produces_1', 'dataset_produces_2', 'consume_1_or_2_with_dataset_expressions', 'dataset_consumes_1_and_2', 'dataset_consumes_1', 'conditional_dataset_and_time_based_timetable', 'dataset_consumes_unknown_never_scheduled' retrieved from /home/suyog/miniconda3/envs/fraud_mlops/lib/python3.11/site-packages/airflow/example_dags/example_datasets.py
[2026-06-07T17:44:50.303+0545] {logging_mixin.py:188} INFO - [2026-06-07T17:44:50.302+0545] {dag.py:3089} INFO - Sync 10 DAGs
[2026-06-07T17:44:50.319+0545] {logging_mixin.py:188} INFO - [2026-06-07T17:44:50.319+0545] {dag.py:3947} INFO - Setting next_dagrun for conditional_dataset_and_time_based_timetable to 2026-06-03 01:00:00+00:00, run_after=2026-06-03 01:00:00+00:00
[2026-06-07T17:44:50.322+0545] {logging_mixin.py:188} INFO - [2026-06-07T17:44:50.321+0545] {dag.py:3947} INFO - Setting next_dagrun for consume_1_and_2_with_dataset_expressions to None, run_after=None
[2026-06-07T17:44:50.322+0545] {logging_mixin.py:188} INFO - [2026-06-07T17:44:50.322+0545] {dag.py:3947} INFO - Setting next_dagrun for consume_1_or_2_with_dataset_expressions to None, run_after=None
[2026-06-07T17:44:50.323+0545] {logging_mixin.py:188} INFO - [2026-06-07T17:44:50.323+0545] {dag.py:3947} INFO - Setting next_dagrun for consume_1_or_both_2_and_3_with_dataset_expressions to None, run_after=None
[2026-06-07T17:44:50.324+0545] {logging_mixin.py:188} INFO - [2026-06-07T17:44:50.324+0545] {dag.py:3947} INFO - Setting next_dagrun for dataset_consumes_1 to None, run_after=None
[2026-06-07T17:44:50.325+0545] {logging_mixin.py:188} INFO - [2026-06-07T17:44:50.324+0545] {dag.py:3947} INFO - Setting next_dagrun for dataset_consumes_1_and_2 to None, run_after=None
[2026-06-07T17:44:50.325+0545] {logging_mixin.py:188} INFO - [2026-06-07T17:44:50.325+0545] {dag.py:3947} INFO - Setting next_dagrun for dataset_consumes_1_never_scheduled to None, run_after=None
[2026-06-07T17:44:50.326+0545] {logging_mixin.py:188} INFO - [2026-06-07T17:44:50.326+0545] {dag.py:3947} INFO - Setting next_dagrun for dataset_consumes_unknown_never_scheduled to None, run_after=None
[2026-06-07T17:44:50.327+0545] {logging_mixin.py:188} INFO - [2026-06-07T17:44:50.327+0545] {dag.py:3947} INFO - Setting next_dagrun for dataset_produces_1 to 2026-06-06 00:00:00+00:00, run_after=2026-06-07 00:00:00+00:00
[2026-06-07T17:44:50.328+0545] {logging_mixin.py:188} INFO - [2026-06-07T17:44:50.328+0545] {dag.py:3947} INFO - Setting next_dagrun for dataset_produces_2 to None, run_after=None
[2026-06-07T17:44:50.512+0545] {processor.py:183} INFO - Processing /home/suyog/miniconda3/envs/fraud_mlops/lib/python3.11/site-packages/airflow/example_dags/example_datasets.py took 0.306 seconds
[2026-06-07T17:48:06.435+0545] {processor.py:161} INFO - Started process (PID=33424) to work on /home/suyog/miniconda3/envs/fraud_mlops/lib/python3.11/site-packages/airflow/example_dags/example_datasets.py
[2026-06-07T17:48:06.463+0545] {processor.py:830} INFO - Processing file /home/suyog/miniconda3/envs/fraud_mlops/lib/python3.11/site-packages/airflow/example_dags/example_datasets.py for tasks to queue
[2026-06-07T17:48:06.464+0545] {logging_mixin.py:188} INFO - [2026-06-07T17:48:06.464+0545] {dagbag.py:545} INFO - Filling up the DagBag from /home/suyog/miniconda3/envs/fraud_mlops/lib/python3.11/site-packages/airflow/example_dags/example_datasets.py
[2026-06-07T17:48:06.476+0545] {processor.py:840} INFO - DAG(s) 'dataset_consumes_1_never_scheduled', 'dataset_produces_1', 'dataset_consumes_1_and_2', 'consume_1_and_2_with_dataset_expressions', 'dataset_produces_2', 'dataset_consumes_1', 'consume_1_or_2_with_dataset_expressions', 'dataset_consumes_unknown_never_scheduled', 'consume_1_or_both_2_and_3_with_dataset_expressions', 'conditional_dataset_and_time_based_timetable' retrieved from /home/suyog/miniconda3/envs/fraud_mlops/lib/python3.11/site-packages/airflow/example_dags/example_datasets.py
[2026-06-07T17:48:06.605+0545] {logging_mixin.py:188} INFO - [2026-06-07T17:48:06.605+0545] {dag.py:3089} INFO - Sync 10 DAGs
[2026-06-07T17:48:06.621+0545] {logging_mixin.py:188} INFO - [2026-06-07T17:48:06.621+0545] {dag.py:3947} INFO - Setting next_dagrun for conditional_dataset_and_time_based_timetable to 2026-06-03 01:00:00+00:00, run_after=2026-06-03 01:00:00+00:00
[2026-06-07T17:48:06.623+0545] {logging_mixin.py:188} INFO - [2026-06-07T17:48:06.623+0545] {dag.py:3947} INFO - Setting next_dagrun for consume_1_and_2_with_dataset_expressions to None, run_after=None
[2026-06-07T17:48:06.624+0545] {logging_mixin.py:188} INFO - [2026-06-07T17:48:06.624+0545] {dag.py:3947} INFO - Setting next_dagrun for consume_1_or_2_with_dataset_expressions to None, run_after=None
[2026-06-07T17:48:06.624+0545] {logging_mixin.py:188} INFO - [2026-06-07T17:48:06.624+0545] {dag.py:3947} INFO - Setting next_dagrun for consume_1_or_both_2_and_3_with_dataset_expressions to None, run_after=None
[2026-06-07T17:48:06.625+0545] {logging_mixin.py:188} INFO - [2026-06-07T17:48:06.625+0545] {dag.py:3947} INFO - Setting next_dagrun for dataset_consumes_1 to None, run_after=None
[2026-06-07T17:48:06.626+0545] {logging_mixin.py:188} INFO - [2026-06-07T17:48:06.626+0545] {dag.py:3947} INFO - Setting next_dagrun for dataset_consumes_1_and_2 to None, run_after=None
[2026-06-07T17:48:06.626+0545] {logging_mixin.py:188} INFO - [2026-06-07T17:48:06.626+0545] {dag.py:3947} INFO - Setting next_dagrun for dataset_consumes_1_never_scheduled to None, run_after=None
[2026-06-07T17:48:06.627+0545] {logging_mixin.py:188} INFO - [2026-06-07T17:48:06.627+0545] {dag.py:3947} INFO - Setting next_dagrun for dataset_consumes_unknown_never_scheduled to None, run_after=None
[2026-06-07T17:48:06.629+0545] {logging_mixin.py:188} INFO - [2026-06-07T17:48:06.629+0545] {dag.py:3947} INFO - Setting next_dagrun for dataset_produces_1 to 2026-06-06 00:00:00+00:00, run_after=2026-06-07 00:00:00+00:00
[2026-06-07T17:48:06.629+0545] {logging_mixin.py:188} INFO - [2026-06-07T17:48:06.629+0545] {dag.py:3947} INFO - Setting next_dagrun for dataset_produces_2 to None, run_after=None
[2026-06-07T17:48:06.808+0545] {processor.py:183} INFO - Processing /home/suyog/miniconda3/envs/fraud_mlops/lib/python3.11/site-packages/airflow/example_dags/example_datasets.py took 0.377 seconds
[2026-06-07T17:49:23.992+0545] {processor.py:161} INFO - Started process (PID=33628) to work on /home/suyog/miniconda3/envs/fraud_mlops/lib/python3.11/site-packages/airflow/example_dags/example_datasets.py
[2026-06-07T17:49:23.994+0545] {processor.py:830} INFO - Processing file /home/suyog/miniconda3/envs/fraud_mlops/lib/python3.11/site-packages/airflow/example_dags/example_datasets.py for tasks to queue
[2026-06-07T17:49:23.996+0545] {logging_mixin.py:188} INFO - [2026-06-07T17:49:23.996+0545] {dagbag.py:545} INFO - Filling up the DagBag from /home/suyog/miniconda3/envs/fraud_mlops/lib/python3.11/site-packages/airflow/example_dags/example_datasets.py
[2026-06-07T17:49:24.011+0545] {processor.py:840} INFO - DAG(s) 'dataset_produces_2', 'conditional_dataset_and_time_based_timetable', 'dataset_produces_1', 'dataset_consumes_1_never_scheduled', 'consume_1_or_both_2_and_3_with_dataset_expressions', 'consume_1_or_2_with_dataset_expressions', 'consume_1_and_2_with_dataset_expressions', 'dataset_consumes_1_and_2', 'dataset_consumes_unknown_never_scheduled', 'dataset_consumes_1' retrieved from /home/suyog/miniconda3/envs/fraud_mlops/lib/python3.11/site-packages/airflow/example_dags/example_datasets.py
[2026-06-07T17:49:24.040+0545] {logging_mixin.py:188} INFO - [2026-06-07T17:49:24.040+0545] {dag.py:3089} INFO - Sync 10 DAGs
[2026-06-07T17:49:24.057+0545] {logging_mixin.py:188} INFO - [2026-06-07T17:49:24.057+0545] {dag.py:3947} INFO - Setting next_dagrun for conditional_dataset_and_time_based_timetable to 2026-06-03 01:00:00+00:00, run_after=2026-06-03 01:00:00+00:00
[2026-06-07T17:49:24.061+0545] {logging_mixin.py:188} INFO - [2026-06-07T17:49:24.060+0545] {dag.py:3947} INFO - Setting next_dagrun for consume_1_and_2_with_dataset_expressions to None, run_after=None
[2026-06-07T17:49:24.061+0545] {logging_mixin.py:188} INFO - [2026-06-07T17:49:24.061+0545] {dag.py:3947} INFO - Setting next_dagrun for consume_1_or_2_with_dataset_expressions to None, run_after=None
[2026-06-07T17:49:24.062+0545] {logging_mixin.py:188} INFO - [2026-06-07T17:49:24.062+0545] {dag.py:3947} INFO - Setting next_dagrun for consume_1_or_both_2_and_3_with_dataset_expressions to None, run_after=None
[2026-06-07T17:49:24.063+0545] {logging_mixin.py:188} INFO - [2026-06-07T17:49:24.062+0545] {dag.py:3947} INFO - Setting next_dagrun for dataset_consumes_1 to None, run_after=None
[2026-06-07T17:49:24.063+0545] {logging_mixin.py:188} INFO - [2026-06-07T17:49:24.063+0545] {dag.py:3947} INFO - Setting next_dagrun for dataset_consumes_1_and_2 to None, run_after=None
[2026-06-07T17:49:24.064+0545] {logging_mixin.py:188} INFO - [2026-06-07T17:49:24.064+0545] {dag.py:3947} INFO - Setting next_dagrun for dataset_consumes_1_never_scheduled to None, run_after=None
[2026-06-07T17:49:24.064+0545] {logging_mixin.py:188} INFO - [2026-06-07T17:49:24.064+0545] {dag.py:3947} INFO - Setting next_dagrun for dataset_consumes_unknown_never_scheduled to None, run_after=None
[2026-06-07T17:49:24.066+0545] {logging_mixin.py:188} INFO - [2026-06-07T17:49:24.066+0545] {dag.py:3947} INFO - Setting next_dagrun for dataset_produces_1 to 2026-06-06 00:00:00+00:00, run_after=2026-06-07 00:00:00+00:00
[2026-06-07T17:49:24.067+0545] {logging_mixin.py:188} INFO - [2026-06-07T17:49:24.067+0545] {dag.py:3947} INFO - Setting next_dagrun for dataset_produces_2 to None, run_after=None
[2026-06-07T17:49:24.335+0545] {processor.py:183} INFO - Processing /home/suyog/miniconda3/envs/fraud_mlops/lib/python3.11/site-packages/airflow/example_dags/example_datasets.py took 0.354 seconds
