[2026-06-07T17:39:40.115+0545] {processor.py:161} INFO - Started process (PID=31901) to work on /home/suyog/miniconda3/envs/fraud_mlops/lib/python3.11/site-packages/airflow/example_dags/example_complex.py
[2026-06-07T17:39:40.116+0545] {processor.py:830} INFO - Processing file /home/suyog/miniconda3/envs/fraud_mlops/lib/python3.11/site-packages/airflow/example_dags/example_complex.py for tasks to queue
[2026-06-07T17:39:40.118+0545] {logging_mixin.py:188} INFO - [2026-06-07T17:39:40.117+0545] {dagbag.py:545} INFO - Filling up the DagBag from /home/suyog/miniconda3/envs/fraud_mlops/lib/python3.11/site-packages/airflow/example_dags/example_complex.py
[2026-06-07T17:39:40.129+0545] {processor.py:840} INFO - DAG(s) 'example_complex' retrieved from /home/suyog/miniconda3/envs/fraud_mlops/lib/python3.11/site-packages/airflow/example_dags/example_complex.py
[2026-06-07T17:39:40.633+0545] {logging_mixin.py:188} INFO - [2026-06-07T17:39:40.632+0545] {override.py:1858} INFO - Created Permission View: can edit on DAG:example_complex
[2026-06-07T17:39:40.776+0545] {logging_mixin.py:188} INFO - [2026-06-07T17:39:40.775+0545] {override.py:1858} INFO - Created Permission View: can read on DAG:example_complex
[2026-06-07T17:39:40.933+0545] {logging_mixin.py:188} INFO - [2026-06-07T17:39:40.933+0545] {override.py:1858} INFO - Created Permission View: can delete on DAG:example_complex
[2026-06-07T17:39:40.933+0545] {logging_mixin.py:188} INFO - [2026-06-07T17:39:40.933+0545] {dag.py:3089} INFO - Sync 1 DAGs
[2026-06-07T17:39:40.941+0545] {logging_mixin.py:188} INFO - [2026-06-07T17:39:40.941+0545] {dag.py:3111} INFO - Creating ORM DAG for example_complex
[2026-06-07T17:39:40.941+0545] {logging_mixin.py:188} INFO - [2026-06-07T17:39:40.941+0545] {dag.py:3947} INFO - Setting next_dagrun for example_complex to None, run_after=None
[2026-06-07T17:39:41.133+0545] {processor.py:183} INFO - Processing /home/suyog/miniconda3/envs/fraud_mlops/lib/python3.11/site-packages/airflow/example_dags/example_complex.py took 1.023 seconds
[2026-06-07T17:41:17.890+0545] {processor.py:161} INFO - Started process (PID=32116) to work on /home/suyog/miniconda3/envs/fraud_mlops/lib/python3.11/site-packages/airflow/example_dags/example_complex.py
[2026-06-07T17:41:17.891+0545] {processor.py:830} INFO - Processing file /home/suyog/miniconda3/envs/fraud_mlops/lib/python3.11/site-packages/airflow/example_dags/example_complex.py for tasks to queue
[2026-06-07T17:41:17.893+0545] {logging_mixin.py:188} INFO - [2026-06-07T17:41:17.893+0545] {dagbag.py:545} INFO - Filling up the DagBag from /home/suyog/miniconda3/envs/fraud_mlops/lib/python3.11/site-packages/airflow/example_dags/example_complex.py
[2026-06-07T17:41:17.907+0545] {processor.py:840} INFO - DAG(s) 'example_complex' retrieved from /home/suyog/miniconda3/envs/fraud_mlops/lib/python3.11/site-packages/airflow/example_dags/example_complex.py
[2026-06-07T17:41:17.929+0545] {logging_mixin.py:188} INFO - [2026-06-07T17:41:17.929+0545] {dag.py:3089} INFO - Sync 1 DAGs
[2026-06-07T17:41:17.937+0545] {logging_mixin.py:188} INFO - [2026-06-07T17:41:17.937+0545] {dag.py:3947} INFO - Setting next_dagrun for example_complex to None, run_after=None
[2026-06-07T17:41:18.147+0545] {processor.py:183} INFO - Processing /home/suyog/miniconda3/envs/fraud_mlops/lib/python3.11/site-packages/airflow/example_dags/example_complex.py took 0.264 seconds
[2026-06-07T17:42:28.764+0545] {processor.py:161} INFO - Started process (PID=32306) to work on /home/suyog/miniconda3/envs/fraud_mlops/lib/python3.11/site-packages/airflow/example_dags/example_complex.py
[2026-06-07T17:42:28.766+0545] {processor.py:830} INFO - Processing file /home/suyog/miniconda3/envs/fraud_mlops/lib/python3.11/site-packages/airflow/example_dags/example_complex.py for tasks to queue
[2026-06-07T17:42:28.770+0545] {logging_mixin.py:188} INFO - [2026-06-07T17:42:28.769+0545] {dagbag.py:545} INFO - Filling up the DagBag from /home/suyog/miniconda3/envs/fraud_mlops/lib/python3.11/site-packages/airflow/example_dags/example_complex.py
[2026-06-07T17:42:28.788+0545] {processor.py:840} INFO - DAG(s) 'example_complex' retrieved from /home/suyog/miniconda3/envs/fraud_mlops/lib/python3.11/site-packages/airflow/example_dags/example_complex.py
[2026-06-07T17:42:28.810+0545] {logging_mixin.py:188} INFO - [2026-06-07T17:42:28.809+0545] {dag.py:3089} INFO - Sync 1 DAGs
[2026-06-07T17:42:28.818+0545] {logging_mixin.py:188} INFO - [2026-06-07T17:42:28.818+0545] {dag.py:3947} INFO - Setting next_dagrun for example_complex to None, run_after=None
[2026-06-07T17:42:29.069+0545] {processor.py:183} INFO - Processing /home/suyog/miniconda3/envs/fraud_mlops/lib/python3.11/site-packages/airflow/example_dags/example_complex.py took 0.320 seconds
[2026-06-07T17:43:44.360+0545] {processor.py:161} INFO - Started process (PID=32947) to work on /home/suyog/miniconda3/envs/fraud_mlops/lib/python3.11/site-packages/airflow/example_dags/example_complex.py
[2026-06-07T17:43:44.366+0545] {processor.py:830} INFO - Processing file /home/suyog/miniconda3/envs/fraud_mlops/lib/python3.11/site-packages/airflow/example_dags/example_complex.py for tasks to queue
[2026-06-07T17:43:44.368+0545] {logging_mixin.py:188} INFO - [2026-06-07T17:43:44.368+0545] {dagbag.py:545} INFO - Filling up the DagBag from /home/suyog/miniconda3/envs/fraud_mlops/lib/python3.11/site-packages/airflow/example_dags/example_complex.py
[2026-06-07T17:43:44.382+0545] {processor.py:840} INFO - DAG(s) 'example_complex' retrieved from /home/suyog/miniconda3/envs/fraud_mlops/lib/python3.11/site-packages/airflow/example_dags/example_complex.py
[2026-06-07T17:43:44.406+0545] {logging_mixin.py:188} INFO - [2026-06-07T17:43:44.406+0545] {dag.py:3089} INFO - Sync 1 DAGs
[2026-06-07T17:43:44.415+0545] {logging_mixin.py:188} INFO - [2026-06-07T17:43:44.415+0545] {dag.py:3947} INFO - Setting next_dagrun for example_complex to None, run_after=None
[2026-06-07T17:43:44.585+0545] {processor.py:183} INFO - Processing /home/suyog/miniconda3/envs/fraud_mlops/lib/python3.11/site-packages/airflow/example_dags/example_complex.py took 0.230 seconds
[2026-06-07T17:44:52.364+0545] {processor.py:161} INFO - Started process (PID=33114) to work on /home/suyog/miniconda3/envs/fraud_mlops/lib/python3.11/site-packages/airflow/example_dags/example_complex.py
[2026-06-07T17:44:52.366+0545] {processor.py:830} INFO - Processing file /home/suyog/miniconda3/envs/fraud_mlops/lib/python3.11/site-packages/airflow/example_dags/example_complex.py for tasks to queue
[2026-06-07T17:44:52.369+0545] {logging_mixin.py:188} INFO - [2026-06-07T17:44:52.369+0545] {dagbag.py:545} INFO - Filling up the DagBag from /home/suyog/miniconda3/envs/fraud_mlops/lib/python3.11/site-packages/airflow/example_dags/example_complex.py
[2026-06-07T17:44:52.389+0545] {processor.py:840} INFO - DAG(s) 'example_complex' retrieved from /home/suyog/miniconda3/envs/fraud_mlops/lib/python3.11/site-packages/airflow/example_dags/example_complex.py
[2026-06-07T17:44:52.411+0545] {logging_mixin.py:188} INFO - [2026-06-07T17:44:52.411+0545] {dag.py:3089} INFO - Sync 1 DAGs
[2026-06-07T17:44:52.419+0545] {logging_mixin.py:188} INFO - [2026-06-07T17:44:52.419+0545] {dag.py:3947} INFO - Setting next_dagrun for example_complex to None, run_after=None
[2026-06-07T17:44:52.595+0545] {processor.py:183} INFO - Processing /home/suyog/miniconda3/envs/fraud_mlops/lib/python3.11/site-packages/airflow/example_dags/example_complex.py took 0.243 seconds
[2026-06-07T17:48:09.455+0545] {processor.py:161} INFO - Started process (PID=33431) to work on /home/suyog/miniconda3/envs/fraud_mlops/lib/python3.11/site-packages/airflow/example_dags/example_complex.py
[2026-06-07T17:48:09.457+0545] {processor.py:830} INFO - Processing file /home/suyog/miniconda3/envs/fraud_mlops/lib/python3.11/site-packages/airflow/example_dags/example_complex.py for tasks to queue
[2026-06-07T17:48:09.460+0545] {logging_mixin.py:188} INFO - [2026-06-07T17:48:09.459+0545] {dagbag.py:545} INFO - Filling up the DagBag from /home/suyog/miniconda3/envs/fraud_mlops/lib/python3.11/site-packages/airflow/example_dags/example_complex.py
[2026-06-07T17:48:09.479+0545] {processor.py:840} INFO - DAG(s) 'example_complex' retrieved from /home/suyog/miniconda3/envs/fraud_mlops/lib/python3.11/site-packages/airflow/example_dags/example_complex.py
[2026-06-07T17:48:09.593+0545] {logging_mixin.py:188} INFO - [2026-06-07T17:48:09.593+0545] {dag.py:3089} INFO - Sync 1 DAGs
[2026-06-07T17:48:09.602+0545] {logging_mixin.py:188} INFO - [2026-06-07T17:48:09.602+0545] {dag.py:3947} INFO - Setting next_dagrun for example_complex to None, run_after=None
[2026-06-07T17:48:09.794+0545] {processor.py:183} INFO - Processing /home/suyog/miniconda3/envs/fraud_mlops/lib/python3.11/site-packages/airflow/example_dags/example_complex.py took 0.348 seconds
[2026-06-07T17:49:27.043+0545] {processor.py:161} INFO - Started process (PID=33631) to work on /home/suyog/miniconda3/envs/fraud_mlops/lib/python3.11/site-packages/airflow/example_dags/example_complex.py
[2026-06-07T17:49:27.074+0545] {processor.py:830} INFO - Processing file /home/suyog/miniconda3/envs/fraud_mlops/lib/python3.11/site-packages/airflow/example_dags/example_complex.py for tasks to queue
[2026-06-07T17:49:27.078+0545] {logging_mixin.py:188} INFO - [2026-06-07T17:49:27.077+0545] {dagbag.py:545} INFO - Filling up the DagBag from /home/suyog/miniconda3/envs/fraud_mlops/lib/python3.11/site-packages/airflow/example_dags/example_complex.py
[2026-06-07T17:49:27.107+0545] {processor.py:840} INFO - DAG(s) 'example_complex' retrieved from /home/suyog/miniconda3/envs/fraud_mlops/lib/python3.11/site-packages/airflow/example_dags/example_complex.py
[2026-06-07T17:49:27.133+0545] {logging_mixin.py:188} INFO - [2026-06-07T17:49:27.133+0545] {dag.py:3089} INFO - Sync 1 DAGs
[2026-06-07T17:49:27.142+0545] {logging_mixin.py:188} INFO - [2026-06-07T17:49:27.141+0545] {dag.py:3947} INFO - Setting next_dagrun for example_complex to None, run_after=None
[2026-06-07T17:49:27.339+0545] {processor.py:183} INFO - Processing /home/suyog/miniconda3/envs/fraud_mlops/lib/python3.11/site-packages/airflow/example_dags/example_complex.py took 0.304 seconds
