[2026-06-07T17:39:08.983+0545] {processor.py:161} INFO - Started process (PID=31857) to work on /home/suyog/miniconda3/envs/fraud_mlops/lib/python3.11/site-packages/airflow/example_dags/example_params_ui_tutorial.py
[2026-06-07T17:39:08.984+0545] {processor.py:830} INFO - Processing file /home/suyog/miniconda3/envs/fraud_mlops/lib/python3.11/site-packages/airflow/example_dags/example_params_ui_tutorial.py for tasks to queue
[2026-06-07T17:39:08.987+0545] {logging_mixin.py:188} INFO - [2026-06-07T17:39:08.986+0545] {dagbag.py:545} INFO - Filling up the DagBag from /home/suyog/miniconda3/envs/fraud_mlops/lib/python3.11/site-packages/airflow/example_dags/example_params_ui_tutorial.py
[2026-06-07T17:39:08.999+0545] {processor.py:840} INFO - DAG(s) 'example_params_ui_tutorial' retrieved from /home/suyog/miniconda3/envs/fraud_mlops/lib/python3.11/site-packages/airflow/example_dags/example_params_ui_tutorial.py
[2026-06-07T17:39:09.500+0545] {logging_mixin.py:188} INFO - [2026-06-07T17:39:09.498+0545] {override.py:1858} INFO - Created Permission View: can edit on DAG:example_params_ui_tutorial
[2026-06-07T17:39:09.658+0545] {logging_mixin.py:188} INFO - [2026-06-07T17:39:09.657+0545] {override.py:1858} INFO - Created Permission View: can read on DAG:example_params_ui_tutorial
[2026-06-07T17:39:09.832+0545] {logging_mixin.py:188} INFO - [2026-06-07T17:39:09.831+0545] {override.py:1858} INFO - Created Permission View: can delete on DAG:example_params_ui_tutorial
[2026-06-07T17:39:09.832+0545] {logging_mixin.py:188} INFO - [2026-06-07T17:39:09.832+0545] {dag.py:3089} INFO - Sync 1 DAGs
[2026-06-07T17:39:09.839+0545] {logging_mixin.py:188} INFO - [2026-06-07T17:39:09.839+0545] {dag.py:3111} INFO - Creating ORM DAG for example_params_ui_tutorial
[2026-06-07T17:39:09.840+0545] {logging_mixin.py:188} INFO - [2026-06-07T17:39:09.839+0545] {dag.py:3947} INFO - Setting next_dagrun for example_params_ui_tutorial to None, run_after=None
[2026-06-07T17:39:10.040+0545] {processor.py:183} INFO - Processing /home/suyog/miniconda3/envs/fraud_mlops/lib/python3.11/site-packages/airflow/example_dags/example_params_ui_tutorial.py took 1.067 seconds
[2026-06-07T17:40:40.263+0545] {processor.py:161} INFO - Started process (PID=32033) to work on /home/suyog/miniconda3/envs/fraud_mlops/lib/python3.11/site-packages/airflow/example_dags/example_params_ui_tutorial.py
[2026-06-07T17:40:40.286+0545] {processor.py:830} INFO - Processing file /home/suyog/miniconda3/envs/fraud_mlops/lib/python3.11/site-packages/airflow/example_dags/example_params_ui_tutorial.py for tasks to queue
[2026-06-07T17:40:40.288+0545] {logging_mixin.py:188} INFO - [2026-06-07T17:40:40.288+0545] {dagbag.py:545} INFO - Filling up the DagBag from /home/suyog/miniconda3/envs/fraud_mlops/lib/python3.11/site-packages/airflow/example_dags/example_params_ui_tutorial.py
[2026-06-07T17:40:40.301+0545] {processor.py:840} INFO - DAG(s) 'example_params_ui_tutorial' retrieved from /home/suyog/miniconda3/envs/fraud_mlops/lib/python3.11/site-packages/airflow/example_dags/example_params_ui_tutorial.py
[2026-06-07T17:40:40.347+0545] {logging_mixin.py:188} INFO - [2026-06-07T17:40:40.347+0545] {dag.py:3089} INFO - Sync 1 DAGs
[2026-06-07T17:40:40.356+0545] {logging_mixin.py:188} INFO - [2026-06-07T17:40:40.356+0545] {dag.py:3947} INFO - Setting next_dagrun for example_params_ui_tutorial to None, run_after=None
[2026-06-07T17:40:40.530+0545] {processor.py:183} INFO - Processing /home/suyog/miniconda3/envs/fraud_mlops/lib/python3.11/site-packages/airflow/example_dags/example_params_ui_tutorial.py took 0.272 seconds
[2026-06-07T17:41:49.925+0545] {processor.py:161} INFO - Started process (PID=32192) to work on /home/suyog/miniconda3/envs/fraud_mlops/lib/python3.11/site-packages/airflow/example_dags/example_params_ui_tutorial.py
[2026-06-07T17:41:49.957+0545] {processor.py:830} INFO - Processing file /home/suyog/miniconda3/envs/fraud_mlops/lib/python3.11/site-packages/airflow/example_dags/example_params_ui_tutorial.py for tasks to queue
[2026-06-07T17:41:49.958+0545] {logging_mixin.py:188} INFO - [2026-06-07T17:41:49.958+0545] {dagbag.py:545} INFO - Filling up the DagBag from /home/suyog/miniconda3/envs/fraud_mlops/lib/python3.11/site-packages/airflow/example_dags/example_params_ui_tutorial.py
[2026-06-07T17:41:49.964+0545] {processor.py:840} INFO - DAG(s) 'example_params_ui_tutorial' retrieved from /home/suyog/miniconda3/envs/fraud_mlops/lib/python3.11/site-packages/airflow/example_dags/example_params_ui_tutorial.py
[2026-06-07T17:41:49.998+0545] {logging_mixin.py:188} INFO - [2026-06-07T17:41:49.998+0545] {dag.py:3089} INFO - Sync 1 DAGs
[2026-06-07T17:41:50.007+0545] {logging_mixin.py:188} INFO - [2026-06-07T17:41:50.007+0545] {dag.py:3947} INFO - Setting next_dagrun for example_params_ui_tutorial to None, run_after=None
[2026-06-07T17:41:50.277+0545] {processor.py:183} INFO - Processing /home/suyog/miniconda3/envs/fraud_mlops/lib/python3.11/site-packages/airflow/example_dags/example_params_ui_tutorial.py took 0.356 seconds
[2026-06-07T17:43:03.681+0545] {processor.py:161} INFO - Started process (PID=32388) to work on /home/suyog/miniconda3/envs/fraud_mlops/lib/python3.11/site-packages/airflow/example_dags/example_params_ui_tutorial.py
[2026-06-07T17:43:03.682+0545] {processor.py:830} INFO - Processing file /home/suyog/miniconda3/envs/fraud_mlops/lib/python3.11/site-packages/airflow/example_dags/example_params_ui_tutorial.py for tasks to queue
[2026-06-07T17:43:03.683+0545] {logging_mixin.py:188} INFO - [2026-06-07T17:43:03.682+0545] {dagbag.py:545} INFO - Filling up the DagBag from /home/suyog/miniconda3/envs/fraud_mlops/lib/python3.11/site-packages/airflow/example_dags/example_params_ui_tutorial.py
[2026-06-07T17:43:03.688+0545] {processor.py:840} INFO - DAG(s) 'example_params_ui_tutorial' retrieved from /home/suyog/miniconda3/envs/fraud_mlops/lib/python3.11/site-packages/airflow/example_dags/example_params_ui_tutorial.py
[2026-06-07T17:43:03.719+0545] {logging_mixin.py:188} INFO - [2026-06-07T17:43:03.719+0545] {dag.py:3089} INFO - Sync 1 DAGs
[2026-06-07T17:43:03.727+0545] {logging_mixin.py:188} INFO - [2026-06-07T17:43:03.727+0545] {dag.py:3947} INFO - Setting next_dagrun for example_params_ui_tutorial to None, run_after=None
[2026-06-07T17:43:03.903+0545] {processor.py:183} INFO - Processing /home/suyog/miniconda3/envs/fraud_mlops/lib/python3.11/site-packages/airflow/example_dags/example_params_ui_tutorial.py took 0.226 seconds
[2026-06-07T17:44:17.047+0545] {processor.py:161} INFO - Started process (PID=33042) to work on /home/suyog/miniconda3/envs/fraud_mlops/lib/python3.11/site-packages/airflow/example_dags/example_params_ui_tutorial.py
[2026-06-07T17:44:17.048+0545] {processor.py:830} INFO - Processing file /home/suyog/miniconda3/envs/fraud_mlops/lib/python3.11/site-packages/airflow/example_dags/example_params_ui_tutorial.py for tasks to queue
[2026-06-07T17:44:17.049+0545] {logging_mixin.py:188} INFO - [2026-06-07T17:44:17.049+0545] {dagbag.py:545} INFO - Filling up the DagBag from /home/suyog/miniconda3/envs/fraud_mlops/lib/python3.11/site-packages/airflow/example_dags/example_params_ui_tutorial.py
[2026-06-07T17:44:17.055+0545] {processor.py:840} INFO - DAG(s) 'example_params_ui_tutorial' retrieved from /home/suyog/miniconda3/envs/fraud_mlops/lib/python3.11/site-packages/airflow/example_dags/example_params_ui_tutorial.py
[2026-06-07T17:44:17.088+0545] {logging_mixin.py:188} INFO - [2026-06-07T17:44:17.088+0545] {dag.py:3089} INFO - Sync 1 DAGs
[2026-06-07T17:44:17.097+0545] {logging_mixin.py:188} INFO - [2026-06-07T17:44:17.097+0545] {dag.py:3947} INFO - Setting next_dagrun for example_params_ui_tutorial to None, run_after=None
[2026-06-07T17:44:17.291+0545] {processor.py:183} INFO - Processing /home/suyog/miniconda3/envs/fraud_mlops/lib/python3.11/site-packages/airflow/example_dags/example_params_ui_tutorial.py took 0.249 seconds
[2026-06-07T17:45:26.230+0545] {processor.py:161} INFO - Started process (PID=33206) to work on /home/suyog/miniconda3/envs/fraud_mlops/lib/python3.11/site-packages/airflow/example_dags/example_params_ui_tutorial.py
[2026-06-07T17:45:26.257+0545] {processor.py:830} INFO - Processing file /home/suyog/miniconda3/envs/fraud_mlops/lib/python3.11/site-packages/airflow/example_dags/example_params_ui_tutorial.py for tasks to queue
[2026-06-07T17:45:26.258+0545] {logging_mixin.py:188} INFO - [2026-06-07T17:45:26.258+0545] {dagbag.py:545} INFO - Filling up the DagBag from /home/suyog/miniconda3/envs/fraud_mlops/lib/python3.11/site-packages/airflow/example_dags/example_params_ui_tutorial.py
[2026-06-07T17:45:26.263+0545] {processor.py:840} INFO - DAG(s) 'example_params_ui_tutorial' retrieved from /home/suyog/miniconda3/envs/fraud_mlops/lib/python3.11/site-packages/airflow/example_dags/example_params_ui_tutorial.py
[2026-06-07T17:45:26.295+0545] {logging_mixin.py:188} INFO - [2026-06-07T17:45:26.295+0545] {dag.py:3089} INFO - Sync 1 DAGs
[2026-06-07T17:45:26.304+0545] {logging_mixin.py:188} INFO - [2026-06-07T17:45:26.303+0545] {dag.py:3947} INFO - Setting next_dagrun for example_params_ui_tutorial to None, run_after=None
[2026-06-07T17:45:26.468+0545] {processor.py:183} INFO - Processing /home/suyog/miniconda3/envs/fraud_mlops/lib/python3.11/site-packages/airflow/example_dags/example_params_ui_tutorial.py took 0.241 seconds
[2026-06-07T17:47:52.672+0545] {processor.py:161} INFO - Started process (PID=33396) to work on /home/suyog/miniconda3/envs/fraud_mlops/lib/python3.11/site-packages/airflow/example_dags/example_params_ui_tutorial.py
[2026-06-07T17:47:52.701+0545] {processor.py:830} INFO - Processing file /home/suyog/miniconda3/envs/fraud_mlops/lib/python3.11/site-packages/airflow/example_dags/example_params_ui_tutorial.py for tasks to queue
[2026-06-07T17:47:52.703+0545] {logging_mixin.py:188} INFO - [2026-06-07T17:47:52.703+0545] {dagbag.py:545} INFO - Filling up the DagBag from /home/suyog/miniconda3/envs/fraud_mlops/lib/python3.11/site-packages/airflow/example_dags/example_params_ui_tutorial.py
[2026-06-07T17:47:52.713+0545] {processor.py:840} INFO - DAG(s) 'example_params_ui_tutorial' retrieved from /home/suyog/miniconda3/envs/fraud_mlops/lib/python3.11/site-packages/airflow/example_dags/example_params_ui_tutorial.py
[2026-06-07T17:47:52.754+0545] {logging_mixin.py:188} INFO - [2026-06-07T17:47:52.754+0545] {dag.py:3089} INFO - Sync 1 DAGs
[2026-06-07T17:47:52.764+0545] {logging_mixin.py:188} INFO - [2026-06-07T17:47:52.764+0545] {dag.py:3947} INFO - Setting next_dagrun for example_params_ui_tutorial to None, run_after=None
[2026-06-07T17:47:53.032+0545] {processor.py:183} INFO - Processing /home/suyog/miniconda3/envs/fraud_mlops/lib/python3.11/site-packages/airflow/example_dags/example_params_ui_tutorial.py took 0.367 seconds
[2026-06-07T17:49:11.958+0545] {processor.py:161} INFO - Started process (PID=33603) to work on /home/suyog/miniconda3/envs/fraud_mlops/lib/python3.11/site-packages/airflow/example_dags/example_params_ui_tutorial.py
[2026-06-07T17:49:11.981+0545] {processor.py:830} INFO - Processing file /home/suyog/miniconda3/envs/fraud_mlops/lib/python3.11/site-packages/airflow/example_dags/example_params_ui_tutorial.py for tasks to queue
[2026-06-07T17:49:11.982+0545] {logging_mixin.py:188} INFO - [2026-06-07T17:49:11.982+0545] {dagbag.py:545} INFO - Filling up the DagBag from /home/suyog/miniconda3/envs/fraud_mlops/lib/python3.11/site-packages/airflow/example_dags/example_params_ui_tutorial.py
[2026-06-07T17:49:11.988+0545] {processor.py:840} INFO - DAG(s) 'example_params_ui_tutorial' retrieved from /home/suyog/miniconda3/envs/fraud_mlops/lib/python3.11/site-packages/airflow/example_dags/example_params_ui_tutorial.py
[2026-06-07T17:49:12.021+0545] {logging_mixin.py:188} INFO - [2026-06-07T17:49:12.021+0545] {dag.py:3089} INFO - Sync 1 DAGs
[2026-06-07T17:49:12.029+0545] {logging_mixin.py:188} INFO - [2026-06-07T17:49:12.029+0545] {dag.py:3947} INFO - Setting next_dagrun for example_params_ui_tutorial to None, run_after=None
[2026-06-07T17:49:12.234+0545] {processor.py:183} INFO - Processing /home/suyog/miniconda3/envs/fraud_mlops/lib/python3.11/site-packages/airflow/example_dags/example_params_ui_tutorial.py took 0.281 seconds
[2026-06-07T17:50:20.362+0545] {processor.py:161} INFO - Started process (PID=33698) to work on /home/suyog/miniconda3/envs/fraud_mlops/lib/python3.11/site-packages/airflow/example_dags/example_params_ui_tutorial.py
[2026-06-07T17:50:20.364+0545] {processor.py:830} INFO - Processing file /home/suyog/miniconda3/envs/fraud_mlops/lib/python3.11/site-packages/airflow/example_dags/example_params_ui_tutorial.py for tasks to queue
[2026-06-07T17:50:20.366+0545] {logging_mixin.py:188} INFO - [2026-06-07T17:50:20.365+0545] {dagbag.py:545} INFO - Filling up the DagBag from /home/suyog/miniconda3/envs/fraud_mlops/lib/python3.11/site-packages/airflow/example_dags/example_params_ui_tutorial.py
[2026-06-07T17:50:20.375+0545] {processor.py:840} INFO - DAG(s) 'example_params_ui_tutorial' retrieved from /home/suyog/miniconda3/envs/fraud_mlops/lib/python3.11/site-packages/airflow/example_dags/example_params_ui_tutorial.py
[2026-06-07T17:50:20.409+0545] {logging_mixin.py:188} INFO - [2026-06-07T17:50:20.409+0545] {dag.py:3089} INFO - Sync 1 DAGs
[2026-06-07T17:50:20.418+0545] {logging_mixin.py:188} INFO - [2026-06-07T17:50:20.417+0545] {dag.py:3947} INFO - Setting next_dagrun for example_params_ui_tutorial to None, run_after=None
[2026-06-07T17:50:20.639+0545] {processor.py:183} INFO - Processing /home/suyog/miniconda3/envs/fraud_mlops/lib/python3.11/site-packages/airflow/example_dags/example_params_ui_tutorial.py took 0.285 seconds
