[2026-06-07T17:39:44.956+0545] {processor.py:161} INFO - Started process (PID=31908) to work on /home/suyog/miniconda3/envs/fraud_mlops/lib/python3.11/site-packages/airflow/example_dags/example_branch_operator.py
[2026-06-07T17:39:44.957+0545] {processor.py:830} INFO - Processing file /home/suyog/miniconda3/envs/fraud_mlops/lib/python3.11/site-packages/airflow/example_dags/example_branch_operator.py for tasks to queue
[2026-06-07T17:39:44.958+0545] {logging_mixin.py:188} INFO - [2026-06-07T17:39:44.957+0545] {dagbag.py:545} INFO - Filling up the DagBag from /home/suyog/miniconda3/envs/fraud_mlops/lib/python3.11/site-packages/airflow/example_dags/example_branch_operator.py
[2026-06-07T17:39:44.959+0545] {processor.py:842} WARNING - No viable dags retrieved from /home/suyog/miniconda3/envs/fraud_mlops/lib/python3.11/site-packages/airflow/example_dags/example_branch_operator.py
[2026-06-07T17:39:44.968+0545] {processor.py:183} INFO - Processing /home/suyog/miniconda3/envs/fraud_mlops/lib/python3.11/site-packages/airflow/example_dags/example_branch_operator.py took 0.015 seconds
[2026-06-07T17:41:21.764+0545] {processor.py:161} INFO - Started process (PID=32123) to work on /home/suyog/miniconda3/envs/fraud_mlops/lib/python3.11/site-packages/airflow/example_dags/example_branch_operator.py
[2026-06-07T17:41:21.791+0545] {processor.py:830} INFO - Processing file /home/suyog/miniconda3/envs/fraud_mlops/lib/python3.11/site-packages/airflow/example_dags/example_branch_operator.py for tasks to queue
[2026-06-07T17:41:21.792+0545] {logging_mixin.py:188} INFO - [2026-06-07T17:41:21.792+0545] {dagbag.py:545} INFO - Filling up the DagBag from /home/suyog/miniconda3/envs/fraud_mlops/lib/python3.11/site-packages/airflow/example_dags/example_branch_operator.py
[2026-06-07T17:41:21.794+0545] {processor.py:842} WARNING - No viable dags retrieved from /home/suyog/miniconda3/envs/fraud_mlops/lib/python3.11/site-packages/airflow/example_dags/example_branch_operator.py
[2026-06-07T17:41:21.803+0545] {processor.py:183} INFO - Processing /home/suyog/miniconda3/envs/fraud_mlops/lib/python3.11/site-packages/airflow/example_dags/example_branch_operator.py took 0.046 seconds
[2026-06-07T17:42:32.913+0545] {processor.py:161} INFO - Started process (PID=32314) to work on /home/suyog/miniconda3/envs/fraud_mlops/lib/python3.11/site-packages/airflow/example_dags/example_branch_operator.py
[2026-06-07T17:42:32.937+0545] {processor.py:830} INFO - Processing file /home/suyog/miniconda3/envs/fraud_mlops/lib/python3.11/site-packages/airflow/example_dags/example_branch_operator.py for tasks to queue
[2026-06-07T17:42:32.940+0545] {logging_mixin.py:188} INFO - [2026-06-07T17:42:32.939+0545] {dagbag.py:545} INFO - Filling up the DagBag from /home/suyog/miniconda3/envs/fraud_mlops/lib/python3.11/site-packages/airflow/example_dags/example_branch_operator.py
[2026-06-07T17:42:32.944+0545] {processor.py:842} WARNING - No viable dags retrieved from /home/suyog/miniconda3/envs/fraud_mlops/lib/python3.11/site-packages/airflow/example_dags/example_branch_operator.py
[2026-06-07T17:42:32.961+0545] {processor.py:183} INFO - Processing /home/suyog/miniconda3/envs/fraud_mlops/lib/python3.11/site-packages/airflow/example_dags/example_branch_operator.py took 0.057 seconds
[2026-06-07T17:43:48.191+0545] {processor.py:161} INFO - Started process (PID=32955) to work on /home/suyog/miniconda3/envs/fraud_mlops/lib/python3.11/site-packages/airflow/example_dags/example_branch_operator.py
[2026-06-07T17:43:48.209+0545] {processor.py:830} INFO - Processing file /home/suyog/miniconda3/envs/fraud_mlops/lib/python3.11/site-packages/airflow/example_dags/example_branch_operator.py for tasks to queue
[2026-06-07T17:43:48.210+0545] {logging_mixin.py:188} INFO - [2026-06-07T17:43:48.210+0545] {dagbag.py:545} INFO - Filling up the DagBag from /home/suyog/miniconda3/envs/fraud_mlops/lib/python3.11/site-packages/airflow/example_dags/example_branch_operator.py
[2026-06-07T17:43:48.212+0545] {processor.py:842} WARNING - No viable dags retrieved from /home/suyog/miniconda3/envs/fraud_mlops/lib/python3.11/site-packages/airflow/example_dags/example_branch_operator.py
[2026-06-07T17:43:48.219+0545] {processor.py:183} INFO - Processing /home/suyog/miniconda3/envs/fraud_mlops/lib/python3.11/site-packages/airflow/example_dags/example_branch_operator.py took 0.032 seconds
[2026-06-07T17:44:56.170+0545] {processor.py:161} INFO - Started process (PID=33122) to work on /home/suyog/miniconda3/envs/fraud_mlops/lib/python3.11/site-packages/airflow/example_dags/example_branch_operator.py
[2026-06-07T17:44:56.171+0545] {processor.py:830} INFO - Processing file /home/suyog/miniconda3/envs/fraud_mlops/lib/python3.11/site-packages/airflow/example_dags/example_branch_operator.py for tasks to queue
[2026-06-07T17:44:56.172+0545] {logging_mixin.py:188} INFO - [2026-06-07T17:44:56.172+0545] {dagbag.py:545} INFO - Filling up the DagBag from /home/suyog/miniconda3/envs/fraud_mlops/lib/python3.11/site-packages/airflow/example_dags/example_branch_operator.py
[2026-06-07T17:44:56.174+0545] {processor.py:842} WARNING - No viable dags retrieved from /home/suyog/miniconda3/envs/fraud_mlops/lib/python3.11/site-packages/airflow/example_dags/example_branch_operator.py
[2026-06-07T17:44:56.182+0545] {processor.py:183} INFO - Processing /home/suyog/miniconda3/envs/fraud_mlops/lib/python3.11/site-packages/airflow/example_dags/example_branch_operator.py took 0.016 seconds
[2026-06-07T17:48:13.672+0545] {processor.py:161} INFO - Started process (PID=33439) to work on /home/suyog/miniconda3/envs/fraud_mlops/lib/python3.11/site-packages/airflow/example_dags/example_branch_operator.py
[2026-06-07T17:48:13.673+0545] {processor.py:830} INFO - Processing file /home/suyog/miniconda3/envs/fraud_mlops/lib/python3.11/site-packages/airflow/example_dags/example_branch_operator.py for tasks to queue
[2026-06-07T17:48:13.675+0545] {logging_mixin.py:188} INFO - [2026-06-07T17:48:13.674+0545] {dagbag.py:545} INFO - Filling up the DagBag from /home/suyog/miniconda3/envs/fraud_mlops/lib/python3.11/site-packages/airflow/example_dags/example_branch_operator.py
[2026-06-07T17:48:13.677+0545] {processor.py:842} WARNING - No viable dags retrieved from /home/suyog/miniconda3/envs/fraud_mlops/lib/python3.11/site-packages/airflow/example_dags/example_branch_operator.py
[2026-06-07T17:48:13.685+0545] {processor.py:183} INFO - Processing /home/suyog/miniconda3/envs/fraud_mlops/lib/python3.11/site-packages/airflow/example_dags/example_branch_operator.py took 0.018 seconds
[2026-06-07T17:49:29.600+0545] {processor.py:161} INFO - Started process (PID=33635) to work on /home/suyog/miniconda3/envs/fraud_mlops/lib/python3.11/site-packages/airflow/example_dags/example_branch_operator.py
[2026-06-07T17:49:29.601+0545] {processor.py:830} INFO - Processing file /home/suyog/miniconda3/envs/fraud_mlops/lib/python3.11/site-packages/airflow/example_dags/example_branch_operator.py for tasks to queue
[2026-06-07T17:49:29.603+0545] {logging_mixin.py:188} INFO - [2026-06-07T17:49:29.602+0545] {dagbag.py:545} INFO - Filling up the DagBag from /home/suyog/miniconda3/envs/fraud_mlops/lib/python3.11/site-packages/airflow/example_dags/example_branch_operator.py
[2026-06-07T17:49:29.607+0545] {processor.py:842} WARNING - No viable dags retrieved from /home/suyog/miniconda3/envs/fraud_mlops/lib/python3.11/site-packages/airflow/example_dags/example_branch_operator.py
[2026-06-07T17:49:29.619+0545] {processor.py:183} INFO - Processing /home/suyog/miniconda3/envs/fraud_mlops/lib/python3.11/site-packages/airflow/example_dags/example_branch_operator.py took 0.027 seconds
