[2026-06-07T17:39:12.997+0545] {processor.py:161} INFO - Started process (PID=31859) to work on /home/suyog/miniconda3/envs/fraud_mlops/lib/python3.11/site-packages/airflow/example_dags/example_nested_branch_dag.py
[2026-06-07T17:39:12.998+0545] {processor.py:830} INFO - Processing file /home/suyog/miniconda3/envs/fraud_mlops/lib/python3.11/site-packages/airflow/example_dags/example_nested_branch_dag.py for tasks to queue
[2026-06-07T17:39:12.999+0545] {logging_mixin.py:188} INFO - [2026-06-07T17:39:12.999+0545] {dagbag.py:545} INFO - Filling up the DagBag from /home/suyog/miniconda3/envs/fraud_mlops/lib/python3.11/site-packages/airflow/example_dags/example_nested_branch_dag.py
[2026-06-07T17:39:13.009+0545] {processor.py:840} INFO - DAG(s) 'example_nested_branch_dag' retrieved from /home/suyog/miniconda3/envs/fraud_mlops/lib/python3.11/site-packages/airflow/example_dags/example_nested_branch_dag.py
[2026-06-07T17:39:13.498+0545] {logging_mixin.py:188} INFO - [2026-06-07T17:39:13.496+0545] {override.py:1858} INFO - Created Permission View: can edit on DAG:example_nested_branch_dag
[2026-06-07T17:39:13.672+0545] {logging_mixin.py:188} INFO - [2026-06-07T17:39:13.671+0545] {override.py:1858} INFO - Created Permission View: can read on DAG:example_nested_branch_dag
[2026-06-07T17:39:13.821+0545] {logging_mixin.py:188} INFO - [2026-06-07T17:39:13.820+0545] {override.py:1858} INFO - Created Permission View: can delete on DAG:example_nested_branch_dag
[2026-06-07T17:39:13.821+0545] {logging_mixin.py:188} INFO - [2026-06-07T17:39:13.821+0545] {dag.py:3089} INFO - Sync 1 DAGs
[2026-06-07T17:39:13.833+0545] {logging_mixin.py:188} INFO - [2026-06-07T17:39:13.832+0545] {dag.py:3111} INFO - Creating ORM DAG for example_nested_branch_dag
[2026-06-07T17:39:13.842+0545] {logging_mixin.py:188} INFO - [2026-06-07T17:39:13.842+0545] {dag.py:3947} INFO - Setting next_dagrun for example_nested_branch_dag to 2026-06-06 00:00:00+00:00, run_after=2026-06-07 00:00:00+00:00
[2026-06-07T17:39:14.024+0545] {processor.py:183} INFO - Processing /home/suyog/miniconda3/envs/fraud_mlops/lib/python3.11/site-packages/airflow/example_dags/example_nested_branch_dag.py took 1.034 seconds
[2026-06-07T17:40:42.981+0545] {processor.py:161} INFO - Started process (PID=32041) to work on /home/suyog/miniconda3/envs/fraud_mlops/lib/python3.11/site-packages/airflow/example_dags/example_nested_branch_dag.py
[2026-06-07T17:40:42.982+0545] {processor.py:830} INFO - Processing file /home/suyog/miniconda3/envs/fraud_mlops/lib/python3.11/site-packages/airflow/example_dags/example_nested_branch_dag.py for tasks to queue
[2026-06-07T17:40:42.983+0545] {logging_mixin.py:188} INFO - [2026-06-07T17:40:42.983+0545] {dagbag.py:545} INFO - Filling up the DagBag from /home/suyog/miniconda3/envs/fraud_mlops/lib/python3.11/site-packages/airflow/example_dags/example_nested_branch_dag.py
[2026-06-07T17:40:42.991+0545] {processor.py:840} INFO - DAG(s) 'example_nested_branch_dag' retrieved from /home/suyog/miniconda3/envs/fraud_mlops/lib/python3.11/site-packages/airflow/example_dags/example_nested_branch_dag.py
[2026-06-07T17:40:43.002+0545] {logging_mixin.py:188} INFO - [2026-06-07T17:40:43.002+0545] {dag.py:3089} INFO - Sync 1 DAGs
[2026-06-07T17:40:43.017+0545] {logging_mixin.py:188} INFO - [2026-06-07T17:40:43.017+0545] {dag.py:3947} INFO - Setting next_dagrun for example_nested_branch_dag to 2026-06-06 00:00:00+00:00, run_after=2026-06-07 00:00:00+00:00
[2026-06-07T17:40:43.212+0545] {processor.py:183} INFO - Processing /home/suyog/miniconda3/envs/fraud_mlops/lib/python3.11/site-packages/airflow/example_dags/example_nested_branch_dag.py took 0.236 seconds
[2026-06-07T17:41:53.024+0545] {processor.py:161} INFO - Started process (PID=32205) to work on /home/suyog/miniconda3/envs/fraud_mlops/lib/python3.11/site-packages/airflow/example_dags/example_nested_branch_dag.py
[2026-06-07T17:41:53.026+0545] {processor.py:830} INFO - Processing file /home/suyog/miniconda3/envs/fraud_mlops/lib/python3.11/site-packages/airflow/example_dags/example_nested_branch_dag.py for tasks to queue
[2026-06-07T17:41:53.030+0545] {logging_mixin.py:188} INFO - [2026-06-07T17:41:53.029+0545] {dagbag.py:545} INFO - Filling up the DagBag from /home/suyog/miniconda3/envs/fraud_mlops/lib/python3.11/site-packages/airflow/example_dags/example_nested_branch_dag.py
[2026-06-07T17:41:53.043+0545] {processor.py:840} INFO - DAG(s) 'example_nested_branch_dag' retrieved from /home/suyog/miniconda3/envs/fraud_mlops/lib/python3.11/site-packages/airflow/example_dags/example_nested_branch_dag.py
[2026-06-07T17:41:53.059+0545] {logging_mixin.py:188} INFO - [2026-06-07T17:41:53.059+0545] {dag.py:3089} INFO - Sync 1 DAGs
[2026-06-07T17:41:53.076+0545] {logging_mixin.py:188} INFO - [2026-06-07T17:41:53.075+0545] {dag.py:3947} INFO - Setting next_dagrun for example_nested_branch_dag to 2026-06-06 00:00:00+00:00, run_after=2026-06-07 00:00:00+00:00
[2026-06-07T17:41:53.259+0545] {processor.py:183} INFO - Processing /home/suyog/miniconda3/envs/fraud_mlops/lib/python3.11/site-packages/airflow/example_dags/example_nested_branch_dag.py took 0.249 seconds
[2026-06-07T17:43:06.549+0545] {processor.py:161} INFO - Started process (PID=32395) to work on /home/suyog/miniconda3/envs/fraud_mlops/lib/python3.11/site-packages/airflow/example_dags/example_nested_branch_dag.py
[2026-06-07T17:43:06.552+0545] {processor.py:830} INFO - Processing file /home/suyog/miniconda3/envs/fraud_mlops/lib/python3.11/site-packages/airflow/example_dags/example_nested_branch_dag.py for tasks to queue
[2026-06-07T17:43:06.556+0545] {logging_mixin.py:188} INFO - [2026-06-07T17:43:06.555+0545] {dagbag.py:545} INFO - Filling up the DagBag from /home/suyog/miniconda3/envs/fraud_mlops/lib/python3.11/site-packages/airflow/example_dags/example_nested_branch_dag.py
[2026-06-07T17:43:06.571+0545] {processor.py:840} INFO - DAG(s) 'example_nested_branch_dag' retrieved from /home/suyog/miniconda3/envs/fraud_mlops/lib/python3.11/site-packages/airflow/example_dags/example_nested_branch_dag.py
[2026-06-07T17:43:06.586+0545] {logging_mixin.py:188} INFO - [2026-06-07T17:43:06.586+0545] {dag.py:3089} INFO - Sync 1 DAGs
[2026-06-07T17:43:06.602+0545] {logging_mixin.py:188} INFO - [2026-06-07T17:43:06.602+0545] {dag.py:3947} INFO - Setting next_dagrun for example_nested_branch_dag to 2026-06-06 00:00:00+00:00, run_after=2026-06-07 00:00:00+00:00
[2026-06-07T17:43:06.801+0545] {processor.py:183} INFO - Processing /home/suyog/miniconda3/envs/fraud_mlops/lib/python3.11/site-packages/airflow/example_dags/example_nested_branch_dag.py took 0.268 seconds
[2026-06-07T17:44:19.610+0545] {processor.py:161} INFO - Started process (PID=33049) to work on /home/suyog/miniconda3/envs/fraud_mlops/lib/python3.11/site-packages/airflow/example_dags/example_nested_branch_dag.py
[2026-06-07T17:44:19.611+0545] {processor.py:830} INFO - Processing file /home/suyog/miniconda3/envs/fraud_mlops/lib/python3.11/site-packages/airflow/example_dags/example_nested_branch_dag.py for tasks to queue
[2026-06-07T17:44:19.613+0545] {logging_mixin.py:188} INFO - [2026-06-07T17:44:19.613+0545] {dagbag.py:545} INFO - Filling up the DagBag from /home/suyog/miniconda3/envs/fraud_mlops/lib/python3.11/site-packages/airflow/example_dags/example_nested_branch_dag.py
[2026-06-07T17:44:19.627+0545] {processor.py:840} INFO - DAG(s) 'example_nested_branch_dag' retrieved from /home/suyog/miniconda3/envs/fraud_mlops/lib/python3.11/site-packages/airflow/example_dags/example_nested_branch_dag.py
[2026-06-07T17:44:19.644+0545] {logging_mixin.py:188} INFO - [2026-06-07T17:44:19.643+0545] {dag.py:3089} INFO - Sync 1 DAGs
[2026-06-07T17:44:19.659+0545] {logging_mixin.py:188} INFO - [2026-06-07T17:44:19.658+0545] {dag.py:3947} INFO - Setting next_dagrun for example_nested_branch_dag to 2026-06-06 00:00:00+00:00, run_after=2026-06-07 00:00:00+00:00
[2026-06-07T17:44:19.846+0545] {processor.py:183} INFO - Processing /home/suyog/miniconda3/envs/fraud_mlops/lib/python3.11/site-packages/airflow/example_dags/example_nested_branch_dag.py took 0.244 seconds
[2026-06-07T17:45:29.273+0545] {processor.py:161} INFO - Started process (PID=33208) to work on /home/suyog/miniconda3/envs/fraud_mlops/lib/python3.11/site-packages/airflow/example_dags/example_nested_branch_dag.py
[2026-06-07T17:45:29.274+0545] {processor.py:830} INFO - Processing file /home/suyog/miniconda3/envs/fraud_mlops/lib/python3.11/site-packages/airflow/example_dags/example_nested_branch_dag.py for tasks to queue
[2026-06-07T17:45:29.275+0545] {logging_mixin.py:188} INFO - [2026-06-07T17:45:29.275+0545] {dagbag.py:545} INFO - Filling up the DagBag from /home/suyog/miniconda3/envs/fraud_mlops/lib/python3.11/site-packages/airflow/example_dags/example_nested_branch_dag.py
[2026-06-07T17:45:29.286+0545] {processor.py:840} INFO - DAG(s) 'example_nested_branch_dag' retrieved from /home/suyog/miniconda3/envs/fraud_mlops/lib/python3.11/site-packages/airflow/example_dags/example_nested_branch_dag.py
[2026-06-07T17:45:29.303+0545] {logging_mixin.py:188} INFO - [2026-06-07T17:45:29.303+0545] {dag.py:3089} INFO - Sync 1 DAGs
[2026-06-07T17:45:29.319+0545] {logging_mixin.py:188} INFO - [2026-06-07T17:45:29.318+0545] {dag.py:3947} INFO - Setting next_dagrun for example_nested_branch_dag to 2026-06-06 00:00:00+00:00, run_after=2026-06-07 00:00:00+00:00
[2026-06-07T17:45:29.516+0545] {processor.py:183} INFO - Processing /home/suyog/miniconda3/envs/fraud_mlops/lib/python3.11/site-packages/airflow/example_dags/example_nested_branch_dag.py took 0.248 seconds
[2026-06-07T17:47:55.719+0545] {processor.py:161} INFO - Started process (PID=33398) to work on /home/suyog/miniconda3/envs/fraud_mlops/lib/python3.11/site-packages/airflow/example_dags/example_nested_branch_dag.py
[2026-06-07T17:47:55.721+0545] {processor.py:830} INFO - Processing file /home/suyog/miniconda3/envs/fraud_mlops/lib/python3.11/site-packages/airflow/example_dags/example_nested_branch_dag.py for tasks to queue
[2026-06-07T17:47:55.724+0545] {logging_mixin.py:188} INFO - [2026-06-07T17:47:55.724+0545] {dagbag.py:545} INFO - Filling up the DagBag from /home/suyog/miniconda3/envs/fraud_mlops/lib/python3.11/site-packages/airflow/example_dags/example_nested_branch_dag.py
[2026-06-07T17:47:55.744+0545] {processor.py:840} INFO - DAG(s) 'example_nested_branch_dag' retrieved from /home/suyog/miniconda3/envs/fraud_mlops/lib/python3.11/site-packages/airflow/example_dags/example_nested_branch_dag.py
[2026-06-07T17:47:55.761+0545] {logging_mixin.py:188} INFO - [2026-06-07T17:47:55.761+0545] {dag.py:3089} INFO - Sync 1 DAGs
[2026-06-07T17:47:55.869+0545] {logging_mixin.py:188} INFO - [2026-06-07T17:47:55.868+0545] {dag.py:3947} INFO - Setting next_dagrun for example_nested_branch_dag to 2026-06-06 00:00:00+00:00, run_after=2026-06-07 00:00:00+00:00
[2026-06-07T17:47:56.086+0545] {processor.py:183} INFO - Processing /home/suyog/miniconda3/envs/fraud_mlops/lib/python3.11/site-packages/airflow/example_dags/example_nested_branch_dag.py took 0.380 seconds
[2026-06-07T17:49:14.604+0545] {processor.py:161} INFO - Started process (PID=33605) to work on /home/suyog/miniconda3/envs/fraud_mlops/lib/python3.11/site-packages/airflow/example_dags/example_nested_branch_dag.py
[2026-06-07T17:49:14.605+0545] {processor.py:830} INFO - Processing file /home/suyog/miniconda3/envs/fraud_mlops/lib/python3.11/site-packages/airflow/example_dags/example_nested_branch_dag.py for tasks to queue
[2026-06-07T17:49:14.607+0545] {logging_mixin.py:188} INFO - [2026-06-07T17:49:14.606+0545] {dagbag.py:545} INFO - Filling up the DagBag from /home/suyog/miniconda3/envs/fraud_mlops/lib/python3.11/site-packages/airflow/example_dags/example_nested_branch_dag.py
[2026-06-07T17:49:14.616+0545] {processor.py:840} INFO - DAG(s) 'example_nested_branch_dag' retrieved from /home/suyog/miniconda3/envs/fraud_mlops/lib/python3.11/site-packages/airflow/example_dags/example_nested_branch_dag.py
[2026-06-07T17:49:14.629+0545] {logging_mixin.py:188} INFO - [2026-06-07T17:49:14.629+0545] {dag.py:3089} INFO - Sync 1 DAGs
[2026-06-07T17:49:14.644+0545] {logging_mixin.py:188} INFO - [2026-06-07T17:49:14.644+0545] {dag.py:3947} INFO - Setting next_dagrun for example_nested_branch_dag to 2026-06-06 00:00:00+00:00, run_after=2026-06-07 00:00:00+00:00
[2026-06-07T17:49:14.811+0545] {processor.py:183} INFO - Processing /home/suyog/miniconda3/envs/fraud_mlops/lib/python3.11/site-packages/airflow/example_dags/example_nested_branch_dag.py took 0.212 seconds
[2026-06-07T17:50:22.463+0545] {processor.py:161} INFO - Started process (PID=33700) to work on /home/suyog/miniconda3/envs/fraud_mlops/lib/python3.11/site-packages/airflow/example_dags/example_nested_branch_dag.py
[2026-06-07T17:50:22.485+0545] {processor.py:830} INFO - Processing file /home/suyog/miniconda3/envs/fraud_mlops/lib/python3.11/site-packages/airflow/example_dags/example_nested_branch_dag.py for tasks to queue
[2026-06-07T17:50:22.486+0545] {logging_mixin.py:188} INFO - [2026-06-07T17:50:22.486+0545] {dagbag.py:545} INFO - Filling up the DagBag from /home/suyog/miniconda3/envs/fraud_mlops/lib/python3.11/site-packages/airflow/example_dags/example_nested_branch_dag.py
[2026-06-07T17:50:22.495+0545] {processor.py:840} INFO - DAG(s) 'example_nested_branch_dag' retrieved from /home/suyog/miniconda3/envs/fraud_mlops/lib/python3.11/site-packages/airflow/example_dags/example_nested_branch_dag.py
[2026-06-07T17:50:22.510+0545] {logging_mixin.py:188} INFO - [2026-06-07T17:50:22.509+0545] {dag.py:3089} INFO - Sync 1 DAGs
[2026-06-07T17:50:22.525+0545] {logging_mixin.py:188} INFO - [2026-06-07T17:50:22.525+0545] {dag.py:3947} INFO - Setting next_dagrun for example_nested_branch_dag to 2026-06-06 00:00:00+00:00, run_after=2026-06-07 00:00:00+00:00
[2026-06-07T17:50:22.684+0545] {processor.py:183} INFO - Processing /home/suyog/miniconda3/envs/fraud_mlops/lib/python3.11/site-packages/airflow/example_dags/example_nested_branch_dag.py took 0.225 seconds
