[2026-06-07T17:39:15.759+0545] {processor.py:161} INFO - Started process (PID=31861) to work on /home/suyog/miniconda3/envs/fraud_mlops/lib/python3.11/site-packages/airflow/example_dags/example_latest_only_with_trigger.py
[2026-06-07T17:39:15.759+0545] {processor.py:830} INFO - Processing file /home/suyog/miniconda3/envs/fraud_mlops/lib/python3.11/site-packages/airflow/example_dags/example_latest_only_with_trigger.py for tasks to queue
[2026-06-07T17:39:15.760+0545] {logging_mixin.py:188} INFO - [2026-06-07T17:39:15.760+0545] {dagbag.py:545} INFO - Filling up the DagBag from /home/suyog/miniconda3/envs/fraud_mlops/lib/python3.11/site-packages/airflow/example_dags/example_latest_only_with_trigger.py
[2026-06-07T17:39:15.765+0545] {processor.py:840} INFO - DAG(s) 'latest_only_with_trigger' retrieved from /home/suyog/miniconda3/envs/fraud_mlops/lib/python3.11/site-packages/airflow/example_dags/example_latest_only_with_trigger.py
[2026-06-07T17:39:16.251+0545] {logging_mixin.py:188} INFO - [2026-06-07T17:39:16.250+0545] {override.py:1858} INFO - Created Permission View: can edit on DAG:latest_only_with_trigger
[2026-06-07T17:39:16.426+0545] {logging_mixin.py:188} INFO - [2026-06-07T17:39:16.425+0545] {override.py:1858} INFO - Created Permission View: can read on DAG:latest_only_with_trigger
[2026-06-07T17:39:16.601+0545] {logging_mixin.py:188} INFO - [2026-06-07T17:39:16.600+0545] {override.py:1858} INFO - Created Permission View: can delete on DAG:latest_only_with_trigger
[2026-06-07T17:39:16.601+0545] {logging_mixin.py:188} INFO - [2026-06-07T17:39:16.601+0545] {dag.py:3089} INFO - Sync 1 DAGs
[2026-06-07T17:39:16.629+0545] {logging_mixin.py:188} INFO - [2026-06-07T17:39:16.628+0545] {dag.py:3111} INFO - Creating ORM DAG for latest_only_with_trigger
[2026-06-07T17:39:16.641+0545] {logging_mixin.py:188} INFO - [2026-06-07T17:39:16.641+0545] {dag.py:3947} INFO - Setting next_dagrun for latest_only_with_trigger to 2026-06-07 04:00:00+00:00, run_after=2026-06-07 08:00:00+00:00
[2026-06-07T17:39:16.840+0545] {processor.py:183} INFO - Processing /home/suyog/miniconda3/envs/fraud_mlops/lib/python3.11/site-packages/airflow/example_dags/example_latest_only_with_trigger.py took 1.086 seconds
[2026-06-07T17:40:45.626+0545] {processor.py:161} INFO - Started process (PID=32043) to work on /home/suyog/miniconda3/envs/fraud_mlops/lib/python3.11/site-packages/airflow/example_dags/example_latest_only_with_trigger.py
[2026-06-07T17:40:45.652+0545] {processor.py:830} INFO - Processing file /home/suyog/miniconda3/envs/fraud_mlops/lib/python3.11/site-packages/airflow/example_dags/example_latest_only_with_trigger.py for tasks to queue
[2026-06-07T17:40:45.654+0545] {logging_mixin.py:188} INFO - [2026-06-07T17:40:45.654+0545] {dagbag.py:545} INFO - Filling up the DagBag from /home/suyog/miniconda3/envs/fraud_mlops/lib/python3.11/site-packages/airflow/example_dags/example_latest_only_with_trigger.py
[2026-06-07T17:40:45.661+0545] {processor.py:840} INFO - DAG(s) 'latest_only_with_trigger' retrieved from /home/suyog/miniconda3/envs/fraud_mlops/lib/python3.11/site-packages/airflow/example_dags/example_latest_only_with_trigger.py
[2026-06-07T17:40:45.681+0545] {logging_mixin.py:188} INFO - [2026-06-07T17:40:45.680+0545] {dag.py:3089} INFO - Sync 1 DAGs
[2026-06-07T17:40:45.698+0545] {logging_mixin.py:188} INFO - [2026-06-07T17:40:45.698+0545] {dag.py:3947} INFO - Setting next_dagrun for latest_only_with_trigger to 2026-06-07 04:00:00+00:00, run_after=2026-06-07 08:00:00+00:00
[2026-06-07T17:40:45.851+0545] {processor.py:183} INFO - Processing /home/suyog/miniconda3/envs/fraud_mlops/lib/python3.11/site-packages/airflow/example_dags/example_latest_only_with_trigger.py took 0.230 seconds
[2026-06-07T17:41:55.552+0545] {processor.py:161} INFO - Started process (PID=32207) to work on /home/suyog/miniconda3/envs/fraud_mlops/lib/python3.11/site-packages/airflow/example_dags/example_latest_only_with_trigger.py
[2026-06-07T17:41:55.554+0545] {processor.py:830} INFO - Processing file /home/suyog/miniconda3/envs/fraud_mlops/lib/python3.11/site-packages/airflow/example_dags/example_latest_only_with_trigger.py for tasks to queue
[2026-06-07T17:41:55.558+0545] {logging_mixin.py:188} INFO - [2026-06-07T17:41:55.557+0545] {dagbag.py:545} INFO - Filling up the DagBag from /home/suyog/miniconda3/envs/fraud_mlops/lib/python3.11/site-packages/airflow/example_dags/example_latest_only_with_trigger.py
[2026-06-07T17:41:55.568+0545] {processor.py:840} INFO - DAG(s) 'latest_only_with_trigger' retrieved from /home/suyog/miniconda3/envs/fraud_mlops/lib/python3.11/site-packages/airflow/example_dags/example_latest_only_with_trigger.py
[2026-06-07T17:41:55.584+0545] {logging_mixin.py:188} INFO - [2026-06-07T17:41:55.583+0545] {dag.py:3089} INFO - Sync 1 DAGs
[2026-06-07T17:41:55.598+0545] {logging_mixin.py:188} INFO - [2026-06-07T17:41:55.597+0545] {dag.py:3947} INFO - Setting next_dagrun for latest_only_with_trigger to 2026-06-07 04:00:00+00:00, run_after=2026-06-07 08:00:00+00:00
[2026-06-07T17:41:55.791+0545] {processor.py:183} INFO - Processing /home/suyog/miniconda3/envs/fraud_mlops/lib/python3.11/site-packages/airflow/example_dags/example_latest_only_with_trigger.py took 0.253 seconds
[2026-06-07T17:43:09.030+0545] {processor.py:161} INFO - Started process (PID=32486) to work on /home/suyog/miniconda3/envs/fraud_mlops/lib/python3.11/site-packages/airflow/example_dags/example_latest_only_with_trigger.py
[2026-06-07T17:43:09.048+0545] {processor.py:830} INFO - Processing file /home/suyog/miniconda3/envs/fraud_mlops/lib/python3.11/site-packages/airflow/example_dags/example_latest_only_with_trigger.py for tasks to queue
[2026-06-07T17:43:09.052+0545] {logging_mixin.py:188} INFO - [2026-06-07T17:43:09.051+0545] {dagbag.py:545} INFO - Filling up the DagBag from /home/suyog/miniconda3/envs/fraud_mlops/lib/python3.11/site-packages/airflow/example_dags/example_latest_only_with_trigger.py
[2026-06-07T17:43:09.066+0545] {processor.py:840} INFO - DAG(s) 'latest_only_with_trigger' retrieved from /home/suyog/miniconda3/envs/fraud_mlops/lib/python3.11/site-packages/airflow/example_dags/example_latest_only_with_trigger.py
[2026-06-07T17:43:09.084+0545] {logging_mixin.py:188} INFO - [2026-06-07T17:43:09.084+0545] {dag.py:3089} INFO - Sync 1 DAGs
[2026-06-07T17:43:09.098+0545] {logging_mixin.py:188} INFO - [2026-06-07T17:43:09.098+0545] {dag.py:3947} INFO - Setting next_dagrun for latest_only_with_trigger to 2026-06-07 04:00:00+00:00, run_after=2026-06-07 08:00:00+00:00
[2026-06-07T17:43:09.261+0545] {processor.py:183} INFO - Processing /home/suyog/miniconda3/envs/fraud_mlops/lib/python3.11/site-packages/airflow/example_dags/example_latest_only_with_trigger.py took 0.244 seconds
[2026-06-07T17:44:22.333+0545] {processor.py:161} INFO - Started process (PID=33051) to work on /home/suyog/miniconda3/envs/fraud_mlops/lib/python3.11/site-packages/airflow/example_dags/example_latest_only_with_trigger.py
[2026-06-07T17:44:22.334+0545] {processor.py:830} INFO - Processing file /home/suyog/miniconda3/envs/fraud_mlops/lib/python3.11/site-packages/airflow/example_dags/example_latest_only_with_trigger.py for tasks to queue
[2026-06-07T17:44:22.336+0545] {logging_mixin.py:188} INFO - [2026-06-07T17:44:22.335+0545] {dagbag.py:545} INFO - Filling up the DagBag from /home/suyog/miniconda3/envs/fraud_mlops/lib/python3.11/site-packages/airflow/example_dags/example_latest_only_with_trigger.py
[2026-06-07T17:44:22.341+0545] {processor.py:840} INFO - DAG(s) 'latest_only_with_trigger' retrieved from /home/suyog/miniconda3/envs/fraud_mlops/lib/python3.11/site-packages/airflow/example_dags/example_latest_only_with_trigger.py
[2026-06-07T17:44:22.354+0545] {logging_mixin.py:188} INFO - [2026-06-07T17:44:22.354+0545] {dag.py:3089} INFO - Sync 1 DAGs
[2026-06-07T17:44:22.370+0545] {logging_mixin.py:188} INFO - [2026-06-07T17:44:22.370+0545] {dag.py:3947} INFO - Setting next_dagrun for latest_only_with_trigger to 2026-06-07 04:00:00+00:00, run_after=2026-06-07 08:00:00+00:00
[2026-06-07T17:44:22.574+0545] {processor.py:183} INFO - Processing /home/suyog/miniconda3/envs/fraud_mlops/lib/python3.11/site-packages/airflow/example_dags/example_latest_only_with_trigger.py took 0.246 seconds
[2026-06-07T17:45:31.753+0545] {processor.py:161} INFO - Started process (PID=33210) to work on /home/suyog/miniconda3/envs/fraud_mlops/lib/python3.11/site-packages/airflow/example_dags/example_latest_only_with_trigger.py
[2026-06-07T17:45:31.756+0545] {processor.py:830} INFO - Processing file /home/suyog/miniconda3/envs/fraud_mlops/lib/python3.11/site-packages/airflow/example_dags/example_latest_only_with_trigger.py for tasks to queue
[2026-06-07T17:45:31.760+0545] {logging_mixin.py:188} INFO - [2026-06-07T17:45:31.759+0545] {dagbag.py:545} INFO - Filling up the DagBag from /home/suyog/miniconda3/envs/fraud_mlops/lib/python3.11/site-packages/airflow/example_dags/example_latest_only_with_trigger.py
[2026-06-07T17:45:31.771+0545] {processor.py:840} INFO - DAG(s) 'latest_only_with_trigger' retrieved from /home/suyog/miniconda3/envs/fraud_mlops/lib/python3.11/site-packages/airflow/example_dags/example_latest_only_with_trigger.py
[2026-06-07T17:45:31.787+0545] {logging_mixin.py:188} INFO - [2026-06-07T17:45:31.787+0545] {dag.py:3089} INFO - Sync 1 DAGs
[2026-06-07T17:45:31.802+0545] {logging_mixin.py:188} INFO - [2026-06-07T17:45:31.802+0545] {dag.py:3947} INFO - Setting next_dagrun for latest_only_with_trigger to 2026-06-07 08:00:00+00:00, run_after=2026-06-07 12:00:00+00:00
[2026-06-07T17:45:32.161+0545] {processor.py:183} INFO - Processing /home/suyog/miniconda3/envs/fraud_mlops/lib/python3.11/site-packages/airflow/example_dags/example_latest_only_with_trigger.py took 0.421 seconds
[2026-06-07T17:47:57.438+0545] {processor.py:161} INFO - Started process (PID=33404) to work on /home/suyog/miniconda3/envs/fraud_mlops/lib/python3.11/site-packages/airflow/example_dags/example_latest_only_with_trigger.py
[2026-06-07T17:47:57.487+0545] {processor.py:830} INFO - Processing file /home/suyog/miniconda3/envs/fraud_mlops/lib/python3.11/site-packages/airflow/example_dags/example_latest_only_with_trigger.py for tasks to queue
[2026-06-07T17:47:57.489+0545] {logging_mixin.py:188} INFO - [2026-06-07T17:47:57.488+0545] {dagbag.py:545} INFO - Filling up the DagBag from /home/suyog/miniconda3/envs/fraud_mlops/lib/python3.11/site-packages/airflow/example_dags/example_latest_only_with_trigger.py
[2026-06-07T17:47:57.493+0545] {processor.py:840} INFO - DAG(s) 'latest_only_with_trigger' retrieved from /home/suyog/miniconda3/envs/fraud_mlops/lib/python3.11/site-packages/airflow/example_dags/example_latest_only_with_trigger.py
[2026-06-07T17:47:57.509+0545] {logging_mixin.py:188} INFO - [2026-06-07T17:47:57.509+0545] {dag.py:3089} INFO - Sync 1 DAGs
[2026-06-07T17:47:57.625+0545] {logging_mixin.py:188} INFO - [2026-06-07T17:47:57.624+0545] {dag.py:3947} INFO - Setting next_dagrun for latest_only_with_trigger to 2026-06-07 08:00:00+00:00, run_after=2026-06-07 12:00:00+00:00
[2026-06-07T17:47:57.805+0545] {processor.py:183} INFO - Processing /home/suyog/miniconda3/envs/fraud_mlops/lib/python3.11/site-packages/airflow/example_dags/example_latest_only_with_trigger.py took 0.371 seconds
[2026-06-07T17:49:15.576+0545] {processor.py:161} INFO - Started process (PID=33607) to work on /home/suyog/miniconda3/envs/fraud_mlops/lib/python3.11/site-packages/airflow/example_dags/example_latest_only_with_trigger.py
[2026-06-07T17:49:15.609+0545] {processor.py:830} INFO - Processing file /home/suyog/miniconda3/envs/fraud_mlops/lib/python3.11/site-packages/airflow/example_dags/example_latest_only_with_trigger.py for tasks to queue
[2026-06-07T17:49:15.613+0545] {logging_mixin.py:188} INFO - [2026-06-07T17:49:15.612+0545] {dagbag.py:545} INFO - Filling up the DagBag from /home/suyog/miniconda3/envs/fraud_mlops/lib/python3.11/site-packages/airflow/example_dags/example_latest_only_with_trigger.py
[2026-06-07T17:49:15.627+0545] {processor.py:840} INFO - DAG(s) 'latest_only_with_trigger' retrieved from /home/suyog/miniconda3/envs/fraud_mlops/lib/python3.11/site-packages/airflow/example_dags/example_latest_only_with_trigger.py
[2026-06-07T17:49:15.651+0545] {logging_mixin.py:188} INFO - [2026-06-07T17:49:15.651+0545] {dag.py:3089} INFO - Sync 1 DAGs
[2026-06-07T17:49:15.666+0545] {logging_mixin.py:188} INFO - [2026-06-07T17:49:15.666+0545] {dag.py:3947} INFO - Setting next_dagrun for latest_only_with_trigger to 2026-06-07 08:00:00+00:00, run_after=2026-06-07 12:00:00+00:00
[2026-06-07T17:49:15.844+0545] {processor.py:183} INFO - Processing /home/suyog/miniconda3/envs/fraud_mlops/lib/python3.11/site-packages/airflow/example_dags/example_latest_only_with_trigger.py took 0.281 seconds
[2026-06-07T17:50:24.338+0545] {processor.py:161} INFO - Started process (PID=33702) to work on /home/suyog/miniconda3/envs/fraud_mlops/lib/python3.11/site-packages/airflow/example_dags/example_latest_only_with_trigger.py
[2026-06-07T17:50:24.339+0545] {processor.py:830} INFO - Processing file /home/suyog/miniconda3/envs/fraud_mlops/lib/python3.11/site-packages/airflow/example_dags/example_latest_only_with_trigger.py for tasks to queue
[2026-06-07T17:50:24.340+0545] {logging_mixin.py:188} INFO - [2026-06-07T17:50:24.340+0545] {dagbag.py:545} INFO - Filling up the DagBag from /home/suyog/miniconda3/envs/fraud_mlops/lib/python3.11/site-packages/airflow/example_dags/example_latest_only_with_trigger.py
[2026-06-07T17:50:24.345+0545] {processor.py:840} INFO - DAG(s) 'latest_only_with_trigger' retrieved from /home/suyog/miniconda3/envs/fraud_mlops/lib/python3.11/site-packages/airflow/example_dags/example_latest_only_with_trigger.py
[2026-06-07T17:50:24.358+0545] {logging_mixin.py:188} INFO - [2026-06-07T17:50:24.358+0545] {dag.py:3089} INFO - Sync 1 DAGs
[2026-06-07T17:50:24.372+0545] {logging_mixin.py:188} INFO - [2026-06-07T17:50:24.372+0545] {dag.py:3947} INFO - Setting next_dagrun for latest_only_with_trigger to 2026-06-07 08:00:00+00:00, run_after=2026-06-07 12:00:00+00:00
[2026-06-07T17:50:24.560+0545] {processor.py:183} INFO - Processing /home/suyog/miniconda3/envs/fraud_mlops/lib/python3.11/site-packages/airflow/example_dags/example_latest_only_with_trigger.py took 0.227 seconds
