[2026-06-07T17:39:28.819+0545] {processor.py:161} INFO - Started process (PID=31890) to work on /home/suyog/miniconda3/envs/fraud_mlops/lib/python3.11/site-packages/airflow/example_dags/example_display_name.py
[2026-06-07T17:39:28.820+0545] {processor.py:830} INFO - Processing file /home/suyog/miniconda3/envs/fraud_mlops/lib/python3.11/site-packages/airflow/example_dags/example_display_name.py for tasks to queue
[2026-06-07T17:39:28.823+0545] {logging_mixin.py:188} INFO - [2026-06-07T17:39:28.822+0545] {dagbag.py:545} INFO - Filling up the DagBag from /home/suyog/miniconda3/envs/fraud_mlops/lib/python3.11/site-packages/airflow/example_dags/example_display_name.py
[2026-06-07T17:39:28.833+0545] {processor.py:840} INFO - DAG(s) 'example_display_name' retrieved from /home/suyog/miniconda3/envs/fraud_mlops/lib/python3.11/site-packages/airflow/example_dags/example_display_name.py
[2026-06-07T17:39:29.331+0545] {logging_mixin.py:188} INFO - [2026-06-07T17:39:29.329+0545] {override.py:1858} INFO - Created Permission View: can edit on DAG:example_display_name
[2026-06-07T17:39:29.504+0545] {logging_mixin.py:188} INFO - [2026-06-07T17:39:29.504+0545] {override.py:1858} INFO - Created Permission View: can read on DAG:example_display_name
[2026-06-07T17:39:29.646+0545] {logging_mixin.py:188} INFO - [2026-06-07T17:39:29.646+0545] {override.py:1858} INFO - Created Permission View: can delete on DAG:example_display_name
[2026-06-07T17:39:29.646+0545] {logging_mixin.py:188} INFO - [2026-06-07T17:39:29.646+0545] {dag.py:3089} INFO - Sync 1 DAGs
[2026-06-07T17:39:29.656+0545] {logging_mixin.py:188} INFO - [2026-06-07T17:39:29.655+0545] {dag.py:3111} INFO - Creating ORM DAG for example_display_name
[2026-06-07T17:39:29.656+0545] {logging_mixin.py:188} INFO - [2026-06-07T17:39:29.656+0545] {dag.py:3947} INFO - Setting next_dagrun for example_display_name to None, run_after=None
[2026-06-07T17:39:29.896+0545] {processor.py:183} INFO - Processing /home/suyog/miniconda3/envs/fraud_mlops/lib/python3.11/site-packages/airflow/example_dags/example_display_name.py took 1.087 seconds
[2026-06-07T17:41:14.165+0545] {processor.py:161} INFO - Started process (PID=32108) to work on /home/suyog/miniconda3/envs/fraud_mlops/lib/python3.11/site-packages/airflow/example_dags/example_display_name.py
[2026-06-07T17:41:14.166+0545] {processor.py:830} INFO - Processing file /home/suyog/miniconda3/envs/fraud_mlops/lib/python3.11/site-packages/airflow/example_dags/example_display_name.py for tasks to queue
[2026-06-07T17:41:14.168+0545] {logging_mixin.py:188} INFO - [2026-06-07T17:41:14.168+0545] {dagbag.py:545} INFO - Filling up the DagBag from /home/suyog/miniconda3/envs/fraud_mlops/lib/python3.11/site-packages/airflow/example_dags/example_display_name.py
[2026-06-07T17:41:14.174+0545] {processor.py:840} INFO - DAG(s) 'example_display_name' retrieved from /home/suyog/miniconda3/envs/fraud_mlops/lib/python3.11/site-packages/airflow/example_dags/example_display_name.py
[2026-06-07T17:41:14.188+0545] {logging_mixin.py:188} INFO - [2026-06-07T17:41:14.188+0545] {dag.py:3089} INFO - Sync 1 DAGs
[2026-06-07T17:41:14.197+0545] {logging_mixin.py:188} INFO - [2026-06-07T17:41:14.197+0545] {dag.py:3947} INFO - Setting next_dagrun for example_display_name to None, run_after=None
[2026-06-07T17:41:14.383+0545] {processor.py:183} INFO - Processing /home/suyog/miniconda3/envs/fraud_mlops/lib/python3.11/site-packages/airflow/example_dags/example_display_name.py took 0.225 seconds
[2026-06-07T17:42:26.090+0545] {processor.py:161} INFO - Started process (PID=32298) to work on /home/suyog/miniconda3/envs/fraud_mlops/lib/python3.11/site-packages/airflow/example_dags/example_display_name.py
[2026-06-07T17:42:26.091+0545] {processor.py:830} INFO - Processing file /home/suyog/miniconda3/envs/fraud_mlops/lib/python3.11/site-packages/airflow/example_dags/example_display_name.py for tasks to queue
[2026-06-07T17:42:26.092+0545] {logging_mixin.py:188} INFO - [2026-06-07T17:42:26.092+0545] {dagbag.py:545} INFO - Filling up the DagBag from /home/suyog/miniconda3/envs/fraud_mlops/lib/python3.11/site-packages/airflow/example_dags/example_display_name.py
[2026-06-07T17:42:26.097+0545] {processor.py:840} INFO - DAG(s) 'example_display_name' retrieved from /home/suyog/miniconda3/envs/fraud_mlops/lib/python3.11/site-packages/airflow/example_dags/example_display_name.py
[2026-06-07T17:42:26.109+0545] {logging_mixin.py:188} INFO - [2026-06-07T17:42:26.109+0545] {dag.py:3089} INFO - Sync 1 DAGs
[2026-06-07T17:42:26.118+0545] {logging_mixin.py:188} INFO - [2026-06-07T17:42:26.118+0545] {dag.py:3947} INFO - Setting next_dagrun for example_display_name to None, run_after=None
[2026-06-07T17:42:26.295+0545] {processor.py:183} INFO - Processing /home/suyog/miniconda3/envs/fraud_mlops/lib/python3.11/site-packages/airflow/example_dags/example_display_name.py took 0.211 seconds
[2026-06-07T17:43:39.945+0545] {processor.py:161} INFO - Started process (PID=32937) to work on /home/suyog/miniconda3/envs/fraud_mlops/lib/python3.11/site-packages/airflow/example_dags/example_display_name.py
[2026-06-07T17:43:39.947+0545] {processor.py:830} INFO - Processing file /home/suyog/miniconda3/envs/fraud_mlops/lib/python3.11/site-packages/airflow/example_dags/example_display_name.py for tasks to queue
[2026-06-07T17:43:39.954+0545] {logging_mixin.py:188} INFO - [2026-06-07T17:43:39.953+0545] {dagbag.py:545} INFO - Filling up the DagBag from /home/suyog/miniconda3/envs/fraud_mlops/lib/python3.11/site-packages/airflow/example_dags/example_display_name.py
[2026-06-07T17:43:39.963+0545] {processor.py:840} INFO - DAG(s) 'example_display_name' retrieved from /home/suyog/miniconda3/envs/fraud_mlops/lib/python3.11/site-packages/airflow/example_dags/example_display_name.py
[2026-06-07T17:43:39.981+0545] {logging_mixin.py:188} INFO - [2026-06-07T17:43:39.980+0545] {dag.py:3089} INFO - Sync 1 DAGs
[2026-06-07T17:43:39.993+0545] {logging_mixin.py:188} INFO - [2026-06-07T17:43:39.993+0545] {dag.py:3947} INFO - Setting next_dagrun for example_display_name to None, run_after=None
[2026-06-07T17:43:40.177+0545] {processor.py:183} INFO - Processing /home/suyog/miniconda3/envs/fraud_mlops/lib/python3.11/site-packages/airflow/example_dags/example_display_name.py took 0.246 seconds
[2026-06-07T17:44:48.842+0545] {processor.py:161} INFO - Started process (PID=33111) to work on /home/suyog/miniconda3/envs/fraud_mlops/lib/python3.11/site-packages/airflow/example_dags/example_display_name.py
[2026-06-07T17:44:48.868+0545] {processor.py:830} INFO - Processing file /home/suyog/miniconda3/envs/fraud_mlops/lib/python3.11/site-packages/airflow/example_dags/example_display_name.py for tasks to queue
[2026-06-07T17:44:48.870+0545] {logging_mixin.py:188} INFO - [2026-06-07T17:44:48.870+0545] {dagbag.py:545} INFO - Filling up the DagBag from /home/suyog/miniconda3/envs/fraud_mlops/lib/python3.11/site-packages/airflow/example_dags/example_display_name.py
[2026-06-07T17:44:48.882+0545] {processor.py:840} INFO - DAG(s) 'example_display_name' retrieved from /home/suyog/miniconda3/envs/fraud_mlops/lib/python3.11/site-packages/airflow/example_dags/example_display_name.py
[2026-06-07T17:44:48.908+0545] {logging_mixin.py:188} INFO - [2026-06-07T17:44:48.908+0545] {dag.py:3089} INFO - Sync 1 DAGs
[2026-06-07T17:44:48.919+0545] {logging_mixin.py:188} INFO - [2026-06-07T17:44:48.919+0545] {dag.py:3947} INFO - Setting next_dagrun for example_display_name to None, run_after=None
[2026-06-07T17:44:49.096+0545] {processor.py:183} INFO - Processing /home/suyog/miniconda3/envs/fraud_mlops/lib/python3.11/site-packages/airflow/example_dags/example_display_name.py took 0.258 seconds
[2026-06-07T17:48:05.642+0545] {processor.py:161} INFO - Started process (PID=33423) to work on /home/suyog/miniconda3/envs/fraud_mlops/lib/python3.11/site-packages/airflow/example_dags/example_display_name.py
[2026-06-07T17:48:05.650+0545] {processor.py:830} INFO - Processing file /home/suyog/miniconda3/envs/fraud_mlops/lib/python3.11/site-packages/airflow/example_dags/example_display_name.py for tasks to queue
[2026-06-07T17:48:05.651+0545] {logging_mixin.py:188} INFO - [2026-06-07T17:48:05.651+0545] {dagbag.py:545} INFO - Filling up the DagBag from /home/suyog/miniconda3/envs/fraud_mlops/lib/python3.11/site-packages/airflow/example_dags/example_display_name.py
[2026-06-07T17:48:05.656+0545] {processor.py:840} INFO - DAG(s) 'example_display_name' retrieved from /home/suyog/miniconda3/envs/fraud_mlops/lib/python3.11/site-packages/airflow/example_dags/example_display_name.py
[2026-06-07T17:48:05.670+0545] {logging_mixin.py:188} INFO - [2026-06-07T17:48:05.670+0545] {dag.py:3089} INFO - Sync 1 DAGs
[2026-06-07T17:48:05.770+0545] {logging_mixin.py:188} INFO - [2026-06-07T17:48:05.770+0545] {dag.py:3947} INFO - Setting next_dagrun for example_display_name to None, run_after=None
[2026-06-07T17:48:05.966+0545] {processor.py:183} INFO - Processing /home/suyog/miniconda3/envs/fraud_mlops/lib/python3.11/site-packages/airflow/example_dags/example_display_name.py took 0.331 seconds
[2026-06-07T17:49:22.682+0545] {processor.py:161} INFO - Started process (PID=33627) to work on /home/suyog/miniconda3/envs/fraud_mlops/lib/python3.11/site-packages/airflow/example_dags/example_display_name.py
[2026-06-07T17:49:22.683+0545] {processor.py:830} INFO - Processing file /home/suyog/miniconda3/envs/fraud_mlops/lib/python3.11/site-packages/airflow/example_dags/example_display_name.py for tasks to queue
[2026-06-07T17:49:22.686+0545] {logging_mixin.py:188} INFO - [2026-06-07T17:49:22.686+0545] {dagbag.py:545} INFO - Filling up the DagBag from /home/suyog/miniconda3/envs/fraud_mlops/lib/python3.11/site-packages/airflow/example_dags/example_display_name.py
[2026-06-07T17:49:22.697+0545] {processor.py:840} INFO - DAG(s) 'example_display_name' retrieved from /home/suyog/miniconda3/envs/fraud_mlops/lib/python3.11/site-packages/airflow/example_dags/example_display_name.py
[2026-06-07T17:49:22.714+0545] {logging_mixin.py:188} INFO - [2026-06-07T17:49:22.713+0545] {dag.py:3089} INFO - Sync 1 DAGs
[2026-06-07T17:49:22.723+0545] {logging_mixin.py:188} INFO - [2026-06-07T17:49:22.723+0545] {dag.py:3947} INFO - Setting next_dagrun for example_display_name to None, run_after=None
[2026-06-07T17:49:22.926+0545] {processor.py:183} INFO - Processing /home/suyog/miniconda3/envs/fraud_mlops/lib/python3.11/site-packages/airflow/example_dags/example_display_name.py took 0.256 seconds
