[2026-06-07T17:38:32.507+0545] {processor.py:161} INFO - Started process (PID=31836) to work on /home/suyog/miniconda3/envs/fraud_mlops/lib/python3.11/site-packages/airflow/example_dags/example_trigger_target_dag.py
[2026-06-07T17:38:32.507+0545] {processor.py:830} INFO - Processing file /home/suyog/miniconda3/envs/fraud_mlops/lib/python3.11/site-packages/airflow/example_dags/example_trigger_target_dag.py for tasks to queue
[2026-06-07T17:38:32.509+0545] {logging_mixin.py:188} INFO - [2026-06-07T17:38:32.508+0545] {dagbag.py:545} INFO - Filling up the DagBag from /home/suyog/miniconda3/envs/fraud_mlops/lib/python3.11/site-packages/airflow/example_dags/example_trigger_target_dag.py
[2026-06-07T17:38:32.516+0545] {processor.py:840} INFO - DAG(s) 'example_trigger_target_dag' retrieved from /home/suyog/miniconda3/envs/fraud_mlops/lib/python3.11/site-packages/airflow/example_dags/example_trigger_target_dag.py
[2026-06-07T17:38:33.005+0545] {logging_mixin.py:188} INFO - [2026-06-07T17:38:33.004+0545] {override.py:1858} INFO - Created Permission View: can edit on DAG:example_trigger_target_dag
[2026-06-07T17:38:33.173+0545] {logging_mixin.py:188} INFO - [2026-06-07T17:38:33.172+0545] {override.py:1858} INFO - Created Permission View: can read on DAG:example_trigger_target_dag
[2026-06-07T17:38:33.339+0545] {logging_mixin.py:188} INFO - [2026-06-07T17:38:33.339+0545] {override.py:1858} INFO - Created Permission View: can delete on DAG:example_trigger_target_dag
[2026-06-07T17:38:33.340+0545] {logging_mixin.py:188} INFO - [2026-06-07T17:38:33.340+0545] {dag.py:3089} INFO - Sync 1 DAGs
[2026-06-07T17:38:33.353+0545] {logging_mixin.py:188} INFO - [2026-06-07T17:38:33.353+0545] {dag.py:3111} INFO - Creating ORM DAG for example_trigger_target_dag
[2026-06-07T17:38:33.354+0545] {logging_mixin.py:188} INFO - [2026-06-07T17:38:33.354+0545] {dag.py:3947} INFO - Setting next_dagrun for example_trigger_target_dag to None, run_after=None
[2026-06-07T17:38:33.623+0545] {processor.py:183} INFO - Processing /home/suyog/miniconda3/envs/fraud_mlops/lib/python3.11/site-packages/airflow/example_dags/example_trigger_target_dag.py took 1.121 seconds
[2026-06-07T17:40:18.280+0545] {processor.py:161} INFO - Started process (PID=31993) to work on /home/suyog/miniconda3/envs/fraud_mlops/lib/python3.11/site-packages/airflow/example_dags/example_trigger_target_dag.py
[2026-06-07T17:40:18.281+0545] {processor.py:830} INFO - Processing file /home/suyog/miniconda3/envs/fraud_mlops/lib/python3.11/site-packages/airflow/example_dags/example_trigger_target_dag.py for tasks to queue
[2026-06-07T17:40:18.283+0545] {logging_mixin.py:188} INFO - [2026-06-07T17:40:18.283+0545] {dagbag.py:545} INFO - Filling up the DagBag from /home/suyog/miniconda3/envs/fraud_mlops/lib/python3.11/site-packages/airflow/example_dags/example_trigger_target_dag.py
[2026-06-07T17:40:18.390+0545] {processor.py:840} INFO - DAG(s) 'example_trigger_target_dag' retrieved from /home/suyog/miniconda3/envs/fraud_mlops/lib/python3.11/site-packages/airflow/example_dags/example_trigger_target_dag.py
[2026-06-07T17:40:18.401+0545] {logging_mixin.py:188} INFO - [2026-06-07T17:40:18.401+0545] {dag.py:3089} INFO - Sync 1 DAGs
[2026-06-07T17:40:18.411+0545] {logging_mixin.py:188} INFO - [2026-06-07T17:40:18.410+0545] {dag.py:3947} INFO - Setting next_dagrun for example_trigger_target_dag to None, run_after=None
[2026-06-07T17:40:18.571+0545] {processor.py:183} INFO - Processing /home/suyog/miniconda3/envs/fraud_mlops/lib/python3.11/site-packages/airflow/example_dags/example_trigger_target_dag.py took 0.298 seconds
[2026-06-07T17:41:09.888+0545] {processor.py:161} INFO - Started process (PID=32100) to work on /home/suyog/miniconda3/envs/fraud_mlops/lib/python3.11/site-packages/airflow/example_dags/example_trigger_target_dag.py
[2026-06-07T17:41:09.890+0545] {processor.py:830} INFO - Processing file /home/suyog/miniconda3/envs/fraud_mlops/lib/python3.11/site-packages/airflow/example_dags/example_trigger_target_dag.py for tasks to queue
[2026-06-07T17:41:09.896+0545] {logging_mixin.py:188} INFO - [2026-06-07T17:41:09.895+0545] {dagbag.py:545} INFO - Filling up the DagBag from /home/suyog/miniconda3/envs/fraud_mlops/lib/python3.11/site-packages/airflow/example_dags/example_trigger_target_dag.py
[2026-06-07T17:41:09.910+0545] {processor.py:840} INFO - DAG(s) 'example_trigger_target_dag' retrieved from /home/suyog/miniconda3/envs/fraud_mlops/lib/python3.11/site-packages/airflow/example_dags/example_trigger_target_dag.py
[2026-06-07T17:41:09.948+0545] {logging_mixin.py:188} INFO - [2026-06-07T17:41:09.948+0545] {dag.py:3089} INFO - Sync 1 DAGs
[2026-06-07T17:41:09.963+0545] {logging_mixin.py:188} INFO - [2026-06-07T17:41:09.963+0545] {dag.py:3947} INFO - Setting next_dagrun for example_trigger_target_dag to None, run_after=None
[2026-06-07T17:41:10.170+0545] {processor.py:183} INFO - Processing /home/suyog/miniconda3/envs/fraud_mlops/lib/python3.11/site-packages/airflow/example_dags/example_trigger_target_dag.py took 0.293 seconds
[2026-06-07T17:42:20.604+0545] {processor.py:161} INFO - Started process (PID=32264) to work on /home/suyog/miniconda3/envs/fraud_mlops/lib/python3.11/site-packages/airflow/example_dags/example_trigger_target_dag.py
[2026-06-07T17:42:20.605+0545] {processor.py:830} INFO - Processing file /home/suyog/miniconda3/envs/fraud_mlops/lib/python3.11/site-packages/airflow/example_dags/example_trigger_target_dag.py for tasks to queue
[2026-06-07T17:42:20.607+0545] {logging_mixin.py:188} INFO - [2026-06-07T17:42:20.606+0545] {dagbag.py:545} INFO - Filling up the DagBag from /home/suyog/miniconda3/envs/fraud_mlops/lib/python3.11/site-packages/airflow/example_dags/example_trigger_target_dag.py
[2026-06-07T17:42:20.615+0545] {processor.py:840} INFO - DAG(s) 'example_trigger_target_dag' retrieved from /home/suyog/miniconda3/envs/fraud_mlops/lib/python3.11/site-packages/airflow/example_dags/example_trigger_target_dag.py
[2026-06-07T17:42:20.630+0545] {logging_mixin.py:188} INFO - [2026-06-07T17:42:20.630+0545] {dag.py:3089} INFO - Sync 1 DAGs
[2026-06-07T17:42:20.638+0545] {logging_mixin.py:188} INFO - [2026-06-07T17:42:20.638+0545] {dag.py:3947} INFO - Setting next_dagrun for example_trigger_target_dag to None, run_after=None
[2026-06-07T17:42:20.813+0545] {processor.py:183} INFO - Processing /home/suyog/miniconda3/envs/fraud_mlops/lib/python3.11/site-packages/airflow/example_dags/example_trigger_target_dag.py took 0.214 seconds
[2026-06-07T17:43:34.882+0545] {processor.py:161} INFO - Started process (PID=32924) to work on /home/suyog/miniconda3/envs/fraud_mlops/lib/python3.11/site-packages/airflow/example_dags/example_trigger_target_dag.py
[2026-06-07T17:43:34.883+0545] {processor.py:830} INFO - Processing file /home/suyog/miniconda3/envs/fraud_mlops/lib/python3.11/site-packages/airflow/example_dags/example_trigger_target_dag.py for tasks to queue
[2026-06-07T17:43:34.884+0545] {logging_mixin.py:188} INFO - [2026-06-07T17:43:34.884+0545] {dagbag.py:545} INFO - Filling up the DagBag from /home/suyog/miniconda3/envs/fraud_mlops/lib/python3.11/site-packages/airflow/example_dags/example_trigger_target_dag.py
[2026-06-07T17:43:34.889+0545] {processor.py:840} INFO - DAG(s) 'example_trigger_target_dag' retrieved from /home/suyog/miniconda3/envs/fraud_mlops/lib/python3.11/site-packages/airflow/example_dags/example_trigger_target_dag.py
[2026-06-07T17:43:34.901+0545] {logging_mixin.py:188} INFO - [2026-06-07T17:43:34.901+0545] {dag.py:3089} INFO - Sync 1 DAGs
[2026-06-07T17:43:34.910+0545] {logging_mixin.py:188} INFO - [2026-06-07T17:43:34.910+0545] {dag.py:3947} INFO - Setting next_dagrun for example_trigger_target_dag to None, run_after=None
[2026-06-07T17:43:35.193+0545] {processor.py:183} INFO - Processing /home/suyog/miniconda3/envs/fraud_mlops/lib/python3.11/site-packages/airflow/example_dags/example_trigger_target_dag.py took 0.318 seconds
[2026-06-07T17:44:43.378+0545] {processor.py:161} INFO - Started process (PID=33102) to work on /home/suyog/miniconda3/envs/fraud_mlops/lib/python3.11/site-packages/airflow/example_dags/example_trigger_target_dag.py
[2026-06-07T17:44:43.380+0545] {processor.py:830} INFO - Processing file /home/suyog/miniconda3/envs/fraud_mlops/lib/python3.11/site-packages/airflow/example_dags/example_trigger_target_dag.py for tasks to queue
[2026-06-07T17:44:43.385+0545] {logging_mixin.py:188} INFO - [2026-06-07T17:44:43.384+0545] {dagbag.py:545} INFO - Filling up the DagBag from /home/suyog/miniconda3/envs/fraud_mlops/lib/python3.11/site-packages/airflow/example_dags/example_trigger_target_dag.py
[2026-06-07T17:44:43.394+0545] {processor.py:840} INFO - DAG(s) 'example_trigger_target_dag' retrieved from /home/suyog/miniconda3/envs/fraud_mlops/lib/python3.11/site-packages/airflow/example_dags/example_trigger_target_dag.py
[2026-06-07T17:44:43.408+0545] {logging_mixin.py:188} INFO - [2026-06-07T17:44:43.408+0545] {dag.py:3089} INFO - Sync 1 DAGs
[2026-06-07T17:44:43.417+0545] {logging_mixin.py:188} INFO - [2026-06-07T17:44:43.417+0545] {dag.py:3947} INFO - Setting next_dagrun for example_trigger_target_dag to None, run_after=None
[2026-06-07T17:44:43.605+0545] {processor.py:183} INFO - Processing /home/suyog/miniconda3/envs/fraud_mlops/lib/python3.11/site-packages/airflow/example_dags/example_trigger_target_dag.py took 0.242 seconds
[2026-06-07T17:46:42.349+0545] {processor.py:161} INFO - Started process (PID=33292) to work on /home/suyog/miniconda3/envs/fraud_mlops/lib/python3.11/site-packages/airflow/example_dags/example_trigger_target_dag.py
[2026-06-07T17:46:42.350+0545] {processor.py:830} INFO - Processing file /home/suyog/miniconda3/envs/fraud_mlops/lib/python3.11/site-packages/airflow/example_dags/example_trigger_target_dag.py for tasks to queue
[2026-06-07T17:46:42.352+0545] {logging_mixin.py:188} INFO - [2026-06-07T17:46:42.352+0545] {dagbag.py:545} INFO - Filling up the DagBag from /home/suyog/miniconda3/envs/fraud_mlops/lib/python3.11/site-packages/airflow/example_dags/example_trigger_target_dag.py
[2026-06-07T17:46:42.360+0545] {processor.py:840} INFO - DAG(s) 'example_trigger_target_dag' retrieved from /home/suyog/miniconda3/envs/fraud_mlops/lib/python3.11/site-packages/airflow/example_dags/example_trigger_target_dag.py
[2026-06-07T17:46:42.381+0545] {logging_mixin.py:188} INFO - [2026-06-07T17:46:42.381+0545] {dag.py:3089} INFO - Sync 1 DAGs
[2026-06-07T17:46:42.391+0545] {logging_mixin.py:188} INFO - [2026-06-07T17:46:42.390+0545] {dag.py:3947} INFO - Setting next_dagrun for example_trigger_target_dag to None, run_after=None
[2026-06-07T17:46:42.572+0545] {processor.py:183} INFO - Processing /home/suyog/miniconda3/envs/fraud_mlops/lib/python3.11/site-packages/airflow/example_dags/example_trigger_target_dag.py took 0.228 seconds
[2026-06-07T17:47:32.099+0545] {processor.py:161} INFO - Started process (PID=33377) to work on /home/suyog/miniconda3/envs/fraud_mlops/lib/python3.11/site-packages/airflow/example_dags/example_trigger_target_dag.py
[2026-06-07T17:47:32.100+0545] {processor.py:830} INFO - Processing file /home/suyog/miniconda3/envs/fraud_mlops/lib/python3.11/site-packages/airflow/example_dags/example_trigger_target_dag.py for tasks to queue
[2026-06-07T17:47:32.101+0545] {logging_mixin.py:188} INFO - [2026-06-07T17:47:32.101+0545] {dagbag.py:545} INFO - Filling up the DagBag from /home/suyog/miniconda3/envs/fraud_mlops/lib/python3.11/site-packages/airflow/example_dags/example_trigger_target_dag.py
[2026-06-07T17:47:32.107+0545] {processor.py:840} INFO - DAG(s) 'example_trigger_target_dag' retrieved from /home/suyog/miniconda3/envs/fraud_mlops/lib/python3.11/site-packages/airflow/example_dags/example_trigger_target_dag.py
[2026-06-07T17:47:32.123+0545] {logging_mixin.py:188} INFO - [2026-06-07T17:47:32.123+0545] {dag.py:3089} INFO - Sync 1 DAGs
[2026-06-07T17:47:32.132+0545] {logging_mixin.py:188} INFO - [2026-06-07T17:47:32.132+0545] {dag.py:3947} INFO - Setting next_dagrun for example_trigger_target_dag to None, run_after=None
[2026-06-07T17:47:32.321+0545] {processor.py:183} INFO - Processing /home/suyog/miniconda3/envs/fraud_mlops/lib/python3.11/site-packages/airflow/example_dags/example_trigger_target_dag.py took 0.226 seconds
[2026-06-07T17:48:38.801+0545] {processor.py:161} INFO - Started process (PID=33517) to work on /home/suyog/miniconda3/envs/fraud_mlops/lib/python3.11/site-packages/airflow/example_dags/example_trigger_target_dag.py
[2026-06-07T17:48:38.802+0545] {processor.py:830} INFO - Processing file /home/suyog/miniconda3/envs/fraud_mlops/lib/python3.11/site-packages/airflow/example_dags/example_trigger_target_dag.py for tasks to queue
[2026-06-07T17:48:38.803+0545] {logging_mixin.py:188} INFO - [2026-06-07T17:48:38.803+0545] {dagbag.py:545} INFO - Filling up the DagBag from /home/suyog/miniconda3/envs/fraud_mlops/lib/python3.11/site-packages/airflow/example_dags/example_trigger_target_dag.py
[2026-06-07T17:48:38.807+0545] {processor.py:840} INFO - DAG(s) 'example_trigger_target_dag' retrieved from /home/suyog/miniconda3/envs/fraud_mlops/lib/python3.11/site-packages/airflow/example_dags/example_trigger_target_dag.py
[2026-06-07T17:48:38.819+0545] {logging_mixin.py:188} INFO - [2026-06-07T17:48:38.818+0545] {dag.py:3089} INFO - Sync 1 DAGs
[2026-06-07T17:48:38.828+0545] {logging_mixin.py:188} INFO - [2026-06-07T17:48:38.827+0545] {dag.py:3947} INFO - Setting next_dagrun for example_trigger_target_dag to None, run_after=None
[2026-06-07T17:48:38.982+0545] {processor.py:183} INFO - Processing /home/suyog/miniconda3/envs/fraud_mlops/lib/python3.11/site-packages/airflow/example_dags/example_trigger_target_dag.py took 0.185 seconds
[2026-06-07T17:49:49.312+0545] {processor.py:161} INFO - Started process (PID=33661) to work on /home/suyog/miniconda3/envs/fraud_mlops/lib/python3.11/site-packages/airflow/example_dags/example_trigger_target_dag.py
[2026-06-07T17:49:49.322+0545] {processor.py:830} INFO - Processing file /home/suyog/miniconda3/envs/fraud_mlops/lib/python3.11/site-packages/airflow/example_dags/example_trigger_target_dag.py for tasks to queue
[2026-06-07T17:49:49.324+0545] {logging_mixin.py:188} INFO - [2026-06-07T17:49:49.323+0545] {dagbag.py:545} INFO - Filling up the DagBag from /home/suyog/miniconda3/envs/fraud_mlops/lib/python3.11/site-packages/airflow/example_dags/example_trigger_target_dag.py
[2026-06-07T17:49:49.330+0545] {processor.py:840} INFO - DAG(s) 'example_trigger_target_dag' retrieved from /home/suyog/miniconda3/envs/fraud_mlops/lib/python3.11/site-packages/airflow/example_dags/example_trigger_target_dag.py
[2026-06-07T17:49:49.343+0545] {logging_mixin.py:188} INFO - [2026-06-07T17:49:49.342+0545] {dag.py:3089} INFO - Sync 1 DAGs
[2026-06-07T17:49:49.351+0545] {logging_mixin.py:188} INFO - [2026-06-07T17:49:49.351+0545] {dag.py:3947} INFO - Setting next_dagrun for example_trigger_target_dag to None, run_after=None
[2026-06-07T17:49:49.524+0545] {processor.py:183} INFO - Processing /home/suyog/miniconda3/envs/fraud_mlops/lib/python3.11/site-packages/airflow/example_dags/example_trigger_target_dag.py took 0.220 seconds
