[2026-06-07T17:39:42.290+0545] {processor.py:161} INFO - Started process (PID=31904) to work on /home/suyog/miniconda3/envs/fraud_mlops/lib/python3.11/site-packages/airflow/example_dags/example_branch_python_dop_operator_3.py
[2026-06-07T17:39:42.292+0545] {processor.py:830} INFO - Processing file /home/suyog/miniconda3/envs/fraud_mlops/lib/python3.11/site-packages/airflow/example_dags/example_branch_python_dop_operator_3.py for tasks to queue
[2026-06-07T17:39:42.295+0545] {logging_mixin.py:188} INFO - [2026-06-07T17:39:42.295+0545] {dagbag.py:545} INFO - Filling up the DagBag from /home/suyog/miniconda3/envs/fraud_mlops/lib/python3.11/site-packages/airflow/example_dags/example_branch_python_dop_operator_3.py
[2026-06-07T17:39:42.309+0545] {processor.py:840} INFO - DAG(s) 'example_branch_dop_operator_v3' retrieved from /home/suyog/miniconda3/envs/fraud_mlops/lib/python3.11/site-packages/airflow/example_dags/example_branch_python_dop_operator_3.py
[2026-06-07T17:39:42.805+0545] {logging_mixin.py:188} INFO - [2026-06-07T17:39:42.803+0545] {override.py:1858} INFO - Created Permission View: can edit on DAG:example_branch_dop_operator_v3
[2026-06-07T17:39:42.980+0545] {logging_mixin.py:188} INFO - [2026-06-07T17:39:42.979+0545] {override.py:1858} INFO - Created Permission View: can read on DAG:example_branch_dop_operator_v3
[2026-06-07T17:39:43.129+0545] {logging_mixin.py:188} INFO - [2026-06-07T17:39:43.128+0545] {override.py:1858} INFO - Created Permission View: can delete on DAG:example_branch_dop_operator_v3
[2026-06-07T17:39:43.129+0545] {logging_mixin.py:188} INFO - [2026-06-07T17:39:43.129+0545] {dag.py:3089} INFO - Sync 1 DAGs
[2026-06-07T17:39:43.136+0545] {logging_mixin.py:188} INFO - [2026-06-07T17:39:43.136+0545] {dag.py:3111} INFO - Creating ORM DAG for example_branch_dop_operator_v3
[2026-06-07T17:39:43.145+0545] {logging_mixin.py:188} INFO - [2026-06-07T17:39:43.145+0545] {dag.py:3947} INFO - Setting next_dagrun for example_branch_dop_operator_v3 to 2026-06-07 11:53:00+00:00, run_after=2026-06-07 11:54:00+00:00
[2026-06-07T17:39:43.368+0545] {processor.py:183} INFO - Processing /home/suyog/miniconda3/envs/fraud_mlops/lib/python3.11/site-packages/airflow/example_dags/example_branch_python_dop_operator_3.py took 1.088 seconds
[2026-06-07T17:41:19.251+0545] {processor.py:161} INFO - Started process (PID=32117) to work on /home/suyog/miniconda3/envs/fraud_mlops/lib/python3.11/site-packages/airflow/example_dags/example_branch_python_dop_operator_3.py
[2026-06-07T17:41:19.253+0545] {processor.py:830} INFO - Processing file /home/suyog/miniconda3/envs/fraud_mlops/lib/python3.11/site-packages/airflow/example_dags/example_branch_python_dop_operator_3.py for tasks to queue
[2026-06-07T17:41:19.255+0545] {logging_mixin.py:188} INFO - [2026-06-07T17:41:19.254+0545] {dagbag.py:545} INFO - Filling up the DagBag from /home/suyog/miniconda3/envs/fraud_mlops/lib/python3.11/site-packages/airflow/example_dags/example_branch_python_dop_operator_3.py
[2026-06-07T17:41:19.265+0545] {processor.py:840} INFO - DAG(s) 'example_branch_dop_operator_v3' retrieved from /home/suyog/miniconda3/envs/fraud_mlops/lib/python3.11/site-packages/airflow/example_dags/example_branch_python_dop_operator_3.py
[2026-06-07T17:41:19.278+0545] {logging_mixin.py:188} INFO - [2026-06-07T17:41:19.277+0545] {dag.py:3089} INFO - Sync 1 DAGs
[2026-06-07T17:41:19.296+0545] {logging_mixin.py:188} INFO - [2026-06-07T17:41:19.296+0545] {dag.py:3947} INFO - Setting next_dagrun for example_branch_dop_operator_v3 to 2026-06-07 11:55:00+00:00, run_after=2026-06-07 11:56:00+00:00
[2026-06-07T17:41:19.499+0545] {processor.py:183} INFO - Processing /home/suyog/miniconda3/envs/fraud_mlops/lib/python3.11/site-packages/airflow/example_dags/example_branch_python_dop_operator_3.py took 0.262 seconds
[2026-06-07T17:42:30.382+0545] {processor.py:161} INFO - Started process (PID=32307) to work on /home/suyog/miniconda3/envs/fraud_mlops/lib/python3.11/site-packages/airflow/example_dags/example_branch_python_dop_operator_3.py
[2026-06-07T17:42:30.383+0545] {processor.py:830} INFO - Processing file /home/suyog/miniconda3/envs/fraud_mlops/lib/python3.11/site-packages/airflow/example_dags/example_branch_python_dop_operator_3.py for tasks to queue
[2026-06-07T17:42:30.385+0545] {logging_mixin.py:188} INFO - [2026-06-07T17:42:30.385+0545] {dagbag.py:545} INFO - Filling up the DagBag from /home/suyog/miniconda3/envs/fraud_mlops/lib/python3.11/site-packages/airflow/example_dags/example_branch_python_dop_operator_3.py
[2026-06-07T17:42:30.397+0545] {processor.py:840} INFO - DAG(s) 'example_branch_dop_operator_v3' retrieved from /home/suyog/miniconda3/envs/fraud_mlops/lib/python3.11/site-packages/airflow/example_dags/example_branch_python_dop_operator_3.py
[2026-06-07T17:42:30.410+0545] {logging_mixin.py:188} INFO - [2026-06-07T17:42:30.409+0545] {dag.py:3089} INFO - Sync 1 DAGs
[2026-06-07T17:42:30.427+0545] {logging_mixin.py:188} INFO - [2026-06-07T17:42:30.427+0545] {dag.py:3947} INFO - Setting next_dagrun for example_branch_dop_operator_v3 to 2026-06-07 11:56:00+00:00, run_after=2026-06-07 11:57:00+00:00
[2026-06-07T17:42:30.614+0545] {processor.py:183} INFO - Processing /home/suyog/miniconda3/envs/fraud_mlops/lib/python3.11/site-packages/airflow/example_dags/example_branch_python_dop_operator_3.py took 0.240 seconds
[2026-06-07T17:43:45.747+0545] {processor.py:161} INFO - Started process (PID=32948) to work on /home/suyog/miniconda3/envs/fraud_mlops/lib/python3.11/site-packages/airflow/example_dags/example_branch_python_dop_operator_3.py
[2026-06-07T17:43:45.750+0545] {processor.py:830} INFO - Processing file /home/suyog/miniconda3/envs/fraud_mlops/lib/python3.11/site-packages/airflow/example_dags/example_branch_python_dop_operator_3.py for tasks to queue
[2026-06-07T17:43:45.753+0545] {logging_mixin.py:188} INFO - [2026-06-07T17:43:45.752+0545] {dagbag.py:545} INFO - Filling up the DagBag from /home/suyog/miniconda3/envs/fraud_mlops/lib/python3.11/site-packages/airflow/example_dags/example_branch_python_dop_operator_3.py
[2026-06-07T17:43:45.767+0545] {processor.py:840} INFO - DAG(s) 'example_branch_dop_operator_v3' retrieved from /home/suyog/miniconda3/envs/fraud_mlops/lib/python3.11/site-packages/airflow/example_dags/example_branch_python_dop_operator_3.py
[2026-06-07T17:43:45.781+0545] {logging_mixin.py:188} INFO - [2026-06-07T17:43:45.781+0545] {dag.py:3089} INFO - Sync 1 DAGs
[2026-06-07T17:43:45.798+0545] {logging_mixin.py:188} INFO - [2026-06-07T17:43:45.798+0545] {dag.py:3947} INFO - Setting next_dagrun for example_branch_dop_operator_v3 to 2026-06-07 11:57:00+00:00, run_after=2026-06-07 11:58:00+00:00
[2026-06-07T17:43:46.000+0545] {processor.py:183} INFO - Processing /home/suyog/miniconda3/envs/fraud_mlops/lib/python3.11/site-packages/airflow/example_dags/example_branch_python_dop_operator_3.py took 0.267 seconds
[2026-06-07T17:44:53.658+0545] {processor.py:161} INFO - Started process (PID=33120) to work on /home/suyog/miniconda3/envs/fraud_mlops/lib/python3.11/site-packages/airflow/example_dags/example_branch_python_dop_operator_3.py
[2026-06-07T17:44:53.659+0545] {processor.py:830} INFO - Processing file /home/suyog/miniconda3/envs/fraud_mlops/lib/python3.11/site-packages/airflow/example_dags/example_branch_python_dop_operator_3.py for tasks to queue
[2026-06-07T17:44:53.661+0545] {logging_mixin.py:188} INFO - [2026-06-07T17:44:53.660+0545] {dagbag.py:545} INFO - Filling up the DagBag from /home/suyog/miniconda3/envs/fraud_mlops/lib/python3.11/site-packages/airflow/example_dags/example_branch_python_dop_operator_3.py
[2026-06-07T17:44:53.670+0545] {processor.py:840} INFO - DAG(s) 'example_branch_dop_operator_v3' retrieved from /home/suyog/miniconda3/envs/fraud_mlops/lib/python3.11/site-packages/airflow/example_dags/example_branch_python_dop_operator_3.py
[2026-06-07T17:44:53.684+0545] {logging_mixin.py:188} INFO - [2026-06-07T17:44:53.683+0545] {dag.py:3089} INFO - Sync 1 DAGs
[2026-06-07T17:44:53.700+0545] {logging_mixin.py:188} INFO - [2026-06-07T17:44:53.700+0545] {dag.py:3947} INFO - Setting next_dagrun for example_branch_dop_operator_v3 to 2026-06-07 11:58:00+00:00, run_after=2026-06-07 11:59:00+00:00
[2026-06-07T17:44:53.880+0545] {processor.py:183} INFO - Processing /home/suyog/miniconda3/envs/fraud_mlops/lib/python3.11/site-packages/airflow/example_dags/example_branch_python_dop_operator_3.py took 0.227 seconds
[2026-06-07T17:48:11.081+0545] {processor.py:161} INFO - Started process (PID=33432) to work on /home/suyog/miniconda3/envs/fraud_mlops/lib/python3.11/site-packages/airflow/example_dags/example_branch_python_dop_operator_3.py
[2026-06-07T17:48:11.111+0545] {processor.py:830} INFO - Processing file /home/suyog/miniconda3/envs/fraud_mlops/lib/python3.11/site-packages/airflow/example_dags/example_branch_python_dop_operator_3.py for tasks to queue
[2026-06-07T17:48:11.113+0545] {logging_mixin.py:188} INFO - [2026-06-07T17:48:11.112+0545] {dagbag.py:545} INFO - Filling up the DagBag from /home/suyog/miniconda3/envs/fraud_mlops/lib/python3.11/site-packages/airflow/example_dags/example_branch_python_dop_operator_3.py
[2026-06-07T17:48:11.124+0545] {processor.py:840} INFO - DAG(s) 'example_branch_dop_operator_v3' retrieved from /home/suyog/miniconda3/envs/fraud_mlops/lib/python3.11/site-packages/airflow/example_dags/example_branch_python_dop_operator_3.py
[2026-06-07T17:48:11.238+0545] {logging_mixin.py:188} INFO - [2026-06-07T17:48:11.237+0545] {dag.py:3089} INFO - Sync 1 DAGs
[2026-06-07T17:48:11.257+0545] {logging_mixin.py:188} INFO - [2026-06-07T17:48:11.257+0545] {dag.py:3947} INFO - Setting next_dagrun for example_branch_dop_operator_v3 to 2026-06-07 12:02:00+00:00, run_after=2026-06-07 12:03:00+00:00
[2026-06-07T17:48:11.419+0545] {processor.py:183} INFO - Processing /home/suyog/miniconda3/envs/fraud_mlops/lib/python3.11/site-packages/airflow/example_dags/example_branch_python_dop_operator_3.py took 0.346 seconds
[2026-06-07T17:49:28.514+0545] {processor.py:161} INFO - Started process (PID=33633) to work on /home/suyog/miniconda3/envs/fraud_mlops/lib/python3.11/site-packages/airflow/example_dags/example_branch_python_dop_operator_3.py
[2026-06-07T17:49:28.515+0545] {processor.py:830} INFO - Processing file /home/suyog/miniconda3/envs/fraud_mlops/lib/python3.11/site-packages/airflow/example_dags/example_branch_python_dop_operator_3.py for tasks to queue
[2026-06-07T17:49:28.518+0545] {logging_mixin.py:188} INFO - [2026-06-07T17:49:28.518+0545] {dagbag.py:545} INFO - Filling up the DagBag from /home/suyog/miniconda3/envs/fraud_mlops/lib/python3.11/site-packages/airflow/example_dags/example_branch_python_dop_operator_3.py
[2026-06-07T17:49:28.532+0545] {processor.py:840} INFO - DAG(s) 'example_branch_dop_operator_v3' retrieved from /home/suyog/miniconda3/envs/fraud_mlops/lib/python3.11/site-packages/airflow/example_dags/example_branch_python_dop_operator_3.py
[2026-06-07T17:49:28.546+0545] {logging_mixin.py:188} INFO - [2026-06-07T17:49:28.546+0545] {dag.py:3089} INFO - Sync 1 DAGs
[2026-06-07T17:49:28.563+0545] {logging_mixin.py:188} INFO - [2026-06-07T17:49:28.563+0545] {dag.py:3947} INFO - Setting next_dagrun for example_branch_dop_operator_v3 to 2026-06-07 12:03:00+00:00, run_after=2026-06-07 12:04:00+00:00
[2026-06-07T17:49:28.752+0545] {processor.py:183} INFO - Processing /home/suyog/miniconda3/envs/fraud_mlops/lib/python3.11/site-packages/airflow/example_dags/example_branch_python_dop_operator_3.py took 0.249 seconds
