[2026-06-07T17:38:40.983+0545] {processor.py:161} INFO - Started process (PID=31841) to work on /home/suyog/miniconda3/envs/fraud_mlops/lib/python3.11/site-packages/airflow/example_dags/example_task_group.py
[2026-06-07T17:38:40.984+0545] {processor.py:830} INFO - Processing file /home/suyog/miniconda3/envs/fraud_mlops/lib/python3.11/site-packages/airflow/example_dags/example_task_group.py for tasks to queue
[2026-06-07T17:38:40.985+0545] {logging_mixin.py:188} INFO - [2026-06-07T17:38:40.985+0545] {dagbag.py:545} INFO - Filling up the DagBag from /home/suyog/miniconda3/envs/fraud_mlops/lib/python3.11/site-packages/airflow/example_dags/example_task_group.py
[2026-06-07T17:38:40.994+0545] {processor.py:840} INFO - DAG(s) 'example_task_group' retrieved from /home/suyog/miniconda3/envs/fraud_mlops/lib/python3.11/site-packages/airflow/example_dags/example_task_group.py
[2026-06-07T17:38:41.540+0545] {logging_mixin.py:188} INFO - [2026-06-07T17:38:41.538+0545] {override.py:1858} INFO - Created Permission View: can edit on DAG:example_task_group
[2026-06-07T17:38:41.715+0545] {logging_mixin.py:188} INFO - [2026-06-07T17:38:41.714+0545] {override.py:1858} INFO - Created Permission View: can read on DAG:example_task_group
[2026-06-07T17:38:41.890+0545] {logging_mixin.py:188} INFO - [2026-06-07T17:38:41.889+0545] {override.py:1858} INFO - Created Permission View: can delete on DAG:example_task_group
[2026-06-07T17:38:41.891+0545] {logging_mixin.py:188} INFO - [2026-06-07T17:38:41.891+0545] {dag.py:3089} INFO - Sync 1 DAGs
[2026-06-07T17:38:41.917+0545] {logging_mixin.py:188} INFO - [2026-06-07T17:38:41.916+0545] {dag.py:3111} INFO - Creating ORM DAG for example_task_group
[2026-06-07T17:38:41.931+0545] {logging_mixin.py:188} INFO - [2026-06-07T17:38:41.931+0545] {dag.py:3947} INFO - Setting next_dagrun for example_task_group to 2026-06-06 00:00:00+00:00, run_after=2026-06-07 00:00:00+00:00
[2026-06-07T17:38:42.143+0545] {processor.py:183} INFO - Processing /home/suyog/miniconda3/envs/fraud_mlops/lib/python3.11/site-packages/airflow/example_dags/example_task_group.py took 1.164 seconds
[2026-06-07T17:40:23.850+0545] {processor.py:161} INFO - Started process (PID=32002) to work on /home/suyog/miniconda3/envs/fraud_mlops/lib/python3.11/site-packages/airflow/example_dags/example_task_group.py
[2026-06-07T17:40:23.851+0545] {processor.py:830} INFO - Processing file /home/suyog/miniconda3/envs/fraud_mlops/lib/python3.11/site-packages/airflow/example_dags/example_task_group.py for tasks to queue
[2026-06-07T17:40:23.852+0545] {logging_mixin.py:188} INFO - [2026-06-07T17:40:23.852+0545] {dagbag.py:545} INFO - Filling up the DagBag from /home/suyog/miniconda3/envs/fraud_mlops/lib/python3.11/site-packages/airflow/example_dags/example_task_group.py
[2026-06-07T17:40:23.859+0545] {processor.py:840} INFO - DAG(s) 'example_task_group' retrieved from /home/suyog/miniconda3/envs/fraud_mlops/lib/python3.11/site-packages/airflow/example_dags/example_task_group.py
[2026-06-07T17:40:23.876+0545] {logging_mixin.py:188} INFO - [2026-06-07T17:40:23.875+0545] {dag.py:3089} INFO - Sync 1 DAGs
[2026-06-07T17:40:23.890+0545] {logging_mixin.py:188} INFO - [2026-06-07T17:40:23.890+0545] {dag.py:3947} INFO - Setting next_dagrun for example_task_group to 2026-06-06 00:00:00+00:00, run_after=2026-06-07 00:00:00+00:00
[2026-06-07T17:40:24.081+0545] {processor.py:183} INFO - Processing /home/suyog/miniconda3/envs/fraud_mlops/lib/python3.11/site-packages/airflow/example_dags/example_task_group.py took 0.237 seconds
[2026-06-07T17:41:34.596+0545] {processor.py:161} INFO - Started process (PID=32155) to work on /home/suyog/miniconda3/envs/fraud_mlops/lib/python3.11/site-packages/airflow/example_dags/example_task_group.py
[2026-06-07T17:41:34.598+0545] {processor.py:830} INFO - Processing file /home/suyog/miniconda3/envs/fraud_mlops/lib/python3.11/site-packages/airflow/example_dags/example_task_group.py for tasks to queue
[2026-06-07T17:41:34.599+0545] {logging_mixin.py:188} INFO - [2026-06-07T17:41:34.599+0545] {dagbag.py:545} INFO - Filling up the DagBag from /home/suyog/miniconda3/envs/fraud_mlops/lib/python3.11/site-packages/airflow/example_dags/example_task_group.py
[2026-06-07T17:41:34.606+0545] {processor.py:840} INFO - DAG(s) 'example_task_group' retrieved from /home/suyog/miniconda3/envs/fraud_mlops/lib/python3.11/site-packages/airflow/example_dags/example_task_group.py
[2026-06-07T17:41:34.622+0545] {logging_mixin.py:188} INFO - [2026-06-07T17:41:34.622+0545] {dag.py:3089} INFO - Sync 1 DAGs
[2026-06-07T17:41:34.636+0545] {logging_mixin.py:188} INFO - [2026-06-07T17:41:34.636+0545] {dag.py:3947} INFO - Setting next_dagrun for example_task_group to 2026-06-06 00:00:00+00:00, run_after=2026-06-07 00:00:00+00:00
[2026-06-07T17:41:34.839+0545] {processor.py:183} INFO - Processing /home/suyog/miniconda3/envs/fraud_mlops/lib/python3.11/site-packages/airflow/example_dags/example_task_group.py took 0.249 seconds
[2026-06-07T17:42:46.756+0545] {processor.py:161} INFO - Started process (PID=32346) to work on /home/suyog/miniconda3/envs/fraud_mlops/lib/python3.11/site-packages/airflow/example_dags/example_task_group.py
[2026-06-07T17:42:46.782+0545] {processor.py:830} INFO - Processing file /home/suyog/miniconda3/envs/fraud_mlops/lib/python3.11/site-packages/airflow/example_dags/example_task_group.py for tasks to queue
[2026-06-07T17:42:46.785+0545] {logging_mixin.py:188} INFO - [2026-06-07T17:42:46.784+0545] {dagbag.py:545} INFO - Filling up the DagBag from /home/suyog/miniconda3/envs/fraud_mlops/lib/python3.11/site-packages/airflow/example_dags/example_task_group.py
[2026-06-07T17:42:46.804+0545] {processor.py:840} INFO - DAG(s) 'example_task_group' retrieved from /home/suyog/miniconda3/envs/fraud_mlops/lib/python3.11/site-packages/airflow/example_dags/example_task_group.py
[2026-06-07T17:42:46.828+0545] {logging_mixin.py:188} INFO - [2026-06-07T17:42:46.828+0545] {dag.py:3089} INFO - Sync 1 DAGs
[2026-06-07T17:42:46.844+0545] {logging_mixin.py:188} INFO - [2026-06-07T17:42:46.844+0545] {dag.py:3947} INFO - Setting next_dagrun for example_task_group to 2026-06-06 00:00:00+00:00, run_after=2026-06-07 00:00:00+00:00
[2026-06-07T17:42:47.274+0545] {processor.py:183} INFO - Processing /home/suyog/miniconda3/envs/fraud_mlops/lib/python3.11/site-packages/airflow/example_dags/example_task_group.py took 0.522 seconds
[2026-06-07T17:44:01.822+0545] {processor.py:161} INFO - Started process (PID=33000) to work on /home/suyog/miniconda3/envs/fraud_mlops/lib/python3.11/site-packages/airflow/example_dags/example_task_group.py
[2026-06-07T17:44:01.853+0545] {processor.py:830} INFO - Processing file /home/suyog/miniconda3/envs/fraud_mlops/lib/python3.11/site-packages/airflow/example_dags/example_task_group.py for tasks to queue
[2026-06-07T17:44:01.856+0545] {logging_mixin.py:188} INFO - [2026-06-07T17:44:01.855+0545] {dagbag.py:545} INFO - Filling up the DagBag from /home/suyog/miniconda3/envs/fraud_mlops/lib/python3.11/site-packages/airflow/example_dags/example_task_group.py
[2026-06-07T17:44:01.865+0545] {processor.py:840} INFO - DAG(s) 'example_task_group' retrieved from /home/suyog/miniconda3/envs/fraud_mlops/lib/python3.11/site-packages/airflow/example_dags/example_task_group.py
[2026-06-07T17:44:01.883+0545] {logging_mixin.py:188} INFO - [2026-06-07T17:44:01.883+0545] {dag.py:3089} INFO - Sync 1 DAGs
[2026-06-07T17:44:01.901+0545] {logging_mixin.py:188} INFO - [2026-06-07T17:44:01.901+0545] {dag.py:3947} INFO - Setting next_dagrun for example_task_group to 2026-06-06 00:00:00+00:00, run_after=2026-06-07 00:00:00+00:00
[2026-06-07T17:44:02.061+0545] {processor.py:183} INFO - Processing /home/suyog/miniconda3/envs/fraud_mlops/lib/python3.11/site-packages/airflow/example_dags/example_task_group.py took 0.249 seconds
[2026-06-07T17:45:10.192+0545] {processor.py:161} INFO - Started process (PID=33164) to work on /home/suyog/miniconda3/envs/fraud_mlops/lib/python3.11/site-packages/airflow/example_dags/example_task_group.py
[2026-06-07T17:45:10.216+0545] {processor.py:830} INFO - Processing file /home/suyog/miniconda3/envs/fraud_mlops/lib/python3.11/site-packages/airflow/example_dags/example_task_group.py for tasks to queue
[2026-06-07T17:45:10.218+0545] {logging_mixin.py:188} INFO - [2026-06-07T17:45:10.218+0545] {dagbag.py:545} INFO - Filling up the DagBag from /home/suyog/miniconda3/envs/fraud_mlops/lib/python3.11/site-packages/airflow/example_dags/example_task_group.py
[2026-06-07T17:45:10.226+0545] {processor.py:840} INFO - DAG(s) 'example_task_group' retrieved from /home/suyog/miniconda3/envs/fraud_mlops/lib/python3.11/site-packages/airflow/example_dags/example_task_group.py
[2026-06-07T17:45:10.246+0545] {logging_mixin.py:188} INFO - [2026-06-07T17:45:10.246+0545] {dag.py:3089} INFO - Sync 1 DAGs
[2026-06-07T17:45:10.263+0545] {logging_mixin.py:188} INFO - [2026-06-07T17:45:10.263+0545] {dag.py:3947} INFO - Setting next_dagrun for example_task_group to 2026-06-06 00:00:00+00:00, run_after=2026-06-07 00:00:00+00:00
[2026-06-07T17:45:10.442+0545] {processor.py:183} INFO - Processing /home/suyog/miniconda3/envs/fraud_mlops/lib/python3.11/site-packages/airflow/example_dags/example_task_group.py took 0.255 seconds
[2026-06-07T17:46:46.349+0545] {processor.py:161} INFO - Started process (PID=33296) to work on /home/suyog/miniconda3/envs/fraud_mlops/lib/python3.11/site-packages/airflow/example_dags/example_task_group.py
[2026-06-07T17:46:46.364+0545] {processor.py:830} INFO - Processing file /home/suyog/miniconda3/envs/fraud_mlops/lib/python3.11/site-packages/airflow/example_dags/example_task_group.py for tasks to queue
[2026-06-07T17:46:46.368+0545] {logging_mixin.py:188} INFO - [2026-06-07T17:46:46.367+0545] {dagbag.py:545} INFO - Filling up the DagBag from /home/suyog/miniconda3/envs/fraud_mlops/lib/python3.11/site-packages/airflow/example_dags/example_task_group.py
[2026-06-07T17:46:46.392+0545] {processor.py:840} INFO - DAG(s) 'example_task_group' retrieved from /home/suyog/miniconda3/envs/fraud_mlops/lib/python3.11/site-packages/airflow/example_dags/example_task_group.py
[2026-06-07T17:46:46.412+0545] {logging_mixin.py:188} INFO - [2026-06-07T17:46:46.412+0545] {dag.py:3089} INFO - Sync 1 DAGs
[2026-06-07T17:46:46.426+0545] {logging_mixin.py:188} INFO - [2026-06-07T17:46:46.426+0545] {dag.py:3947} INFO - Setting next_dagrun for example_task_group to 2026-06-06 00:00:00+00:00, run_after=2026-06-07 00:00:00+00:00
[2026-06-07T17:46:46.737+0545] {processor.py:183} INFO - Processing /home/suyog/miniconda3/envs/fraud_mlops/lib/python3.11/site-packages/airflow/example_dags/example_task_group.py took 0.395 seconds
[2026-06-07T17:47:36.122+0545] {processor.py:161} INFO - Started process (PID=33381) to work on /home/suyog/miniconda3/envs/fraud_mlops/lib/python3.11/site-packages/airflow/example_dags/example_task_group.py
[2026-06-07T17:47:36.154+0545] {processor.py:830} INFO - Processing file /home/suyog/miniconda3/envs/fraud_mlops/lib/python3.11/site-packages/airflow/example_dags/example_task_group.py for tasks to queue
[2026-06-07T17:47:36.156+0545] {logging_mixin.py:188} INFO - [2026-06-07T17:47:36.156+0545] {dagbag.py:545} INFO - Filling up the DagBag from /home/suyog/miniconda3/envs/fraud_mlops/lib/python3.11/site-packages/airflow/example_dags/example_task_group.py
[2026-06-07T17:47:36.171+0545] {processor.py:840} INFO - DAG(s) 'example_task_group' retrieved from /home/suyog/miniconda3/envs/fraud_mlops/lib/python3.11/site-packages/airflow/example_dags/example_task_group.py
[2026-06-07T17:47:36.196+0545] {logging_mixin.py:188} INFO - [2026-06-07T17:47:36.196+0545] {dag.py:3089} INFO - Sync 1 DAGs
[2026-06-07T17:47:36.210+0545] {logging_mixin.py:188} INFO - [2026-06-07T17:47:36.210+0545] {dag.py:3947} INFO - Setting next_dagrun for example_task_group to 2026-06-06 00:00:00+00:00, run_after=2026-06-07 00:00:00+00:00
[2026-06-07T17:47:36.410+0545] {processor.py:183} INFO - Processing /home/suyog/miniconda3/envs/fraud_mlops/lib/python3.11/site-packages/airflow/example_dags/example_task_group.py took 0.293 seconds
[2026-06-07T17:48:44.192+0545] {processor.py:161} INFO - Started process (PID=33522) to work on /home/suyog/miniconda3/envs/fraud_mlops/lib/python3.11/site-packages/airflow/example_dags/example_task_group.py
[2026-06-07T17:48:44.218+0545] {processor.py:830} INFO - Processing file /home/suyog/miniconda3/envs/fraud_mlops/lib/python3.11/site-packages/airflow/example_dags/example_task_group.py for tasks to queue
[2026-06-07T17:48:44.222+0545] {logging_mixin.py:188} INFO - [2026-06-07T17:48:44.221+0545] {dagbag.py:545} INFO - Filling up the DagBag from /home/suyog/miniconda3/envs/fraud_mlops/lib/python3.11/site-packages/airflow/example_dags/example_task_group.py
[2026-06-07T17:48:44.244+0545] {processor.py:840} INFO - DAG(s) 'example_task_group' retrieved from /home/suyog/miniconda3/envs/fraud_mlops/lib/python3.11/site-packages/airflow/example_dags/example_task_group.py
[2026-06-07T17:48:44.267+0545] {logging_mixin.py:188} INFO - [2026-06-07T17:48:44.267+0545] {dag.py:3089} INFO - Sync 1 DAGs
[2026-06-07T17:48:44.282+0545] {logging_mixin.py:188} INFO - [2026-06-07T17:48:44.282+0545] {dag.py:3947} INFO - Setting next_dagrun for example_task_group to 2026-06-06 00:00:00+00:00, run_after=2026-06-07 00:00:00+00:00
[2026-06-07T17:48:44.478+0545] {processor.py:183} INFO - Processing /home/suyog/miniconda3/envs/fraud_mlops/lib/python3.11/site-packages/airflow/example_dags/example_task_group.py took 0.300 seconds
[2026-06-07T17:49:54.433+0545] {processor.py:161} INFO - Started process (PID=33665) to work on /home/suyog/miniconda3/envs/fraud_mlops/lib/python3.11/site-packages/airflow/example_dags/example_task_group.py
[2026-06-07T17:49:54.436+0545] {processor.py:830} INFO - Processing file /home/suyog/miniconda3/envs/fraud_mlops/lib/python3.11/site-packages/airflow/example_dags/example_task_group.py for tasks to queue
[2026-06-07T17:49:54.440+0545] {logging_mixin.py:188} INFO - [2026-06-07T17:49:54.439+0545] {dagbag.py:545} INFO - Filling up the DagBag from /home/suyog/miniconda3/envs/fraud_mlops/lib/python3.11/site-packages/airflow/example_dags/example_task_group.py
[2026-06-07T17:49:54.450+0545] {processor.py:840} INFO - DAG(s) 'example_task_group' retrieved from /home/suyog/miniconda3/envs/fraud_mlops/lib/python3.11/site-packages/airflow/example_dags/example_task_group.py
[2026-06-07T17:49:54.465+0545] {logging_mixin.py:188} INFO - [2026-06-07T17:49:54.465+0545] {dag.py:3089} INFO - Sync 1 DAGs
[2026-06-07T17:49:54.479+0545] {logging_mixin.py:188} INFO - [2026-06-07T17:49:54.479+0545] {dag.py:3947} INFO - Setting next_dagrun for example_task_group to 2026-06-06 00:00:00+00:00, run_after=2026-06-07 00:00:00+00:00
[2026-06-07T17:49:54.666+0545] {processor.py:183} INFO - Processing /home/suyog/miniconda3/envs/fraud_mlops/lib/python3.11/site-packages/airflow/example_dags/example_task_group.py took 0.243 seconds
