[2026-06-07T17:38:39.358+0545] {processor.py:161} INFO - Started process (PID=31840) to work on /home/suyog/miniconda3/envs/fraud_mlops/lib/python3.11/site-packages/airflow/example_dags/example_task_group_decorator.py
[2026-06-07T17:38:39.358+0545] {processor.py:830} INFO - Processing file /home/suyog/miniconda3/envs/fraud_mlops/lib/python3.11/site-packages/airflow/example_dags/example_task_group_decorator.py for tasks to queue
[2026-06-07T17:38:39.360+0545] {logging_mixin.py:188} INFO - [2026-06-07T17:38:39.359+0545] {dagbag.py:545} INFO - Filling up the DagBag from /home/suyog/miniconda3/envs/fraud_mlops/lib/python3.11/site-packages/airflow/example_dags/example_task_group_decorator.py
[2026-06-07T17:38:39.374+0545] {processor.py:840} INFO - DAG(s) 'example_task_group_decorator' retrieved from /home/suyog/miniconda3/envs/fraud_mlops/lib/python3.11/site-packages/airflow/example_dags/example_task_group_decorator.py
[2026-06-07T17:38:39.876+0545] {logging_mixin.py:188} INFO - [2026-06-07T17:38:39.874+0545] {override.py:1858} INFO - Created Permission View: can edit on DAG:example_task_group_decorator
[2026-06-07T17:38:40.042+0545] {logging_mixin.py:188} INFO - [2026-06-07T17:38:40.041+0545] {override.py:1858} INFO - Created Permission View: can read on DAG:example_task_group_decorator
[2026-06-07T17:38:40.184+0545] {logging_mixin.py:188} INFO - [2026-06-07T17:38:40.183+0545] {override.py:1858} INFO - Created Permission View: can delete on DAG:example_task_group_decorator
[2026-06-07T17:38:40.184+0545] {logging_mixin.py:188} INFO - [2026-06-07T17:38:40.184+0545] {dag.py:3089} INFO - Sync 1 DAGs
[2026-06-07T17:38:40.197+0545] {logging_mixin.py:188} INFO - [2026-06-07T17:38:40.196+0545] {dag.py:3111} INFO - Creating ORM DAG for example_task_group_decorator
[2026-06-07T17:38:40.207+0545] {logging_mixin.py:188} INFO - [2026-06-07T17:38:40.207+0545] {dag.py:3947} INFO - Setting next_dagrun for example_task_group_decorator to 2026-06-06 00:00:00+00:00, run_after=2026-06-07 00:00:00+00:00
[2026-06-07T17:38:40.414+0545] {processor.py:183} INFO - Processing /home/suyog/miniconda3/envs/fraud_mlops/lib/python3.11/site-packages/airflow/example_dags/example_task_group_decorator.py took 1.061 seconds
[2026-06-07T17:40:22.154+0545] {processor.py:161} INFO - Started process (PID=32001) to work on /home/suyog/miniconda3/envs/fraud_mlops/lib/python3.11/site-packages/airflow/example_dags/example_task_group_decorator.py
[2026-06-07T17:40:22.170+0545] {processor.py:830} INFO - Processing file /home/suyog/miniconda3/envs/fraud_mlops/lib/python3.11/site-packages/airflow/example_dags/example_task_group_decorator.py for tasks to queue
[2026-06-07T17:40:22.283+0545] {logging_mixin.py:188} INFO - [2026-06-07T17:40:22.283+0545] {dagbag.py:545} INFO - Filling up the DagBag from /home/suyog/miniconda3/envs/fraud_mlops/lib/python3.11/site-packages/airflow/example_dags/example_task_group_decorator.py
[2026-06-07T17:40:22.296+0545] {processor.py:840} INFO - DAG(s) 'example_task_group_decorator' retrieved from /home/suyog/miniconda3/envs/fraud_mlops/lib/python3.11/site-packages/airflow/example_dags/example_task_group_decorator.py
[2026-06-07T17:40:22.311+0545] {logging_mixin.py:188} INFO - [2026-06-07T17:40:22.311+0545] {dag.py:3089} INFO - Sync 1 DAGs
[2026-06-07T17:40:22.324+0545] {logging_mixin.py:188} INFO - [2026-06-07T17:40:22.324+0545] {dag.py:3947} INFO - Setting next_dagrun for example_task_group_decorator to 2026-06-06 00:00:00+00:00, run_after=2026-06-07 00:00:00+00:00
[2026-06-07T17:40:22.481+0545] {processor.py:183} INFO - Processing /home/suyog/miniconda3/envs/fraud_mlops/lib/python3.11/site-packages/airflow/example_dags/example_task_group_decorator.py took 0.335 seconds
[2026-06-07T17:41:33.238+0545] {processor.py:161} INFO - Started process (PID=32154) to work on /home/suyog/miniconda3/envs/fraud_mlops/lib/python3.11/site-packages/airflow/example_dags/example_task_group_decorator.py
[2026-06-07T17:41:33.266+0545] {processor.py:830} INFO - Processing file /home/suyog/miniconda3/envs/fraud_mlops/lib/python3.11/site-packages/airflow/example_dags/example_task_group_decorator.py for tasks to queue
[2026-06-07T17:41:33.268+0545] {logging_mixin.py:188} INFO - [2026-06-07T17:41:33.268+0545] {dagbag.py:545} INFO - Filling up the DagBag from /home/suyog/miniconda3/envs/fraud_mlops/lib/python3.11/site-packages/airflow/example_dags/example_task_group_decorator.py
[2026-06-07T17:41:33.290+0545] {processor.py:840} INFO - DAG(s) 'example_task_group_decorator' retrieved from /home/suyog/miniconda3/envs/fraud_mlops/lib/python3.11/site-packages/airflow/example_dags/example_task_group_decorator.py
[2026-06-07T17:41:33.309+0545] {logging_mixin.py:188} INFO - [2026-06-07T17:41:33.309+0545] {dag.py:3089} INFO - Sync 1 DAGs
[2026-06-07T17:41:33.323+0545] {logging_mixin.py:188} INFO - [2026-06-07T17:41:33.323+0545] {dag.py:3947} INFO - Setting next_dagrun for example_task_group_decorator to 2026-06-06 00:00:00+00:00, run_after=2026-06-07 00:00:00+00:00
[2026-06-07T17:41:33.492+0545] {processor.py:183} INFO - Processing /home/suyog/miniconda3/envs/fraud_mlops/lib/python3.11/site-packages/airflow/example_dags/example_task_group_decorator.py took 0.261 seconds
[2026-06-07T17:42:24.727+0545] {processor.py:161} INFO - Started process (PID=32297) to work on /home/suyog/miniconda3/envs/fraud_mlops/lib/python3.11/site-packages/airflow/example_dags/example_task_group_decorator.py
[2026-06-07T17:42:24.749+0545] {processor.py:830} INFO - Processing file /home/suyog/miniconda3/envs/fraud_mlops/lib/python3.11/site-packages/airflow/example_dags/example_task_group_decorator.py for tasks to queue
[2026-06-07T17:42:24.751+0545] {logging_mixin.py:188} INFO - [2026-06-07T17:42:24.751+0545] {dagbag.py:545} INFO - Filling up the DagBag from /home/suyog/miniconda3/envs/fraud_mlops/lib/python3.11/site-packages/airflow/example_dags/example_task_group_decorator.py
[2026-06-07T17:42:24.763+0545] {processor.py:840} INFO - DAG(s) 'example_task_group_decorator' retrieved from /home/suyog/miniconda3/envs/fraud_mlops/lib/python3.11/site-packages/airflow/example_dags/example_task_group_decorator.py
[2026-06-07T17:42:24.780+0545] {logging_mixin.py:188} INFO - [2026-06-07T17:42:24.780+0545] {dag.py:3089} INFO - Sync 1 DAGs
[2026-06-07T17:42:24.794+0545] {logging_mixin.py:188} INFO - [2026-06-07T17:42:24.794+0545] {dag.py:3947} INFO - Setting next_dagrun for example_task_group_decorator to 2026-06-06 00:00:00+00:00, run_after=2026-06-07 00:00:00+00:00
[2026-06-07T17:42:25.019+0545] {processor.py:183} INFO - Processing /home/suyog/miniconda3/envs/fraud_mlops/lib/python3.11/site-packages/airflow/example_dags/example_task_group_decorator.py took 0.297 seconds
[2026-06-07T17:43:38.297+0545] {processor.py:161} INFO - Started process (PID=32932) to work on /home/suyog/miniconda3/envs/fraud_mlops/lib/python3.11/site-packages/airflow/example_dags/example_task_group_decorator.py
[2026-06-07T17:43:38.371+0545] {processor.py:830} INFO - Processing file /home/suyog/miniconda3/envs/fraud_mlops/lib/python3.11/site-packages/airflow/example_dags/example_task_group_decorator.py for tasks to queue
[2026-06-07T17:43:38.376+0545] {logging_mixin.py:188} INFO - [2026-06-07T17:43:38.375+0545] {dagbag.py:545} INFO - Filling up the DagBag from /home/suyog/miniconda3/envs/fraud_mlops/lib/python3.11/site-packages/airflow/example_dags/example_task_group_decorator.py
[2026-06-07T17:43:38.411+0545] {processor.py:840} INFO - DAG(s) 'example_task_group_decorator' retrieved from /home/suyog/miniconda3/envs/fraud_mlops/lib/python3.11/site-packages/airflow/example_dags/example_task_group_decorator.py
[2026-06-07T17:43:38.429+0545] {logging_mixin.py:188} INFO - [2026-06-07T17:43:38.429+0545] {dag.py:3089} INFO - Sync 1 DAGs
[2026-06-07T17:43:38.443+0545] {logging_mixin.py:188} INFO - [2026-06-07T17:43:38.443+0545] {dag.py:3947} INFO - Setting next_dagrun for example_task_group_decorator to 2026-06-06 00:00:00+00:00, run_after=2026-06-07 00:00:00+00:00
[2026-06-07T17:43:38.837+0545] {processor.py:183} INFO - Processing /home/suyog/miniconda3/envs/fraud_mlops/lib/python3.11/site-packages/airflow/example_dags/example_task_group_decorator.py took 0.555 seconds
[2026-06-07T17:44:47.350+0545] {processor.py:161} INFO - Started process (PID=33105) to work on /home/suyog/miniconda3/envs/fraud_mlops/lib/python3.11/site-packages/airflow/example_dags/example_task_group_decorator.py
[2026-06-07T17:44:47.380+0545] {processor.py:830} INFO - Processing file /home/suyog/miniconda3/envs/fraud_mlops/lib/python3.11/site-packages/airflow/example_dags/example_task_group_decorator.py for tasks to queue
[2026-06-07T17:44:47.382+0545] {logging_mixin.py:188} INFO - [2026-06-07T17:44:47.382+0545] {dagbag.py:545} INFO - Filling up the DagBag from /home/suyog/miniconda3/envs/fraud_mlops/lib/python3.11/site-packages/airflow/example_dags/example_task_group_decorator.py
[2026-06-07T17:44:47.415+0545] {processor.py:840} INFO - DAG(s) 'example_task_group_decorator' retrieved from /home/suyog/miniconda3/envs/fraud_mlops/lib/python3.11/site-packages/airflow/example_dags/example_task_group_decorator.py
[2026-06-07T17:44:47.434+0545] {logging_mixin.py:188} INFO - [2026-06-07T17:44:47.434+0545] {dag.py:3089} INFO - Sync 1 DAGs
[2026-06-07T17:44:47.448+0545] {logging_mixin.py:188} INFO - [2026-06-07T17:44:47.448+0545] {dag.py:3947} INFO - Setting next_dagrun for example_task_group_decorator to 2026-06-06 00:00:00+00:00, run_after=2026-06-07 00:00:00+00:00
[2026-06-07T17:44:47.625+0545] {processor.py:183} INFO - Processing /home/suyog/miniconda3/envs/fraud_mlops/lib/python3.11/site-packages/airflow/example_dags/example_task_group_decorator.py took 0.281 seconds
[2026-06-07T17:46:45.841+0545] {processor.py:161} INFO - Started process (PID=33295) to work on /home/suyog/miniconda3/envs/fraud_mlops/lib/python3.11/site-packages/airflow/example_dags/example_task_group_decorator.py
[2026-06-07T17:46:45.842+0545] {processor.py:830} INFO - Processing file /home/suyog/miniconda3/envs/fraud_mlops/lib/python3.11/site-packages/airflow/example_dags/example_task_group_decorator.py for tasks to queue
[2026-06-07T17:46:45.843+0545] {logging_mixin.py:188} INFO - [2026-06-07T17:46:45.843+0545] {dagbag.py:545} INFO - Filling up the DagBag from /home/suyog/miniconda3/envs/fraud_mlops/lib/python3.11/site-packages/airflow/example_dags/example_task_group_decorator.py
[2026-06-07T17:46:45.856+0545] {processor.py:840} INFO - DAG(s) 'example_task_group_decorator' retrieved from /home/suyog/miniconda3/envs/fraud_mlops/lib/python3.11/site-packages/airflow/example_dags/example_task_group_decorator.py
[2026-06-07T17:46:45.878+0545] {logging_mixin.py:188} INFO - [2026-06-07T17:46:45.878+0545] {dag.py:3089} INFO - Sync 1 DAGs
[2026-06-07T17:46:45.896+0545] {logging_mixin.py:188} INFO - [2026-06-07T17:46:45.895+0545] {dag.py:3947} INFO - Setting next_dagrun for example_task_group_decorator to 2026-06-06 00:00:00+00:00, run_after=2026-06-07 00:00:00+00:00
[2026-06-07T17:46:46.083+0545] {processor.py:183} INFO - Processing /home/suyog/miniconda3/envs/fraud_mlops/lib/python3.11/site-packages/airflow/example_dags/example_task_group_decorator.py took 0.246 seconds
[2026-06-07T17:47:35.592+0545] {processor.py:161} INFO - Started process (PID=33380) to work on /home/suyog/miniconda3/envs/fraud_mlops/lib/python3.11/site-packages/airflow/example_dags/example_task_group_decorator.py
[2026-06-07T17:47:35.592+0545] {processor.py:830} INFO - Processing file /home/suyog/miniconda3/envs/fraud_mlops/lib/python3.11/site-packages/airflow/example_dags/example_task_group_decorator.py for tasks to queue
[2026-06-07T17:47:35.594+0545] {logging_mixin.py:188} INFO - [2026-06-07T17:47:35.594+0545] {dagbag.py:545} INFO - Filling up the DagBag from /home/suyog/miniconda3/envs/fraud_mlops/lib/python3.11/site-packages/airflow/example_dags/example_task_group_decorator.py
[2026-06-07T17:47:35.609+0545] {processor.py:840} INFO - DAG(s) 'example_task_group_decorator' retrieved from /home/suyog/miniconda3/envs/fraud_mlops/lib/python3.11/site-packages/airflow/example_dags/example_task_group_decorator.py
[2026-06-07T17:47:35.627+0545] {logging_mixin.py:188} INFO - [2026-06-07T17:47:35.627+0545] {dag.py:3089} INFO - Sync 1 DAGs
[2026-06-07T17:47:35.640+0545] {logging_mixin.py:188} INFO - [2026-06-07T17:47:35.640+0545] {dag.py:3947} INFO - Setting next_dagrun for example_task_group_decorator to 2026-06-06 00:00:00+00:00, run_after=2026-06-07 00:00:00+00:00
[2026-06-07T17:47:35.809+0545] {processor.py:183} INFO - Processing /home/suyog/miniconda3/envs/fraud_mlops/lib/python3.11/site-packages/airflow/example_dags/example_task_group_decorator.py took 0.222 seconds
[2026-06-07T17:48:42.874+0545] {processor.py:161} INFO - Started process (PID=33521) to work on /home/suyog/miniconda3/envs/fraud_mlops/lib/python3.11/site-packages/airflow/example_dags/example_task_group_decorator.py
[2026-06-07T17:48:42.875+0545] {processor.py:830} INFO - Processing file /home/suyog/miniconda3/envs/fraud_mlops/lib/python3.11/site-packages/airflow/example_dags/example_task_group_decorator.py for tasks to queue
[2026-06-07T17:48:42.876+0545] {logging_mixin.py:188} INFO - [2026-06-07T17:48:42.876+0545] {dagbag.py:545} INFO - Filling up the DagBag from /home/suyog/miniconda3/envs/fraud_mlops/lib/python3.11/site-packages/airflow/example_dags/example_task_group_decorator.py
[2026-06-07T17:48:42.889+0545] {processor.py:840} INFO - DAG(s) 'example_task_group_decorator' retrieved from /home/suyog/miniconda3/envs/fraud_mlops/lib/python3.11/site-packages/airflow/example_dags/example_task_group_decorator.py
[2026-06-07T17:48:42.904+0545] {logging_mixin.py:188} INFO - [2026-06-07T17:48:42.904+0545] {dag.py:3089} INFO - Sync 1 DAGs
[2026-06-07T17:48:42.918+0545] {logging_mixin.py:188} INFO - [2026-06-07T17:48:42.918+0545] {dag.py:3947} INFO - Setting next_dagrun for example_task_group_decorator to 2026-06-06 00:00:00+00:00, run_after=2026-06-07 00:00:00+00:00
[2026-06-07T17:48:43.116+0545] {processor.py:183} INFO - Processing /home/suyog/miniconda3/envs/fraud_mlops/lib/python3.11/site-packages/airflow/example_dags/example_task_group_decorator.py took 0.247 seconds
[2026-06-07T17:49:53.055+0545] {processor.py:161} INFO - Started process (PID=33664) to work on /home/suyog/miniconda3/envs/fraud_mlops/lib/python3.11/site-packages/airflow/example_dags/example_task_group_decorator.py
[2026-06-07T17:49:53.056+0545] {processor.py:830} INFO - Processing file /home/suyog/miniconda3/envs/fraud_mlops/lib/python3.11/site-packages/airflow/example_dags/example_task_group_decorator.py for tasks to queue
[2026-06-07T17:49:53.058+0545] {logging_mixin.py:188} INFO - [2026-06-07T17:49:53.058+0545] {dagbag.py:545} INFO - Filling up the DagBag from /home/suyog/miniconda3/envs/fraud_mlops/lib/python3.11/site-packages/airflow/example_dags/example_task_group_decorator.py
[2026-06-07T17:49:53.075+0545] {processor.py:840} INFO - DAG(s) 'example_task_group_decorator' retrieved from /home/suyog/miniconda3/envs/fraud_mlops/lib/python3.11/site-packages/airflow/example_dags/example_task_group_decorator.py
[2026-06-07T17:49:53.091+0545] {logging_mixin.py:188} INFO - [2026-06-07T17:49:53.091+0545] {dag.py:3089} INFO - Sync 1 DAGs
[2026-06-07T17:49:53.105+0545] {logging_mixin.py:188} INFO - [2026-06-07T17:49:53.105+0545] {dag.py:3947} INFO - Setting next_dagrun for example_task_group_decorator to 2026-06-06 00:00:00+00:00, run_after=2026-06-07 00:00:00+00:00
[2026-06-07T17:49:53.287+0545] {processor.py:183} INFO - Processing /home/suyog/miniconda3/envs/fraud_mlops/lib/python3.11/site-packages/airflow/example_dags/example_task_group_decorator.py took 0.238 seconds
