[2026-06-07T17:39:56.795+0545] {processor.py:161} INFO - Started process (PID=31944) to work on /home/suyog/miniconda3/envs/fraud_mlops/lib/python3.11/site-packages/airflow/example_dags/example_bash_decorator.py
[2026-06-07T17:39:56.796+0545] {processor.py:830} INFO - Processing file /home/suyog/miniconda3/envs/fraud_mlops/lib/python3.11/site-packages/airflow/example_dags/example_bash_decorator.py for tasks to queue
[2026-06-07T17:39:56.797+0545] {logging_mixin.py:188} INFO - [2026-06-07T17:39:56.797+0545] {dagbag.py:545} INFO - Filling up the DagBag from /home/suyog/miniconda3/envs/fraud_mlops/lib/python3.11/site-packages/airflow/example_dags/example_bash_decorator.py
[2026-06-07T17:39:56.809+0545] {processor.py:840} INFO - DAG(s) 'example_bash_decorator' retrieved from /home/suyog/miniconda3/envs/fraud_mlops/lib/python3.11/site-packages/airflow/example_dags/example_bash_decorator.py
[2026-06-07T17:39:57.307+0545] {logging_mixin.py:188} INFO - [2026-06-07T17:39:57.305+0545] {override.py:1858} INFO - Created Permission View: can edit on DAG:example_bash_decorator
[2026-06-07T17:39:57.473+0545] {logging_mixin.py:188} INFO - [2026-06-07T17:39:57.472+0545] {override.py:1858} INFO - Created Permission View: can read on DAG:example_bash_decorator
[2026-06-07T17:39:57.622+0545] {logging_mixin.py:188} INFO - [2026-06-07T17:39:57.622+0545] {override.py:1858} INFO - Created Permission View: can delete on DAG:example_bash_decorator
[2026-06-07T17:39:57.623+0545] {logging_mixin.py:188} INFO - [2026-06-07T17:39:57.622+0545] {dag.py:3089} INFO - Sync 1 DAGs
[2026-06-07T17:39:57.631+0545] {logging_mixin.py:188} INFO - [2026-06-07T17:39:57.631+0545] {dag.py:3111} INFO - Creating ORM DAG for example_bash_decorator
[2026-06-07T17:39:57.631+0545] {logging_mixin.py:188} INFO - [2026-06-07T17:39:57.631+0545] {dag.py:3947} INFO - Setting next_dagrun for example_bash_decorator to None, run_after=None
[2026-06-07T17:39:57.788+0545] {processor.py:183} INFO - Processing /home/suyog/miniconda3/envs/fraud_mlops/lib/python3.11/site-packages/airflow/example_dags/example_bash_decorator.py took 0.997 seconds
[2026-06-07T17:41:26.847+0545] {processor.py:161} INFO - Started process (PID=32133) to work on /home/suyog/miniconda3/envs/fraud_mlops/lib/python3.11/site-packages/airflow/example_dags/example_bash_decorator.py
[2026-06-07T17:41:26.848+0545] {processor.py:830} INFO - Processing file /home/suyog/miniconda3/envs/fraud_mlops/lib/python3.11/site-packages/airflow/example_dags/example_bash_decorator.py for tasks to queue
[2026-06-07T17:41:26.849+0545] {logging_mixin.py:188} INFO - [2026-06-07T17:41:26.849+0545] {dagbag.py:545} INFO - Filling up the DagBag from /home/suyog/miniconda3/envs/fraud_mlops/lib/python3.11/site-packages/airflow/example_dags/example_bash_decorator.py
[2026-06-07T17:41:26.859+0545] {processor.py:840} INFO - DAG(s) 'example_bash_decorator' retrieved from /home/suyog/miniconda3/envs/fraud_mlops/lib/python3.11/site-packages/airflow/example_dags/example_bash_decorator.py
[2026-06-07T17:41:26.874+0545] {logging_mixin.py:188} INFO - [2026-06-07T17:41:26.874+0545] {dag.py:3089} INFO - Sync 1 DAGs
[2026-06-07T17:41:26.883+0545] {logging_mixin.py:188} INFO - [2026-06-07T17:41:26.882+0545] {dag.py:3947} INFO - Setting next_dagrun for example_bash_decorator to None, run_after=None
[2026-06-07T17:41:27.101+0545] {processor.py:183} INFO - Processing /home/suyog/miniconda3/envs/fraud_mlops/lib/python3.11/site-packages/airflow/example_dags/example_bash_decorator.py took 0.260 seconds
[2026-06-07T17:42:38.564+0545] {processor.py:161} INFO - Started process (PID=32325) to work on /home/suyog/miniconda3/envs/fraud_mlops/lib/python3.11/site-packages/airflow/example_dags/example_bash_decorator.py
[2026-06-07T17:42:38.565+0545] {processor.py:830} INFO - Processing file /home/suyog/miniconda3/envs/fraud_mlops/lib/python3.11/site-packages/airflow/example_dags/example_bash_decorator.py for tasks to queue
[2026-06-07T17:42:38.567+0545] {logging_mixin.py:188} INFO - [2026-06-07T17:42:38.566+0545] {dagbag.py:545} INFO - Filling up the DagBag from /home/suyog/miniconda3/envs/fraud_mlops/lib/python3.11/site-packages/airflow/example_dags/example_bash_decorator.py
[2026-06-07T17:42:38.579+0545] {processor.py:840} INFO - DAG(s) 'example_bash_decorator' retrieved from /home/suyog/miniconda3/envs/fraud_mlops/lib/python3.11/site-packages/airflow/example_dags/example_bash_decorator.py
[2026-06-07T17:42:38.596+0545] {logging_mixin.py:188} INFO - [2026-06-07T17:42:38.595+0545] {dag.py:3089} INFO - Sync 1 DAGs
[2026-06-07T17:42:38.605+0545] {logging_mixin.py:188} INFO - [2026-06-07T17:42:38.604+0545] {dag.py:3947} INFO - Setting next_dagrun for example_bash_decorator to None, run_after=None
[2026-06-07T17:42:38.815+0545] {processor.py:183} INFO - Processing /home/suyog/miniconda3/envs/fraud_mlops/lib/python3.11/site-packages/airflow/example_dags/example_bash_decorator.py took 0.255 seconds
[2026-06-07T17:43:53.734+0545] {processor.py:161} INFO - Started process (PID=32978) to work on /home/suyog/miniconda3/envs/fraud_mlops/lib/python3.11/site-packages/airflow/example_dags/example_bash_decorator.py
[2026-06-07T17:43:53.766+0545] {processor.py:830} INFO - Processing file /home/suyog/miniconda3/envs/fraud_mlops/lib/python3.11/site-packages/airflow/example_dags/example_bash_decorator.py for tasks to queue
[2026-06-07T17:43:53.771+0545] {logging_mixin.py:188} INFO - [2026-06-07T17:43:53.770+0545] {dagbag.py:545} INFO - Filling up the DagBag from /home/suyog/miniconda3/envs/fraud_mlops/lib/python3.11/site-packages/airflow/example_dags/example_bash_decorator.py
[2026-06-07T17:43:53.803+0545] {processor.py:840} INFO - DAG(s) 'example_bash_decorator' retrieved from /home/suyog/miniconda3/envs/fraud_mlops/lib/python3.11/site-packages/airflow/example_dags/example_bash_decorator.py
[2026-06-07T17:43:53.821+0545] {logging_mixin.py:188} INFO - [2026-06-07T17:43:53.821+0545] {dag.py:3089} INFO - Sync 1 DAGs
[2026-06-07T17:43:53.829+0545] {logging_mixin.py:188} INFO - [2026-06-07T17:43:53.829+0545] {dag.py:3947} INFO - Setting next_dagrun for example_bash_decorator to None, run_after=None
[2026-06-07T17:43:54.008+0545] {processor.py:183} INFO - Processing /home/suyog/miniconda3/envs/fraud_mlops/lib/python3.11/site-packages/airflow/example_dags/example_bash_decorator.py took 0.282 seconds
[2026-06-07T17:45:02.252+0545] {processor.py:161} INFO - Started process (PID=33137) to work on /home/suyog/miniconda3/envs/fraud_mlops/lib/python3.11/site-packages/airflow/example_dags/example_bash_decorator.py
[2026-06-07T17:45:02.254+0545] {processor.py:830} INFO - Processing file /home/suyog/miniconda3/envs/fraud_mlops/lib/python3.11/site-packages/airflow/example_dags/example_bash_decorator.py for tasks to queue
[2026-06-07T17:45:02.258+0545] {logging_mixin.py:188} INFO - [2026-06-07T17:45:02.257+0545] {dagbag.py:545} INFO - Filling up the DagBag from /home/suyog/miniconda3/envs/fraud_mlops/lib/python3.11/site-packages/airflow/example_dags/example_bash_decorator.py
[2026-06-07T17:45:02.278+0545] {processor.py:840} INFO - DAG(s) 'example_bash_decorator' retrieved from /home/suyog/miniconda3/envs/fraud_mlops/lib/python3.11/site-packages/airflow/example_dags/example_bash_decorator.py
[2026-06-07T17:45:02.292+0545] {logging_mixin.py:188} INFO - [2026-06-07T17:45:02.292+0545] {dag.py:3089} INFO - Sync 1 DAGs
[2026-06-07T17:45:02.300+0545] {logging_mixin.py:188} INFO - [2026-06-07T17:45:02.300+0545] {dag.py:3947} INFO - Setting next_dagrun for example_bash_decorator to None, run_after=None
[2026-06-07T17:45:02.494+0545] {processor.py:183} INFO - Processing /home/suyog/miniconda3/envs/fraud_mlops/lib/python3.11/site-packages/airflow/example_dags/example_bash_decorator.py took 0.257 seconds
[2026-06-07T17:48:19.900+0545] {processor.py:161} INFO - Started process (PID=33449) to work on /home/suyog/miniconda3/envs/fraud_mlops/lib/python3.11/site-packages/airflow/example_dags/example_bash_decorator.py
[2026-06-07T17:48:19.929+0545] {processor.py:830} INFO - Processing file /home/suyog/miniconda3/envs/fraud_mlops/lib/python3.11/site-packages/airflow/example_dags/example_bash_decorator.py for tasks to queue
[2026-06-07T17:48:19.930+0545] {logging_mixin.py:188} INFO - [2026-06-07T17:48:19.930+0545] {dagbag.py:545} INFO - Filling up the DagBag from /home/suyog/miniconda3/envs/fraud_mlops/lib/python3.11/site-packages/airflow/example_dags/example_bash_decorator.py
[2026-06-07T17:48:19.945+0545] {processor.py:840} INFO - DAG(s) 'example_bash_decorator' retrieved from /home/suyog/miniconda3/envs/fraud_mlops/lib/python3.11/site-packages/airflow/example_dags/example_bash_decorator.py
[2026-06-07T17:48:20.026+0545] {logging_mixin.py:188} INFO - [2026-06-07T17:48:20.026+0545] {dag.py:3089} INFO - Sync 1 DAGs
[2026-06-07T17:48:20.032+0545] {logging_mixin.py:188} INFO - [2026-06-07T17:48:20.032+0545] {dag.py:3947} INFO - Setting next_dagrun for example_bash_decorator to None, run_after=None
[2026-06-07T17:48:20.212+0545] {processor.py:183} INFO - Processing /home/suyog/miniconda3/envs/fraud_mlops/lib/python3.11/site-packages/airflow/example_dags/example_bash_decorator.py took 0.317 seconds
[2026-06-07T17:49:34.945+0545] {processor.py:161} INFO - Started process (PID=33640) to work on /home/suyog/miniconda3/envs/fraud_mlops/lib/python3.11/site-packages/airflow/example_dags/example_bash_decorator.py
[2026-06-07T17:49:34.946+0545] {processor.py:830} INFO - Processing file /home/suyog/miniconda3/envs/fraud_mlops/lib/python3.11/site-packages/airflow/example_dags/example_bash_decorator.py for tasks to queue
[2026-06-07T17:49:34.948+0545] {logging_mixin.py:188} INFO - [2026-06-07T17:49:34.948+0545] {dagbag.py:545} INFO - Filling up the DagBag from /home/suyog/miniconda3/envs/fraud_mlops/lib/python3.11/site-packages/airflow/example_dags/example_bash_decorator.py
[2026-06-07T17:49:34.960+0545] {processor.py:840} INFO - DAG(s) 'example_bash_decorator' retrieved from /home/suyog/miniconda3/envs/fraud_mlops/lib/python3.11/site-packages/airflow/example_dags/example_bash_decorator.py
[2026-06-07T17:49:34.974+0545] {logging_mixin.py:188} INFO - [2026-06-07T17:49:34.974+0545] {dag.py:3089} INFO - Sync 1 DAGs
[2026-06-07T17:49:34.982+0545] {logging_mixin.py:188} INFO - [2026-06-07T17:49:34.982+0545] {dag.py:3947} INFO - Setting next_dagrun for example_bash_decorator to None, run_after=None
[2026-06-07T17:49:35.173+0545] {processor.py:183} INFO - Processing /home/suyog/miniconda3/envs/fraud_mlops/lib/python3.11/site-packages/airflow/example_dags/example_bash_decorator.py took 0.235 seconds
