[2026-06-07T17:38:37.003+0545] {processor.py:161} INFO - Started process (PID=31839) to work on /home/suyog/miniconda3/envs/fraud_mlops/lib/python3.11/site-packages/airflow/example_dags/example_time_delta_sensor_async.py
[2026-06-07T17:38:37.004+0545] {processor.py:830} INFO - Processing file /home/suyog/miniconda3/envs/fraud_mlops/lib/python3.11/site-packages/airflow/example_dags/example_time_delta_sensor_async.py for tasks to queue
[2026-06-07T17:38:37.006+0545] {logging_mixin.py:188} INFO - [2026-06-07T17:38:37.006+0545] {dagbag.py:545} INFO - Filling up the DagBag from /home/suyog/miniconda3/envs/fraud_mlops/lib/python3.11/site-packages/airflow/example_dags/example_time_delta_sensor_async.py
[2026-06-07T17:38:37.016+0545] {processor.py:840} INFO - DAG(s) 'example_time_delta_sensor_async' retrieved from /home/suyog/miniconda3/envs/fraud_mlops/lib/python3.11/site-packages/airflow/example_dags/example_time_delta_sensor_async.py
[2026-06-07T17:38:37.673+0545] {logging_mixin.py:188} INFO - [2026-06-07T17:38:37.671+0545] {override.py:1858} INFO - Created Permission View: can edit on DAG:example_time_delta_sensor_async
[2026-06-07T17:38:37.856+0545] {logging_mixin.py:188} INFO - [2026-06-07T17:38:37.855+0545] {override.py:1858} INFO - Created Permission View: can read on DAG:example_time_delta_sensor_async
[2026-06-07T17:38:38.032+0545] {logging_mixin.py:188} INFO - [2026-06-07T17:38:38.031+0545] {override.py:1858} INFO - Created Permission View: can delete on DAG:example_time_delta_sensor_async
[2026-06-07T17:38:38.033+0545] {logging_mixin.py:188} INFO - [2026-06-07T17:38:38.033+0545] {dag.py:3089} INFO - Sync 1 DAGs
[2026-06-07T17:38:38.061+0545] {logging_mixin.py:188} INFO - [2026-06-07T17:38:38.060+0545] {dag.py:3111} INFO - Creating ORM DAG for example_time_delta_sensor_async
[2026-06-07T17:38:38.062+0545] {logging_mixin.py:188} INFO - [2026-06-07T17:38:38.062+0545] {dag.py:3947} INFO - Setting next_dagrun for example_time_delta_sensor_async to None, run_after=None
[2026-06-07T17:38:38.265+0545] {processor.py:183} INFO - Processing /home/suyog/miniconda3/envs/fraud_mlops/lib/python3.11/site-packages/airflow/example_dags/example_time_delta_sensor_async.py took 1.269 seconds
[2026-06-07T17:40:21.198+0545] {processor.py:161} INFO - Started process (PID=32000) to work on /home/suyog/miniconda3/envs/fraud_mlops/lib/python3.11/site-packages/airflow/example_dags/example_time_delta_sensor_async.py
[2026-06-07T17:40:21.198+0545] {processor.py:830} INFO - Processing file /home/suyog/miniconda3/envs/fraud_mlops/lib/python3.11/site-packages/airflow/example_dags/example_time_delta_sensor_async.py for tasks to queue
[2026-06-07T17:40:21.200+0545] {logging_mixin.py:188} INFO - [2026-06-07T17:40:21.199+0545] {dagbag.py:545} INFO - Filling up the DagBag from /home/suyog/miniconda3/envs/fraud_mlops/lib/python3.11/site-packages/airflow/example_dags/example_time_delta_sensor_async.py
[2026-06-07T17:40:21.295+0545] {processor.py:840} INFO - DAG(s) 'example_time_delta_sensor_async' retrieved from /home/suyog/miniconda3/envs/fraud_mlops/lib/python3.11/site-packages/airflow/example_dags/example_time_delta_sensor_async.py
[2026-06-07T17:40:21.306+0545] {logging_mixin.py:188} INFO - [2026-06-07T17:40:21.305+0545] {dag.py:3089} INFO - Sync 1 DAGs
[2026-06-07T17:40:21.315+0545] {logging_mixin.py:188} INFO - [2026-06-07T17:40:21.315+0545] {dag.py:3947} INFO - Setting next_dagrun for example_time_delta_sensor_async to None, run_after=None
[2026-06-07T17:40:21.506+0545] {processor.py:183} INFO - Processing /home/suyog/miniconda3/envs/fraud_mlops/lib/python3.11/site-packages/airflow/example_dags/example_time_delta_sensor_async.py took 0.313 seconds
[2026-06-07T17:41:12.573+0545] {processor.py:161} INFO - Started process (PID=32107) to work on /home/suyog/miniconda3/envs/fraud_mlops/lib/python3.11/site-packages/airflow/example_dags/example_time_delta_sensor_async.py
[2026-06-07T17:41:12.574+0545] {processor.py:830} INFO - Processing file /home/suyog/miniconda3/envs/fraud_mlops/lib/python3.11/site-packages/airflow/example_dags/example_time_delta_sensor_async.py for tasks to queue
[2026-06-07T17:41:12.576+0545] {logging_mixin.py:188} INFO - [2026-06-07T17:41:12.575+0545] {dagbag.py:545} INFO - Filling up the DagBag from /home/suyog/miniconda3/envs/fraud_mlops/lib/python3.11/site-packages/airflow/example_dags/example_time_delta_sensor_async.py
[2026-06-07T17:41:12.581+0545] {processor.py:840} INFO - DAG(s) 'example_time_delta_sensor_async' retrieved from /home/suyog/miniconda3/envs/fraud_mlops/lib/python3.11/site-packages/airflow/example_dags/example_time_delta_sensor_async.py
[2026-06-07T17:41:12.595+0545] {logging_mixin.py:188} INFO - [2026-06-07T17:41:12.595+0545] {dag.py:3089} INFO - Sync 1 DAGs
[2026-06-07T17:41:12.604+0545] {logging_mixin.py:188} INFO - [2026-06-07T17:41:12.604+0545] {dag.py:3947} INFO - Setting next_dagrun for example_time_delta_sensor_async to None, run_after=None
[2026-06-07T17:41:12.991+0545] {processor.py:183} INFO - Processing /home/suyog/miniconda3/envs/fraud_mlops/lib/python3.11/site-packages/airflow/example_dags/example_time_delta_sensor_async.py took 0.425 seconds
[2026-06-07T17:42:23.254+0545] {processor.py:161} INFO - Started process (PID=32284) to work on /home/suyog/miniconda3/envs/fraud_mlops/lib/python3.11/site-packages/airflow/example_dags/example_time_delta_sensor_async.py
[2026-06-07T17:42:23.285+0545] {processor.py:830} INFO - Processing file /home/suyog/miniconda3/envs/fraud_mlops/lib/python3.11/site-packages/airflow/example_dags/example_time_delta_sensor_async.py for tasks to queue
[2026-06-07T17:42:23.289+0545] {logging_mixin.py:188} INFO - [2026-06-07T17:42:23.289+0545] {dagbag.py:545} INFO - Filling up the DagBag from /home/suyog/miniconda3/envs/fraud_mlops/lib/python3.11/site-packages/airflow/example_dags/example_time_delta_sensor_async.py
[2026-06-07T17:42:23.297+0545] {processor.py:840} INFO - DAG(s) 'example_time_delta_sensor_async' retrieved from /home/suyog/miniconda3/envs/fraud_mlops/lib/python3.11/site-packages/airflow/example_dags/example_time_delta_sensor_async.py
[2026-06-07T17:42:23.320+0545] {logging_mixin.py:188} INFO - [2026-06-07T17:42:23.319+0545] {dag.py:3089} INFO - Sync 1 DAGs
[2026-06-07T17:42:23.330+0545] {logging_mixin.py:188} INFO - [2026-06-07T17:42:23.330+0545] {dag.py:3947} INFO - Setting next_dagrun for example_time_delta_sensor_async to None, run_after=None
[2026-06-07T17:42:23.487+0545] {processor.py:183} INFO - Processing /home/suyog/miniconda3/envs/fraud_mlops/lib/python3.11/site-packages/airflow/example_dags/example_time_delta_sensor_async.py took 0.242 seconds
[2026-06-07T17:43:36.910+0545] {processor.py:161} INFO - Started process (PID=32930) to work on /home/suyog/miniconda3/envs/fraud_mlops/lib/python3.11/site-packages/airflow/example_dags/example_time_delta_sensor_async.py
[2026-06-07T17:43:36.923+0545] {processor.py:830} INFO - Processing file /home/suyog/miniconda3/envs/fraud_mlops/lib/python3.11/site-packages/airflow/example_dags/example_time_delta_sensor_async.py for tasks to queue
[2026-06-07T17:43:36.924+0545] {logging_mixin.py:188} INFO - [2026-06-07T17:43:36.924+0545] {dagbag.py:545} INFO - Filling up the DagBag from /home/suyog/miniconda3/envs/fraud_mlops/lib/python3.11/site-packages/airflow/example_dags/example_time_delta_sensor_async.py
[2026-06-07T17:43:36.928+0545] {processor.py:840} INFO - DAG(s) 'example_time_delta_sensor_async' retrieved from /home/suyog/miniconda3/envs/fraud_mlops/lib/python3.11/site-packages/airflow/example_dags/example_time_delta_sensor_async.py
[2026-06-07T17:43:36.940+0545] {logging_mixin.py:188} INFO - [2026-06-07T17:43:36.939+0545] {dag.py:3089} INFO - Sync 1 DAGs
[2026-06-07T17:43:36.948+0545] {logging_mixin.py:188} INFO - [2026-06-07T17:43:36.948+0545] {dag.py:3947} INFO - Setting next_dagrun for example_time_delta_sensor_async to None, run_after=None
[2026-06-07T17:43:37.116+0545] {processor.py:183} INFO - Processing /home/suyog/miniconda3/envs/fraud_mlops/lib/python3.11/site-packages/airflow/example_dags/example_time_delta_sensor_async.py took 0.210 seconds
[2026-06-07T17:44:46.072+0545] {processor.py:161} INFO - Started process (PID=33104) to work on /home/suyog/miniconda3/envs/fraud_mlops/lib/python3.11/site-packages/airflow/example_dags/example_time_delta_sensor_async.py
[2026-06-07T17:44:46.095+0545] {processor.py:830} INFO - Processing file /home/suyog/miniconda3/envs/fraud_mlops/lib/python3.11/site-packages/airflow/example_dags/example_time_delta_sensor_async.py for tasks to queue
[2026-06-07T17:44:46.097+0545] {logging_mixin.py:188} INFO - [2026-06-07T17:44:46.097+0545] {dagbag.py:545} INFO - Filling up the DagBag from /home/suyog/miniconda3/envs/fraud_mlops/lib/python3.11/site-packages/airflow/example_dags/example_time_delta_sensor_async.py
[2026-06-07T17:44:46.104+0545] {processor.py:840} INFO - DAG(s) 'example_time_delta_sensor_async' retrieved from /home/suyog/miniconda3/envs/fraud_mlops/lib/python3.11/site-packages/airflow/example_dags/example_time_delta_sensor_async.py
[2026-06-07T17:44:46.127+0545] {logging_mixin.py:188} INFO - [2026-06-07T17:44:46.126+0545] {dag.py:3089} INFO - Sync 1 DAGs
[2026-06-07T17:44:46.138+0545] {logging_mixin.py:188} INFO - [2026-06-07T17:44:46.138+0545] {dag.py:3947} INFO - Setting next_dagrun for example_time_delta_sensor_async to None, run_after=None
[2026-06-07T17:44:46.288+0545] {processor.py:183} INFO - Processing /home/suyog/miniconda3/envs/fraud_mlops/lib/python3.11/site-packages/airflow/example_dags/example_time_delta_sensor_async.py took 0.221 seconds
[2026-06-07T17:46:45.084+0545] {processor.py:161} INFO - Started process (PID=33294) to work on /home/suyog/miniconda3/envs/fraud_mlops/lib/python3.11/site-packages/airflow/example_dags/example_time_delta_sensor_async.py
[2026-06-07T17:46:45.085+0545] {processor.py:830} INFO - Processing file /home/suyog/miniconda3/envs/fraud_mlops/lib/python3.11/site-packages/airflow/example_dags/example_time_delta_sensor_async.py for tasks to queue
[2026-06-07T17:46:45.086+0545] {logging_mixin.py:188} INFO - [2026-06-07T17:46:45.086+0545] {dagbag.py:545} INFO - Filling up the DagBag from /home/suyog/miniconda3/envs/fraud_mlops/lib/python3.11/site-packages/airflow/example_dags/example_time_delta_sensor_async.py
[2026-06-07T17:46:45.092+0545] {processor.py:840} INFO - DAG(s) 'example_time_delta_sensor_async' retrieved from /home/suyog/miniconda3/envs/fraud_mlops/lib/python3.11/site-packages/airflow/example_dags/example_time_delta_sensor_async.py
[2026-06-07T17:46:45.106+0545] {logging_mixin.py:188} INFO - [2026-06-07T17:46:45.106+0545] {dag.py:3089} INFO - Sync 1 DAGs
[2026-06-07T17:46:45.114+0545] {logging_mixin.py:188} INFO - [2026-06-07T17:46:45.114+0545] {dag.py:3947} INFO - Setting next_dagrun for example_time_delta_sensor_async to None, run_after=None
[2026-06-07T17:46:45.281+0545] {processor.py:183} INFO - Processing /home/suyog/miniconda3/envs/fraud_mlops/lib/python3.11/site-packages/airflow/example_dags/example_time_delta_sensor_async.py took 0.202 seconds
[2026-06-07T17:47:34.837+0545] {processor.py:161} INFO - Started process (PID=33379) to work on /home/suyog/miniconda3/envs/fraud_mlops/lib/python3.11/site-packages/airflow/example_dags/example_time_delta_sensor_async.py
[2026-06-07T17:47:34.838+0545] {processor.py:830} INFO - Processing file /home/suyog/miniconda3/envs/fraud_mlops/lib/python3.11/site-packages/airflow/example_dags/example_time_delta_sensor_async.py for tasks to queue
[2026-06-07T17:47:34.839+0545] {logging_mixin.py:188} INFO - [2026-06-07T17:47:34.839+0545] {dagbag.py:545} INFO - Filling up the DagBag from /home/suyog/miniconda3/envs/fraud_mlops/lib/python3.11/site-packages/airflow/example_dags/example_time_delta_sensor_async.py
[2026-06-07T17:47:34.845+0545] {processor.py:840} INFO - DAG(s) 'example_time_delta_sensor_async' retrieved from /home/suyog/miniconda3/envs/fraud_mlops/lib/python3.11/site-packages/airflow/example_dags/example_time_delta_sensor_async.py
[2026-06-07T17:47:34.857+0545] {logging_mixin.py:188} INFO - [2026-06-07T17:47:34.857+0545] {dag.py:3089} INFO - Sync 1 DAGs
[2026-06-07T17:47:34.866+0545] {logging_mixin.py:188} INFO - [2026-06-07T17:47:34.865+0545] {dag.py:3947} INFO - Setting next_dagrun for example_time_delta_sensor_async to None, run_after=None
[2026-06-07T17:47:35.050+0545] {processor.py:183} INFO - Processing /home/suyog/miniconda3/envs/fraud_mlops/lib/python3.11/site-packages/airflow/example_dags/example_time_delta_sensor_async.py took 0.220 seconds
[2026-06-07T17:48:41.533+0545] {processor.py:161} INFO - Started process (PID=33520) to work on /home/suyog/miniconda3/envs/fraud_mlops/lib/python3.11/site-packages/airflow/example_dags/example_time_delta_sensor_async.py
[2026-06-07T17:48:41.535+0545] {processor.py:830} INFO - Processing file /home/suyog/miniconda3/envs/fraud_mlops/lib/python3.11/site-packages/airflow/example_dags/example_time_delta_sensor_async.py for tasks to queue
[2026-06-07T17:48:41.539+0545] {logging_mixin.py:188} INFO - [2026-06-07T17:48:41.538+0545] {dagbag.py:545} INFO - Filling up the DagBag from /home/suyog/miniconda3/envs/fraud_mlops/lib/python3.11/site-packages/airflow/example_dags/example_time_delta_sensor_async.py
[2026-06-07T17:48:41.546+0545] {processor.py:840} INFO - DAG(s) 'example_time_delta_sensor_async' retrieved from /home/suyog/miniconda3/envs/fraud_mlops/lib/python3.11/site-packages/airflow/example_dags/example_time_delta_sensor_async.py
[2026-06-07T17:48:41.561+0545] {logging_mixin.py:188} INFO - [2026-06-07T17:48:41.561+0545] {dag.py:3089} INFO - Sync 1 DAGs
[2026-06-07T17:48:41.570+0545] {logging_mixin.py:188} INFO - [2026-06-07T17:48:41.569+0545] {dag.py:3947} INFO - Setting next_dagrun for example_time_delta_sensor_async to None, run_after=None
[2026-06-07T17:48:41.780+0545] {processor.py:183} INFO - Processing /home/suyog/miniconda3/envs/fraud_mlops/lib/python3.11/site-packages/airflow/example_dags/example_time_delta_sensor_async.py took 0.262 seconds
[2026-06-07T17:49:51.410+0545] {processor.py:161} INFO - Started process (PID=33663) to work on /home/suyog/miniconda3/envs/fraud_mlops/lib/python3.11/site-packages/airflow/example_dags/example_time_delta_sensor_async.py
[2026-06-07T17:49:51.410+0545] {processor.py:830} INFO - Processing file /home/suyog/miniconda3/envs/fraud_mlops/lib/python3.11/site-packages/airflow/example_dags/example_time_delta_sensor_async.py for tasks to queue
[2026-06-07T17:49:51.412+0545] {logging_mixin.py:188} INFO - [2026-06-07T17:49:51.412+0545] {dagbag.py:545} INFO - Filling up the DagBag from /home/suyog/miniconda3/envs/fraud_mlops/lib/python3.11/site-packages/airflow/example_dags/example_time_delta_sensor_async.py
[2026-06-07T17:49:51.415+0545] {processor.py:840} INFO - DAG(s) 'example_time_delta_sensor_async' retrieved from /home/suyog/miniconda3/envs/fraud_mlops/lib/python3.11/site-packages/airflow/example_dags/example_time_delta_sensor_async.py
[2026-06-07T17:49:51.426+0545] {logging_mixin.py:188} INFO - [2026-06-07T17:49:51.426+0545] {dag.py:3089} INFO - Sync 1 DAGs
[2026-06-07T17:49:51.435+0545] {logging_mixin.py:188} INFO - [2026-06-07T17:49:51.434+0545] {dag.py:3947} INFO - Setting next_dagrun for example_time_delta_sensor_async to None, run_after=None
[2026-06-07T17:49:51.611+0545] {processor.py:183} INFO - Processing /home/suyog/miniconda3/envs/fraud_mlops/lib/python3.11/site-packages/airflow/example_dags/example_time_delta_sensor_async.py took 0.206 seconds
