[2026-06-07T17:39:37.791+0545] {processor.py:161} INFO - Started process (PID=31897) to work on /home/suyog/miniconda3/envs/fraud_mlops/lib/python3.11/site-packages/airflow/example_dags/example_dag_decorator.py
[2026-06-07T17:39:37.791+0545] {processor.py:830} INFO - Processing file /home/suyog/miniconda3/envs/fraud_mlops/lib/python3.11/site-packages/airflow/example_dags/example_dag_decorator.py for tasks to queue
[2026-06-07T17:39:37.793+0545] {logging_mixin.py:188} INFO - [2026-06-07T17:39:37.793+0545] {dagbag.py:545} INFO - Filling up the DagBag from /home/suyog/miniconda3/envs/fraud_mlops/lib/python3.11/site-packages/airflow/example_dags/example_dag_decorator.py
[2026-06-07T17:39:37.961+0545] {processor.py:840} INFO - DAG(s) 'example_dag_decorator' retrieved from /home/suyog/miniconda3/envs/fraud_mlops/lib/python3.11/site-packages/airflow/example_dags/example_dag_decorator.py
[2026-06-07T17:39:38.424+0545] {logging_mixin.py:188} INFO - [2026-06-07T17:39:38.422+0545] {override.py:1858} INFO - Created Permission View: can edit on DAG:example_dag_decorator
[2026-06-07T17:39:38.590+0545] {logging_mixin.py:188} INFO - [2026-06-07T17:39:38.589+0545] {override.py:1858} INFO - Created Permission View: can read on DAG:example_dag_decorator
[2026-06-07T17:39:38.756+0545] {logging_mixin.py:188} INFO - [2026-06-07T17:39:38.756+0545] {override.py:1858} INFO - Created Permission View: can delete on DAG:example_dag_decorator
[2026-06-07T17:39:38.756+0545] {logging_mixin.py:188} INFO - [2026-06-07T17:39:38.756+0545] {dag.py:3089} INFO - Sync 1 DAGs
[2026-06-07T17:39:38.763+0545] {logging_mixin.py:188} INFO - [2026-06-07T17:39:38.763+0545] {dag.py:3111} INFO - Creating ORM DAG for example_dag_decorator
[2026-06-07T17:39:38.764+0545] {logging_mixin.py:188} INFO - [2026-06-07T17:39:38.764+0545] {dag.py:3947} INFO - Setting next_dagrun for example_dag_decorator to None, run_after=None
[2026-06-07T17:39:38.961+0545] {processor.py:183} INFO - Processing /home/suyog/miniconda3/envs/fraud_mlops/lib/python3.11/site-packages/airflow/example_dags/example_dag_decorator.py took 1.175 seconds
[2026-06-07T17:41:16.469+0545] {processor.py:161} INFO - Started process (PID=32114) to work on /home/suyog/miniconda3/envs/fraud_mlops/lib/python3.11/site-packages/airflow/example_dags/example_dag_decorator.py
[2026-06-07T17:41:16.495+0545] {processor.py:830} INFO - Processing file /home/suyog/miniconda3/envs/fraud_mlops/lib/python3.11/site-packages/airflow/example_dags/example_dag_decorator.py for tasks to queue
[2026-06-07T17:41:16.497+0545] {logging_mixin.py:188} INFO - [2026-06-07T17:41:16.497+0545] {dagbag.py:545} INFO - Filling up the DagBag from /home/suyog/miniconda3/envs/fraud_mlops/lib/python3.11/site-packages/airflow/example_dags/example_dag_decorator.py
[2026-06-07T17:41:16.562+0545] {processor.py:840} INFO - DAG(s) 'example_dag_decorator' retrieved from /home/suyog/miniconda3/envs/fraud_mlops/lib/python3.11/site-packages/airflow/example_dags/example_dag_decorator.py
[2026-06-07T17:41:16.631+0545] {logging_mixin.py:188} INFO - [2026-06-07T17:41:16.630+0545] {dag.py:3089} INFO - Sync 1 DAGs
[2026-06-07T17:41:16.637+0545] {logging_mixin.py:188} INFO - [2026-06-07T17:41:16.637+0545] {dag.py:3947} INFO - Setting next_dagrun for example_dag_decorator to None, run_after=None
[2026-06-07T17:41:16.828+0545] {processor.py:183} INFO - Processing /home/suyog/miniconda3/envs/fraud_mlops/lib/python3.11/site-packages/airflow/example_dags/example_dag_decorator.py took 0.362 seconds
[2026-06-07T17:42:28.223+0545] {processor.py:161} INFO - Started process (PID=32305) to work on /home/suyog/miniconda3/envs/fraud_mlops/lib/python3.11/site-packages/airflow/example_dags/example_dag_decorator.py
[2026-06-07T17:42:28.224+0545] {processor.py:830} INFO - Processing file /home/suyog/miniconda3/envs/fraud_mlops/lib/python3.11/site-packages/airflow/example_dags/example_dag_decorator.py for tasks to queue
[2026-06-07T17:42:28.225+0545] {logging_mixin.py:188} INFO - [2026-06-07T17:42:28.224+0545] {dagbag.py:545} INFO - Filling up the DagBag from /home/suyog/miniconda3/envs/fraud_mlops/lib/python3.11/site-packages/airflow/example_dags/example_dag_decorator.py
[2026-06-07T17:42:28.287+0545] {processor.py:840} INFO - DAG(s) 'example_dag_decorator' retrieved from /home/suyog/miniconda3/envs/fraud_mlops/lib/python3.11/site-packages/airflow/example_dags/example_dag_decorator.py
[2026-06-07T17:42:28.300+0545] {logging_mixin.py:188} INFO - [2026-06-07T17:42:28.300+0545] {dag.py:3089} INFO - Sync 1 DAGs
[2026-06-07T17:42:28.308+0545] {logging_mixin.py:188} INFO - [2026-06-07T17:42:28.308+0545] {dag.py:3947} INFO - Setting next_dagrun for example_dag_decorator to None, run_after=None
[2026-06-07T17:42:28.500+0545] {processor.py:183} INFO - Processing /home/suyog/miniconda3/envs/fraud_mlops/lib/python3.11/site-packages/airflow/example_dags/example_dag_decorator.py took 0.281 seconds
[2026-06-07T17:43:42.932+0545] {processor.py:161} INFO - Started process (PID=32945) to work on /home/suyog/miniconda3/envs/fraud_mlops/lib/python3.11/site-packages/airflow/example_dags/example_dag_decorator.py
[2026-06-07T17:43:42.958+0545] {processor.py:830} INFO - Processing file /home/suyog/miniconda3/envs/fraud_mlops/lib/python3.11/site-packages/airflow/example_dags/example_dag_decorator.py for tasks to queue
[2026-06-07T17:43:42.963+0545] {logging_mixin.py:188} INFO - [2026-06-07T17:43:42.962+0545] {dagbag.py:545} INFO - Filling up the DagBag from /home/suyog/miniconda3/envs/fraud_mlops/lib/python3.11/site-packages/airflow/example_dags/example_dag_decorator.py
[2026-06-07T17:43:43.046+0545] {processor.py:840} INFO - DAG(s) 'example_dag_decorator' retrieved from /home/suyog/miniconda3/envs/fraud_mlops/lib/python3.11/site-packages/airflow/example_dags/example_dag_decorator.py
[2026-06-07T17:43:43.114+0545] {logging_mixin.py:188} INFO - [2026-06-07T17:43:43.114+0545] {dag.py:3089} INFO - Sync 1 DAGs
[2026-06-07T17:43:43.120+0545] {logging_mixin.py:188} INFO - [2026-06-07T17:43:43.120+0545] {dag.py:3947} INFO - Setting next_dagrun for example_dag_decorator to None, run_after=None
[2026-06-07T17:43:43.295+0545] {processor.py:183} INFO - Processing /home/suyog/miniconda3/envs/fraud_mlops/lib/python3.11/site-packages/airflow/example_dags/example_dag_decorator.py took 0.378 seconds
[2026-06-07T17:44:51.654+0545] {processor.py:161} INFO - Started process (PID=33113) to work on /home/suyog/miniconda3/envs/fraud_mlops/lib/python3.11/site-packages/airflow/example_dags/example_dag_decorator.py
[2026-06-07T17:44:51.680+0545] {processor.py:830} INFO - Processing file /home/suyog/miniconda3/envs/fraud_mlops/lib/python3.11/site-packages/airflow/example_dags/example_dag_decorator.py for tasks to queue
[2026-06-07T17:44:51.682+0545] {logging_mixin.py:188} INFO - [2026-06-07T17:44:51.682+0545] {dagbag.py:545} INFO - Filling up the DagBag from /home/suyog/miniconda3/envs/fraud_mlops/lib/python3.11/site-packages/airflow/example_dags/example_dag_decorator.py
[2026-06-07T17:44:51.764+0545] {processor.py:840} INFO - DAG(s) 'example_dag_decorator' retrieved from /home/suyog/miniconda3/envs/fraud_mlops/lib/python3.11/site-packages/airflow/example_dags/example_dag_decorator.py
[2026-06-07T17:44:51.829+0545] {logging_mixin.py:188} INFO - [2026-06-07T17:44:51.828+0545] {dag.py:3089} INFO - Sync 1 DAGs
[2026-06-07T17:44:51.836+0545] {logging_mixin.py:188} INFO - [2026-06-07T17:44:51.836+0545] {dag.py:3947} INFO - Setting next_dagrun for example_dag_decorator to None, run_after=None
[2026-06-07T17:44:51.999+0545] {processor.py:183} INFO - Processing /home/suyog/miniconda3/envs/fraud_mlops/lib/python3.11/site-packages/airflow/example_dags/example_dag_decorator.py took 0.351 seconds
[2026-06-07T17:48:07.901+0545] {processor.py:161} INFO - Started process (PID=33429) to work on /home/suyog/miniconda3/envs/fraud_mlops/lib/python3.11/site-packages/airflow/example_dags/example_dag_decorator.py
[2026-06-07T17:48:07.929+0545] {processor.py:830} INFO - Processing file /home/suyog/miniconda3/envs/fraud_mlops/lib/python3.11/site-packages/airflow/example_dags/example_dag_decorator.py for tasks to queue
[2026-06-07T17:48:07.932+0545] {logging_mixin.py:188} INFO - [2026-06-07T17:48:07.932+0545] {dagbag.py:545} INFO - Filling up the DagBag from /home/suyog/miniconda3/envs/fraud_mlops/lib/python3.11/site-packages/airflow/example_dags/example_dag_decorator.py
[2026-06-07T17:48:08.105+0545] {processor.py:840} INFO - DAG(s) 'example_dag_decorator' retrieved from /home/suyog/miniconda3/envs/fraud_mlops/lib/python3.11/site-packages/airflow/example_dags/example_dag_decorator.py
[2026-06-07T17:48:08.166+0545] {logging_mixin.py:188} INFO - [2026-06-07T17:48:08.166+0545] {dag.py:3089} INFO - Sync 1 DAGs
[2026-06-07T17:48:08.171+0545] {logging_mixin.py:188} INFO - [2026-06-07T17:48:08.171+0545] {dag.py:3947} INFO - Setting next_dagrun for example_dag_decorator to None, run_after=None
[2026-06-07T17:48:08.350+0545] {processor.py:183} INFO - Processing /home/suyog/miniconda3/envs/fraud_mlops/lib/python3.11/site-packages/airflow/example_dags/example_dag_decorator.py took 0.459 seconds
[2026-06-07T17:49:25.597+0545] {processor.py:161} INFO - Started process (PID=33629) to work on /home/suyog/miniconda3/envs/fraud_mlops/lib/python3.11/site-packages/airflow/example_dags/example_dag_decorator.py
[2026-06-07T17:49:25.598+0545] {processor.py:830} INFO - Processing file /home/suyog/miniconda3/envs/fraud_mlops/lib/python3.11/site-packages/airflow/example_dags/example_dag_decorator.py for tasks to queue
[2026-06-07T17:49:25.601+0545] {logging_mixin.py:188} INFO - [2026-06-07T17:49:25.600+0545] {dagbag.py:545} INFO - Filling up the DagBag from /home/suyog/miniconda3/envs/fraud_mlops/lib/python3.11/site-packages/airflow/example_dags/example_dag_decorator.py
[2026-06-07T17:49:25.668+0545] {processor.py:840} INFO - DAG(s) 'example_dag_decorator' retrieved from /home/suyog/miniconda3/envs/fraud_mlops/lib/python3.11/site-packages/airflow/example_dags/example_dag_decorator.py
[2026-06-07T17:49:25.735+0545] {logging_mixin.py:188} INFO - [2026-06-07T17:49:25.735+0545] {dag.py:3089} INFO - Sync 1 DAGs
[2026-06-07T17:49:25.742+0545] {logging_mixin.py:188} INFO - [2026-06-07T17:49:25.741+0545] {dag.py:3947} INFO - Setting next_dagrun for example_dag_decorator to None, run_after=None
[2026-06-07T17:49:25.934+0545] {processor.py:183} INFO - Processing /home/suyog/miniconda3/envs/fraud_mlops/lib/python3.11/site-packages/airflow/example_dags/example_dag_decorator.py took 0.345 seconds
