[2026-06-07T17:38:58.322+0545] {processor.py:161} INFO - Started process (PID=31849) to work on /home/suyog/miniconda3/envs/fraud_mlops/lib/python3.11/site-packages/airflow/example_dags/example_sensors.py
[2026-06-07T17:38:58.323+0545] {processor.py:830} INFO - Processing file /home/suyog/miniconda3/envs/fraud_mlops/lib/python3.11/site-packages/airflow/example_dags/example_sensors.py for tasks to queue
[2026-06-07T17:38:58.324+0545] {logging_mixin.py:188} INFO - [2026-06-07T17:38:58.324+0545] {dagbag.py:545} INFO - Filling up the DagBag from /home/suyog/miniconda3/envs/fraud_mlops/lib/python3.11/site-packages/airflow/example_dags/example_sensors.py
[2026-06-07T17:38:58.331+0545] {processor.py:840} INFO - DAG(s) 'example_sensors' retrieved from /home/suyog/miniconda3/envs/fraud_mlops/lib/python3.11/site-packages/airflow/example_dags/example_sensors.py
[2026-06-07T17:38:58.824+0545] {logging_mixin.py:188} INFO - [2026-06-07T17:38:58.823+0545] {override.py:1858} INFO - Created Permission View: can edit on DAG:example_sensors
[2026-06-07T17:38:59.014+0545] {logging_mixin.py:188} INFO - [2026-06-07T17:38:59.013+0545] {override.py:1858} INFO - Created Permission View: can read on DAG:example_sensors
[2026-06-07T17:38:59.217+0545] {logging_mixin.py:188} INFO - [2026-06-07T17:38:59.216+0545] {override.py:1858} INFO - Created Permission View: can delete on DAG:example_sensors
[2026-06-07T17:38:59.218+0545] {logging_mixin.py:188} INFO - [2026-06-07T17:38:59.218+0545] {dag.py:3089} INFO - Sync 1 DAGs
[2026-06-07T17:38:59.246+0545] {logging_mixin.py:188} INFO - [2026-06-07T17:38:59.246+0545] {dag.py:3111} INFO - Creating ORM DAG for example_sensors
[2026-06-07T17:38:59.248+0545] {logging_mixin.py:188} INFO - [2026-06-07T17:38:59.247+0545] {dag.py:3947} INFO - Setting next_dagrun for example_sensors to None, run_after=None
[2026-06-07T17:38:59.462+0545] {processor.py:183} INFO - Processing /home/suyog/miniconda3/envs/fraud_mlops/lib/python3.11/site-packages/airflow/example_dags/example_sensors.py took 1.145 seconds
[2026-06-07T17:40:33.291+0545] {processor.py:161} INFO - Started process (PID=32020) to work on /home/suyog/miniconda3/envs/fraud_mlops/lib/python3.11/site-packages/airflow/example_dags/example_sensors.py
[2026-06-07T17:40:33.321+0545] {processor.py:830} INFO - Processing file /home/suyog/miniconda3/envs/fraud_mlops/lib/python3.11/site-packages/airflow/example_dags/example_sensors.py for tasks to queue
[2026-06-07T17:40:33.323+0545] {logging_mixin.py:188} INFO - [2026-06-07T17:40:33.322+0545] {dagbag.py:545} INFO - Filling up the DagBag from /home/suyog/miniconda3/envs/fraud_mlops/lib/python3.11/site-packages/airflow/example_dags/example_sensors.py
[2026-06-07T17:40:33.339+0545] {processor.py:840} INFO - DAG(s) 'example_sensors' retrieved from /home/suyog/miniconda3/envs/fraud_mlops/lib/python3.11/site-packages/airflow/example_dags/example_sensors.py
[2026-06-07T17:40:33.365+0545] {logging_mixin.py:188} INFO - [2026-06-07T17:40:33.365+0545] {dag.py:3089} INFO - Sync 1 DAGs
[2026-06-07T17:40:33.374+0545] {logging_mixin.py:188} INFO - [2026-06-07T17:40:33.374+0545] {dag.py:3947} INFO - Setting next_dagrun for example_sensors to None, run_after=None
[2026-06-07T17:40:33.566+0545] {processor.py:183} INFO - Processing /home/suyog/miniconda3/envs/fraud_mlops/lib/python3.11/site-packages/airflow/example_dags/example_sensors.py took 0.280 seconds
[2026-06-07T17:41:43.483+0545] {processor.py:161} INFO - Started process (PID=32173) to work on /home/suyog/miniconda3/envs/fraud_mlops/lib/python3.11/site-packages/airflow/example_dags/example_sensors.py
[2026-06-07T17:41:43.508+0545] {processor.py:830} INFO - Processing file /home/suyog/miniconda3/envs/fraud_mlops/lib/python3.11/site-packages/airflow/example_dags/example_sensors.py for tasks to queue
[2026-06-07T17:41:43.511+0545] {logging_mixin.py:188} INFO - [2026-06-07T17:41:43.510+0545] {dagbag.py:545} INFO - Filling up the DagBag from /home/suyog/miniconda3/envs/fraud_mlops/lib/python3.11/site-packages/airflow/example_dags/example_sensors.py
[2026-06-07T17:41:43.526+0545] {processor.py:840} INFO - DAG(s) 'example_sensors' retrieved from /home/suyog/miniconda3/envs/fraud_mlops/lib/python3.11/site-packages/airflow/example_dags/example_sensors.py
[2026-06-07T17:41:43.547+0545] {logging_mixin.py:188} INFO - [2026-06-07T17:41:43.547+0545] {dag.py:3089} INFO - Sync 1 DAGs
[2026-06-07T17:41:43.556+0545] {logging_mixin.py:188} INFO - [2026-06-07T17:41:43.556+0545] {dag.py:3947} INFO - Setting next_dagrun for example_sensors to None, run_after=None
[2026-06-07T17:41:43.727+0545] {processor.py:183} INFO - Processing /home/suyog/miniconda3/envs/fraud_mlops/lib/python3.11/site-packages/airflow/example_dags/example_sensors.py took 0.253 seconds
[2026-06-07T17:42:58.147+0545] {processor.py:161} INFO - Started process (PID=32377) to work on /home/suyog/miniconda3/envs/fraud_mlops/lib/python3.11/site-packages/airflow/example_dags/example_sensors.py
[2026-06-07T17:42:58.149+0545] {processor.py:830} INFO - Processing file /home/suyog/miniconda3/envs/fraud_mlops/lib/python3.11/site-packages/airflow/example_dags/example_sensors.py for tasks to queue
[2026-06-07T17:42:58.151+0545] {logging_mixin.py:188} INFO - [2026-06-07T17:42:58.151+0545] {dagbag.py:545} INFO - Filling up the DagBag from /home/suyog/miniconda3/envs/fraud_mlops/lib/python3.11/site-packages/airflow/example_dags/example_sensors.py
[2026-06-07T17:42:58.167+0545] {processor.py:840} INFO - DAG(s) 'example_sensors' retrieved from /home/suyog/miniconda3/envs/fraud_mlops/lib/python3.11/site-packages/airflow/example_dags/example_sensors.py
[2026-06-07T17:42:58.186+0545] {logging_mixin.py:188} INFO - [2026-06-07T17:42:58.186+0545] {dag.py:3089} INFO - Sync 1 DAGs
[2026-06-07T17:42:58.195+0545] {logging_mixin.py:188} INFO - [2026-06-07T17:42:58.195+0545] {dag.py:3947} INFO - Setting next_dagrun for example_sensors to None, run_after=None
[2026-06-07T17:42:58.347+0545] {processor.py:183} INFO - Processing /home/suyog/miniconda3/envs/fraud_mlops/lib/python3.11/site-packages/airflow/example_dags/example_sensors.py took 0.211 seconds
[2026-06-07T17:44:10.821+0545] {processor.py:161} INFO - Started process (PID=33020) to work on /home/suyog/miniconda3/envs/fraud_mlops/lib/python3.11/site-packages/airflow/example_dags/example_sensors.py
[2026-06-07T17:44:10.822+0545] {processor.py:830} INFO - Processing file /home/suyog/miniconda3/envs/fraud_mlops/lib/python3.11/site-packages/airflow/example_dags/example_sensors.py for tasks to queue
[2026-06-07T17:44:10.823+0545] {logging_mixin.py:188} INFO - [2026-06-07T17:44:10.823+0545] {dagbag.py:545} INFO - Filling up the DagBag from /home/suyog/miniconda3/envs/fraud_mlops/lib/python3.11/site-packages/airflow/example_dags/example_sensors.py
[2026-06-07T17:44:10.830+0545] {processor.py:840} INFO - DAG(s) 'example_sensors' retrieved from /home/suyog/miniconda3/envs/fraud_mlops/lib/python3.11/site-packages/airflow/example_dags/example_sensors.py
[2026-06-07T17:44:10.847+0545] {logging_mixin.py:188} INFO - [2026-06-07T17:44:10.847+0545] {dag.py:3089} INFO - Sync 1 DAGs
[2026-06-07T17:44:10.856+0545] {logging_mixin.py:188} INFO - [2026-06-07T17:44:10.856+0545] {dag.py:3947} INFO - Setting next_dagrun for example_sensors to None, run_after=None
[2026-06-07T17:44:11.026+0545] {processor.py:183} INFO - Processing /home/suyog/miniconda3/envs/fraud_mlops/lib/python3.11/site-packages/airflow/example_dags/example_sensors.py took 0.211 seconds
[2026-06-07T17:45:20.745+0545] {processor.py:161} INFO - Started process (PID=33201) to work on /home/suyog/miniconda3/envs/fraud_mlops/lib/python3.11/site-packages/airflow/example_dags/example_sensors.py
[2026-06-07T17:45:20.746+0545] {processor.py:830} INFO - Processing file /home/suyog/miniconda3/envs/fraud_mlops/lib/python3.11/site-packages/airflow/example_dags/example_sensors.py for tasks to queue
[2026-06-07T17:45:20.748+0545] {logging_mixin.py:188} INFO - [2026-06-07T17:45:20.747+0545] {dagbag.py:545} INFO - Filling up the DagBag from /home/suyog/miniconda3/envs/fraud_mlops/lib/python3.11/site-packages/airflow/example_dags/example_sensors.py
[2026-06-07T17:45:20.758+0545] {processor.py:840} INFO - DAG(s) 'example_sensors' retrieved from /home/suyog/miniconda3/envs/fraud_mlops/lib/python3.11/site-packages/airflow/example_dags/example_sensors.py
[2026-06-07T17:45:20.778+0545] {logging_mixin.py:188} INFO - [2026-06-07T17:45:20.778+0545] {dag.py:3089} INFO - Sync 1 DAGs
[2026-06-07T17:45:20.787+0545] {logging_mixin.py:188} INFO - [2026-06-07T17:45:20.786+0545] {dag.py:3947} INFO - Setting next_dagrun for example_sensors to None, run_after=None
[2026-06-07T17:45:20.976+0545] {processor.py:183} INFO - Processing /home/suyog/miniconda3/envs/fraud_mlops/lib/python3.11/site-packages/airflow/example_dags/example_sensors.py took 0.236 seconds
[2026-06-07T17:47:45.943+0545] {processor.py:161} INFO - Started process (PID=33389) to work on /home/suyog/miniconda3/envs/fraud_mlops/lib/python3.11/site-packages/airflow/example_dags/example_sensors.py
[2026-06-07T17:47:45.944+0545] {processor.py:830} INFO - Processing file /home/suyog/miniconda3/envs/fraud_mlops/lib/python3.11/site-packages/airflow/example_dags/example_sensors.py for tasks to queue
[2026-06-07T17:47:45.946+0545] {logging_mixin.py:188} INFO - [2026-06-07T17:47:45.945+0545] {dagbag.py:545} INFO - Filling up the DagBag from /home/suyog/miniconda3/envs/fraud_mlops/lib/python3.11/site-packages/airflow/example_dags/example_sensors.py
[2026-06-07T17:47:45.953+0545] {processor.py:840} INFO - DAG(s) 'example_sensors' retrieved from /home/suyog/miniconda3/envs/fraud_mlops/lib/python3.11/site-packages/airflow/example_dags/example_sensors.py
[2026-06-07T17:47:45.973+0545] {logging_mixin.py:188} INFO - [2026-06-07T17:47:45.973+0545] {dag.py:3089} INFO - Sync 1 DAGs
[2026-06-07T17:47:45.981+0545] {logging_mixin.py:188} INFO - [2026-06-07T17:47:45.981+0545] {dag.py:3947} INFO - Setting next_dagrun for example_sensors to None, run_after=None
[2026-06-07T17:47:46.199+0545] {processor.py:183} INFO - Processing /home/suyog/miniconda3/envs/fraud_mlops/lib/python3.11/site-packages/airflow/example_dags/example_sensors.py took 0.260 seconds
[2026-06-07T17:48:54.842+0545] {processor.py:161} INFO - Started process (PID=33570) to work on /home/suyog/miniconda3/envs/fraud_mlops/lib/python3.11/site-packages/airflow/example_dags/example_sensors.py
[2026-06-07T17:48:54.843+0545] {processor.py:830} INFO - Processing file /home/suyog/miniconda3/envs/fraud_mlops/lib/python3.11/site-packages/airflow/example_dags/example_sensors.py for tasks to queue
[2026-06-07T17:48:54.845+0545] {logging_mixin.py:188} INFO - [2026-06-07T17:48:54.845+0545] {dagbag.py:545} INFO - Filling up the DagBag from /home/suyog/miniconda3/envs/fraud_mlops/lib/python3.11/site-packages/airflow/example_dags/example_sensors.py
[2026-06-07T17:48:54.856+0545] {processor.py:840} INFO - DAG(s) 'example_sensors' retrieved from /home/suyog/miniconda3/envs/fraud_mlops/lib/python3.11/site-packages/airflow/example_dags/example_sensors.py
[2026-06-07T17:48:54.881+0545] {logging_mixin.py:188} INFO - [2026-06-07T17:48:54.881+0545] {dag.py:3089} INFO - Sync 1 DAGs
[2026-06-07T17:48:54.893+0545] {logging_mixin.py:188} INFO - [2026-06-07T17:48:54.893+0545] {dag.py:3947} INFO - Setting next_dagrun for example_sensors to None, run_after=None
[2026-06-07T17:48:55.234+0545] {processor.py:183} INFO - Processing /home/suyog/miniconda3/envs/fraud_mlops/lib/python3.11/site-packages/airflow/example_dags/example_sensors.py took 0.401 seconds
[2026-06-07T17:50:05.073+0545] {processor.py:161} INFO - Started process (PID=33674) to work on /home/suyog/miniconda3/envs/fraud_mlops/lib/python3.11/site-packages/airflow/example_dags/example_sensors.py
[2026-06-07T17:50:05.103+0545] {processor.py:830} INFO - Processing file /home/suyog/miniconda3/envs/fraud_mlops/lib/python3.11/site-packages/airflow/example_dags/example_sensors.py for tasks to queue
[2026-06-07T17:50:05.104+0545] {logging_mixin.py:188} INFO - [2026-06-07T17:50:05.104+0545] {dagbag.py:545} INFO - Filling up the DagBag from /home/suyog/miniconda3/envs/fraud_mlops/lib/python3.11/site-packages/airflow/example_dags/example_sensors.py
[2026-06-07T17:50:05.111+0545] {processor.py:840} INFO - DAG(s) 'example_sensors' retrieved from /home/suyog/miniconda3/envs/fraud_mlops/lib/python3.11/site-packages/airflow/example_dags/example_sensors.py
[2026-06-07T17:50:05.128+0545] {logging_mixin.py:188} INFO - [2026-06-07T17:50:05.128+0545] {dag.py:3089} INFO - Sync 1 DAGs
[2026-06-07T17:50:05.137+0545] {logging_mixin.py:188} INFO - [2026-06-07T17:50:05.137+0545] {dag.py:3947} INFO - Setting next_dagrun for example_sensors to None, run_after=None
[2026-06-07T17:50:05.412+0545] {processor.py:183} INFO - Processing /home/suyog/miniconda3/envs/fraud_mlops/lib/python3.11/site-packages/airflow/example_dags/example_sensors.py took 0.343 seconds
