[2026-06-07T17:39:44.580+0545] {processor.py:161} INFO - Started process (PID=31907) to work on /home/suyog/miniconda3/envs/fraud_mlops/lib/python3.11/site-packages/airflow/example_dags/example_branch_operator_decorator.py
[2026-06-07T17:39:44.582+0545] {processor.py:830} INFO - Processing file /home/suyog/miniconda3/envs/fraud_mlops/lib/python3.11/site-packages/airflow/example_dags/example_branch_operator_decorator.py for tasks to queue
[2026-06-07T17:39:44.585+0545] {logging_mixin.py:188} INFO - [2026-06-07T17:39:44.584+0545] {dagbag.py:545} INFO - Filling up the DagBag from /home/suyog/miniconda3/envs/fraud_mlops/lib/python3.11/site-packages/airflow/example_dags/example_branch_operator_decorator.py
[2026-06-07T17:39:44.589+0545] {processor.py:842} WARNING - No viable dags retrieved from /home/suyog/miniconda3/envs/fraud_mlops/lib/python3.11/site-packages/airflow/example_dags/example_branch_operator_decorator.py
[2026-06-07T17:39:44.603+0545] {processor.py:183} INFO - Processing /home/suyog/miniconda3/envs/fraud_mlops/lib/python3.11/site-packages/airflow/example_dags/example_branch_operator_decorator.py took 0.032 seconds
[2026-06-07T17:41:20.587+0545] {processor.py:161} INFO - Started process (PID=32118) to work on /home/suyog/miniconda3/envs/fraud_mlops/lib/python3.11/site-packages/airflow/example_dags/example_branch_operator_decorator.py
[2026-06-07T17:41:20.588+0545] {processor.py:830} INFO - Processing file /home/suyog/miniconda3/envs/fraud_mlops/lib/python3.11/site-packages/airflow/example_dags/example_branch_operator_decorator.py for tasks to queue
[2026-06-07T17:41:20.590+0545] {logging_mixin.py:188} INFO - [2026-06-07T17:41:20.589+0545] {dagbag.py:545} INFO - Filling up the DagBag from /home/suyog/miniconda3/envs/fraud_mlops/lib/python3.11/site-packages/airflow/example_dags/example_branch_operator_decorator.py
[2026-06-07T17:41:20.592+0545] {processor.py:842} WARNING - No viable dags retrieved from /home/suyog/miniconda3/envs/fraud_mlops/lib/python3.11/site-packages/airflow/example_dags/example_branch_operator_decorator.py
[2026-06-07T17:41:20.601+0545] {processor.py:183} INFO - Processing /home/suyog/miniconda3/envs/fraud_mlops/lib/python3.11/site-packages/airflow/example_dags/example_branch_operator_decorator.py took 0.019 seconds
[2026-06-07T17:42:31.743+0545] {processor.py:161} INFO - Started process (PID=32308) to work on /home/suyog/miniconda3/envs/fraud_mlops/lib/python3.11/site-packages/airflow/example_dags/example_branch_operator_decorator.py
[2026-06-07T17:42:31.744+0545] {processor.py:830} INFO - Processing file /home/suyog/miniconda3/envs/fraud_mlops/lib/python3.11/site-packages/airflow/example_dags/example_branch_operator_decorator.py for tasks to queue
[2026-06-07T17:42:31.745+0545] {logging_mixin.py:188} INFO - [2026-06-07T17:42:31.745+0545] {dagbag.py:545} INFO - Filling up the DagBag from /home/suyog/miniconda3/envs/fraud_mlops/lib/python3.11/site-packages/airflow/example_dags/example_branch_operator_decorator.py
[2026-06-07T17:42:31.747+0545] {processor.py:842} WARNING - No viable dags retrieved from /home/suyog/miniconda3/envs/fraud_mlops/lib/python3.11/site-packages/airflow/example_dags/example_branch_operator_decorator.py
[2026-06-07T17:42:31.756+0545] {processor.py:183} INFO - Processing /home/suyog/miniconda3/envs/fraud_mlops/lib/python3.11/site-packages/airflow/example_dags/example_branch_operator_decorator.py took 0.018 seconds
[2026-06-07T17:43:46.920+0545] {processor.py:161} INFO - Started process (PID=32949) to work on /home/suyog/miniconda3/envs/fraud_mlops/lib/python3.11/site-packages/airflow/example_dags/example_branch_operator_decorator.py
[2026-06-07T17:43:46.922+0545] {processor.py:830} INFO - Processing file /home/suyog/miniconda3/envs/fraud_mlops/lib/python3.11/site-packages/airflow/example_dags/example_branch_operator_decorator.py for tasks to queue
[2026-06-07T17:43:46.925+0545] {logging_mixin.py:188} INFO - [2026-06-07T17:43:46.924+0545] {dagbag.py:545} INFO - Filling up the DagBag from /home/suyog/miniconda3/envs/fraud_mlops/lib/python3.11/site-packages/airflow/example_dags/example_branch_operator_decorator.py
[2026-06-07T17:43:46.930+0545] {processor.py:842} WARNING - No viable dags retrieved from /home/suyog/miniconda3/envs/fraud_mlops/lib/python3.11/site-packages/airflow/example_dags/example_branch_operator_decorator.py
[2026-06-07T17:43:46.943+0545] {processor.py:183} INFO - Processing /home/suyog/miniconda3/envs/fraud_mlops/lib/python3.11/site-packages/airflow/example_dags/example_branch_operator_decorator.py took 0.033 seconds
[2026-06-07T17:44:55.040+0545] {processor.py:161} INFO - Started process (PID=33121) to work on /home/suyog/miniconda3/envs/fraud_mlops/lib/python3.11/site-packages/airflow/example_dags/example_branch_operator_decorator.py
[2026-06-07T17:44:55.041+0545] {processor.py:830} INFO - Processing file /home/suyog/miniconda3/envs/fraud_mlops/lib/python3.11/site-packages/airflow/example_dags/example_branch_operator_decorator.py for tasks to queue
[2026-06-07T17:44:55.042+0545] {logging_mixin.py:188} INFO - [2026-06-07T17:44:55.042+0545] {dagbag.py:545} INFO - Filling up the DagBag from /home/suyog/miniconda3/envs/fraud_mlops/lib/python3.11/site-packages/airflow/example_dags/example_branch_operator_decorator.py
[2026-06-07T17:44:55.044+0545] {processor.py:842} WARNING - No viable dags retrieved from /home/suyog/miniconda3/envs/fraud_mlops/lib/python3.11/site-packages/airflow/example_dags/example_branch_operator_decorator.py
[2026-06-07T17:44:55.053+0545] {processor.py:183} INFO - Processing /home/suyog/miniconda3/envs/fraud_mlops/lib/python3.11/site-packages/airflow/example_dags/example_branch_operator_decorator.py took 0.018 seconds
[2026-06-07T17:48:12.544+0545] {processor.py:161} INFO - Started process (PID=33433) to work on /home/suyog/miniconda3/envs/fraud_mlops/lib/python3.11/site-packages/airflow/example_dags/example_branch_operator_decorator.py
[2026-06-07T17:48:12.554+0545] {processor.py:830} INFO - Processing file /home/suyog/miniconda3/envs/fraud_mlops/lib/python3.11/site-packages/airflow/example_dags/example_branch_operator_decorator.py for tasks to queue
[2026-06-07T17:48:12.558+0545] {logging_mixin.py:188} INFO - [2026-06-07T17:48:12.558+0545] {dagbag.py:545} INFO - Filling up the DagBag from /home/suyog/miniconda3/envs/fraud_mlops/lib/python3.11/site-packages/airflow/example_dags/example_branch_operator_decorator.py
[2026-06-07T17:48:12.564+0545] {processor.py:842} WARNING - No viable dags retrieved from /home/suyog/miniconda3/envs/fraud_mlops/lib/python3.11/site-packages/airflow/example_dags/example_branch_operator_decorator.py
[2026-06-07T17:48:12.580+0545] {processor.py:183} INFO - Processing /home/suyog/miniconda3/envs/fraud_mlops/lib/python3.11/site-packages/airflow/example_dags/example_branch_operator_decorator.py took 0.049 seconds
[2026-06-07T17:49:28.976+0545] {processor.py:161} INFO - Started process (PID=33634) to work on /home/suyog/miniconda3/envs/fraud_mlops/lib/python3.11/site-packages/airflow/example_dags/example_branch_operator_decorator.py
[2026-06-07T17:49:29.001+0545] {processor.py:830} INFO - Processing file /home/suyog/miniconda3/envs/fraud_mlops/lib/python3.11/site-packages/airflow/example_dags/example_branch_operator_decorator.py for tasks to queue
[2026-06-07T17:49:29.002+0545] {logging_mixin.py:188} INFO - [2026-06-07T17:49:29.002+0545] {dagbag.py:545} INFO - Filling up the DagBag from /home/suyog/miniconda3/envs/fraud_mlops/lib/python3.11/site-packages/airflow/example_dags/example_branch_operator_decorator.py
[2026-06-07T17:49:29.005+0545] {processor.py:842} WARNING - No viable dags retrieved from /home/suyog/miniconda3/envs/fraud_mlops/lib/python3.11/site-packages/airflow/example_dags/example_branch_operator_decorator.py
[2026-06-07T17:49:29.016+0545] {processor.py:183} INFO - Processing /home/suyog/miniconda3/envs/fraud_mlops/lib/python3.11/site-packages/airflow/example_dags/example_branch_operator_decorator.py took 0.046 seconds
