[2026-06-07T17:38:47.380+0545] {processor.py:161} INFO - Started process (PID=31844) to work on /home/suyog/miniconda3/envs/fraud_mlops/lib/python3.11/site-packages/airflow/example_dags/example_skip_dag.py
[2026-06-07T17:38:47.380+0545] {processor.py:830} INFO - Processing file /home/suyog/miniconda3/envs/fraud_mlops/lib/python3.11/site-packages/airflow/example_dags/example_skip_dag.py for tasks to queue
[2026-06-07T17:38:47.381+0545] {logging_mixin.py:188} INFO - [2026-06-07T17:38:47.381+0545] {dagbag.py:545} INFO - Filling up the DagBag from /home/suyog/miniconda3/envs/fraud_mlops/lib/python3.11/site-packages/airflow/example_dags/example_skip_dag.py
[2026-06-07T17:38:47.386+0545] {processor.py:840} INFO - DAG(s) 'example_skip_dag' retrieved from /home/suyog/miniconda3/envs/fraud_mlops/lib/python3.11/site-packages/airflow/example_dags/example_skip_dag.py
[2026-06-07T17:38:47.966+0545] {logging_mixin.py:188} INFO - [2026-06-07T17:38:47.964+0545] {override.py:1858} INFO - Created Permission View: can edit on DAG:example_skip_dag
[2026-06-07T17:38:48.132+0545] {logging_mixin.py:188} INFO - [2026-06-07T17:38:48.131+0545] {override.py:1858} INFO - Created Permission View: can read on DAG:example_skip_dag
[2026-06-07T17:38:48.281+0545] {logging_mixin.py:188} INFO - [2026-06-07T17:38:48.281+0545] {override.py:1858} INFO - Created Permission View: can delete on DAG:example_skip_dag
[2026-06-07T17:38:48.282+0545] {logging_mixin.py:188} INFO - [2026-06-07T17:38:48.281+0545] {dag.py:3089} INFO - Sync 1 DAGs
[2026-06-07T17:38:48.289+0545] {logging_mixin.py:188} INFO - [2026-06-07T17:38:48.288+0545] {dag.py:3111} INFO - Creating ORM DAG for example_skip_dag
[2026-06-07T17:38:48.295+0545] {logging_mixin.py:188} INFO - [2026-06-07T17:38:48.295+0545] {dag.py:3947} INFO - Setting next_dagrun for example_skip_dag to 2026-06-06 00:00:00+00:00, run_after=2026-06-07 00:00:00+00:00
[2026-06-07T17:38:48.503+0545] {processor.py:183} INFO - Processing /home/suyog/miniconda3/envs/fraud_mlops/lib/python3.11/site-packages/airflow/example_dags/example_skip_dag.py took 1.128 seconds
[2026-06-07T17:40:27.758+0545] {processor.py:161} INFO - Started process (PID=32010) to work on /home/suyog/miniconda3/envs/fraud_mlops/lib/python3.11/site-packages/airflow/example_dags/example_skip_dag.py
[2026-06-07T17:40:27.759+0545] {processor.py:830} INFO - Processing file /home/suyog/miniconda3/envs/fraud_mlops/lib/python3.11/site-packages/airflow/example_dags/example_skip_dag.py for tasks to queue
[2026-06-07T17:40:27.761+0545] {logging_mixin.py:188} INFO - [2026-06-07T17:40:27.761+0545] {dagbag.py:545} INFO - Filling up the DagBag from /home/suyog/miniconda3/envs/fraud_mlops/lib/python3.11/site-packages/airflow/example_dags/example_skip_dag.py
[2026-06-07T17:40:27.767+0545] {processor.py:840} INFO - DAG(s) 'example_skip_dag' retrieved from /home/suyog/miniconda3/envs/fraud_mlops/lib/python3.11/site-packages/airflow/example_dags/example_skip_dag.py
[2026-06-07T17:40:27.781+0545] {logging_mixin.py:188} INFO - [2026-06-07T17:40:27.781+0545] {dag.py:3089} INFO - Sync 1 DAGs
[2026-06-07T17:40:27.795+0545] {logging_mixin.py:188} INFO - [2026-06-07T17:40:27.795+0545] {dag.py:3947} INFO - Setting next_dagrun for example_skip_dag to 2026-06-06 00:00:00+00:00, run_after=2026-06-07 00:00:00+00:00
[2026-06-07T17:40:27.965+0545] {processor.py:183} INFO - Processing /home/suyog/miniconda3/envs/fraud_mlops/lib/python3.11/site-packages/airflow/example_dags/example_skip_dag.py took 0.212 seconds
[2026-06-07T17:41:37.209+0545] {processor.py:161} INFO - Started process (PID=32163) to work on /home/suyog/miniconda3/envs/fraud_mlops/lib/python3.11/site-packages/airflow/example_dags/example_skip_dag.py
[2026-06-07T17:41:37.211+0545] {processor.py:830} INFO - Processing file /home/suyog/miniconda3/envs/fraud_mlops/lib/python3.11/site-packages/airflow/example_dags/example_skip_dag.py for tasks to queue
[2026-06-07T17:41:37.214+0545] {logging_mixin.py:188} INFO - [2026-06-07T17:41:37.213+0545] {dagbag.py:545} INFO - Filling up the DagBag from /home/suyog/miniconda3/envs/fraud_mlops/lib/python3.11/site-packages/airflow/example_dags/example_skip_dag.py
[2026-06-07T17:41:37.224+0545] {processor.py:840} INFO - DAG(s) 'example_skip_dag' retrieved from /home/suyog/miniconda3/envs/fraud_mlops/lib/python3.11/site-packages/airflow/example_dags/example_skip_dag.py
[2026-06-07T17:41:37.240+0545] {logging_mixin.py:188} INFO - [2026-06-07T17:41:37.240+0545] {dag.py:3089} INFO - Sync 1 DAGs
[2026-06-07T17:41:37.254+0545] {logging_mixin.py:188} INFO - [2026-06-07T17:41:37.254+0545] {dag.py:3947} INFO - Setting next_dagrun for example_skip_dag to 2026-06-06 00:00:00+00:00, run_after=2026-06-07 00:00:00+00:00
[2026-06-07T17:41:37.422+0545] {processor.py:183} INFO - Processing /home/suyog/miniconda3/envs/fraud_mlops/lib/python3.11/site-packages/airflow/example_dags/example_skip_dag.py took 0.222 seconds
[2026-06-07T17:42:51.327+0545] {processor.py:161} INFO - Started process (PID=32355) to work on /home/suyog/miniconda3/envs/fraud_mlops/lib/python3.11/site-packages/airflow/example_dags/example_skip_dag.py
[2026-06-07T17:42:51.328+0545] {processor.py:830} INFO - Processing file /home/suyog/miniconda3/envs/fraud_mlops/lib/python3.11/site-packages/airflow/example_dags/example_skip_dag.py for tasks to queue
[2026-06-07T17:42:51.330+0545] {logging_mixin.py:188} INFO - [2026-06-07T17:42:51.329+0545] {dagbag.py:545} INFO - Filling up the DagBag from /home/suyog/miniconda3/envs/fraud_mlops/lib/python3.11/site-packages/airflow/example_dags/example_skip_dag.py
[2026-06-07T17:42:51.336+0545] {processor.py:840} INFO - DAG(s) 'example_skip_dag' retrieved from /home/suyog/miniconda3/envs/fraud_mlops/lib/python3.11/site-packages/airflow/example_dags/example_skip_dag.py
[2026-06-07T17:42:51.348+0545] {logging_mixin.py:188} INFO - [2026-06-07T17:42:51.348+0545] {dag.py:3089} INFO - Sync 1 DAGs
[2026-06-07T17:42:51.362+0545] {logging_mixin.py:188} INFO - [2026-06-07T17:42:51.362+0545] {dag.py:3947} INFO - Setting next_dagrun for example_skip_dag to 2026-06-06 00:00:00+00:00, run_after=2026-06-07 00:00:00+00:00
[2026-06-07T17:42:51.541+0545] {processor.py:183} INFO - Processing /home/suyog/miniconda3/envs/fraud_mlops/lib/python3.11/site-packages/airflow/example_dags/example_skip_dag.py took 0.221 seconds
[2026-06-07T17:44:05.986+0545] {processor.py:161} INFO - Started process (PID=33010) to work on /home/suyog/miniconda3/envs/fraud_mlops/lib/python3.11/site-packages/airflow/example_dags/example_skip_dag.py
[2026-06-07T17:44:05.987+0545] {processor.py:830} INFO - Processing file /home/suyog/miniconda3/envs/fraud_mlops/lib/python3.11/site-packages/airflow/example_dags/example_skip_dag.py for tasks to queue
[2026-06-07T17:44:05.990+0545] {logging_mixin.py:188} INFO - [2026-06-07T17:44:05.989+0545] {dagbag.py:545} INFO - Filling up the DagBag from /home/suyog/miniconda3/envs/fraud_mlops/lib/python3.11/site-packages/airflow/example_dags/example_skip_dag.py
[2026-06-07T17:44:06.001+0545] {processor.py:840} INFO - DAG(s) 'example_skip_dag' retrieved from /home/suyog/miniconda3/envs/fraud_mlops/lib/python3.11/site-packages/airflow/example_dags/example_skip_dag.py
[2026-06-07T17:44:06.018+0545] {logging_mixin.py:188} INFO - [2026-06-07T17:44:06.018+0545] {dag.py:3089} INFO - Sync 1 DAGs
[2026-06-07T17:44:06.033+0545] {logging_mixin.py:188} INFO - [2026-06-07T17:44:06.033+0545] {dag.py:3947} INFO - Setting next_dagrun for example_skip_dag to 2026-06-06 00:00:00+00:00, run_after=2026-06-07 00:00:00+00:00
[2026-06-07T17:44:06.221+0545] {processor.py:183} INFO - Processing /home/suyog/miniconda3/envs/fraud_mlops/lib/python3.11/site-packages/airflow/example_dags/example_skip_dag.py took 0.245 seconds
[2026-06-07T17:45:13.928+0545] {processor.py:161} INFO - Started process (PID=33172) to work on /home/suyog/miniconda3/envs/fraud_mlops/lib/python3.11/site-packages/airflow/example_dags/example_skip_dag.py
[2026-06-07T17:45:13.953+0545] {processor.py:830} INFO - Processing file /home/suyog/miniconda3/envs/fraud_mlops/lib/python3.11/site-packages/airflow/example_dags/example_skip_dag.py for tasks to queue
[2026-06-07T17:45:13.956+0545] {logging_mixin.py:188} INFO - [2026-06-07T17:45:13.955+0545] {dagbag.py:545} INFO - Filling up the DagBag from /home/suyog/miniconda3/envs/fraud_mlops/lib/python3.11/site-packages/airflow/example_dags/example_skip_dag.py
[2026-06-07T17:45:13.972+0545] {processor.py:840} INFO - DAG(s) 'example_skip_dag' retrieved from /home/suyog/miniconda3/envs/fraud_mlops/lib/python3.11/site-packages/airflow/example_dags/example_skip_dag.py
[2026-06-07T17:45:13.994+0545] {logging_mixin.py:188} INFO - [2026-06-07T17:45:13.993+0545] {dag.py:3089} INFO - Sync 1 DAGs
[2026-06-07T17:45:14.008+0545] {logging_mixin.py:188} INFO - [2026-06-07T17:45:14.008+0545] {dag.py:3947} INFO - Setting next_dagrun for example_skip_dag to 2026-06-06 00:00:00+00:00, run_after=2026-06-07 00:00:00+00:00
[2026-06-07T17:45:14.172+0545] {processor.py:183} INFO - Processing /home/suyog/miniconda3/envs/fraud_mlops/lib/python3.11/site-packages/airflow/example_dags/example_skip_dag.py took 0.254 seconds
[2026-06-07T17:47:40.320+0545] {processor.py:161} INFO - Started process (PID=33384) to work on /home/suyog/miniconda3/envs/fraud_mlops/lib/python3.11/site-packages/airflow/example_dags/example_skip_dag.py
[2026-06-07T17:47:40.321+0545] {processor.py:830} INFO - Processing file /home/suyog/miniconda3/envs/fraud_mlops/lib/python3.11/site-packages/airflow/example_dags/example_skip_dag.py for tasks to queue
[2026-06-07T17:47:40.324+0545] {logging_mixin.py:188} INFO - [2026-06-07T17:47:40.323+0545] {dagbag.py:545} INFO - Filling up the DagBag from /home/suyog/miniconda3/envs/fraud_mlops/lib/python3.11/site-packages/airflow/example_dags/example_skip_dag.py
[2026-06-07T17:47:40.334+0545] {processor.py:840} INFO - DAG(s) 'example_skip_dag' retrieved from /home/suyog/miniconda3/envs/fraud_mlops/lib/python3.11/site-packages/airflow/example_dags/example_skip_dag.py
[2026-06-07T17:47:40.352+0545] {logging_mixin.py:188} INFO - [2026-06-07T17:47:40.352+0545] {dag.py:3089} INFO - Sync 1 DAGs
[2026-06-07T17:47:40.367+0545] {logging_mixin.py:188} INFO - [2026-06-07T17:47:40.367+0545] {dag.py:3947} INFO - Setting next_dagrun for example_skip_dag to 2026-06-06 00:00:00+00:00, run_after=2026-06-07 00:00:00+00:00
[2026-06-07T17:47:40.558+0545] {processor.py:183} INFO - Processing /home/suyog/miniconda3/envs/fraud_mlops/lib/python3.11/site-packages/airflow/example_dags/example_skip_dag.py took 0.249 seconds
[2026-06-07T17:48:47.833+0545] {processor.py:161} INFO - Started process (PID=33531) to work on /home/suyog/miniconda3/envs/fraud_mlops/lib/python3.11/site-packages/airflow/example_dags/example_skip_dag.py
[2026-06-07T17:48:47.834+0545] {processor.py:830} INFO - Processing file /home/suyog/miniconda3/envs/fraud_mlops/lib/python3.11/site-packages/airflow/example_dags/example_skip_dag.py for tasks to queue
[2026-06-07T17:48:47.836+0545] {logging_mixin.py:188} INFO - [2026-06-07T17:48:47.835+0545] {dagbag.py:545} INFO - Filling up the DagBag from /home/suyog/miniconda3/envs/fraud_mlops/lib/python3.11/site-packages/airflow/example_dags/example_skip_dag.py
[2026-06-07T17:48:47.842+0545] {processor.py:840} INFO - DAG(s) 'example_skip_dag' retrieved from /home/suyog/miniconda3/envs/fraud_mlops/lib/python3.11/site-packages/airflow/example_dags/example_skip_dag.py
[2026-06-07T17:48:47.858+0545] {logging_mixin.py:188} INFO - [2026-06-07T17:48:47.858+0545] {dag.py:3089} INFO - Sync 1 DAGs
[2026-06-07T17:48:47.872+0545] {logging_mixin.py:188} INFO - [2026-06-07T17:48:47.872+0545] {dag.py:3947} INFO - Setting next_dagrun for example_skip_dag to 2026-06-06 00:00:00+00:00, run_after=2026-06-07 00:00:00+00:00
[2026-06-07T17:48:48.076+0545] {processor.py:183} INFO - Processing /home/suyog/miniconda3/envs/fraud_mlops/lib/python3.11/site-packages/airflow/example_dags/example_skip_dag.py took 0.248 seconds
[2026-06-07T17:49:58.603+0545] {processor.py:161} INFO - Started process (PID=33668) to work on /home/suyog/miniconda3/envs/fraud_mlops/lib/python3.11/site-packages/airflow/example_dags/example_skip_dag.py
[2026-06-07T17:49:58.604+0545] {processor.py:830} INFO - Processing file /home/suyog/miniconda3/envs/fraud_mlops/lib/python3.11/site-packages/airflow/example_dags/example_skip_dag.py for tasks to queue
[2026-06-07T17:49:58.606+0545] {logging_mixin.py:188} INFO - [2026-06-07T17:49:58.606+0545] {dagbag.py:545} INFO - Filling up the DagBag from /home/suyog/miniconda3/envs/fraud_mlops/lib/python3.11/site-packages/airflow/example_dags/example_skip_dag.py
[2026-06-07T17:49:58.613+0545] {processor.py:840} INFO - DAG(s) 'example_skip_dag' retrieved from /home/suyog/miniconda3/envs/fraud_mlops/lib/python3.11/site-packages/airflow/example_dags/example_skip_dag.py
[2026-06-07T17:49:58.629+0545] {logging_mixin.py:188} INFO - [2026-06-07T17:49:58.629+0545] {dag.py:3089} INFO - Sync 1 DAGs
[2026-06-07T17:49:58.643+0545] {logging_mixin.py:188} INFO - [2026-06-07T17:49:58.643+0545] {dag.py:3947} INFO - Setting next_dagrun for example_skip_dag to 2026-06-06 00:00:00+00:00, run_after=2026-06-07 00:00:00+00:00
[2026-06-07T17:49:58.824+0545] {processor.py:183} INFO - Processing /home/suyog/miniconda3/envs/fraud_mlops/lib/python3.11/site-packages/airflow/example_dags/example_skip_dag.py took 0.226 seconds
