[2026-06-07T17:39:51.011+0545] {processor.py:161} INFO - Started process (PID=31937) to work on /home/suyog/miniconda3/envs/fraud_mlops/lib/python3.11/site-packages/airflow/example_dags/example_branch_datetime_operator.py
[2026-06-07T17:39:51.012+0545] {processor.py:830} INFO - Processing file /home/suyog/miniconda3/envs/fraud_mlops/lib/python3.11/site-packages/airflow/example_dags/example_branch_datetime_operator.py for tasks to queue
[2026-06-07T17:39:51.015+0545] {logging_mixin.py:188} INFO - [2026-06-07T17:39:51.014+0545] {dagbag.py:545} INFO - Filling up the DagBag from /home/suyog/miniconda3/envs/fraud_mlops/lib/python3.11/site-packages/airflow/example_dags/example_branch_datetime_operator.py
[2026-06-07T17:39:51.036+0545] {processor.py:840} INFO - DAG(s) 'example_branch_datetime_operator_3', 'example_branch_datetime_operator_2', 'example_branch_datetime_operator' retrieved from /home/suyog/miniconda3/envs/fraud_mlops/lib/python3.11/site-packages/airflow/example_dags/example_branch_datetime_operator.py
[2026-06-07T17:39:51.520+0545] {logging_mixin.py:188} INFO - [2026-06-07T17:39:51.519+0545] {override.py:1858} INFO - Created Permission View: can edit on DAG:example_branch_datetime_operator_3
[2026-06-07T17:39:51.678+0545] {logging_mixin.py:188} INFO - [2026-06-07T17:39:51.677+0545] {override.py:1858} INFO - Created Permission View: can read on DAG:example_branch_datetime_operator_3
[2026-06-07T17:39:51.827+0545] {logging_mixin.py:188} INFO - [2026-06-07T17:39:51.827+0545] {override.py:1858} INFO - Created Permission View: can delete on DAG:example_branch_datetime_operator_3
[2026-06-07T17:39:52.172+0545] {logging_mixin.py:188} INFO - [2026-06-07T17:39:52.171+0545] {override.py:1858} INFO - Created Permission View: can edit on DAG:example_branch_datetime_operator_2
[2026-06-07T17:39:52.321+0545] {logging_mixin.py:188} INFO - [2026-06-07T17:39:52.321+0545] {override.py:1858} INFO - Created Permission View: can read on DAG:example_branch_datetime_operator_2
[2026-06-07T17:39:52.480+0545] {logging_mixin.py:188} INFO - [2026-06-07T17:39:52.480+0545] {override.py:1858} INFO - Created Permission View: can delete on DAG:example_branch_datetime_operator_2
[2026-06-07T17:39:52.783+0545] {logging_mixin.py:188} INFO - [2026-06-07T17:39:52.782+0545] {override.py:1858} INFO - Created Permission View: can edit on DAG:example_branch_datetime_operator
[2026-06-07T17:39:52.949+0545] {logging_mixin.py:188} INFO - [2026-06-07T17:39:52.948+0545] {override.py:1858} INFO - Created Permission View: can read on DAG:example_branch_datetime_operator
[2026-06-07T17:39:53.099+0545] {logging_mixin.py:188} INFO - [2026-06-07T17:39:53.098+0545] {override.py:1858} INFO - Created Permission View: can delete on DAG:example_branch_datetime_operator
[2026-06-07T17:39:53.099+0545] {logging_mixin.py:188} INFO - [2026-06-07T17:39:53.099+0545] {dag.py:3089} INFO - Sync 3 DAGs
[2026-06-07T17:39:53.111+0545] {logging_mixin.py:188} INFO - [2026-06-07T17:39:53.110+0545] {dag.py:3111} INFO - Creating ORM DAG for example_branch_datetime_operator
[2026-06-07T17:39:53.111+0545] {logging_mixin.py:188} INFO - [2026-06-07T17:39:53.111+0545] {dag.py:3111} INFO - Creating ORM DAG for example_branch_datetime_operator_3
[2026-06-07T17:39:53.112+0545] {logging_mixin.py:188} INFO - [2026-06-07T17:39:53.112+0545] {dag.py:3111} INFO - Creating ORM DAG for example_branch_datetime_operator_2
[2026-06-07T17:39:53.121+0545] {logging_mixin.py:188} INFO - [2026-06-07T17:39:53.121+0545] {dag.py:3947} INFO - Setting next_dagrun for example_branch_datetime_operator to 2026-06-06 00:00:00+00:00, run_after=2026-06-07 00:00:00+00:00
[2026-06-07T17:39:53.123+0545] {logging_mixin.py:188} INFO - [2026-06-07T17:39:53.123+0545] {dag.py:3947} INFO - Setting next_dagrun for example_branch_datetime_operator_2 to 2026-06-06 00:00:00+00:00, run_after=2026-06-07 00:00:00+00:00
[2026-06-07T17:39:53.126+0545] {logging_mixin.py:188} INFO - [2026-06-07T17:39:53.125+0545] {dag.py:3947} INFO - Setting next_dagrun for example_branch_datetime_operator_3 to 2026-06-06 00:00:00+00:00, run_after=2026-06-07 00:00:00+00:00
[2026-06-07T17:39:53.351+0545] {processor.py:183} INFO - Processing /home/suyog/miniconda3/envs/fraud_mlops/lib/python3.11/site-packages/airflow/example_dags/example_branch_datetime_operator.py took 2.349 seconds
[2026-06-07T17:41:24.962+0545] {processor.py:161} INFO - Started process (PID=32127) to work on /home/suyog/miniconda3/envs/fraud_mlops/lib/python3.11/site-packages/airflow/example_dags/example_branch_datetime_operator.py
[2026-06-07T17:41:24.993+0545] {processor.py:830} INFO - Processing file /home/suyog/miniconda3/envs/fraud_mlops/lib/python3.11/site-packages/airflow/example_dags/example_branch_datetime_operator.py for tasks to queue
[2026-06-07T17:41:24.994+0545] {logging_mixin.py:188} INFO - [2026-06-07T17:41:24.994+0545] {dagbag.py:545} INFO - Filling up the DagBag from /home/suyog/miniconda3/envs/fraud_mlops/lib/python3.11/site-packages/airflow/example_dags/example_branch_datetime_operator.py
[2026-06-07T17:41:25.005+0545] {processor.py:840} INFO - DAG(s) 'example_branch_datetime_operator', 'example_branch_datetime_operator_3', 'example_branch_datetime_operator_2' retrieved from /home/suyog/miniconda3/envs/fraud_mlops/lib/python3.11/site-packages/airflow/example_dags/example_branch_datetime_operator.py
[2026-06-07T17:41:25.023+0545] {logging_mixin.py:188} INFO - [2026-06-07T17:41:25.023+0545] {dag.py:3089} INFO - Sync 3 DAGs
[2026-06-07T17:41:25.039+0545] {logging_mixin.py:188} INFO - [2026-06-07T17:41:25.039+0545] {dag.py:3947} INFO - Setting next_dagrun for example_branch_datetime_operator to 2026-06-06 00:00:00+00:00, run_after=2026-06-07 00:00:00+00:00
[2026-06-07T17:41:25.042+0545] {logging_mixin.py:188} INFO - [2026-06-07T17:41:25.042+0545] {dag.py:3947} INFO - Setting next_dagrun for example_branch_datetime_operator_2 to 2026-06-06 00:00:00+00:00, run_after=2026-06-07 00:00:00+00:00
[2026-06-07T17:41:25.044+0545] {logging_mixin.py:188} INFO - [2026-06-07T17:41:25.043+0545] {dag.py:3947} INFO - Setting next_dagrun for example_branch_datetime_operator_3 to 2026-06-06 00:00:00+00:00, run_after=2026-06-07 00:00:00+00:00
[2026-06-07T17:41:25.225+0545] {processor.py:183} INFO - Processing /home/suyog/miniconda3/envs/fraud_mlops/lib/python3.11/site-packages/airflow/example_dags/example_branch_datetime_operator.py took 0.272 seconds
[2026-06-07T17:42:35.964+0545] {processor.py:161} INFO - Started process (PID=32318) to work on /home/suyog/miniconda3/envs/fraud_mlops/lib/python3.11/site-packages/airflow/example_dags/example_branch_datetime_operator.py
[2026-06-07T17:42:35.981+0545] {processor.py:830} INFO - Processing file /home/suyog/miniconda3/envs/fraud_mlops/lib/python3.11/site-packages/airflow/example_dags/example_branch_datetime_operator.py for tasks to queue
[2026-06-07T17:42:35.984+0545] {logging_mixin.py:188} INFO - [2026-06-07T17:42:35.983+0545] {dagbag.py:545} INFO - Filling up the DagBag from /home/suyog/miniconda3/envs/fraud_mlops/lib/python3.11/site-packages/airflow/example_dags/example_branch_datetime_operator.py
[2026-06-07T17:42:36.005+0545] {processor.py:840} INFO - DAG(s) 'example_branch_datetime_operator', 'example_branch_datetime_operator_2', 'example_branch_datetime_operator_3' retrieved from /home/suyog/miniconda3/envs/fraud_mlops/lib/python3.11/site-packages/airflow/example_dags/example_branch_datetime_operator.py
[2026-06-07T17:42:36.025+0545] {logging_mixin.py:188} INFO - [2026-06-07T17:42:36.025+0545] {dag.py:3089} INFO - Sync 3 DAGs
[2026-06-07T17:42:36.041+0545] {logging_mixin.py:188} INFO - [2026-06-07T17:42:36.041+0545] {dag.py:3947} INFO - Setting next_dagrun for example_branch_datetime_operator to 2026-06-06 00:00:00+00:00, run_after=2026-06-07 00:00:00+00:00
[2026-06-07T17:42:36.045+0545] {logging_mixin.py:188} INFO - [2026-06-07T17:42:36.045+0545] {dag.py:3947} INFO - Setting next_dagrun for example_branch_datetime_operator_2 to 2026-06-06 00:00:00+00:00, run_after=2026-06-07 00:00:00+00:00
[2026-06-07T17:42:36.047+0545] {logging_mixin.py:188} INFO - [2026-06-07T17:42:36.047+0545] {dag.py:3947} INFO - Setting next_dagrun for example_branch_datetime_operator_3 to 2026-06-06 00:00:00+00:00, run_after=2026-06-07 00:00:00+00:00
[2026-06-07T17:42:36.260+0545] {processor.py:183} INFO - Processing /home/suyog/miniconda3/envs/fraud_mlops/lib/python3.11/site-packages/airflow/example_dags/example_branch_datetime_operator.py took 0.308 seconds
[2026-06-07T17:43:51.665+0545] {processor.py:161} INFO - Started process (PID=32971) to work on /home/suyog/miniconda3/envs/fraud_mlops/lib/python3.11/site-packages/airflow/example_dags/example_branch_datetime_operator.py
[2026-06-07T17:43:51.702+0545] {processor.py:830} INFO - Processing file /home/suyog/miniconda3/envs/fraud_mlops/lib/python3.11/site-packages/airflow/example_dags/example_branch_datetime_operator.py for tasks to queue
[2026-06-07T17:43:51.704+0545] {logging_mixin.py:188} INFO - [2026-06-07T17:43:51.703+0545] {dagbag.py:545} INFO - Filling up the DagBag from /home/suyog/miniconda3/envs/fraud_mlops/lib/python3.11/site-packages/airflow/example_dags/example_branch_datetime_operator.py
[2026-06-07T17:43:51.717+0545] {processor.py:840} INFO - DAG(s) 'example_branch_datetime_operator_3', 'example_branch_datetime_operator', 'example_branch_datetime_operator_2' retrieved from /home/suyog/miniconda3/envs/fraud_mlops/lib/python3.11/site-packages/airflow/example_dags/example_branch_datetime_operator.py
[2026-06-07T17:43:51.741+0545] {logging_mixin.py:188} INFO - [2026-06-07T17:43:51.741+0545] {dag.py:3089} INFO - Sync 3 DAGs
[2026-06-07T17:43:51.757+0545] {logging_mixin.py:188} INFO - [2026-06-07T17:43:51.757+0545] {dag.py:3947} INFO - Setting next_dagrun for example_branch_datetime_operator to 2026-06-06 00:00:00+00:00, run_after=2026-06-07 00:00:00+00:00
[2026-06-07T17:43:51.760+0545] {logging_mixin.py:188} INFO - [2026-06-07T17:43:51.760+0545] {dag.py:3947} INFO - Setting next_dagrun for example_branch_datetime_operator_2 to 2026-06-06 00:00:00+00:00, run_after=2026-06-07 00:00:00+00:00
[2026-06-07T17:43:51.762+0545] {logging_mixin.py:188} INFO - [2026-06-07T17:43:51.762+0545] {dag.py:3947} INFO - Setting next_dagrun for example_branch_datetime_operator_3 to 2026-06-06 00:00:00+00:00, run_after=2026-06-07 00:00:00+00:00
[2026-06-07T17:43:51.925+0545] {processor.py:183} INFO - Processing /home/suyog/miniconda3/envs/fraud_mlops/lib/python3.11/site-packages/airflow/example_dags/example_branch_datetime_operator.py took 0.266 seconds
[2026-06-07T17:44:59.538+0545] {processor.py:161} INFO - Started process (PID=33130) to work on /home/suyog/miniconda3/envs/fraud_mlops/lib/python3.11/site-packages/airflow/example_dags/example_branch_datetime_operator.py
[2026-06-07T17:44:59.539+0545] {processor.py:830} INFO - Processing file /home/suyog/miniconda3/envs/fraud_mlops/lib/python3.11/site-packages/airflow/example_dags/example_branch_datetime_operator.py for tasks to queue
[2026-06-07T17:44:59.541+0545] {logging_mixin.py:188} INFO - [2026-06-07T17:44:59.540+0545] {dagbag.py:545} INFO - Filling up the DagBag from /home/suyog/miniconda3/envs/fraud_mlops/lib/python3.11/site-packages/airflow/example_dags/example_branch_datetime_operator.py
[2026-06-07T17:44:59.552+0545] {processor.py:840} INFO - DAG(s) 'example_branch_datetime_operator', 'example_branch_datetime_operator_2', 'example_branch_datetime_operator_3' retrieved from /home/suyog/miniconda3/envs/fraud_mlops/lib/python3.11/site-packages/airflow/example_dags/example_branch_datetime_operator.py
[2026-06-07T17:44:59.573+0545] {logging_mixin.py:188} INFO - [2026-06-07T17:44:59.573+0545] {dag.py:3089} INFO - Sync 3 DAGs
[2026-06-07T17:44:59.589+0545] {logging_mixin.py:188} INFO - [2026-06-07T17:44:59.588+0545] {dag.py:3947} INFO - Setting next_dagrun for example_branch_datetime_operator to 2026-06-06 00:00:00+00:00, run_after=2026-06-07 00:00:00+00:00
[2026-06-07T17:44:59.592+0545] {logging_mixin.py:188} INFO - [2026-06-07T17:44:59.592+0545] {dag.py:3947} INFO - Setting next_dagrun for example_branch_datetime_operator_2 to 2026-06-06 00:00:00+00:00, run_after=2026-06-07 00:00:00+00:00
[2026-06-07T17:44:59.593+0545] {logging_mixin.py:188} INFO - [2026-06-07T17:44:59.593+0545] {dag.py:3947} INFO - Setting next_dagrun for example_branch_datetime_operator_3 to 2026-06-06 00:00:00+00:00, run_after=2026-06-07 00:00:00+00:00
[2026-06-07T17:44:59.768+0545] {processor.py:183} INFO - Processing /home/suyog/miniconda3/envs/fraud_mlops/lib/python3.11/site-packages/airflow/example_dags/example_branch_datetime_operator.py took 0.235 seconds
[2026-06-07T17:48:16.907+0545] {processor.py:161} INFO - Started process (PID=33442) to work on /home/suyog/miniconda3/envs/fraud_mlops/lib/python3.11/site-packages/airflow/example_dags/example_branch_datetime_operator.py
[2026-06-07T17:48:16.910+0545] {processor.py:830} INFO - Processing file /home/suyog/miniconda3/envs/fraud_mlops/lib/python3.11/site-packages/airflow/example_dags/example_branch_datetime_operator.py for tasks to queue
[2026-06-07T17:48:16.914+0545] {logging_mixin.py:188} INFO - [2026-06-07T17:48:16.913+0545] {dagbag.py:545} INFO - Filling up the DagBag from /home/suyog/miniconda3/envs/fraud_mlops/lib/python3.11/site-packages/airflow/example_dags/example_branch_datetime_operator.py
[2026-06-07T17:48:17.024+0545] {processor.py:840} INFO - DAG(s) 'example_branch_datetime_operator', 'example_branch_datetime_operator_2', 'example_branch_datetime_operator_3' retrieved from /home/suyog/miniconda3/envs/fraud_mlops/lib/python3.11/site-packages/airflow/example_dags/example_branch_datetime_operator.py
[2026-06-07T17:48:17.041+0545] {logging_mixin.py:188} INFO - [2026-06-07T17:48:17.040+0545] {dag.py:3089} INFO - Sync 3 DAGs
[2026-06-07T17:48:17.055+0545] {logging_mixin.py:188} INFO - [2026-06-07T17:48:17.055+0545] {dag.py:3947} INFO - Setting next_dagrun for example_branch_datetime_operator to 2026-06-06 00:00:00+00:00, run_after=2026-06-07 00:00:00+00:00
[2026-06-07T17:48:17.059+0545] {logging_mixin.py:188} INFO - [2026-06-07T17:48:17.059+0545] {dag.py:3947} INFO - Setting next_dagrun for example_branch_datetime_operator_2 to 2026-06-06 00:00:00+00:00, run_after=2026-06-07 00:00:00+00:00
[2026-06-07T17:48:17.060+0545] {logging_mixin.py:188} INFO - [2026-06-07T17:48:17.060+0545] {dag.py:3947} INFO - Setting next_dagrun for example_branch_datetime_operator_3 to 2026-06-06 00:00:00+00:00, run_after=2026-06-07 00:00:00+00:00
[2026-06-07T17:48:17.230+0545] {processor.py:183} INFO - Processing /home/suyog/miniconda3/envs/fraud_mlops/lib/python3.11/site-packages/airflow/example_dags/example_branch_datetime_operator.py took 0.337 seconds
[2026-06-07T17:49:33.053+0545] {processor.py:161} INFO - Started process (PID=33638) to work on /home/suyog/miniconda3/envs/fraud_mlops/lib/python3.11/site-packages/airflow/example_dags/example_branch_datetime_operator.py
[2026-06-07T17:49:33.054+0545] {processor.py:830} INFO - Processing file /home/suyog/miniconda3/envs/fraud_mlops/lib/python3.11/site-packages/airflow/example_dags/example_branch_datetime_operator.py for tasks to queue
[2026-06-07T17:49:33.056+0545] {logging_mixin.py:188} INFO - [2026-06-07T17:49:33.055+0545] {dagbag.py:545} INFO - Filling up the DagBag from /home/suyog/miniconda3/envs/fraud_mlops/lib/python3.11/site-packages/airflow/example_dags/example_branch_datetime_operator.py
[2026-06-07T17:49:33.065+0545] {processor.py:840} INFO - DAG(s) 'example_branch_datetime_operator_3', 'example_branch_datetime_operator_2', 'example_branch_datetime_operator' retrieved from /home/suyog/miniconda3/envs/fraud_mlops/lib/python3.11/site-packages/airflow/example_dags/example_branch_datetime_operator.py
[2026-06-07T17:49:33.080+0545] {logging_mixin.py:188} INFO - [2026-06-07T17:49:33.080+0545] {dag.py:3089} INFO - Sync 3 DAGs
[2026-06-07T17:49:33.096+0545] {logging_mixin.py:188} INFO - [2026-06-07T17:49:33.096+0545] {dag.py:3947} INFO - Setting next_dagrun for example_branch_datetime_operator to 2026-06-06 00:00:00+00:00, run_after=2026-06-07 00:00:00+00:00
[2026-06-07T17:49:33.100+0545] {logging_mixin.py:188} INFO - [2026-06-07T17:49:33.099+0545] {dag.py:3947} INFO - Setting next_dagrun for example_branch_datetime_operator_2 to 2026-06-06 00:00:00+00:00, run_after=2026-06-07 00:00:00+00:00
[2026-06-07T17:49:33.101+0545] {logging_mixin.py:188} INFO - [2026-06-07T17:49:33.101+0545] {dag.py:3947} INFO - Setting next_dagrun for example_branch_datetime_operator_3 to 2026-06-06 00:00:00+00:00, run_after=2026-06-07 00:00:00+00:00
[2026-06-07T17:49:33.308+0545] {processor.py:183} INFO - Processing /home/suyog/miniconda3/envs/fraud_mlops/lib/python3.11/site-packages/airflow/example_dags/example_branch_datetime_operator.py took 0.260 seconds
