[2026-06-07T17:39:11.147+0545] {processor.py:161} INFO - Started process (PID=31858) to work on /home/suyog/miniconda3/envs/fraud_mlops/lib/python3.11/site-packages/airflow/example_dags/example_params_trigger_ui.py
[2026-06-07T17:39:11.149+0545] {processor.py:830} INFO - Processing file /home/suyog/miniconda3/envs/fraud_mlops/lib/python3.11/site-packages/airflow/example_dags/example_params_trigger_ui.py for tasks to queue
[2026-06-07T17:39:11.152+0545] {logging_mixin.py:188} INFO - [2026-06-07T17:39:11.152+0545] {dagbag.py:545} INFO - Filling up the DagBag from /home/suyog/miniconda3/envs/fraud_mlops/lib/python3.11/site-packages/airflow/example_dags/example_params_trigger_ui.py
[2026-06-07T17:39:11.166+0545] {processor.py:840} INFO - DAG(s) 'example_params_trigger_ui' retrieved from /home/suyog/miniconda3/envs/fraud_mlops/lib/python3.11/site-packages/airflow/example_dags/example_params_trigger_ui.py
[2026-06-07T17:39:11.669+0545] {logging_mixin.py:188} INFO - [2026-06-07T17:39:11.668+0545] {override.py:1858} INFO - Created Permission View: can edit on DAG:example_params_trigger_ui
[2026-06-07T17:39:11.836+0545] {logging_mixin.py:188} INFO - [2026-06-07T17:39:11.835+0545] {override.py:1858} INFO - Created Permission View: can read on DAG:example_params_trigger_ui
[2026-06-07T17:39:12.028+0545] {logging_mixin.py:188} INFO - [2026-06-07T17:39:12.027+0545] {override.py:1858} INFO - Created Permission View: can delete on DAG:example_params_trigger_ui
[2026-06-07T17:39:12.029+0545] {logging_mixin.py:188} INFO - [2026-06-07T17:39:12.029+0545] {dag.py:3089} INFO - Sync 1 DAGs
[2026-06-07T17:39:12.062+0545] {logging_mixin.py:188} INFO - [2026-06-07T17:39:12.061+0545] {dag.py:3111} INFO - Creating ORM DAG for example_params_trigger_ui
[2026-06-07T17:39:12.063+0545] {logging_mixin.py:188} INFO - [2026-06-07T17:39:12.063+0545] {dag.py:3947} INFO - Setting next_dagrun for example_params_trigger_ui to None, run_after=None
[2026-06-07T17:39:12.263+0545] {processor.py:183} INFO - Processing /home/suyog/miniconda3/envs/fraud_mlops/lib/python3.11/site-packages/airflow/example_dags/example_params_trigger_ui.py took 1.132 seconds
[2026-06-07T17:40:41.628+0545] {processor.py:161} INFO - Started process (PID=32040) to work on /home/suyog/miniconda3/envs/fraud_mlops/lib/python3.11/site-packages/airflow/example_dags/example_params_trigger_ui.py
[2026-06-07T17:40:41.630+0545] {processor.py:830} INFO - Processing file /home/suyog/miniconda3/envs/fraud_mlops/lib/python3.11/site-packages/airflow/example_dags/example_params_trigger_ui.py for tasks to queue
[2026-06-07T17:40:41.634+0545] {logging_mixin.py:188} INFO - [2026-06-07T17:40:41.633+0545] {dagbag.py:545} INFO - Filling up the DagBag from /home/suyog/miniconda3/envs/fraud_mlops/lib/python3.11/site-packages/airflow/example_dags/example_params_trigger_ui.py
[2026-06-07T17:40:41.649+0545] {processor.py:840} INFO - DAG(s) 'example_params_trigger_ui' retrieved from /home/suyog/miniconda3/envs/fraud_mlops/lib/python3.11/site-packages/airflow/example_dags/example_params_trigger_ui.py
[2026-06-07T17:40:41.681+0545] {logging_mixin.py:188} INFO - [2026-06-07T17:40:41.681+0545] {dag.py:3089} INFO - Sync 1 DAGs
[2026-06-07T17:40:41.689+0545] {logging_mixin.py:188} INFO - [2026-06-07T17:40:41.689+0545] {dag.py:3947} INFO - Setting next_dagrun for example_params_trigger_ui to None, run_after=None
[2026-06-07T17:40:41.866+0545] {processor.py:183} INFO - Processing /home/suyog/miniconda3/envs/fraud_mlops/lib/python3.11/site-packages/airflow/example_dags/example_params_trigger_ui.py took 0.252 seconds
[2026-06-07T17:41:51.400+0545] {processor.py:161} INFO - Started process (PID=32199) to work on /home/suyog/miniconda3/envs/fraud_mlops/lib/python3.11/site-packages/airflow/example_dags/example_params_trigger_ui.py
[2026-06-07T17:41:51.402+0545] {processor.py:830} INFO - Processing file /home/suyog/miniconda3/envs/fraud_mlops/lib/python3.11/site-packages/airflow/example_dags/example_params_trigger_ui.py for tasks to queue
[2026-06-07T17:41:51.404+0545] {logging_mixin.py:188} INFO - [2026-06-07T17:41:51.403+0545] {dagbag.py:545} INFO - Filling up the DagBag from /home/suyog/miniconda3/envs/fraud_mlops/lib/python3.11/site-packages/airflow/example_dags/example_params_trigger_ui.py
[2026-06-07T17:41:51.413+0545] {processor.py:840} INFO - DAG(s) 'example_params_trigger_ui' retrieved from /home/suyog/miniconda3/envs/fraud_mlops/lib/python3.11/site-packages/airflow/example_dags/example_params_trigger_ui.py
[2026-06-07T17:41:51.445+0545] {logging_mixin.py:188} INFO - [2026-06-07T17:41:51.444+0545] {dag.py:3089} INFO - Sync 1 DAGs
[2026-06-07T17:41:51.452+0545] {logging_mixin.py:188} INFO - [2026-06-07T17:41:51.452+0545] {dag.py:3947} INFO - Setting next_dagrun for example_params_trigger_ui to None, run_after=None
[2026-06-07T17:41:51.731+0545] {processor.py:183} INFO - Processing /home/suyog/miniconda3/envs/fraud_mlops/lib/python3.11/site-packages/airflow/example_dags/example_params_trigger_ui.py took 0.335 seconds
[2026-06-07T17:43:05.173+0545] {processor.py:161} INFO - Started process (PID=32393) to work on /home/suyog/miniconda3/envs/fraud_mlops/lib/python3.11/site-packages/airflow/example_dags/example_params_trigger_ui.py
[2026-06-07T17:43:05.189+0545] {processor.py:830} INFO - Processing file /home/suyog/miniconda3/envs/fraud_mlops/lib/python3.11/site-packages/airflow/example_dags/example_params_trigger_ui.py for tasks to queue
[2026-06-07T17:43:05.191+0545] {logging_mixin.py:188} INFO - [2026-06-07T17:43:05.190+0545] {dagbag.py:545} INFO - Filling up the DagBag from /home/suyog/miniconda3/envs/fraud_mlops/lib/python3.11/site-packages/airflow/example_dags/example_params_trigger_ui.py
[2026-06-07T17:43:05.198+0545] {processor.py:840} INFO - DAG(s) 'example_params_trigger_ui' retrieved from /home/suyog/miniconda3/envs/fraud_mlops/lib/python3.11/site-packages/airflow/example_dags/example_params_trigger_ui.py
[2026-06-07T17:43:05.229+0545] {logging_mixin.py:188} INFO - [2026-06-07T17:43:05.229+0545] {dag.py:3089} INFO - Sync 1 DAGs
[2026-06-07T17:43:05.237+0545] {logging_mixin.py:188} INFO - [2026-06-07T17:43:05.237+0545] {dag.py:3947} INFO - Setting next_dagrun for example_params_trigger_ui to None, run_after=None
[2026-06-07T17:43:05.407+0545] {processor.py:183} INFO - Processing /home/suyog/miniconda3/envs/fraud_mlops/lib/python3.11/site-packages/airflow/example_dags/example_params_trigger_ui.py took 0.238 seconds
[2026-06-07T17:44:18.392+0545] {processor.py:161} INFO - Started process (PID=33048) to work on /home/suyog/miniconda3/envs/fraud_mlops/lib/python3.11/site-packages/airflow/example_dags/example_params_trigger_ui.py
[2026-06-07T17:44:18.419+0545] {processor.py:830} INFO - Processing file /home/suyog/miniconda3/envs/fraud_mlops/lib/python3.11/site-packages/airflow/example_dags/example_params_trigger_ui.py for tasks to queue
[2026-06-07T17:44:18.421+0545] {logging_mixin.py:188} INFO - [2026-06-07T17:44:18.421+0545] {dagbag.py:545} INFO - Filling up the DagBag from /home/suyog/miniconda3/envs/fraud_mlops/lib/python3.11/site-packages/airflow/example_dags/example_params_trigger_ui.py
[2026-06-07T17:44:18.430+0545] {processor.py:840} INFO - DAG(s) 'example_params_trigger_ui' retrieved from /home/suyog/miniconda3/envs/fraud_mlops/lib/python3.11/site-packages/airflow/example_dags/example_params_trigger_ui.py
[2026-06-07T17:44:18.460+0545] {logging_mixin.py:188} INFO - [2026-06-07T17:44:18.460+0545] {dag.py:3089} INFO - Sync 1 DAGs
[2026-06-07T17:44:18.469+0545] {logging_mixin.py:188} INFO - [2026-06-07T17:44:18.469+0545] {dag.py:3947} INFO - Setting next_dagrun for example_params_trigger_ui to None, run_after=None
[2026-06-07T17:44:18.645+0545] {processor.py:183} INFO - Processing /home/suyog/miniconda3/envs/fraud_mlops/lib/python3.11/site-packages/airflow/example_dags/example_params_trigger_ui.py took 0.262 seconds
[2026-06-07T17:45:27.731+0545] {processor.py:161} INFO - Started process (PID=33207) to work on /home/suyog/miniconda3/envs/fraud_mlops/lib/python3.11/site-packages/airflow/example_dags/example_params_trigger_ui.py
[2026-06-07T17:45:27.758+0545] {processor.py:830} INFO - Processing file /home/suyog/miniconda3/envs/fraud_mlops/lib/python3.11/site-packages/airflow/example_dags/example_params_trigger_ui.py for tasks to queue
[2026-06-07T17:45:27.760+0545] {logging_mixin.py:188} INFO - [2026-06-07T17:45:27.760+0545] {dagbag.py:545} INFO - Filling up the DagBag from /home/suyog/miniconda3/envs/fraud_mlops/lib/python3.11/site-packages/airflow/example_dags/example_params_trigger_ui.py
[2026-06-07T17:45:27.776+0545] {processor.py:840} INFO - DAG(s) 'example_params_trigger_ui' retrieved from /home/suyog/miniconda3/envs/fraud_mlops/lib/python3.11/site-packages/airflow/example_dags/example_params_trigger_ui.py
[2026-06-07T17:45:27.816+0545] {logging_mixin.py:188} INFO - [2026-06-07T17:45:27.815+0545] {dag.py:3089} INFO - Sync 1 DAGs
[2026-06-07T17:45:27.824+0545] {logging_mixin.py:188} INFO - [2026-06-07T17:45:27.823+0545] {dag.py:3947} INFO - Setting next_dagrun for example_params_trigger_ui to None, run_after=None
[2026-06-07T17:45:28.200+0545] {processor.py:183} INFO - Processing /home/suyog/miniconda3/envs/fraud_mlops/lib/python3.11/site-packages/airflow/example_dags/example_params_trigger_ui.py took 0.473 seconds
[2026-06-07T17:47:54.270+0545] {processor.py:161} INFO - Started process (PID=33397) to work on /home/suyog/miniconda3/envs/fraud_mlops/lib/python3.11/site-packages/airflow/example_dags/example_params_trigger_ui.py
[2026-06-07T17:47:54.297+0545] {processor.py:830} INFO - Processing file /home/suyog/miniconda3/envs/fraud_mlops/lib/python3.11/site-packages/airflow/example_dags/example_params_trigger_ui.py for tasks to queue
[2026-06-07T17:47:54.299+0545] {logging_mixin.py:188} INFO - [2026-06-07T17:47:54.299+0545] {dagbag.py:545} INFO - Filling up the DagBag from /home/suyog/miniconda3/envs/fraud_mlops/lib/python3.11/site-packages/airflow/example_dags/example_params_trigger_ui.py
[2026-06-07T17:47:54.315+0545] {processor.py:840} INFO - DAG(s) 'example_params_trigger_ui' retrieved from /home/suyog/miniconda3/envs/fraud_mlops/lib/python3.11/site-packages/airflow/example_dags/example_params_trigger_ui.py
[2026-06-07T17:47:54.359+0545] {logging_mixin.py:188} INFO - [2026-06-07T17:47:54.359+0545] {dag.py:3089} INFO - Sync 1 DAGs
[2026-06-07T17:47:54.460+0545] {logging_mixin.py:188} INFO - [2026-06-07T17:47:54.459+0545] {dag.py:3947} INFO - Setting next_dagrun for example_params_trigger_ui to None, run_after=None
[2026-06-07T17:47:54.614+0545] {processor.py:183} INFO - Processing /home/suyog/miniconda3/envs/fraud_mlops/lib/python3.11/site-packages/airflow/example_dags/example_params_trigger_ui.py took 0.349 seconds
[2026-06-07T17:49:13.114+0545] {processor.py:161} INFO - Started process (PID=33604) to work on /home/suyog/miniconda3/envs/fraud_mlops/lib/python3.11/site-packages/airflow/example_dags/example_params_trigger_ui.py
[2026-06-07T17:49:13.115+0545] {processor.py:830} INFO - Processing file /home/suyog/miniconda3/envs/fraud_mlops/lib/python3.11/site-packages/airflow/example_dags/example_params_trigger_ui.py for tasks to queue
[2026-06-07T17:49:13.118+0545] {logging_mixin.py:188} INFO - [2026-06-07T17:49:13.118+0545] {dagbag.py:545} INFO - Filling up the DagBag from /home/suyog/miniconda3/envs/fraud_mlops/lib/python3.11/site-packages/airflow/example_dags/example_params_trigger_ui.py
[2026-06-07T17:49:13.132+0545] {processor.py:840} INFO - DAG(s) 'example_params_trigger_ui' retrieved from /home/suyog/miniconda3/envs/fraud_mlops/lib/python3.11/site-packages/airflow/example_dags/example_params_trigger_ui.py
[2026-06-07T17:49:13.165+0545] {logging_mixin.py:188} INFO - [2026-06-07T17:49:13.164+0545] {dag.py:3089} INFO - Sync 1 DAGs
[2026-06-07T17:49:13.174+0545] {logging_mixin.py:188} INFO - [2026-06-07T17:49:13.173+0545] {dag.py:3947} INFO - Setting next_dagrun for example_params_trigger_ui to None, run_after=None
[2026-06-07T17:49:13.377+0545] {processor.py:183} INFO - Processing /home/suyog/miniconda3/envs/fraud_mlops/lib/python3.11/site-packages/airflow/example_dags/example_params_trigger_ui.py took 0.274 seconds
[2026-06-07T17:50:21.722+0545] {processor.py:161} INFO - Started process (PID=33699) to work on /home/suyog/miniconda3/envs/fraud_mlops/lib/python3.11/site-packages/airflow/example_dags/example_params_trigger_ui.py
[2026-06-07T17:50:21.749+0545] {processor.py:830} INFO - Processing file /home/suyog/miniconda3/envs/fraud_mlops/lib/python3.11/site-packages/airflow/example_dags/example_params_trigger_ui.py for tasks to queue
[2026-06-07T17:50:21.754+0545] {logging_mixin.py:188} INFO - [2026-06-07T17:50:21.753+0545] {dagbag.py:545} INFO - Filling up the DagBag from /home/suyog/miniconda3/envs/fraud_mlops/lib/python3.11/site-packages/airflow/example_dags/example_params_trigger_ui.py
[2026-06-07T17:50:21.778+0545] {processor.py:840} INFO - DAG(s) 'example_params_trigger_ui' retrieved from /home/suyog/miniconda3/envs/fraud_mlops/lib/python3.11/site-packages/airflow/example_dags/example_params_trigger_ui.py
[2026-06-07T17:50:21.814+0545] {logging_mixin.py:188} INFO - [2026-06-07T17:50:21.814+0545] {dag.py:3089} INFO - Sync 1 DAGs
[2026-06-07T17:50:21.822+0545] {logging_mixin.py:188} INFO - [2026-06-07T17:50:21.822+0545] {dag.py:3947} INFO - Setting next_dagrun for example_params_trigger_ui to None, run_after=None
[2026-06-07T17:50:22.002+0545] {processor.py:183} INFO - Processing /home/suyog/miniconda3/envs/fraud_mlops/lib/python3.11/site-packages/airflow/example_dags/example_params_trigger_ui.py took 0.293 seconds
