[2026-06-07T17:39:46.129+0545] {processor.py:161} INFO - Started process (PID=31914) to work on /home/suyog/miniconda3/envs/fraud_mlops/lib/python3.11/site-packages/airflow/example_dags/example_branch_labels.py
[2026-06-07T17:39:46.129+0545] {processor.py:830} INFO - Processing file /home/suyog/miniconda3/envs/fraud_mlops/lib/python3.11/site-packages/airflow/example_dags/example_branch_labels.py for tasks to queue
[2026-06-07T17:39:46.130+0545] {logging_mixin.py:188} INFO - [2026-06-07T17:39:46.130+0545] {dagbag.py:545} INFO - Filling up the DagBag from /home/suyog/miniconda3/envs/fraud_mlops/lib/python3.11/site-packages/airflow/example_dags/example_branch_labels.py
[2026-06-07T17:39:46.136+0545] {processor.py:840} INFO - DAG(s) 'example_branch_labels' retrieved from /home/suyog/miniconda3/envs/fraud_mlops/lib/python3.11/site-packages/airflow/example_dags/example_branch_labels.py
[2026-06-07T17:39:46.751+0545] {logging_mixin.py:188} INFO - [2026-06-07T17:39:46.750+0545] {override.py:1858} INFO - Created Permission View: can edit on DAG:example_branch_labels
[2026-06-07T17:39:46.900+0545] {logging_mixin.py:188} INFO - [2026-06-07T17:39:46.899+0545] {override.py:1858} INFO - Created Permission View: can read on DAG:example_branch_labels
[2026-06-07T17:39:47.051+0545] {logging_mixin.py:188} INFO - [2026-06-07T17:39:47.050+0545] {override.py:1858} INFO - Created Permission View: can delete on DAG:example_branch_labels
[2026-06-07T17:39:47.053+0545] {logging_mixin.py:188} INFO - [2026-06-07T17:39:47.052+0545] {dag.py:3089} INFO - Sync 1 DAGs
[2026-06-07T17:39:47.080+0545] {logging_mixin.py:188} INFO - [2026-06-07T17:39:47.079+0545] {dag.py:3111} INFO - Creating ORM DAG for example_branch_labels
[2026-06-07T17:39:47.091+0545] {logging_mixin.py:188} INFO - [2026-06-07T17:39:47.091+0545] {dag.py:3947} INFO - Setting next_dagrun for example_branch_labels to 2026-06-06 00:00:00+00:00, run_after=2026-06-07 00:00:00+00:00
[2026-06-07T17:39:47.259+0545] {processor.py:183} INFO - Processing /home/suyog/miniconda3/envs/fraud_mlops/lib/python3.11/site-packages/airflow/example_dags/example_branch_labels.py took 1.135 seconds
[2026-06-07T17:41:22.099+0545] {processor.py:161} INFO - Started process (PID=32125) to work on /home/suyog/miniconda3/envs/fraud_mlops/lib/python3.11/site-packages/airflow/example_dags/example_branch_labels.py
[2026-06-07T17:41:22.100+0545] {processor.py:830} INFO - Processing file /home/suyog/miniconda3/envs/fraud_mlops/lib/python3.11/site-packages/airflow/example_dags/example_branch_labels.py for tasks to queue
[2026-06-07T17:41:22.101+0545] {logging_mixin.py:188} INFO - [2026-06-07T17:41:22.101+0545] {dagbag.py:545} INFO - Filling up the DagBag from /home/suyog/miniconda3/envs/fraud_mlops/lib/python3.11/site-packages/airflow/example_dags/example_branch_labels.py
[2026-06-07T17:41:22.110+0545] {processor.py:840} INFO - DAG(s) 'example_branch_labels' retrieved from /home/suyog/miniconda3/envs/fraud_mlops/lib/python3.11/site-packages/airflow/example_dags/example_branch_labels.py
[2026-06-07T17:41:22.127+0545] {logging_mixin.py:188} INFO - [2026-06-07T17:41:22.127+0545] {dag.py:3089} INFO - Sync 1 DAGs
[2026-06-07T17:41:22.143+0545] {logging_mixin.py:188} INFO - [2026-06-07T17:41:22.142+0545] {dag.py:3947} INFO - Setting next_dagrun for example_branch_labels to 2026-06-06 00:00:00+00:00, run_after=2026-06-07 00:00:00+00:00
[2026-06-07T17:41:22.327+0545] {processor.py:183} INFO - Processing /home/suyog/miniconda3/envs/fraud_mlops/lib/python3.11/site-packages/airflow/example_dags/example_branch_labels.py took 0.235 seconds
[2026-06-07T17:42:34.061+0545] {processor.py:161} INFO - Started process (PID=32316) to work on /home/suyog/miniconda3/envs/fraud_mlops/lib/python3.11/site-packages/airflow/example_dags/example_branch_labels.py
[2026-06-07T17:42:34.062+0545] {processor.py:830} INFO - Processing file /home/suyog/miniconda3/envs/fraud_mlops/lib/python3.11/site-packages/airflow/example_dags/example_branch_labels.py for tasks to queue
[2026-06-07T17:42:34.063+0545] {logging_mixin.py:188} INFO - [2026-06-07T17:42:34.063+0545] {dagbag.py:545} INFO - Filling up the DagBag from /home/suyog/miniconda3/envs/fraud_mlops/lib/python3.11/site-packages/airflow/example_dags/example_branch_labels.py
[2026-06-07T17:42:34.069+0545] {processor.py:840} INFO - DAG(s) 'example_branch_labels' retrieved from /home/suyog/miniconda3/envs/fraud_mlops/lib/python3.11/site-packages/airflow/example_dags/example_branch_labels.py
[2026-06-07T17:42:34.082+0545] {logging_mixin.py:188} INFO - [2026-06-07T17:42:34.082+0545] {dag.py:3089} INFO - Sync 1 DAGs
[2026-06-07T17:42:34.098+0545] {logging_mixin.py:188} INFO - [2026-06-07T17:42:34.097+0545] {dag.py:3947} INFO - Setting next_dagrun for example_branch_labels to 2026-06-06 00:00:00+00:00, run_after=2026-06-07 00:00:00+00:00
[2026-06-07T17:42:34.271+0545] {processor.py:183} INFO - Processing /home/suyog/miniconda3/envs/fraud_mlops/lib/python3.11/site-packages/airflow/example_dags/example_branch_labels.py took 0.215 seconds
[2026-06-07T17:43:49.350+0545] {processor.py:161} INFO - Started process (PID=32957) to work on /home/suyog/miniconda3/envs/fraud_mlops/lib/python3.11/site-packages/airflow/example_dags/example_branch_labels.py
[2026-06-07T17:43:49.394+0545] {processor.py:830} INFO - Processing file /home/suyog/miniconda3/envs/fraud_mlops/lib/python3.11/site-packages/airflow/example_dags/example_branch_labels.py for tasks to queue
[2026-06-07T17:43:49.398+0545] {logging_mixin.py:188} INFO - [2026-06-07T17:43:49.397+0545] {dagbag.py:545} INFO - Filling up the DagBag from /home/suyog/miniconda3/envs/fraud_mlops/lib/python3.11/site-packages/airflow/example_dags/example_branch_labels.py
[2026-06-07T17:43:49.423+0545] {processor.py:840} INFO - DAG(s) 'example_branch_labels' retrieved from /home/suyog/miniconda3/envs/fraud_mlops/lib/python3.11/site-packages/airflow/example_dags/example_branch_labels.py
[2026-06-07T17:43:49.440+0545] {logging_mixin.py:188} INFO - [2026-06-07T17:43:49.439+0545] {dag.py:3089} INFO - Sync 1 DAGs
[2026-06-07T17:43:49.455+0545] {logging_mixin.py:188} INFO - [2026-06-07T17:43:49.455+0545] {dag.py:3947} INFO - Setting next_dagrun for example_branch_labels to 2026-06-06 00:00:00+00:00, run_after=2026-06-07 00:00:00+00:00
[2026-06-07T17:43:49.943+0545] {processor.py:183} INFO - Processing /home/suyog/miniconda3/envs/fraud_mlops/lib/python3.11/site-packages/airflow/example_dags/example_branch_labels.py took 0.608 seconds
[2026-06-07T17:44:57.332+0545] {processor.py:161} INFO - Started process (PID=33123) to work on /home/suyog/miniconda3/envs/fraud_mlops/lib/python3.11/site-packages/airflow/example_dags/example_branch_labels.py
[2026-06-07T17:44:57.365+0545] {processor.py:830} INFO - Processing file /home/suyog/miniconda3/envs/fraud_mlops/lib/python3.11/site-packages/airflow/example_dags/example_branch_labels.py for tasks to queue
[2026-06-07T17:44:57.368+0545] {logging_mixin.py:188} INFO - [2026-06-07T17:44:57.367+0545] {dagbag.py:545} INFO - Filling up the DagBag from /home/suyog/miniconda3/envs/fraud_mlops/lib/python3.11/site-packages/airflow/example_dags/example_branch_labels.py
[2026-06-07T17:44:57.387+0545] {processor.py:840} INFO - DAG(s) 'example_branch_labels' retrieved from /home/suyog/miniconda3/envs/fraud_mlops/lib/python3.11/site-packages/airflow/example_dags/example_branch_labels.py
[2026-06-07T17:44:57.412+0545] {logging_mixin.py:188} INFO - [2026-06-07T17:44:57.412+0545] {dag.py:3089} INFO - Sync 1 DAGs
[2026-06-07T17:44:57.428+0545] {logging_mixin.py:188} INFO - [2026-06-07T17:44:57.428+0545] {dag.py:3947} INFO - Setting next_dagrun for example_branch_labels to 2026-06-06 00:00:00+00:00, run_after=2026-06-07 00:00:00+00:00
[2026-06-07T17:44:57.623+0545] {processor.py:183} INFO - Processing /home/suyog/miniconda3/envs/fraud_mlops/lib/python3.11/site-packages/airflow/example_dags/example_branch_labels.py took 0.296 seconds
[2026-06-07T17:48:14.848+0545] {processor.py:161} INFO - Started process (PID=33440) to work on /home/suyog/miniconda3/envs/fraud_mlops/lib/python3.11/site-packages/airflow/example_dags/example_branch_labels.py
[2026-06-07T17:48:14.881+0545] {processor.py:830} INFO - Processing file /home/suyog/miniconda3/envs/fraud_mlops/lib/python3.11/site-packages/airflow/example_dags/example_branch_labels.py for tasks to queue
[2026-06-07T17:48:14.884+0545] {logging_mixin.py:188} INFO - [2026-06-07T17:48:14.883+0545] {dagbag.py:545} INFO - Filling up the DagBag from /home/suyog/miniconda3/envs/fraud_mlops/lib/python3.11/site-packages/airflow/example_dags/example_branch_labels.py
[2026-06-07T17:48:14.896+0545] {processor.py:840} INFO - DAG(s) 'example_branch_labels' retrieved from /home/suyog/miniconda3/envs/fraud_mlops/lib/python3.11/site-packages/airflow/example_dags/example_branch_labels.py
[2026-06-07T17:48:15.001+0545] {logging_mixin.py:188} INFO - [2026-06-07T17:48:15.001+0545] {dag.py:3089} INFO - Sync 1 DAGs
[2026-06-07T17:48:15.018+0545] {logging_mixin.py:188} INFO - [2026-06-07T17:48:15.017+0545] {dag.py:3947} INFO - Setting next_dagrun for example_branch_labels to 2026-06-06 00:00:00+00:00, run_after=2026-06-07 00:00:00+00:00
[2026-06-07T17:48:15.177+0545] {processor.py:183} INFO - Processing /home/suyog/miniconda3/envs/fraud_mlops/lib/python3.11/site-packages/airflow/example_dags/example_branch_labels.py took 0.333 seconds
[2026-06-07T17:49:30.947+0545] {processor.py:161} INFO - Started process (PID=33636) to work on /home/suyog/miniconda3/envs/fraud_mlops/lib/python3.11/site-packages/airflow/example_dags/example_branch_labels.py
[2026-06-07T17:49:30.972+0545] {processor.py:830} INFO - Processing file /home/suyog/miniconda3/envs/fraud_mlops/lib/python3.11/site-packages/airflow/example_dags/example_branch_labels.py for tasks to queue
[2026-06-07T17:49:30.975+0545] {logging_mixin.py:188} INFO - [2026-06-07T17:49:30.974+0545] {dagbag.py:545} INFO - Filling up the DagBag from /home/suyog/miniconda3/envs/fraud_mlops/lib/python3.11/site-packages/airflow/example_dags/example_branch_labels.py
[2026-06-07T17:49:30.990+0545] {processor.py:840} INFO - DAG(s) 'example_branch_labels' retrieved from /home/suyog/miniconda3/envs/fraud_mlops/lib/python3.11/site-packages/airflow/example_dags/example_branch_labels.py
[2026-06-07T17:49:31.009+0545] {logging_mixin.py:188} INFO - [2026-06-07T17:49:31.009+0545] {dag.py:3089} INFO - Sync 1 DAGs
[2026-06-07T17:49:31.024+0545] {logging_mixin.py:188} INFO - [2026-06-07T17:49:31.024+0545] {dag.py:3947} INFO - Setting next_dagrun for example_branch_labels to 2026-06-06 00:00:00+00:00, run_after=2026-06-07 00:00:00+00:00
[2026-06-07T17:49:31.194+0545] {processor.py:183} INFO - Processing /home/suyog/miniconda3/envs/fraud_mlops/lib/python3.11/site-packages/airflow/example_dags/example_branch_labels.py took 0.257 seconds
