[2026-06-07T17:38:56.256+0545] {processor.py:161} INFO - Started process (PID=31848) to work on /home/suyog/miniconda3/envs/fraud_mlops/lib/python3.11/site-packages/airflow/example_dags/example_setup_teardown.py
[2026-06-07T17:38:56.256+0545] {processor.py:830} INFO - Processing file /home/suyog/miniconda3/envs/fraud_mlops/lib/python3.11/site-packages/airflow/example_dags/example_setup_teardown.py for tasks to queue
[2026-06-07T17:38:56.258+0545] {logging_mixin.py:188} INFO - [2026-06-07T17:38:56.258+0545] {dagbag.py:545} INFO - Filling up the DagBag from /home/suyog/miniconda3/envs/fraud_mlops/lib/python3.11/site-packages/airflow/example_dags/example_setup_teardown.py
[2026-06-07T17:38:56.264+0545] {processor.py:840} INFO - DAG(s) 'example_setup_teardown' retrieved from /home/suyog/miniconda3/envs/fraud_mlops/lib/python3.11/site-packages/airflow/example_dags/example_setup_teardown.py
[2026-06-07T17:38:56.714+0545] {logging_mixin.py:188} INFO - [2026-06-07T17:38:56.712+0545] {override.py:1858} INFO - Created Permission View: can edit on DAG:example_setup_teardown
[2026-06-07T17:38:56.881+0545] {logging_mixin.py:188} INFO - [2026-06-07T17:38:56.880+0545] {override.py:1858} INFO - Created Permission View: can read on DAG:example_setup_teardown
[2026-06-07T17:38:57.047+0545] {logging_mixin.py:188} INFO - [2026-06-07T17:38:57.046+0545] {override.py:1858} INFO - Created Permission View: can delete on DAG:example_setup_teardown
[2026-06-07T17:38:57.048+0545] {logging_mixin.py:188} INFO - [2026-06-07T17:38:57.047+0545] {dag.py:3089} INFO - Sync 1 DAGs
[2026-06-07T17:38:57.060+0545] {logging_mixin.py:188} INFO - [2026-06-07T17:38:57.059+0545] {dag.py:3111} INFO - Creating ORM DAG for example_setup_teardown
[2026-06-07T17:38:57.068+0545] {logging_mixin.py:188} INFO - [2026-06-07T17:38:57.068+0545] {dag.py:3947} INFO - Setting next_dagrun for example_setup_teardown to 2026-06-06 00:00:00+00:00, run_after=2026-06-07 00:00:00+00:00
[2026-06-07T17:38:57.241+0545] {processor.py:183} INFO - Processing /home/suyog/miniconda3/envs/fraud_mlops/lib/python3.11/site-packages/airflow/example_dags/example_setup_teardown.py took 0.990 seconds
[2026-06-07T17:40:32.751+0545] {processor.py:161} INFO - Started process (PID=32019) to work on /home/suyog/miniconda3/envs/fraud_mlops/lib/python3.11/site-packages/airflow/example_dags/example_setup_teardown.py
[2026-06-07T17:40:32.752+0545] {processor.py:830} INFO - Processing file /home/suyog/miniconda3/envs/fraud_mlops/lib/python3.11/site-packages/airflow/example_dags/example_setup_teardown.py for tasks to queue
[2026-06-07T17:40:32.753+0545] {logging_mixin.py:188} INFO - [2026-06-07T17:40:32.753+0545] {dagbag.py:545} INFO - Filling up the DagBag from /home/suyog/miniconda3/envs/fraud_mlops/lib/python3.11/site-packages/airflow/example_dags/example_setup_teardown.py
[2026-06-07T17:40:32.759+0545] {processor.py:840} INFO - DAG(s) 'example_setup_teardown' retrieved from /home/suyog/miniconda3/envs/fraud_mlops/lib/python3.11/site-packages/airflow/example_dags/example_setup_teardown.py
[2026-06-07T17:40:32.772+0545] {logging_mixin.py:188} INFO - [2026-06-07T17:40:32.772+0545] {dag.py:3089} INFO - Sync 1 DAGs
[2026-06-07T17:40:32.787+0545] {logging_mixin.py:188} INFO - [2026-06-07T17:40:32.787+0545] {dag.py:3947} INFO - Setting next_dagrun for example_setup_teardown to 2026-06-06 00:00:00+00:00, run_after=2026-06-07 00:00:00+00:00
[2026-06-07T17:40:33.001+0545] {processor.py:183} INFO - Processing /home/suyog/miniconda3/envs/fraud_mlops/lib/python3.11/site-packages/airflow/example_dags/example_setup_teardown.py took 0.257 seconds
[2026-06-07T17:41:42.132+0545] {processor.py:161} INFO - Started process (PID=32171) to work on /home/suyog/miniconda3/envs/fraud_mlops/lib/python3.11/site-packages/airflow/example_dags/example_setup_teardown.py
[2026-06-07T17:41:42.134+0545] {processor.py:830} INFO - Processing file /home/suyog/miniconda3/envs/fraud_mlops/lib/python3.11/site-packages/airflow/example_dags/example_setup_teardown.py for tasks to queue
[2026-06-07T17:41:42.136+0545] {logging_mixin.py:188} INFO - [2026-06-07T17:41:42.135+0545] {dagbag.py:545} INFO - Filling up the DagBag from /home/suyog/miniconda3/envs/fraud_mlops/lib/python3.11/site-packages/airflow/example_dags/example_setup_teardown.py
[2026-06-07T17:41:42.144+0545] {processor.py:840} INFO - DAG(s) 'example_setup_teardown' retrieved from /home/suyog/miniconda3/envs/fraud_mlops/lib/python3.11/site-packages/airflow/example_dags/example_setup_teardown.py
[2026-06-07T17:41:42.158+0545] {logging_mixin.py:188} INFO - [2026-06-07T17:41:42.158+0545] {dag.py:3089} INFO - Sync 1 DAGs
[2026-06-07T17:41:42.172+0545] {logging_mixin.py:188} INFO - [2026-06-07T17:41:42.172+0545] {dag.py:3947} INFO - Setting next_dagrun for example_setup_teardown to 2026-06-06 00:00:00+00:00, run_after=2026-06-07 00:00:00+00:00
[2026-06-07T17:41:42.336+0545] {processor.py:183} INFO - Processing /home/suyog/miniconda3/envs/fraud_mlops/lib/python3.11/site-packages/airflow/example_dags/example_setup_teardown.py took 0.212 seconds
[2026-06-07T17:42:56.841+0545] {processor.py:161} INFO - Started process (PID=32376) to work on /home/suyog/miniconda3/envs/fraud_mlops/lib/python3.11/site-packages/airflow/example_dags/example_setup_teardown.py
[2026-06-07T17:42:56.864+0545] {processor.py:830} INFO - Processing file /home/suyog/miniconda3/envs/fraud_mlops/lib/python3.11/site-packages/airflow/example_dags/example_setup_teardown.py for tasks to queue
[2026-06-07T17:42:56.866+0545] {logging_mixin.py:188} INFO - [2026-06-07T17:42:56.866+0545] {dagbag.py:545} INFO - Filling up the DagBag from /home/suyog/miniconda3/envs/fraud_mlops/lib/python3.11/site-packages/airflow/example_dags/example_setup_teardown.py
[2026-06-07T17:42:56.875+0545] {processor.py:840} INFO - DAG(s) 'example_setup_teardown' retrieved from /home/suyog/miniconda3/envs/fraud_mlops/lib/python3.11/site-packages/airflow/example_dags/example_setup_teardown.py
[2026-06-07T17:42:56.890+0545] {logging_mixin.py:188} INFO - [2026-06-07T17:42:56.890+0545] {dag.py:3089} INFO - Sync 1 DAGs
[2026-06-07T17:42:56.905+0545] {logging_mixin.py:188} INFO - [2026-06-07T17:42:56.905+0545] {dag.py:3947} INFO - Setting next_dagrun for example_setup_teardown to 2026-06-06 00:00:00+00:00, run_after=2026-06-07 00:00:00+00:00
[2026-06-07T17:42:57.125+0545] {processor.py:183} INFO - Processing /home/suyog/miniconda3/envs/fraud_mlops/lib/python3.11/site-packages/airflow/example_dags/example_setup_teardown.py took 0.291 seconds
[2026-06-07T17:44:10.116+0545] {processor.py:161} INFO - Started process (PID=33019) to work on /home/suyog/miniconda3/envs/fraud_mlops/lib/python3.11/site-packages/airflow/example_dags/example_setup_teardown.py
[2026-06-07T17:44:10.144+0545] {processor.py:830} INFO - Processing file /home/suyog/miniconda3/envs/fraud_mlops/lib/python3.11/site-packages/airflow/example_dags/example_setup_teardown.py for tasks to queue
[2026-06-07T17:44:10.146+0545] {logging_mixin.py:188} INFO - [2026-06-07T17:44:10.145+0545] {dagbag.py:545} INFO - Filling up the DagBag from /home/suyog/miniconda3/envs/fraud_mlops/lib/python3.11/site-packages/airflow/example_dags/example_setup_teardown.py
[2026-06-07T17:44:10.154+0545] {processor.py:840} INFO - DAG(s) 'example_setup_teardown' retrieved from /home/suyog/miniconda3/envs/fraud_mlops/lib/python3.11/site-packages/airflow/example_dags/example_setup_teardown.py
[2026-06-07T17:44:10.172+0545] {logging_mixin.py:188} INFO - [2026-06-07T17:44:10.172+0545] {dag.py:3089} INFO - Sync 1 DAGs
[2026-06-07T17:44:10.188+0545] {logging_mixin.py:188} INFO - [2026-06-07T17:44:10.188+0545] {dag.py:3947} INFO - Setting next_dagrun for example_setup_teardown to 2026-06-06 00:00:00+00:00, run_after=2026-06-07 00:00:00+00:00
[2026-06-07T17:44:10.355+0545] {processor.py:183} INFO - Processing /home/suyog/miniconda3/envs/fraud_mlops/lib/python3.11/site-packages/airflow/example_dags/example_setup_teardown.py took 0.245 seconds
[2026-06-07T17:45:19.439+0545] {processor.py:161} INFO - Started process (PID=33200) to work on /home/suyog/miniconda3/envs/fraud_mlops/lib/python3.11/site-packages/airflow/example_dags/example_setup_teardown.py
[2026-06-07T17:45:19.440+0545] {processor.py:830} INFO - Processing file /home/suyog/miniconda3/envs/fraud_mlops/lib/python3.11/site-packages/airflow/example_dags/example_setup_teardown.py for tasks to queue
[2026-06-07T17:45:19.441+0545] {logging_mixin.py:188} INFO - [2026-06-07T17:45:19.441+0545] {dagbag.py:545} INFO - Filling up the DagBag from /home/suyog/miniconda3/envs/fraud_mlops/lib/python3.11/site-packages/airflow/example_dags/example_setup_teardown.py
[2026-06-07T17:45:19.447+0545] {processor.py:840} INFO - DAG(s) 'example_setup_teardown' retrieved from /home/suyog/miniconda3/envs/fraud_mlops/lib/python3.11/site-packages/airflow/example_dags/example_setup_teardown.py
[2026-06-07T17:45:19.459+0545] {logging_mixin.py:188} INFO - [2026-06-07T17:45:19.459+0545] {dag.py:3089} INFO - Sync 1 DAGs
[2026-06-07T17:45:19.473+0545] {logging_mixin.py:188} INFO - [2026-06-07T17:45:19.472+0545] {dag.py:3947} INFO - Setting next_dagrun for example_setup_teardown to 2026-06-06 00:00:00+00:00, run_after=2026-06-07 00:00:00+00:00
[2026-06-07T17:45:19.669+0545] {processor.py:183} INFO - Processing /home/suyog/miniconda3/envs/fraud_mlops/lib/python3.11/site-packages/airflow/example_dags/example_setup_teardown.py took 0.236 seconds
[2026-06-07T17:47:45.419+0545] {processor.py:161} INFO - Started process (PID=33388) to work on /home/suyog/miniconda3/envs/fraud_mlops/lib/python3.11/site-packages/airflow/example_dags/example_setup_teardown.py
[2026-06-07T17:47:45.420+0545] {processor.py:830} INFO - Processing file /home/suyog/miniconda3/envs/fraud_mlops/lib/python3.11/site-packages/airflow/example_dags/example_setup_teardown.py for tasks to queue
[2026-06-07T17:47:45.422+0545] {logging_mixin.py:188} INFO - [2026-06-07T17:47:45.421+0545] {dagbag.py:545} INFO - Filling up the DagBag from /home/suyog/miniconda3/envs/fraud_mlops/lib/python3.11/site-packages/airflow/example_dags/example_setup_teardown.py
[2026-06-07T17:47:45.428+0545] {processor.py:840} INFO - DAG(s) 'example_setup_teardown' retrieved from /home/suyog/miniconda3/envs/fraud_mlops/lib/python3.11/site-packages/airflow/example_dags/example_setup_teardown.py
[2026-06-07T17:47:45.445+0545] {logging_mixin.py:188} INFO - [2026-06-07T17:47:45.445+0545] {dag.py:3089} INFO - Sync 1 DAGs
[2026-06-07T17:47:45.460+0545] {logging_mixin.py:188} INFO - [2026-06-07T17:47:45.460+0545] {dag.py:3947} INFO - Setting next_dagrun for example_setup_teardown to 2026-06-06 00:00:00+00:00, run_after=2026-06-07 00:00:00+00:00
[2026-06-07T17:47:45.638+0545] {processor.py:183} INFO - Processing /home/suyog/miniconda3/envs/fraud_mlops/lib/python3.11/site-packages/airflow/example_dags/example_setup_teardown.py took 0.224 seconds
[2026-06-07T17:48:53.741+0545] {processor.py:161} INFO - Started process (PID=33569) to work on /home/suyog/miniconda3/envs/fraud_mlops/lib/python3.11/site-packages/airflow/example_dags/example_setup_teardown.py
[2026-06-07T17:48:53.773+0545] {processor.py:830} INFO - Processing file /home/suyog/miniconda3/envs/fraud_mlops/lib/python3.11/site-packages/airflow/example_dags/example_setup_teardown.py for tasks to queue
[2026-06-07T17:48:53.775+0545] {logging_mixin.py:188} INFO - [2026-06-07T17:48:53.775+0545] {dagbag.py:545} INFO - Filling up the DagBag from /home/suyog/miniconda3/envs/fraud_mlops/lib/python3.11/site-packages/airflow/example_dags/example_setup_teardown.py
[2026-06-07T17:48:53.782+0545] {processor.py:840} INFO - DAG(s) 'example_setup_teardown' retrieved from /home/suyog/miniconda3/envs/fraud_mlops/lib/python3.11/site-packages/airflow/example_dags/example_setup_teardown.py
[2026-06-07T17:48:53.798+0545] {logging_mixin.py:188} INFO - [2026-06-07T17:48:53.798+0545] {dag.py:3089} INFO - Sync 1 DAGs
[2026-06-07T17:48:53.815+0545] {logging_mixin.py:188} INFO - [2026-06-07T17:48:53.815+0545] {dag.py:3947} INFO - Setting next_dagrun for example_setup_teardown to 2026-06-06 00:00:00+00:00, run_after=2026-06-07 00:00:00+00:00
[2026-06-07T17:48:54.003+0545] {processor.py:183} INFO - Processing /home/suyog/miniconda3/envs/fraud_mlops/lib/python3.11/site-packages/airflow/example_dags/example_setup_teardown.py took 0.267 seconds
[2026-06-07T17:50:03.730+0545] {processor.py:161} INFO - Started process (PID=33673) to work on /home/suyog/miniconda3/envs/fraud_mlops/lib/python3.11/site-packages/airflow/example_dags/example_setup_teardown.py
[2026-06-07T17:50:03.758+0545] {processor.py:830} INFO - Processing file /home/suyog/miniconda3/envs/fraud_mlops/lib/python3.11/site-packages/airflow/example_dags/example_setup_teardown.py for tasks to queue
[2026-06-07T17:50:03.759+0545] {logging_mixin.py:188} INFO - [2026-06-07T17:50:03.759+0545] {dagbag.py:545} INFO - Filling up the DagBag from /home/suyog/miniconda3/envs/fraud_mlops/lib/python3.11/site-packages/airflow/example_dags/example_setup_teardown.py
[2026-06-07T17:50:03.764+0545] {processor.py:840} INFO - DAG(s) 'example_setup_teardown' retrieved from /home/suyog/miniconda3/envs/fraud_mlops/lib/python3.11/site-packages/airflow/example_dags/example_setup_teardown.py
[2026-06-07T17:50:03.777+0545] {logging_mixin.py:188} INFO - [2026-06-07T17:50:03.777+0545] {dag.py:3089} INFO - Sync 1 DAGs
[2026-06-07T17:50:03.792+0545] {logging_mixin.py:188} INFO - [2026-06-07T17:50:03.792+0545] {dag.py:3947} INFO - Setting next_dagrun for example_setup_teardown to 2026-06-06 00:00:00+00:00, run_after=2026-06-07 00:00:00+00:00
[2026-06-07T17:50:03.929+0545] {processor.py:183} INFO - Processing /home/suyog/miniconda3/envs/fraud_mlops/lib/python3.11/site-packages/airflow/example_dags/example_setup_teardown.py took 0.203 seconds
