[2026-06-07T17:39:54.496+0545] {processor.py:161} INFO - Started process (PID=31938) to work on /home/suyog/miniconda3/envs/fraud_mlops/lib/python3.11/site-packages/airflow/example_dags/example_bash_operator.py
[2026-06-07T17:39:54.497+0545] {processor.py:830} INFO - Processing file /home/suyog/miniconda3/envs/fraud_mlops/lib/python3.11/site-packages/airflow/example_dags/example_bash_operator.py for tasks to queue
[2026-06-07T17:39:54.500+0545] {logging_mixin.py:188} INFO - [2026-06-07T17:39:54.499+0545] {dagbag.py:545} INFO - Filling up the DagBag from /home/suyog/miniconda3/envs/fraud_mlops/lib/python3.11/site-packages/airflow/example_dags/example_bash_operator.py
[2026-06-07T17:39:54.518+0545] {processor.py:840} INFO - DAG(s) 'example_bash_operator' retrieved from /home/suyog/miniconda3/envs/fraud_mlops/lib/python3.11/site-packages/airflow/example_dags/example_bash_operator.py
[2026-06-07T17:39:55.028+0545] {logging_mixin.py:188} INFO - [2026-06-07T17:39:55.026+0545] {override.py:1858} INFO - Created Permission View: can edit on DAG:example_bash_operator
[2026-06-07T17:39:55.201+0545] {logging_mixin.py:188} INFO - [2026-06-07T17:39:55.201+0545] {override.py:1858} INFO - Created Permission View: can read on DAG:example_bash_operator
[2026-06-07T17:39:55.368+0545] {logging_mixin.py:188} INFO - [2026-06-07T17:39:55.368+0545] {override.py:1858} INFO - Created Permission View: can delete on DAG:example_bash_operator
[2026-06-07T17:39:55.369+0545] {logging_mixin.py:188} INFO - [2026-06-07T17:39:55.369+0545] {dag.py:3089} INFO - Sync 1 DAGs
[2026-06-07T17:39:55.376+0545] {logging_mixin.py:188} INFO - [2026-06-07T17:39:55.376+0545] {dag.py:3111} INFO - Creating ORM DAG for example_bash_operator
[2026-06-07T17:39:55.383+0545] {logging_mixin.py:188} INFO - [2026-06-07T17:39:55.383+0545] {dag.py:3947} INFO - Setting next_dagrun for example_bash_operator to 2026-06-06 00:00:00+00:00, run_after=2026-06-07 00:00:00+00:00
[2026-06-07T17:39:55.550+0545] {processor.py:183} INFO - Processing /home/suyog/miniconda3/envs/fraud_mlops/lib/python3.11/site-packages/airflow/example_dags/example_bash_operator.py took 1.064 seconds
[2026-06-07T17:41:25.495+0545] {processor.py:161} INFO - Started process (PID=32128) to work on /home/suyog/miniconda3/envs/fraud_mlops/lib/python3.11/site-packages/airflow/example_dags/example_bash_operator.py
[2026-06-07T17:41:25.496+0545] {processor.py:830} INFO - Processing file /home/suyog/miniconda3/envs/fraud_mlops/lib/python3.11/site-packages/airflow/example_dags/example_bash_operator.py for tasks to queue
[2026-06-07T17:41:25.498+0545] {logging_mixin.py:188} INFO - [2026-06-07T17:41:25.498+0545] {dagbag.py:545} INFO - Filling up the DagBag from /home/suyog/miniconda3/envs/fraud_mlops/lib/python3.11/site-packages/airflow/example_dags/example_bash_operator.py
[2026-06-07T17:41:25.509+0545] {processor.py:840} INFO - DAG(s) 'example_bash_operator' retrieved from /home/suyog/miniconda3/envs/fraud_mlops/lib/python3.11/site-packages/airflow/example_dags/example_bash_operator.py
[2026-06-07T17:41:25.527+0545] {logging_mixin.py:188} INFO - [2026-06-07T17:41:25.527+0545] {dag.py:3089} INFO - Sync 1 DAGs
[2026-06-07T17:41:25.543+0545] {logging_mixin.py:188} INFO - [2026-06-07T17:41:25.543+0545] {dag.py:3947} INFO - Setting next_dagrun for example_bash_operator to 2026-06-06 00:00:00+00:00, run_after=2026-06-07 00:00:00+00:00
[2026-06-07T17:41:25.706+0545] {processor.py:183} INFO - Processing /home/suyog/miniconda3/envs/fraud_mlops/lib/python3.11/site-packages/airflow/example_dags/example_bash_operator.py took 0.220 seconds
[2026-06-07T17:42:37.403+0545] {processor.py:161} INFO - Started process (PID=32319) to work on /home/suyog/miniconda3/envs/fraud_mlops/lib/python3.11/site-packages/airflow/example_dags/example_bash_operator.py
[2026-06-07T17:42:37.433+0545] {processor.py:830} INFO - Processing file /home/suyog/miniconda3/envs/fraud_mlops/lib/python3.11/site-packages/airflow/example_dags/example_bash_operator.py for tasks to queue
[2026-06-07T17:42:37.437+0545] {logging_mixin.py:188} INFO - [2026-06-07T17:42:37.436+0545] {dagbag.py:545} INFO - Filling up the DagBag from /home/suyog/miniconda3/envs/fraud_mlops/lib/python3.11/site-packages/airflow/example_dags/example_bash_operator.py
[2026-06-07T17:42:37.461+0545] {processor.py:840} INFO - DAG(s) 'example_bash_operator' retrieved from /home/suyog/miniconda3/envs/fraud_mlops/lib/python3.11/site-packages/airflow/example_dags/example_bash_operator.py
[2026-06-07T17:42:37.478+0545] {logging_mixin.py:188} INFO - [2026-06-07T17:42:37.478+0545] {dag.py:3089} INFO - Sync 1 DAGs
[2026-06-07T17:42:37.494+0545] {logging_mixin.py:188} INFO - [2026-06-07T17:42:37.494+0545] {dag.py:3947} INFO - Setting next_dagrun for example_bash_operator to 2026-06-06 00:00:00+00:00, run_after=2026-06-07 00:00:00+00:00
[2026-06-07T17:42:37.748+0545] {processor.py:183} INFO - Processing /home/suyog/miniconda3/envs/fraud_mlops/lib/python3.11/site-packages/airflow/example_dags/example_bash_operator.py took 0.350 seconds
[2026-06-07T17:43:52.217+0545] {processor.py:161} INFO - Started process (PID=32976) to work on /home/suyog/miniconda3/envs/fraud_mlops/lib/python3.11/site-packages/airflow/example_dags/example_bash_operator.py
[2026-06-07T17:43:52.219+0545] {processor.py:830} INFO - Processing file /home/suyog/miniconda3/envs/fraud_mlops/lib/python3.11/site-packages/airflow/example_dags/example_bash_operator.py for tasks to queue
[2026-06-07T17:43:52.222+0545] {logging_mixin.py:188} INFO - [2026-06-07T17:43:52.221+0545] {dagbag.py:545} INFO - Filling up the DagBag from /home/suyog/miniconda3/envs/fraud_mlops/lib/python3.11/site-packages/airflow/example_dags/example_bash_operator.py
[2026-06-07T17:43:52.237+0545] {processor.py:840} INFO - DAG(s) 'example_bash_operator' retrieved from /home/suyog/miniconda3/envs/fraud_mlops/lib/python3.11/site-packages/airflow/example_dags/example_bash_operator.py
[2026-06-07T17:43:52.255+0545] {logging_mixin.py:188} INFO - [2026-06-07T17:43:52.255+0545] {dag.py:3089} INFO - Sync 1 DAGs
[2026-06-07T17:43:52.270+0545] {logging_mixin.py:188} INFO - [2026-06-07T17:43:52.269+0545] {dag.py:3947} INFO - Setting next_dagrun for example_bash_operator to 2026-06-06 00:00:00+00:00, run_after=2026-06-07 00:00:00+00:00
[2026-06-07T17:43:52.492+0545] {processor.py:183} INFO - Processing /home/suyog/miniconda3/envs/fraud_mlops/lib/python3.11/site-packages/airflow/example_dags/example_bash_operator.py took 0.288 seconds
[2026-06-07T17:45:00.877+0545] {processor.py:161} INFO - Started process (PID=33131) to work on /home/suyog/miniconda3/envs/fraud_mlops/lib/python3.11/site-packages/airflow/example_dags/example_bash_operator.py
[2026-06-07T17:45:00.908+0545] {processor.py:830} INFO - Processing file /home/suyog/miniconda3/envs/fraud_mlops/lib/python3.11/site-packages/airflow/example_dags/example_bash_operator.py for tasks to queue
[2026-06-07T17:45:00.912+0545] {logging_mixin.py:188} INFO - [2026-06-07T17:45:00.911+0545] {dagbag.py:545} INFO - Filling up the DagBag from /home/suyog/miniconda3/envs/fraud_mlops/lib/python3.11/site-packages/airflow/example_dags/example_bash_operator.py
[2026-06-07T17:45:00.941+0545] {processor.py:840} INFO - DAG(s) 'example_bash_operator' retrieved from /home/suyog/miniconda3/envs/fraud_mlops/lib/python3.11/site-packages/airflow/example_dags/example_bash_operator.py
[2026-06-07T17:45:00.964+0545] {logging_mixin.py:188} INFO - [2026-06-07T17:45:00.964+0545] {dag.py:3089} INFO - Sync 1 DAGs
[2026-06-07T17:45:00.979+0545] {logging_mixin.py:188} INFO - [2026-06-07T17:45:00.979+0545] {dag.py:3947} INFO - Setting next_dagrun for example_bash_operator to 2026-06-06 00:00:00+00:00, run_after=2026-06-07 00:00:00+00:00
[2026-06-07T17:45:01.163+0545] {processor.py:183} INFO - Processing /home/suyog/miniconda3/envs/fraud_mlops/lib/python3.11/site-packages/airflow/example_dags/example_bash_operator.py took 0.290 seconds
[2026-06-07T17:48:18.351+0545] {processor.py:161} INFO - Started process (PID=33445) to work on /home/suyog/miniconda3/envs/fraud_mlops/lib/python3.11/site-packages/airflow/example_dags/example_bash_operator.py
[2026-06-07T17:48:18.352+0545] {processor.py:830} INFO - Processing file /home/suyog/miniconda3/envs/fraud_mlops/lib/python3.11/site-packages/airflow/example_dags/example_bash_operator.py for tasks to queue
[2026-06-07T17:48:18.354+0545] {logging_mixin.py:188} INFO - [2026-06-07T17:48:18.354+0545] {dagbag.py:545} INFO - Filling up the DagBag from /home/suyog/miniconda3/envs/fraud_mlops/lib/python3.11/site-packages/airflow/example_dags/example_bash_operator.py
[2026-06-07T17:48:18.462+0545] {processor.py:840} INFO - DAG(s) 'example_bash_operator' retrieved from /home/suyog/miniconda3/envs/fraud_mlops/lib/python3.11/site-packages/airflow/example_dags/example_bash_operator.py
[2026-06-07T17:48:18.481+0545] {logging_mixin.py:188} INFO - [2026-06-07T17:48:18.481+0545] {dag.py:3089} INFO - Sync 1 DAGs
[2026-06-07T17:48:18.497+0545] {logging_mixin.py:188} INFO - [2026-06-07T17:48:18.497+0545] {dag.py:3947} INFO - Setting next_dagrun for example_bash_operator to 2026-06-06 00:00:00+00:00, run_after=2026-06-07 00:00:00+00:00
[2026-06-07T17:48:18.692+0545] {processor.py:183} INFO - Processing /home/suyog/miniconda3/envs/fraud_mlops/lib/python3.11/site-packages/airflow/example_dags/example_bash_operator.py took 0.347 seconds
[2026-06-07T17:49:34.406+0545] {processor.py:161} INFO - Started process (PID=33639) to work on /home/suyog/miniconda3/envs/fraud_mlops/lib/python3.11/site-packages/airflow/example_dags/example_bash_operator.py
[2026-06-07T17:49:34.429+0545] {processor.py:830} INFO - Processing file /home/suyog/miniconda3/envs/fraud_mlops/lib/python3.11/site-packages/airflow/example_dags/example_bash_operator.py for tasks to queue
[2026-06-07T17:49:34.431+0545] {logging_mixin.py:188} INFO - [2026-06-07T17:49:34.431+0545] {dagbag.py:545} INFO - Filling up the DagBag from /home/suyog/miniconda3/envs/fraud_mlops/lib/python3.11/site-packages/airflow/example_dags/example_bash_operator.py
[2026-06-07T17:49:34.445+0545] {processor.py:840} INFO - DAG(s) 'example_bash_operator' retrieved from /home/suyog/miniconda3/envs/fraud_mlops/lib/python3.11/site-packages/airflow/example_dags/example_bash_operator.py
[2026-06-07T17:49:34.467+0545] {logging_mixin.py:188} INFO - [2026-06-07T17:49:34.467+0545] {dag.py:3089} INFO - Sync 1 DAGs
[2026-06-07T17:49:34.482+0545] {logging_mixin.py:188} INFO - [2026-06-07T17:49:34.482+0545] {dag.py:3947} INFO - Setting next_dagrun for example_bash_operator to 2026-06-06 00:00:00+00:00, run_after=2026-06-07 00:00:00+00:00
[2026-06-07T17:49:34.659+0545] {processor.py:183} INFO - Processing /home/suyog/miniconda3/envs/fraud_mlops/lib/python3.11/site-packages/airflow/example_dags/example_bash_operator.py took 0.260 seconds
