[2026-06-07T17:39:02.659+0545] {processor.py:161} INFO - Started process (PID=31852) to work on /home/suyog/miniconda3/envs/fraud_mlops/lib/python3.11/site-packages/airflow/example_dags/example_python_operator.py
[2026-06-07T17:39:02.660+0545] {processor.py:830} INFO - Processing file /home/suyog/miniconda3/envs/fraud_mlops/lib/python3.11/site-packages/airflow/example_dags/example_python_operator.py for tasks to queue
[2026-06-07T17:39:02.661+0545] {logging_mixin.py:188} INFO - [2026-06-07T17:39:02.661+0545] {dagbag.py:545} INFO - Filling up the DagBag from /home/suyog/miniconda3/envs/fraud_mlops/lib/python3.11/site-packages/airflow/example_dags/example_python_operator.py
[2026-06-07T17:39:02.667+0545] {logging_mixin.py:188} INFO - [2026-06-07T17:39:02.667+0545] {example_python_operator.py:93} WARNING - The virtalenv_python example task requires virtualenv, please install it.
[2026-06-07T17:39:02.668+0545] {processor.py:840} INFO - DAG(s) 'example_python_operator' retrieved from /home/suyog/miniconda3/envs/fraud_mlops/lib/python3.11/site-packages/airflow/example_dags/example_python_operator.py
[2026-06-07T17:39:03.249+0545] {logging_mixin.py:188} INFO - [2026-06-07T17:39:03.247+0545] {override.py:1858} INFO - Created Permission View: can edit on DAG:example_python_operator
[2026-06-07T17:39:03.432+0545] {logging_mixin.py:188} INFO - [2026-06-07T17:39:03.431+0545] {override.py:1858} INFO - Created Permission View: can read on DAG:example_python_operator
[2026-06-07T17:39:03.624+0545] {logging_mixin.py:188} INFO - [2026-06-07T17:39:03.623+0545] {override.py:1858} INFO - Created Permission View: can delete on DAG:example_python_operator
[2026-06-07T17:39:03.625+0545] {logging_mixin.py:188} INFO - [2026-06-07T17:39:03.625+0545] {dag.py:3089} INFO - Sync 1 DAGs
[2026-06-07T17:39:03.635+0545] {logging_mixin.py:188} INFO - [2026-06-07T17:39:03.635+0545] {dag.py:3111} INFO - Creating ORM DAG for example_python_operator
[2026-06-07T17:39:03.636+0545] {logging_mixin.py:188} INFO - [2026-06-07T17:39:03.636+0545] {dag.py:3947} INFO - Setting next_dagrun for example_python_operator to None, run_after=None
[2026-06-07T17:39:03.808+0545] {processor.py:183} INFO - Processing /home/suyog/miniconda3/envs/fraud_mlops/lib/python3.11/site-packages/airflow/example_dags/example_python_operator.py took 1.153 seconds
[2026-06-07T17:40:36.121+0545] {processor.py:161} INFO - Started process (PID=32026) to work on /home/suyog/miniconda3/envs/fraud_mlops/lib/python3.11/site-packages/airflow/example_dags/example_python_operator.py
[2026-06-07T17:40:36.122+0545] {processor.py:830} INFO - Processing file /home/suyog/miniconda3/envs/fraud_mlops/lib/python3.11/site-packages/airflow/example_dags/example_python_operator.py for tasks to queue
[2026-06-07T17:40:36.124+0545] {logging_mixin.py:188} INFO - [2026-06-07T17:40:36.124+0545] {dagbag.py:545} INFO - Filling up the DagBag from /home/suyog/miniconda3/envs/fraud_mlops/lib/python3.11/site-packages/airflow/example_dags/example_python_operator.py
[2026-06-07T17:40:36.132+0545] {logging_mixin.py:188} INFO - [2026-06-07T17:40:36.132+0545] {example_python_operator.py:93} WARNING - The virtalenv_python example task requires virtualenv, please install it.
[2026-06-07T17:40:36.133+0545] {processor.py:840} INFO - DAG(s) 'example_python_operator' retrieved from /home/suyog/miniconda3/envs/fraud_mlops/lib/python3.11/site-packages/airflow/example_dags/example_python_operator.py
[2026-06-07T17:40:36.149+0545] {logging_mixin.py:188} INFO - [2026-06-07T17:40:36.149+0545] {dag.py:3089} INFO - Sync 1 DAGs
[2026-06-07T17:40:36.158+0545] {logging_mixin.py:188} INFO - [2026-06-07T17:40:36.158+0545] {dag.py:3947} INFO - Setting next_dagrun for example_python_operator to None, run_after=None
[2026-06-07T17:40:36.369+0545] {processor.py:183} INFO - Processing /home/suyog/miniconda3/envs/fraud_mlops/lib/python3.11/site-packages/airflow/example_dags/example_python_operator.py took 0.254 seconds
[2026-06-07T17:41:46.132+0545] {processor.py:161} INFO - Started process (PID=32177) to work on /home/suyog/miniconda3/envs/fraud_mlops/lib/python3.11/site-packages/airflow/example_dags/example_python_operator.py
[2026-06-07T17:41:46.133+0545] {processor.py:830} INFO - Processing file /home/suyog/miniconda3/envs/fraud_mlops/lib/python3.11/site-packages/airflow/example_dags/example_python_operator.py for tasks to queue
[2026-06-07T17:41:46.136+0545] {logging_mixin.py:188} INFO - [2026-06-07T17:41:46.135+0545] {dagbag.py:545} INFO - Filling up the DagBag from /home/suyog/miniconda3/envs/fraud_mlops/lib/python3.11/site-packages/airflow/example_dags/example_python_operator.py
[2026-06-07T17:41:46.148+0545] {logging_mixin.py:188} INFO - [2026-06-07T17:41:46.147+0545] {example_python_operator.py:93} WARNING - The virtalenv_python example task requires virtualenv, please install it.
[2026-06-07T17:41:46.148+0545] {processor.py:840} INFO - DAG(s) 'example_python_operator' retrieved from /home/suyog/miniconda3/envs/fraud_mlops/lib/python3.11/site-packages/airflow/example_dags/example_python_operator.py
[2026-06-07T17:41:46.166+0545] {logging_mixin.py:188} INFO - [2026-06-07T17:41:46.165+0545] {dag.py:3089} INFO - Sync 1 DAGs
[2026-06-07T17:41:46.175+0545] {logging_mixin.py:188} INFO - [2026-06-07T17:41:46.174+0545] {dag.py:3947} INFO - Setting next_dagrun for example_python_operator to None, run_after=None
[2026-06-07T17:41:46.363+0545] {processor.py:183} INFO - Processing /home/suyog/miniconda3/envs/fraud_mlops/lib/python3.11/site-packages/airflow/example_dags/example_python_operator.py took 0.240 seconds
[2026-06-07T17:43:00.182+0545] {processor.py:161} INFO - Started process (PID=32383) to work on /home/suyog/miniconda3/envs/fraud_mlops/lib/python3.11/site-packages/airflow/example_dags/example_python_operator.py
[2026-06-07T17:43:00.182+0545] {processor.py:830} INFO - Processing file /home/suyog/miniconda3/envs/fraud_mlops/lib/python3.11/site-packages/airflow/example_dags/example_python_operator.py for tasks to queue
[2026-06-07T17:43:00.184+0545] {logging_mixin.py:188} INFO - [2026-06-07T17:43:00.183+0545] {dagbag.py:545} INFO - Filling up the DagBag from /home/suyog/miniconda3/envs/fraud_mlops/lib/python3.11/site-packages/airflow/example_dags/example_python_operator.py
[2026-06-07T17:43:00.188+0545] {logging_mixin.py:188} INFO - [2026-06-07T17:43:00.188+0545] {example_python_operator.py:93} WARNING - The virtalenv_python example task requires virtualenv, please install it.
[2026-06-07T17:43:00.189+0545] {processor.py:840} INFO - DAG(s) 'example_python_operator' retrieved from /home/suyog/miniconda3/envs/fraud_mlops/lib/python3.11/site-packages/airflow/example_dags/example_python_operator.py
[2026-06-07T17:43:00.202+0545] {logging_mixin.py:188} INFO - [2026-06-07T17:43:00.202+0545] {dag.py:3089} INFO - Sync 1 DAGs
[2026-06-07T17:43:00.211+0545] {logging_mixin.py:188} INFO - [2026-06-07T17:43:00.211+0545] {dag.py:3947} INFO - Setting next_dagrun for example_python_operator to None, run_after=None
[2026-06-07T17:43:00.379+0545] {processor.py:183} INFO - Processing /home/suyog/miniconda3/envs/fraud_mlops/lib/python3.11/site-packages/airflow/example_dags/example_python_operator.py took 0.202 seconds
[2026-06-07T17:44:13.567+0545] {processor.py:161} INFO - Started process (PID=33027) to work on /home/suyog/miniconda3/envs/fraud_mlops/lib/python3.11/site-packages/airflow/example_dags/example_python_operator.py
[2026-06-07T17:44:13.568+0545] {processor.py:830} INFO - Processing file /home/suyog/miniconda3/envs/fraud_mlops/lib/python3.11/site-packages/airflow/example_dags/example_python_operator.py for tasks to queue
[2026-06-07T17:44:13.570+0545] {logging_mixin.py:188} INFO - [2026-06-07T17:44:13.570+0545] {dagbag.py:545} INFO - Filling up the DagBag from /home/suyog/miniconda3/envs/fraud_mlops/lib/python3.11/site-packages/airflow/example_dags/example_python_operator.py
[2026-06-07T17:44:13.577+0545] {logging_mixin.py:188} INFO - [2026-06-07T17:44:13.576+0545] {example_python_operator.py:93} WARNING - The virtalenv_python example task requires virtualenv, please install it.
[2026-06-07T17:44:13.577+0545] {processor.py:840} INFO - DAG(s) 'example_python_operator' retrieved from /home/suyog/miniconda3/envs/fraud_mlops/lib/python3.11/site-packages/airflow/example_dags/example_python_operator.py
[2026-06-07T17:44:13.590+0545] {logging_mixin.py:188} INFO - [2026-06-07T17:44:13.590+0545] {dag.py:3089} INFO - Sync 1 DAGs
[2026-06-07T17:44:13.599+0545] {logging_mixin.py:188} INFO - [2026-06-07T17:44:13.599+0545] {dag.py:3947} INFO - Setting next_dagrun for example_python_operator to None, run_after=None
[2026-06-07T17:44:13.775+0545] {processor.py:183} INFO - Processing /home/suyog/miniconda3/envs/fraud_mlops/lib/python3.11/site-packages/airflow/example_dags/example_python_operator.py took 0.216 seconds
[2026-06-07T17:45:23.585+0545] {processor.py:161} INFO - Started process (PID=33203) to work on /home/suyog/miniconda3/envs/fraud_mlops/lib/python3.11/site-packages/airflow/example_dags/example_python_operator.py
[2026-06-07T17:45:23.611+0545] {processor.py:830} INFO - Processing file /home/suyog/miniconda3/envs/fraud_mlops/lib/python3.11/site-packages/airflow/example_dags/example_python_operator.py for tasks to queue
[2026-06-07T17:45:23.614+0545] {logging_mixin.py:188} INFO - [2026-06-07T17:45:23.613+0545] {dagbag.py:545} INFO - Filling up the DagBag from /home/suyog/miniconda3/envs/fraud_mlops/lib/python3.11/site-packages/airflow/example_dags/example_python_operator.py
[2026-06-07T17:45:23.624+0545] {logging_mixin.py:188} INFO - [2026-06-07T17:45:23.623+0545] {example_python_operator.py:93} WARNING - The virtalenv_python example task requires virtualenv, please install it.
[2026-06-07T17:45:23.624+0545] {processor.py:840} INFO - DAG(s) 'example_python_operator' retrieved from /home/suyog/miniconda3/envs/fraud_mlops/lib/python3.11/site-packages/airflow/example_dags/example_python_operator.py
[2026-06-07T17:45:23.648+0545] {logging_mixin.py:188} INFO - [2026-06-07T17:45:23.648+0545] {dag.py:3089} INFO - Sync 1 DAGs
[2026-06-07T17:45:23.658+0545] {logging_mixin.py:188} INFO - [2026-06-07T17:45:23.658+0545] {dag.py:3947} INFO - Setting next_dagrun for example_python_operator to None, run_after=None
[2026-06-07T17:45:23.823+0545] {processor.py:183} INFO - Processing /home/suyog/miniconda3/envs/fraud_mlops/lib/python3.11/site-packages/airflow/example_dags/example_python_operator.py took 0.243 seconds
[2026-06-07T17:47:48.657+0545] {processor.py:161} INFO - Started process (PID=33392) to work on /home/suyog/miniconda3/envs/fraud_mlops/lib/python3.11/site-packages/airflow/example_dags/example_python_operator.py
[2026-06-07T17:47:48.658+0545] {processor.py:830} INFO - Processing file /home/suyog/miniconda3/envs/fraud_mlops/lib/python3.11/site-packages/airflow/example_dags/example_python_operator.py for tasks to queue
[2026-06-07T17:47:48.660+0545] {logging_mixin.py:188} INFO - [2026-06-07T17:47:48.659+0545] {dagbag.py:545} INFO - Filling up the DagBag from /home/suyog/miniconda3/envs/fraud_mlops/lib/python3.11/site-packages/airflow/example_dags/example_python_operator.py
[2026-06-07T17:47:48.667+0545] {logging_mixin.py:188} INFO - [2026-06-07T17:47:48.666+0545] {example_python_operator.py:93} WARNING - The virtalenv_python example task requires virtualenv, please install it.
[2026-06-07T17:47:48.667+0545] {processor.py:840} INFO - DAG(s) 'example_python_operator' retrieved from /home/suyog/miniconda3/envs/fraud_mlops/lib/python3.11/site-packages/airflow/example_dags/example_python_operator.py
[2026-06-07T17:47:48.687+0545] {logging_mixin.py:188} INFO - [2026-06-07T17:47:48.687+0545] {dag.py:3089} INFO - Sync 1 DAGs
[2026-06-07T17:47:48.696+0545] {logging_mixin.py:188} INFO - [2026-06-07T17:47:48.696+0545] {dag.py:3947} INFO - Setting next_dagrun for example_python_operator to None, run_after=None
[2026-06-07T17:47:48.896+0545] {processor.py:183} INFO - Processing /home/suyog/miniconda3/envs/fraud_mlops/lib/python3.11/site-packages/airflow/example_dags/example_python_operator.py took 0.245 seconds
[2026-06-07T17:48:57.900+0545] {processor.py:161} INFO - Started process (PID=33572) to work on /home/suyog/miniconda3/envs/fraud_mlops/lib/python3.11/site-packages/airflow/example_dags/example_python_operator.py
[2026-06-07T17:48:57.926+0545] {processor.py:830} INFO - Processing file /home/suyog/miniconda3/envs/fraud_mlops/lib/python3.11/site-packages/airflow/example_dags/example_python_operator.py for tasks to queue
[2026-06-07T17:48:57.927+0545] {logging_mixin.py:188} INFO - [2026-06-07T17:48:57.927+0545] {dagbag.py:545} INFO - Filling up the DagBag from /home/suyog/miniconda3/envs/fraud_mlops/lib/python3.11/site-packages/airflow/example_dags/example_python_operator.py
[2026-06-07T17:48:57.932+0545] {logging_mixin.py:188} INFO - [2026-06-07T17:48:57.932+0545] {example_python_operator.py:93} WARNING - The virtalenv_python example task requires virtualenv, please install it.
[2026-06-07T17:48:57.932+0545] {processor.py:840} INFO - DAG(s) 'example_python_operator' retrieved from /home/suyog/miniconda3/envs/fraud_mlops/lib/python3.11/site-packages/airflow/example_dags/example_python_operator.py
[2026-06-07T17:48:57.945+0545] {logging_mixin.py:188} INFO - [2026-06-07T17:48:57.945+0545] {dag.py:3089} INFO - Sync 1 DAGs
[2026-06-07T17:48:57.954+0545] {logging_mixin.py:188} INFO - [2026-06-07T17:48:57.953+0545] {dag.py:3947} INFO - Setting next_dagrun for example_python_operator to None, run_after=None
[2026-06-07T17:48:58.114+0545] {processor.py:183} INFO - Processing /home/suyog/miniconda3/envs/fraud_mlops/lib/python3.11/site-packages/airflow/example_dags/example_python_operator.py took 0.217 seconds
[2026-06-07T17:50:07.867+0545] {processor.py:161} INFO - Started process (PID=33676) to work on /home/suyog/miniconda3/envs/fraud_mlops/lib/python3.11/site-packages/airflow/example_dags/example_python_operator.py
[2026-06-07T17:50:07.888+0545] {processor.py:830} INFO - Processing file /home/suyog/miniconda3/envs/fraud_mlops/lib/python3.11/site-packages/airflow/example_dags/example_python_operator.py for tasks to queue
[2026-06-07T17:50:07.890+0545] {logging_mixin.py:188} INFO - [2026-06-07T17:50:07.890+0545] {dagbag.py:545} INFO - Filling up the DagBag from /home/suyog/miniconda3/envs/fraud_mlops/lib/python3.11/site-packages/airflow/example_dags/example_python_operator.py
[2026-06-07T17:50:07.899+0545] {logging_mixin.py:188} INFO - [2026-06-07T17:50:07.898+0545] {example_python_operator.py:93} WARNING - The virtalenv_python example task requires virtualenv, please install it.
[2026-06-07T17:50:07.900+0545] {processor.py:840} INFO - DAG(s) 'example_python_operator' retrieved from /home/suyog/miniconda3/envs/fraud_mlops/lib/python3.11/site-packages/airflow/example_dags/example_python_operator.py
[2026-06-07T17:50:07.921+0545] {logging_mixin.py:188} INFO - [2026-06-07T17:50:07.921+0545] {dag.py:3089} INFO - Sync 1 DAGs
[2026-06-07T17:50:07.931+0545] {logging_mixin.py:188} INFO - [2026-06-07T17:50:07.931+0545] {dag.py:3947} INFO - Setting next_dagrun for example_python_operator to None, run_after=None
[2026-06-07T17:50:08.090+0545] {processor.py:183} INFO - Processing /home/suyog/miniconda3/envs/fraud_mlops/lib/python3.11/site-packages/airflow/example_dags/example_python_operator.py took 0.228 seconds
