[2026-06-07T17:39:21.502+0545] {processor.py:161} INFO - Started process (PID=31878) to work on /home/suyog/miniconda3/envs/fraud_mlops/lib/python3.11/site-packages/airflow/example_dags/example_external_task_marker_dag.py
[2026-06-07T17:39:21.502+0545] {processor.py:830} INFO - Processing file /home/suyog/miniconda3/envs/fraud_mlops/lib/python3.11/site-packages/airflow/example_dags/example_external_task_marker_dag.py for tasks to queue
[2026-06-07T17:39:21.504+0545] {logging_mixin.py:188} INFO - [2026-06-07T17:39:21.503+0545] {dagbag.py:545} INFO - Filling up the DagBag from /home/suyog/miniconda3/envs/fraud_mlops/lib/python3.11/site-packages/airflow/example_dags/example_external_task_marker_dag.py
[2026-06-07T17:39:21.508+0545] {processor.py:840} INFO - DAG(s) 'example_external_task_marker_parent', 'example_external_task_marker_child' retrieved from /home/suyog/miniconda3/envs/fraud_mlops/lib/python3.11/site-packages/airflow/example_dags/example_external_task_marker_dag.py
[2026-06-07T17:39:22.011+0545] {logging_mixin.py:188} INFO - [2026-06-07T17:39:22.009+0545] {override.py:1858} INFO - Created Permission View: can edit on DAG:example_external_task_marker_parent
[2026-06-07T17:39:22.185+0545] {logging_mixin.py:188} INFO - [2026-06-07T17:39:22.184+0545] {override.py:1858} INFO - Created Permission View: can read on DAG:example_external_task_marker_parent
[2026-06-07T17:39:22.335+0545] {logging_mixin.py:188} INFO - [2026-06-07T17:39:22.334+0545] {override.py:1858} INFO - Created Permission View: can delete on DAG:example_external_task_marker_parent
[2026-06-07T17:39:22.621+0545] {logging_mixin.py:188} INFO - [2026-06-07T17:39:22.619+0545] {override.py:1858} INFO - Created Permission View: can edit on DAG:example_external_task_marker_child
[2026-06-07T17:39:22.786+0545] {logging_mixin.py:188} INFO - [2026-06-07T17:39:22.786+0545] {override.py:1858} INFO - Created Permission View: can read on DAG:example_external_task_marker_child
[2026-06-07T17:39:22.928+0545] {logging_mixin.py:188} INFO - [2026-06-07T17:39:22.928+0545] {override.py:1858} INFO - Created Permission View: can delete on DAG:example_external_task_marker_child
[2026-06-07T17:39:22.929+0545] {logging_mixin.py:188} INFO - [2026-06-07T17:39:22.929+0545] {dag.py:3089} INFO - Sync 2 DAGs
[2026-06-07T17:39:22.949+0545] {logging_mixin.py:188} INFO - [2026-06-07T17:39:22.949+0545] {dag.py:3111} INFO - Creating ORM DAG for example_external_task_marker_parent
[2026-06-07T17:39:22.950+0545] {logging_mixin.py:188} INFO - [2026-06-07T17:39:22.950+0545] {dag.py:3111} INFO - Creating ORM DAG for example_external_task_marker_child
[2026-06-07T17:39:22.951+0545] {logging_mixin.py:188} INFO - [2026-06-07T17:39:22.950+0545] {dag.py:3947} INFO - Setting next_dagrun for example_external_task_marker_child to None, run_after=None
[2026-06-07T17:39:22.951+0545] {logging_mixin.py:188} INFO - [2026-06-07T17:39:22.951+0545] {dag.py:3947} INFO - Setting next_dagrun for example_external_task_marker_parent to None, run_after=None
[2026-06-07T17:39:23.173+0545] {processor.py:183} INFO - Processing /home/suyog/miniconda3/envs/fraud_mlops/lib/python3.11/site-packages/airflow/example_dags/example_external_task_marker_dag.py took 1.675 seconds
[2026-06-07T17:40:48.545+0545] {processor.py:161} INFO - Started process (PID=32051) to work on /home/suyog/miniconda3/envs/fraud_mlops/lib/python3.11/site-packages/airflow/example_dags/example_external_task_marker_dag.py
[2026-06-07T17:40:48.546+0545] {processor.py:830} INFO - Processing file /home/suyog/miniconda3/envs/fraud_mlops/lib/python3.11/site-packages/airflow/example_dags/example_external_task_marker_dag.py for tasks to queue
[2026-06-07T17:40:48.548+0545] {logging_mixin.py:188} INFO - [2026-06-07T17:40:48.547+0545] {dagbag.py:545} INFO - Filling up the DagBag from /home/suyog/miniconda3/envs/fraud_mlops/lib/python3.11/site-packages/airflow/example_dags/example_external_task_marker_dag.py
[2026-06-07T17:40:48.553+0545] {processor.py:840} INFO - DAG(s) 'example_external_task_marker_child', 'example_external_task_marker_parent' retrieved from /home/suyog/miniconda3/envs/fraud_mlops/lib/python3.11/site-packages/airflow/example_dags/example_external_task_marker_dag.py
[2026-06-07T17:40:48.566+0545] {logging_mixin.py:188} INFO - [2026-06-07T17:40:48.566+0545] {dag.py:3089} INFO - Sync 2 DAGs
[2026-06-07T17:40:48.575+0545] {logging_mixin.py:188} INFO - [2026-06-07T17:40:48.575+0545] {dag.py:3947} INFO - Setting next_dagrun for example_external_task_marker_child to None, run_after=None
[2026-06-07T17:40:48.578+0545] {logging_mixin.py:188} INFO - [2026-06-07T17:40:48.578+0545] {dag.py:3947} INFO - Setting next_dagrun for example_external_task_marker_parent to None, run_after=None
[2026-06-07T17:40:48.737+0545] {processor.py:183} INFO - Processing /home/suyog/miniconda3/envs/fraud_mlops/lib/python3.11/site-packages/airflow/example_dags/example_external_task_marker_dag.py took 0.197 seconds
[2026-06-07T17:41:59.361+0545] {processor.py:161} INFO - Started process (PID=32216) to work on /home/suyog/miniconda3/envs/fraud_mlops/lib/python3.11/site-packages/airflow/example_dags/example_external_task_marker_dag.py
[2026-06-07T17:41:59.363+0545] {processor.py:830} INFO - Processing file /home/suyog/miniconda3/envs/fraud_mlops/lib/python3.11/site-packages/airflow/example_dags/example_external_task_marker_dag.py for tasks to queue
[2026-06-07T17:41:59.367+0545] {logging_mixin.py:188} INFO - [2026-06-07T17:41:59.366+0545] {dagbag.py:545} INFO - Filling up the DagBag from /home/suyog/miniconda3/envs/fraud_mlops/lib/python3.11/site-packages/airflow/example_dags/example_external_task_marker_dag.py
[2026-06-07T17:41:59.378+0545] {processor.py:840} INFO - DAG(s) 'example_external_task_marker_parent', 'example_external_task_marker_child' retrieved from /home/suyog/miniconda3/envs/fraud_mlops/lib/python3.11/site-packages/airflow/example_dags/example_external_task_marker_dag.py
[2026-06-07T17:41:59.395+0545] {logging_mixin.py:188} INFO - [2026-06-07T17:41:59.395+0545] {dag.py:3089} INFO - Sync 2 DAGs
[2026-06-07T17:41:59.404+0545] {logging_mixin.py:188} INFO - [2026-06-07T17:41:59.404+0545] {dag.py:3947} INFO - Setting next_dagrun for example_external_task_marker_child to None, run_after=None
[2026-06-07T17:41:59.406+0545] {logging_mixin.py:188} INFO - [2026-06-07T17:41:59.406+0545] {dag.py:3947} INFO - Setting next_dagrun for example_external_task_marker_parent to None, run_after=None
[2026-06-07T17:41:59.601+0545] {processor.py:183} INFO - Processing /home/suyog/miniconda3/envs/fraud_mlops/lib/python3.11/site-packages/airflow/example_dags/example_external_task_marker_dag.py took 0.254 seconds
[2026-06-07T17:43:13.233+0545] {processor.py:161} INFO - Started process (PID=32529) to work on /home/suyog/miniconda3/envs/fraud_mlops/lib/python3.11/site-packages/airflow/example_dags/example_external_task_marker_dag.py
[2026-06-07T17:43:13.263+0545] {processor.py:830} INFO - Processing file /home/suyog/miniconda3/envs/fraud_mlops/lib/python3.11/site-packages/airflow/example_dags/example_external_task_marker_dag.py for tasks to queue
[2026-06-07T17:43:13.265+0545] {logging_mixin.py:188} INFO - [2026-06-07T17:43:13.264+0545] {dagbag.py:545} INFO - Filling up the DagBag from /home/suyog/miniconda3/envs/fraud_mlops/lib/python3.11/site-packages/airflow/example_dags/example_external_task_marker_dag.py
[2026-06-07T17:43:13.270+0545] {processor.py:840} INFO - DAG(s) 'example_external_task_marker_parent', 'example_external_task_marker_child' retrieved from /home/suyog/miniconda3/envs/fraud_mlops/lib/python3.11/site-packages/airflow/example_dags/example_external_task_marker_dag.py
[2026-06-07T17:43:13.285+0545] {logging_mixin.py:188} INFO - [2026-06-07T17:43:13.284+0545] {dag.py:3089} INFO - Sync 2 DAGs
[2026-06-07T17:43:13.294+0545] {logging_mixin.py:188} INFO - [2026-06-07T17:43:13.294+0545] {dag.py:3947} INFO - Setting next_dagrun for example_external_task_marker_child to None, run_after=None
[2026-06-07T17:43:13.296+0545] {logging_mixin.py:188} INFO - [2026-06-07T17:43:13.296+0545] {dag.py:3947} INFO - Setting next_dagrun for example_external_task_marker_parent to None, run_after=None
[2026-06-07T17:43:13.647+0545] {processor.py:183} INFO - Processing /home/suyog/miniconda3/envs/fraud_mlops/lib/python3.11/site-packages/airflow/example_dags/example_external_task_marker_dag.py took 0.418 seconds
[2026-06-07T17:44:25.162+0545] {processor.py:161} INFO - Started process (PID=33059) to work on /home/suyog/miniconda3/envs/fraud_mlops/lib/python3.11/site-packages/airflow/example_dags/example_external_task_marker_dag.py
[2026-06-07T17:44:25.197+0545] {processor.py:830} INFO - Processing file /home/suyog/miniconda3/envs/fraud_mlops/lib/python3.11/site-packages/airflow/example_dags/example_external_task_marker_dag.py for tasks to queue
[2026-06-07T17:44:25.200+0545] {logging_mixin.py:188} INFO - [2026-06-07T17:44:25.200+0545] {dagbag.py:545} INFO - Filling up the DagBag from /home/suyog/miniconda3/envs/fraud_mlops/lib/python3.11/site-packages/airflow/example_dags/example_external_task_marker_dag.py
[2026-06-07T17:44:25.215+0545] {processor.py:840} INFO - DAG(s) 'example_external_task_marker_parent', 'example_external_task_marker_child' retrieved from /home/suyog/miniconda3/envs/fraud_mlops/lib/python3.11/site-packages/airflow/example_dags/example_external_task_marker_dag.py
[2026-06-07T17:44:25.243+0545] {logging_mixin.py:188} INFO - [2026-06-07T17:44:25.243+0545] {dag.py:3089} INFO - Sync 2 DAGs
[2026-06-07T17:44:25.253+0545] {logging_mixin.py:188} INFO - [2026-06-07T17:44:25.253+0545] {dag.py:3947} INFO - Setting next_dagrun for example_external_task_marker_child to None, run_after=None
[2026-06-07T17:44:25.255+0545] {logging_mixin.py:188} INFO - [2026-06-07T17:44:25.255+0545] {dag.py:3947} INFO - Setting next_dagrun for example_external_task_marker_parent to None, run_after=None
[2026-06-07T17:44:25.412+0545] {processor.py:183} INFO - Processing /home/suyog/miniconda3/envs/fraud_mlops/lib/python3.11/site-packages/airflow/example_dags/example_external_task_marker_dag.py took 0.255 seconds
[2026-06-07T17:48:00.813+0545] {processor.py:161} INFO - Started process (PID=33413) to work on /home/suyog/miniconda3/envs/fraud_mlops/lib/python3.11/site-packages/airflow/example_dags/example_external_task_marker_dag.py
[2026-06-07T17:48:00.815+0545] {processor.py:830} INFO - Processing file /home/suyog/miniconda3/envs/fraud_mlops/lib/python3.11/site-packages/airflow/example_dags/example_external_task_marker_dag.py for tasks to queue
[2026-06-07T17:48:00.819+0545] {logging_mixin.py:188} INFO - [2026-06-07T17:48:00.818+0545] {dagbag.py:545} INFO - Filling up the DagBag from /home/suyog/miniconda3/envs/fraud_mlops/lib/python3.11/site-packages/airflow/example_dags/example_external_task_marker_dag.py
[2026-06-07T17:48:00.830+0545] {processor.py:840} INFO - DAG(s) 'example_external_task_marker_parent', 'example_external_task_marker_child' retrieved from /home/suyog/miniconda3/envs/fraud_mlops/lib/python3.11/site-packages/airflow/example_dags/example_external_task_marker_dag.py
[2026-06-07T17:48:00.848+0545] {logging_mixin.py:188} INFO - [2026-06-07T17:48:00.848+0545] {dag.py:3089} INFO - Sync 2 DAGs
[2026-06-07T17:48:00.945+0545] {logging_mixin.py:188} INFO - [2026-06-07T17:48:00.944+0545] {dag.py:3947} INFO - Setting next_dagrun for example_external_task_marker_child to None, run_after=None
[2026-06-07T17:48:00.948+0545] {logging_mixin.py:188} INFO - [2026-06-07T17:48:00.948+0545] {dag.py:3947} INFO - Setting next_dagrun for example_external_task_marker_parent to None, run_after=None
[2026-06-07T17:48:01.155+0545] {processor.py:183} INFO - Processing /home/suyog/miniconda3/envs/fraud_mlops/lib/python3.11/site-packages/airflow/example_dags/example_external_task_marker_dag.py took 0.355 seconds
[2026-06-07T17:49:18.442+0545] {processor.py:161} INFO - Started process (PID=33612) to work on /home/suyog/miniconda3/envs/fraud_mlops/lib/python3.11/site-packages/airflow/example_dags/example_external_task_marker_dag.py
[2026-06-07T17:49:18.444+0545] {processor.py:830} INFO - Processing file /home/suyog/miniconda3/envs/fraud_mlops/lib/python3.11/site-packages/airflow/example_dags/example_external_task_marker_dag.py for tasks to queue
[2026-06-07T17:49:18.446+0545] {logging_mixin.py:188} INFO - [2026-06-07T17:49:18.446+0545] {dagbag.py:545} INFO - Filling up the DagBag from /home/suyog/miniconda3/envs/fraud_mlops/lib/python3.11/site-packages/airflow/example_dags/example_external_task_marker_dag.py
[2026-06-07T17:49:18.454+0545] {processor.py:840} INFO - DAG(s) 'example_external_task_marker_parent', 'example_external_task_marker_child' retrieved from /home/suyog/miniconda3/envs/fraud_mlops/lib/python3.11/site-packages/airflow/example_dags/example_external_task_marker_dag.py
[2026-06-07T17:49:18.471+0545] {logging_mixin.py:188} INFO - [2026-06-07T17:49:18.471+0545] {dag.py:3089} INFO - Sync 2 DAGs
[2026-06-07T17:49:18.481+0545] {logging_mixin.py:188} INFO - [2026-06-07T17:49:18.481+0545] {dag.py:3947} INFO - Setting next_dagrun for example_external_task_marker_child to None, run_after=None
[2026-06-07T17:49:18.483+0545] {logging_mixin.py:188} INFO - [2026-06-07T17:49:18.483+0545] {dag.py:3947} INFO - Setting next_dagrun for example_external_task_marker_parent to None, run_after=None
[2026-06-07T17:49:18.703+0545] {processor.py:183} INFO - Processing /home/suyog/miniconda3/envs/fraud_mlops/lib/python3.11/site-packages/airflow/example_dags/example_external_task_marker_dag.py took 0.271 seconds
[2026-06-07T17:50:28.367+0545] {processor.py:161} INFO - Started process (PID=33706) to work on /home/suyog/miniconda3/envs/fraud_mlops/lib/python3.11/site-packages/airflow/example_dags/example_external_task_marker_dag.py
[2026-06-07T17:50:28.368+0545] {processor.py:830} INFO - Processing file /home/suyog/miniconda3/envs/fraud_mlops/lib/python3.11/site-packages/airflow/example_dags/example_external_task_marker_dag.py for tasks to queue
[2026-06-07T17:50:28.371+0545] {logging_mixin.py:188} INFO - [2026-06-07T17:50:28.370+0545] {dagbag.py:545} INFO - Filling up the DagBag from /home/suyog/miniconda3/envs/fraud_mlops/lib/python3.11/site-packages/airflow/example_dags/example_external_task_marker_dag.py
[2026-06-07T17:50:28.381+0545] {processor.py:840} INFO - DAG(s) 'example_external_task_marker_parent', 'example_external_task_marker_child' retrieved from /home/suyog/miniconda3/envs/fraud_mlops/lib/python3.11/site-packages/airflow/example_dags/example_external_task_marker_dag.py
[2026-06-07T17:50:28.399+0545] {logging_mixin.py:188} INFO - [2026-06-07T17:50:28.399+0545] {dag.py:3089} INFO - Sync 2 DAGs
[2026-06-07T17:50:28.409+0545] {logging_mixin.py:188} INFO - [2026-06-07T17:50:28.409+0545] {dag.py:3947} INFO - Setting next_dagrun for example_external_task_marker_child to None, run_after=None
[2026-06-07T17:50:28.412+0545] {logging_mixin.py:188} INFO - [2026-06-07T17:50:28.412+0545] {dag.py:3947} INFO - Setting next_dagrun for example_external_task_marker_parent to None, run_after=None
[2026-06-07T17:50:28.619+0545] {processor.py:183} INFO - Processing /home/suyog/miniconda3/envs/fraud_mlops/lib/python3.11/site-packages/airflow/example_dags/example_external_task_marker_dag.py took 0.262 seconds
