[2026-06-07T17:39:00.279+0545] {processor.py:161} INFO - Started process (PID=31850) to work on /home/suyog/miniconda3/envs/fraud_mlops/lib/python3.11/site-packages/airflow/example_dags/example_sensor_decorator.py
[2026-06-07T17:39:00.280+0545] {processor.py:830} INFO - Processing file /home/suyog/miniconda3/envs/fraud_mlops/lib/python3.11/site-packages/airflow/example_dags/example_sensor_decorator.py for tasks to queue
[2026-06-07T17:39:00.284+0545] {logging_mixin.py:188} INFO - [2026-06-07T17:39:00.283+0545] {dagbag.py:545} INFO - Filling up the DagBag from /home/suyog/miniconda3/envs/fraud_mlops/lib/python3.11/site-packages/airflow/example_dags/example_sensor_decorator.py
[2026-06-07T17:39:00.292+0545] {processor.py:840} INFO - DAG(s) 'example_sensor_decorator' retrieved from /home/suyog/miniconda3/envs/fraud_mlops/lib/python3.11/site-packages/airflow/example_dags/example_sensor_decorator.py
[2026-06-07T17:39:00.826+0545] {logging_mixin.py:188} INFO - [2026-06-07T17:39:00.825+0545] {override.py:1858} INFO - Created Permission View: can edit on DAG:example_sensor_decorator
[2026-06-07T17:39:00.969+0545] {logging_mixin.py:188} INFO - [2026-06-07T17:39:00.968+0545] {override.py:1858} INFO - Created Permission View: can read on DAG:example_sensor_decorator
[2026-06-07T17:39:01.169+0545] {logging_mixin.py:188} INFO - [2026-06-07T17:39:01.169+0545] {override.py:1858} INFO - Created Permission View: can delete on DAG:example_sensor_decorator
[2026-06-07T17:39:01.170+0545] {logging_mixin.py:188} INFO - [2026-06-07T17:39:01.170+0545] {dag.py:3089} INFO - Sync 1 DAGs
[2026-06-07T17:39:01.198+0545] {logging_mixin.py:188} INFO - [2026-06-07T17:39:01.198+0545] {dag.py:3111} INFO - Creating ORM DAG for example_sensor_decorator
[2026-06-07T17:39:01.199+0545] {logging_mixin.py:188} INFO - [2026-06-07T17:39:01.199+0545] {dag.py:3947} INFO - Setting next_dagrun for example_sensor_decorator to None, run_after=None
[2026-06-07T17:39:01.386+0545] {processor.py:183} INFO - Processing /home/suyog/miniconda3/envs/fraud_mlops/lib/python3.11/site-packages/airflow/example_dags/example_sensor_decorator.py took 1.123 seconds
[2026-06-07T17:40:34.784+0545] {processor.py:161} INFO - Started process (PID=32021) to work on /home/suyog/miniconda3/envs/fraud_mlops/lib/python3.11/site-packages/airflow/example_dags/example_sensor_decorator.py
[2026-06-07T17:40:34.786+0545] {processor.py:830} INFO - Processing file /home/suyog/miniconda3/envs/fraud_mlops/lib/python3.11/site-packages/airflow/example_dags/example_sensor_decorator.py for tasks to queue
[2026-06-07T17:40:34.789+0545] {logging_mixin.py:188} INFO - [2026-06-07T17:40:34.788+0545] {dagbag.py:545} INFO - Filling up the DagBag from /home/suyog/miniconda3/envs/fraud_mlops/lib/python3.11/site-packages/airflow/example_dags/example_sensor_decorator.py
[2026-06-07T17:40:34.800+0545] {processor.py:840} INFO - DAG(s) 'example_sensor_decorator' retrieved from /home/suyog/miniconda3/envs/fraud_mlops/lib/python3.11/site-packages/airflow/example_dags/example_sensor_decorator.py
[2026-06-07T17:40:34.816+0545] {logging_mixin.py:188} INFO - [2026-06-07T17:40:34.816+0545] {dag.py:3089} INFO - Sync 1 DAGs
[2026-06-07T17:40:34.825+0545] {logging_mixin.py:188} INFO - [2026-06-07T17:40:34.825+0545] {dag.py:3947} INFO - Setting next_dagrun for example_sensor_decorator to None, run_after=None
[2026-06-07T17:40:35.014+0545] {processor.py:183} INFO - Processing /home/suyog/miniconda3/envs/fraud_mlops/lib/python3.11/site-packages/airflow/example_dags/example_sensor_decorator.py took 0.241 seconds
[2026-06-07T17:41:44.828+0545] {processor.py:161} INFO - Started process (PID=32176) to work on /home/suyog/miniconda3/envs/fraud_mlops/lib/python3.11/site-packages/airflow/example_dags/example_sensor_decorator.py
[2026-06-07T17:41:44.829+0545] {processor.py:830} INFO - Processing file /home/suyog/miniconda3/envs/fraud_mlops/lib/python3.11/site-packages/airflow/example_dags/example_sensor_decorator.py for tasks to queue
[2026-06-07T17:41:44.831+0545] {logging_mixin.py:188} INFO - [2026-06-07T17:41:44.830+0545] {dagbag.py:545} INFO - Filling up the DagBag from /home/suyog/miniconda3/envs/fraud_mlops/lib/python3.11/site-packages/airflow/example_dags/example_sensor_decorator.py
[2026-06-07T17:41:44.838+0545] {processor.py:840} INFO - DAG(s) 'example_sensor_decorator' retrieved from /home/suyog/miniconda3/envs/fraud_mlops/lib/python3.11/site-packages/airflow/example_dags/example_sensor_decorator.py
[2026-06-07T17:41:44.851+0545] {logging_mixin.py:188} INFO - [2026-06-07T17:41:44.850+0545] {dag.py:3089} INFO - Sync 1 DAGs
[2026-06-07T17:41:44.860+0545] {logging_mixin.py:188} INFO - [2026-06-07T17:41:44.860+0545] {dag.py:3947} INFO - Setting next_dagrun for example_sensor_decorator to None, run_after=None
[2026-06-07T17:41:45.028+0545] {processor.py:183} INFO - Processing /home/suyog/miniconda3/envs/fraud_mlops/lib/python3.11/site-packages/airflow/example_dags/example_sensor_decorator.py took 0.206 seconds
[2026-06-07T17:42:58.939+0545] {processor.py:161} INFO - Started process (PID=32378) to work on /home/suyog/miniconda3/envs/fraud_mlops/lib/python3.11/site-packages/airflow/example_dags/example_sensor_decorator.py
[2026-06-07T17:42:58.939+0545] {processor.py:830} INFO - Processing file /home/suyog/miniconda3/envs/fraud_mlops/lib/python3.11/site-packages/airflow/example_dags/example_sensor_decorator.py for tasks to queue
[2026-06-07T17:42:58.941+0545] {logging_mixin.py:188} INFO - [2026-06-07T17:42:58.940+0545] {dagbag.py:545} INFO - Filling up the DagBag from /home/suyog/miniconda3/envs/fraud_mlops/lib/python3.11/site-packages/airflow/example_dags/example_sensor_decorator.py
[2026-06-07T17:42:58.946+0545] {processor.py:840} INFO - DAG(s) 'example_sensor_decorator' retrieved from /home/suyog/miniconda3/envs/fraud_mlops/lib/python3.11/site-packages/airflow/example_dags/example_sensor_decorator.py
[2026-06-07T17:42:58.957+0545] {logging_mixin.py:188} INFO - [2026-06-07T17:42:58.957+0545] {dag.py:3089} INFO - Sync 1 DAGs
[2026-06-07T17:42:58.967+0545] {logging_mixin.py:188} INFO - [2026-06-07T17:42:58.967+0545] {dag.py:3947} INFO - Setting next_dagrun for example_sensor_decorator to None, run_after=None
[2026-06-07T17:42:59.116+0545] {processor.py:183} INFO - Processing /home/suyog/miniconda3/envs/fraud_mlops/lib/python3.11/site-packages/airflow/example_dags/example_sensor_decorator.py took 0.182 seconds
[2026-06-07T17:44:12.198+0545] {processor.py:161} INFO - Started process (PID=33021) to work on /home/suyog/miniconda3/envs/fraud_mlops/lib/python3.11/site-packages/airflow/example_dags/example_sensor_decorator.py
[2026-06-07T17:44:12.199+0545] {processor.py:830} INFO - Processing file /home/suyog/miniconda3/envs/fraud_mlops/lib/python3.11/site-packages/airflow/example_dags/example_sensor_decorator.py for tasks to queue
[2026-06-07T17:44:12.201+0545] {logging_mixin.py:188} INFO - [2026-06-07T17:44:12.200+0545] {dagbag.py:545} INFO - Filling up the DagBag from /home/suyog/miniconda3/envs/fraud_mlops/lib/python3.11/site-packages/airflow/example_dags/example_sensor_decorator.py
[2026-06-07T17:44:12.208+0545] {processor.py:840} INFO - DAG(s) 'example_sensor_decorator' retrieved from /home/suyog/miniconda3/envs/fraud_mlops/lib/python3.11/site-packages/airflow/example_dags/example_sensor_decorator.py
[2026-06-07T17:44:12.222+0545] {logging_mixin.py:188} INFO - [2026-06-07T17:44:12.222+0545] {dag.py:3089} INFO - Sync 1 DAGs
[2026-06-07T17:44:12.231+0545] {logging_mixin.py:188} INFO - [2026-06-07T17:44:12.231+0545] {dag.py:3947} INFO - Setting next_dagrun for example_sensor_decorator to None, run_after=None
[2026-06-07T17:44:12.416+0545] {processor.py:183} INFO - Processing /home/suyog/miniconda3/envs/fraud_mlops/lib/python3.11/site-packages/airflow/example_dags/example_sensor_decorator.py took 0.225 seconds
[2026-06-07T17:45:22.236+0545] {processor.py:161} INFO - Started process (PID=33202) to work on /home/suyog/miniconda3/envs/fraud_mlops/lib/python3.11/site-packages/airflow/example_dags/example_sensor_decorator.py
[2026-06-07T17:45:22.237+0545] {processor.py:830} INFO - Processing file /home/suyog/miniconda3/envs/fraud_mlops/lib/python3.11/site-packages/airflow/example_dags/example_sensor_decorator.py for tasks to queue
[2026-06-07T17:45:22.239+0545] {logging_mixin.py:188} INFO - [2026-06-07T17:45:22.238+0545] {dagbag.py:545} INFO - Filling up the DagBag from /home/suyog/miniconda3/envs/fraud_mlops/lib/python3.11/site-packages/airflow/example_dags/example_sensor_decorator.py
[2026-06-07T17:45:22.244+0545] {processor.py:840} INFO - DAG(s) 'example_sensor_decorator' retrieved from /home/suyog/miniconda3/envs/fraud_mlops/lib/python3.11/site-packages/airflow/example_dags/example_sensor_decorator.py
[2026-06-07T17:45:22.257+0545] {logging_mixin.py:188} INFO - [2026-06-07T17:45:22.257+0545] {dag.py:3089} INFO - Sync 1 DAGs
[2026-06-07T17:45:22.267+0545] {logging_mixin.py:188} INFO - [2026-06-07T17:45:22.267+0545] {dag.py:3947} INFO - Setting next_dagrun for example_sensor_decorator to None, run_after=None
[2026-06-07T17:45:22.469+0545] {processor.py:183} INFO - Processing /home/suyog/miniconda3/envs/fraud_mlops/lib/python3.11/site-packages/airflow/example_dags/example_sensor_decorator.py took 0.238 seconds
[2026-06-07T17:47:47.141+0545] {processor.py:161} INFO - Started process (PID=33390) to work on /home/suyog/miniconda3/envs/fraud_mlops/lib/python3.11/site-packages/airflow/example_dags/example_sensor_decorator.py
[2026-06-07T17:47:47.141+0545] {processor.py:830} INFO - Processing file /home/suyog/miniconda3/envs/fraud_mlops/lib/python3.11/site-packages/airflow/example_dags/example_sensor_decorator.py for tasks to queue
[2026-06-07T17:47:47.143+0545] {logging_mixin.py:188} INFO - [2026-06-07T17:47:47.143+0545] {dagbag.py:545} INFO - Filling up the DagBag from /home/suyog/miniconda3/envs/fraud_mlops/lib/python3.11/site-packages/airflow/example_dags/example_sensor_decorator.py
[2026-06-07T17:47:47.148+0545] {processor.py:840} INFO - DAG(s) 'example_sensor_decorator' retrieved from /home/suyog/miniconda3/envs/fraud_mlops/lib/python3.11/site-packages/airflow/example_dags/example_sensor_decorator.py
[2026-06-07T17:47:47.160+0545] {logging_mixin.py:188} INFO - [2026-06-07T17:47:47.160+0545] {dag.py:3089} INFO - Sync 1 DAGs
[2026-06-07T17:47:47.168+0545] {logging_mixin.py:188} INFO - [2026-06-07T17:47:47.168+0545] {dag.py:3947} INFO - Setting next_dagrun for example_sensor_decorator to None, run_after=None
[2026-06-07T17:47:47.344+0545] {processor.py:183} INFO - Processing /home/suyog/miniconda3/envs/fraud_mlops/lib/python3.11/site-packages/airflow/example_dags/example_sensor_decorator.py took 0.209 seconds
[2026-06-07T17:48:56.569+0545] {processor.py:161} INFO - Started process (PID=33571) to work on /home/suyog/miniconda3/envs/fraud_mlops/lib/python3.11/site-packages/airflow/example_dags/example_sensor_decorator.py
[2026-06-07T17:48:56.570+0545] {processor.py:830} INFO - Processing file /home/suyog/miniconda3/envs/fraud_mlops/lib/python3.11/site-packages/airflow/example_dags/example_sensor_decorator.py for tasks to queue
[2026-06-07T17:48:56.572+0545] {logging_mixin.py:188} INFO - [2026-06-07T17:48:56.571+0545] {dagbag.py:545} INFO - Filling up the DagBag from /home/suyog/miniconda3/envs/fraud_mlops/lib/python3.11/site-packages/airflow/example_dags/example_sensor_decorator.py
[2026-06-07T17:48:56.577+0545] {processor.py:840} INFO - DAG(s) 'example_sensor_decorator' retrieved from /home/suyog/miniconda3/envs/fraud_mlops/lib/python3.11/site-packages/airflow/example_dags/example_sensor_decorator.py
[2026-06-07T17:48:56.590+0545] {logging_mixin.py:188} INFO - [2026-06-07T17:48:56.590+0545] {dag.py:3089} INFO - Sync 1 DAGs
[2026-06-07T17:48:56.599+0545] {logging_mixin.py:188} INFO - [2026-06-07T17:48:56.598+0545] {dag.py:3947} INFO - Setting next_dagrun for example_sensor_decorator to None, run_after=None
[2026-06-07T17:48:56.809+0545] {processor.py:183} INFO - Processing /home/suyog/miniconda3/envs/fraud_mlops/lib/python3.11/site-packages/airflow/example_dags/example_sensor_decorator.py took 0.245 seconds
[2026-06-07T17:50:06.529+0545] {processor.py:161} INFO - Started process (PID=33675) to work on /home/suyog/miniconda3/envs/fraud_mlops/lib/python3.11/site-packages/airflow/example_dags/example_sensor_decorator.py
[2026-06-07T17:50:06.530+0545] {processor.py:830} INFO - Processing file /home/suyog/miniconda3/envs/fraud_mlops/lib/python3.11/site-packages/airflow/example_dags/example_sensor_decorator.py for tasks to queue
[2026-06-07T17:50:06.533+0545] {logging_mixin.py:188} INFO - [2026-06-07T17:50:06.532+0545] {dagbag.py:545} INFO - Filling up the DagBag from /home/suyog/miniconda3/envs/fraud_mlops/lib/python3.11/site-packages/airflow/example_dags/example_sensor_decorator.py
[2026-06-07T17:50:06.543+0545] {processor.py:840} INFO - DAG(s) 'example_sensor_decorator' retrieved from /home/suyog/miniconda3/envs/fraud_mlops/lib/python3.11/site-packages/airflow/example_dags/example_sensor_decorator.py
[2026-06-07T17:50:06.559+0545] {logging_mixin.py:188} INFO - [2026-06-07T17:50:06.559+0545] {dag.py:3089} INFO - Sync 1 DAGs
[2026-06-07T17:50:06.568+0545] {logging_mixin.py:188} INFO - [2026-06-07T17:50:06.568+0545] {dag.py:3947} INFO - Setting next_dagrun for example_sensor_decorator to None, run_after=None
[2026-06-07T17:50:06.748+0545] {processor.py:183} INFO - Processing /home/suyog/miniconda3/envs/fraud_mlops/lib/python3.11/site-packages/airflow/example_dags/example_sensor_decorator.py took 0.229 seconds
