[2026-06-07T17:38:53.821+0545] {processor.py:161} INFO - Started process (PID=31847) to work on /home/suyog/miniconda3/envs/fraud_mlops/lib/python3.11/site-packages/airflow/example_dags/example_setup_teardown_taskflow.py
[2026-06-07T17:38:53.822+0545] {processor.py:830} INFO - Processing file /home/suyog/miniconda3/envs/fraud_mlops/lib/python3.11/site-packages/airflow/example_dags/example_setup_teardown_taskflow.py for tasks to queue
[2026-06-07T17:38:53.823+0545] {logging_mixin.py:188} INFO - [2026-06-07T17:38:53.823+0545] {dagbag.py:545} INFO - Filling up the DagBag from /home/suyog/miniconda3/envs/fraud_mlops/lib/python3.11/site-packages/airflow/example_dags/example_setup_teardown_taskflow.py
[2026-06-07T17:38:53.832+0545] {processor.py:840} INFO - DAG(s) 'example_setup_teardown_taskflow' retrieved from /home/suyog/miniconda3/envs/fraud_mlops/lib/python3.11/site-packages/airflow/example_dags/example_setup_teardown_taskflow.py
[2026-06-07T17:38:54.318+0545] {logging_mixin.py:188} INFO - [2026-06-07T17:38:54.316+0545] {override.py:1858} INFO - Created Permission View: can edit on DAG:example_setup_teardown_taskflow
[2026-06-07T17:38:54.485+0545] {logging_mixin.py:188} INFO - [2026-06-07T17:38:54.483+0545] {override.py:1858} INFO - Created Permission View: can read on DAG:example_setup_teardown_taskflow
[2026-06-07T17:38:54.642+0545] {logging_mixin.py:188} INFO - [2026-06-07T17:38:54.642+0545] {override.py:1858} INFO - Created Permission View: can delete on DAG:example_setup_teardown_taskflow
[2026-06-07T17:38:54.643+0545] {logging_mixin.py:188} INFO - [2026-06-07T17:38:54.643+0545] {dag.py:3089} INFO - Sync 1 DAGs
[2026-06-07T17:38:54.656+0545] {logging_mixin.py:188} INFO - [2026-06-07T17:38:54.656+0545] {dag.py:3111} INFO - Creating ORM DAG for example_setup_teardown_taskflow
[2026-06-07T17:38:54.667+0545] {logging_mixin.py:188} INFO - [2026-06-07T17:38:54.667+0545] {dag.py:3947} INFO - Setting next_dagrun for example_setup_teardown_taskflow to 2026-06-06 00:00:00+00:00, run_after=2026-06-07 00:00:00+00:00
[2026-06-07T17:38:54.883+0545] {processor.py:183} INFO - Processing /home/suyog/miniconda3/envs/fraud_mlops/lib/python3.11/site-packages/airflow/example_dags/example_setup_teardown_taskflow.py took 1.066 seconds
[2026-06-07T17:40:32.038+0545] {processor.py:161} INFO - Started process (PID=32018) to work on /home/suyog/miniconda3/envs/fraud_mlops/lib/python3.11/site-packages/airflow/example_dags/example_setup_teardown_taskflow.py
[2026-06-07T17:40:32.064+0545] {processor.py:830} INFO - Processing file /home/suyog/miniconda3/envs/fraud_mlops/lib/python3.11/site-packages/airflow/example_dags/example_setup_teardown_taskflow.py for tasks to queue
[2026-06-07T17:40:32.066+0545] {logging_mixin.py:188} INFO - [2026-06-07T17:40:32.066+0545] {dagbag.py:545} INFO - Filling up the DagBag from /home/suyog/miniconda3/envs/fraud_mlops/lib/python3.11/site-packages/airflow/example_dags/example_setup_teardown_taskflow.py
[2026-06-07T17:40:32.079+0545] {processor.py:840} INFO - DAG(s) 'example_setup_teardown_taskflow' retrieved from /home/suyog/miniconda3/envs/fraud_mlops/lib/python3.11/site-packages/airflow/example_dags/example_setup_teardown_taskflow.py
[2026-06-07T17:40:32.099+0545] {logging_mixin.py:188} INFO - [2026-06-07T17:40:32.098+0545] {dag.py:3089} INFO - Sync 1 DAGs
[2026-06-07T17:40:32.113+0545] {logging_mixin.py:188} INFO - [2026-06-07T17:40:32.113+0545] {dag.py:3947} INFO - Setting next_dagrun for example_setup_teardown_taskflow to 2026-06-06 00:00:00+00:00, run_after=2026-06-07 00:00:00+00:00
[2026-06-07T17:40:32.284+0545] {processor.py:183} INFO - Processing /home/suyog/miniconda3/envs/fraud_mlops/lib/python3.11/site-packages/airflow/example_dags/example_setup_teardown_taskflow.py took 0.251 seconds
[2026-06-07T17:41:40.601+0545] {processor.py:161} INFO - Started process (PID=32166) to work on /home/suyog/miniconda3/envs/fraud_mlops/lib/python3.11/site-packages/airflow/example_dags/example_setup_teardown_taskflow.py
[2026-06-07T17:41:40.627+0545] {processor.py:830} INFO - Processing file /home/suyog/miniconda3/envs/fraud_mlops/lib/python3.11/site-packages/airflow/example_dags/example_setup_teardown_taskflow.py for tasks to queue
[2026-06-07T17:41:40.628+0545] {logging_mixin.py:188} INFO - [2026-06-07T17:41:40.628+0545] {dagbag.py:545} INFO - Filling up the DagBag from /home/suyog/miniconda3/envs/fraud_mlops/lib/python3.11/site-packages/airflow/example_dags/example_setup_teardown_taskflow.py
[2026-06-07T17:41:40.636+0545] {processor.py:840} INFO - DAG(s) 'example_setup_teardown_taskflow' retrieved from /home/suyog/miniconda3/envs/fraud_mlops/lib/python3.11/site-packages/airflow/example_dags/example_setup_teardown_taskflow.py
[2026-06-07T17:41:40.648+0545] {logging_mixin.py:188} INFO - [2026-06-07T17:41:40.648+0545] {dag.py:3089} INFO - Sync 1 DAGs
[2026-06-07T17:41:40.662+0545] {logging_mixin.py:188} INFO - [2026-06-07T17:41:40.662+0545] {dag.py:3947} INFO - Setting next_dagrun for example_setup_teardown_taskflow to 2026-06-06 00:00:00+00:00, run_after=2026-06-07 00:00:00+00:00
[2026-06-07T17:41:40.826+0545] {processor.py:183} INFO - Processing /home/suyog/miniconda3/envs/fraud_mlops/lib/python3.11/site-packages/airflow/example_dags/example_setup_teardown_taskflow.py took 0.230 seconds
[2026-06-07T17:42:55.505+0545] {processor.py:161} INFO - Started process (PID=32365) to work on /home/suyog/miniconda3/envs/fraud_mlops/lib/python3.11/site-packages/airflow/example_dags/example_setup_teardown_taskflow.py
[2026-06-07T17:42:55.507+0545] {processor.py:830} INFO - Processing file /home/suyog/miniconda3/envs/fraud_mlops/lib/python3.11/site-packages/airflow/example_dags/example_setup_teardown_taskflow.py for tasks to queue
[2026-06-07T17:42:55.509+0545] {logging_mixin.py:188} INFO - [2026-06-07T17:42:55.508+0545] {dagbag.py:545} INFO - Filling up the DagBag from /home/suyog/miniconda3/envs/fraud_mlops/lib/python3.11/site-packages/airflow/example_dags/example_setup_teardown_taskflow.py
[2026-06-07T17:42:55.523+0545] {processor.py:840} INFO - DAG(s) 'example_setup_teardown_taskflow' retrieved from /home/suyog/miniconda3/envs/fraud_mlops/lib/python3.11/site-packages/airflow/example_dags/example_setup_teardown_taskflow.py
[2026-06-07T17:42:55.538+0545] {logging_mixin.py:188} INFO - [2026-06-07T17:42:55.538+0545] {dag.py:3089} INFO - Sync 1 DAGs
[2026-06-07T17:42:55.552+0545] {logging_mixin.py:188} INFO - [2026-06-07T17:42:55.552+0545] {dag.py:3947} INFO - Setting next_dagrun for example_setup_teardown_taskflow to 2026-06-06 00:00:00+00:00, run_after=2026-06-07 00:00:00+00:00
[2026-06-07T17:42:55.755+0545] {processor.py:183} INFO - Processing /home/suyog/miniconda3/envs/fraud_mlops/lib/python3.11/site-packages/airflow/example_dags/example_setup_teardown_taskflow.py took 0.258 seconds
[2026-06-07T17:44:08.608+0545] {processor.py:161} INFO - Started process (PID=33018) to work on /home/suyog/miniconda3/envs/fraud_mlops/lib/python3.11/site-packages/airflow/example_dags/example_setup_teardown_taskflow.py
[2026-06-07T17:44:08.609+0545] {processor.py:830} INFO - Processing file /home/suyog/miniconda3/envs/fraud_mlops/lib/python3.11/site-packages/airflow/example_dags/example_setup_teardown_taskflow.py for tasks to queue
[2026-06-07T17:44:08.610+0545] {logging_mixin.py:188} INFO - [2026-06-07T17:44:08.610+0545] {dagbag.py:545} INFO - Filling up the DagBag from /home/suyog/miniconda3/envs/fraud_mlops/lib/python3.11/site-packages/airflow/example_dags/example_setup_teardown_taskflow.py
[2026-06-07T17:44:08.617+0545] {processor.py:840} INFO - DAG(s) 'example_setup_teardown_taskflow' retrieved from /home/suyog/miniconda3/envs/fraud_mlops/lib/python3.11/site-packages/airflow/example_dags/example_setup_teardown_taskflow.py
[2026-06-07T17:44:08.630+0545] {logging_mixin.py:188} INFO - [2026-06-07T17:44:08.630+0545] {dag.py:3089} INFO - Sync 1 DAGs
[2026-06-07T17:44:08.644+0545] {logging_mixin.py:188} INFO - [2026-06-07T17:44:08.644+0545] {dag.py:3947} INFO - Setting next_dagrun for example_setup_teardown_taskflow to 2026-06-06 00:00:00+00:00, run_after=2026-06-07 00:00:00+00:00
[2026-06-07T17:44:08.840+0545] {processor.py:183} INFO - Processing /home/suyog/miniconda3/envs/fraud_mlops/lib/python3.11/site-packages/airflow/example_dags/example_setup_teardown_taskflow.py took 0.237 seconds
[2026-06-07T17:45:18.103+0545] {processor.py:161} INFO - Started process (PID=33199) to work on /home/suyog/miniconda3/envs/fraud_mlops/lib/python3.11/site-packages/airflow/example_dags/example_setup_teardown_taskflow.py
[2026-06-07T17:45:18.104+0545] {processor.py:830} INFO - Processing file /home/suyog/miniconda3/envs/fraud_mlops/lib/python3.11/site-packages/airflow/example_dags/example_setup_teardown_taskflow.py for tasks to queue
[2026-06-07T17:45:18.106+0545] {logging_mixin.py:188} INFO - [2026-06-07T17:45:18.106+0545] {dagbag.py:545} INFO - Filling up the DagBag from /home/suyog/miniconda3/envs/fraud_mlops/lib/python3.11/site-packages/airflow/example_dags/example_setup_teardown_taskflow.py
[2026-06-07T17:45:18.119+0545] {processor.py:840} INFO - DAG(s) 'example_setup_teardown_taskflow' retrieved from /home/suyog/miniconda3/envs/fraud_mlops/lib/python3.11/site-packages/airflow/example_dags/example_setup_teardown_taskflow.py
[2026-06-07T17:45:18.136+0545] {logging_mixin.py:188} INFO - [2026-06-07T17:45:18.136+0545] {dag.py:3089} INFO - Sync 1 DAGs
[2026-06-07T17:45:18.151+0545] {logging_mixin.py:188} INFO - [2026-06-07T17:45:18.151+0545] {dag.py:3947} INFO - Setting next_dagrun for example_setup_teardown_taskflow to 2026-06-06 00:00:00+00:00, run_after=2026-06-07 00:00:00+00:00
[2026-06-07T17:45:18.357+0545] {processor.py:183} INFO - Processing /home/suyog/miniconda3/envs/fraud_mlops/lib/python3.11/site-packages/airflow/example_dags/example_setup_teardown_taskflow.py took 0.260 seconds
[2026-06-07T17:47:44.500+0545] {processor.py:161} INFO - Started process (PID=33387) to work on /home/suyog/miniconda3/envs/fraud_mlops/lib/python3.11/site-packages/airflow/example_dags/example_setup_teardown_taskflow.py
[2026-06-07T17:47:44.501+0545] {processor.py:830} INFO - Processing file /home/suyog/miniconda3/envs/fraud_mlops/lib/python3.11/site-packages/airflow/example_dags/example_setup_teardown_taskflow.py for tasks to queue
[2026-06-07T17:47:44.502+0545] {logging_mixin.py:188} INFO - [2026-06-07T17:47:44.502+0545] {dagbag.py:545} INFO - Filling up the DagBag from /home/suyog/miniconda3/envs/fraud_mlops/lib/python3.11/site-packages/airflow/example_dags/example_setup_teardown_taskflow.py
[2026-06-07T17:47:44.512+0545] {processor.py:840} INFO - DAG(s) 'example_setup_teardown_taskflow' retrieved from /home/suyog/miniconda3/envs/fraud_mlops/lib/python3.11/site-packages/airflow/example_dags/example_setup_teardown_taskflow.py
[2026-06-07T17:47:44.531+0545] {logging_mixin.py:188} INFO - [2026-06-07T17:47:44.531+0545] {dag.py:3089} INFO - Sync 1 DAGs
[2026-06-07T17:47:44.545+0545] {logging_mixin.py:188} INFO - [2026-06-07T17:47:44.545+0545] {dag.py:3947} INFO - Setting next_dagrun for example_setup_teardown_taskflow to 2026-06-06 00:00:00+00:00, run_after=2026-06-07 00:00:00+00:00
[2026-06-07T17:47:44.748+0545] {processor.py:183} INFO - Processing /home/suyog/miniconda3/envs/fraud_mlops/lib/python3.11/site-packages/airflow/example_dags/example_setup_teardown_taskflow.py took 0.253 seconds
[2026-06-07T17:48:52.273+0545] {processor.py:161} INFO - Started process (PID=33568) to work on /home/suyog/miniconda3/envs/fraud_mlops/lib/python3.11/site-packages/airflow/example_dags/example_setup_teardown_taskflow.py
[2026-06-07T17:48:52.302+0545] {processor.py:830} INFO - Processing file /home/suyog/miniconda3/envs/fraud_mlops/lib/python3.11/site-packages/airflow/example_dags/example_setup_teardown_taskflow.py for tasks to queue
[2026-06-07T17:48:52.307+0545] {logging_mixin.py:188} INFO - [2026-06-07T17:48:52.306+0545] {dagbag.py:545} INFO - Filling up the DagBag from /home/suyog/miniconda3/envs/fraud_mlops/lib/python3.11/site-packages/airflow/example_dags/example_setup_teardown_taskflow.py
[2026-06-07T17:48:52.331+0545] {processor.py:840} INFO - DAG(s) 'example_setup_teardown_taskflow' retrieved from /home/suyog/miniconda3/envs/fraud_mlops/lib/python3.11/site-packages/airflow/example_dags/example_setup_teardown_taskflow.py
[2026-06-07T17:48:52.349+0545] {logging_mixin.py:188} INFO - [2026-06-07T17:48:52.349+0545] {dag.py:3089} INFO - Sync 1 DAGs
[2026-06-07T17:48:52.363+0545] {logging_mixin.py:188} INFO - [2026-06-07T17:48:52.362+0545] {dag.py:3947} INFO - Setting next_dagrun for example_setup_teardown_taskflow to 2026-06-06 00:00:00+00:00, run_after=2026-06-07 00:00:00+00:00
[2026-06-07T17:48:52.566+0545] {processor.py:183} INFO - Processing /home/suyog/miniconda3/envs/fraud_mlops/lib/python3.11/site-packages/airflow/example_dags/example_setup_teardown_taskflow.py took 0.303 seconds
[2026-06-07T17:50:02.444+0545] {processor.py:161} INFO - Started process (PID=33672) to work on /home/suyog/miniconda3/envs/fraud_mlops/lib/python3.11/site-packages/airflow/example_dags/example_setup_teardown_taskflow.py
[2026-06-07T17:50:02.467+0545] {processor.py:830} INFO - Processing file /home/suyog/miniconda3/envs/fraud_mlops/lib/python3.11/site-packages/airflow/example_dags/example_setup_teardown_taskflow.py for tasks to queue
[2026-06-07T17:50:02.471+0545] {logging_mixin.py:188} INFO - [2026-06-07T17:50:02.470+0545] {dagbag.py:545} INFO - Filling up the DagBag from /home/suyog/miniconda3/envs/fraud_mlops/lib/python3.11/site-packages/airflow/example_dags/example_setup_teardown_taskflow.py
[2026-06-07T17:50:02.485+0545] {processor.py:840} INFO - DAG(s) 'example_setup_teardown_taskflow' retrieved from /home/suyog/miniconda3/envs/fraud_mlops/lib/python3.11/site-packages/airflow/example_dags/example_setup_teardown_taskflow.py
[2026-06-07T17:50:02.502+0545] {logging_mixin.py:188} INFO - [2026-06-07T17:50:02.502+0545] {dag.py:3089} INFO - Sync 1 DAGs
[2026-06-07T17:50:02.517+0545] {logging_mixin.py:188} INFO - [2026-06-07T17:50:02.517+0545] {dag.py:3947} INFO - Setting next_dagrun for example_setup_teardown_taskflow to 2026-06-06 00:00:00+00:00, run_after=2026-06-07 00:00:00+00:00
[2026-06-07T17:50:02.700+0545] {processor.py:183} INFO - Processing /home/suyog/miniconda3/envs/fraud_mlops/lib/python3.11/site-packages/airflow/example_dags/example_setup_teardown_taskflow.py took 0.262 seconds
