[2026-06-07T17:38:43.385+0545] {processor.py:161} INFO - Started process (PID=31842) to work on /home/suyog/miniconda3/envs/fraud_mlops/lib/python3.11/site-packages/airflow/example_dags/example_subdag_operator.py
[2026-06-07T17:38:43.386+0545] {processor.py:830} INFO - Processing file /home/suyog/miniconda3/envs/fraud_mlops/lib/python3.11/site-packages/airflow/example_dags/example_subdag_operator.py for tasks to queue
[2026-06-07T17:38:43.388+0545] {logging_mixin.py:188} INFO - [2026-06-07T17:38:43.387+0545] {dagbag.py:545} INFO - Filling up the DagBag from /home/suyog/miniconda3/envs/fraud_mlops/lib/python3.11/site-packages/airflow/example_dags/example_subdag_operator.py
[2026-06-07T17:38:43.403+0545] {processor.py:840} INFO - DAG(s) 'example_subdag_operator.section-1', 'example_subdag_operator.section-2', 'example_subdag_operator' retrieved from /home/suyog/miniconda3/envs/fraud_mlops/lib/python3.11/site-packages/airflow/example_dags/example_subdag_operator.py
[2026-06-07T17:38:43.891+0545] {logging_mixin.py:188} INFO - [2026-06-07T17:38:43.890+0545] {override.py:1858} INFO - Created Permission View: can edit on DAG:example_subdag_operator
[2026-06-07T17:38:44.041+0545] {logging_mixin.py:188} INFO - [2026-06-07T17:38:44.041+0545] {override.py:1858} INFO - Created Permission View: can read on DAG:example_subdag_operator
[2026-06-07T17:38:44.185+0545] {logging_mixin.py:188} INFO - [2026-06-07T17:38:44.184+0545] {override.py:1858} INFO - Created Permission View: can delete on DAG:example_subdag_operator
[2026-06-07T17:38:44.186+0545] {logging_mixin.py:188} INFO - [2026-06-07T17:38:44.185+0545] {dag.py:3089} INFO - Sync 3 DAGs
[2026-06-07T17:38:44.210+0545] {logging_mixin.py:188} INFO - [2026-06-07T17:38:44.209+0545] {dag.py:3111} INFO - Creating ORM DAG for example_subdag_operator.section-1
[2026-06-07T17:38:44.211+0545] {logging_mixin.py:188} INFO - [2026-06-07T17:38:44.211+0545] {dag.py:3111} INFO - Creating ORM DAG for example_subdag_operator
[2026-06-07T17:38:44.212+0545] {logging_mixin.py:188} INFO - [2026-06-07T17:38:44.212+0545] {dag.py:3111} INFO - Creating ORM DAG for example_subdag_operator.section-2
[2026-06-07T17:38:44.224+0545] {logging_mixin.py:188} INFO - [2026-06-07T17:38:44.224+0545] {dag.py:3947} INFO - Setting next_dagrun for example_subdag_operator to 2022-01-01 00:00:00+00:00, run_after=2022-01-01 00:00:00+00:00
[2026-06-07T17:38:44.225+0545] {logging_mixin.py:188} INFO - [2026-06-07T17:38:44.225+0545] {dag.py:3947} INFO - Setting next_dagrun for example_subdag_operator.section-1 to None, run_after=None
[2026-06-07T17:38:44.225+0545] {logging_mixin.py:188} INFO - [2026-06-07T17:38:44.225+0545] {dag.py:3947} INFO - Setting next_dagrun for example_subdag_operator.section-2 to None, run_after=None
[2026-06-07T17:38:44.231+0545] {logging_mixin.py:188} INFO - [2026-06-07T17:38:44.231+0545] {dag.py:3089} INFO - Sync 2 DAGs
[2026-06-07T17:38:44.235+0545] {logging_mixin.py:188} INFO - [2026-06-07T17:38:44.234+0545] {dag.py:3947} INFO - Setting next_dagrun for example_subdag_operator.section-1 to None, run_after=None
[2026-06-07T17:38:44.238+0545] {logging_mixin.py:188} INFO - [2026-06-07T17:38:44.238+0545] {dag.py:3947} INFO - Setting next_dagrun for example_subdag_operator.section-2 to None, run_after=None
[2026-06-07T17:38:44.413+0545] {processor.py:183} INFO - Processing /home/suyog/miniconda3/envs/fraud_mlops/lib/python3.11/site-packages/airflow/example_dags/example_subdag_operator.py took 1.033 seconds
[2026-06-07T17:40:25.207+0545] {processor.py:161} INFO - Started process (PID=32003) to work on /home/suyog/miniconda3/envs/fraud_mlops/lib/python3.11/site-packages/airflow/example_dags/example_subdag_operator.py
[2026-06-07T17:40:25.235+0545] {processor.py:830} INFO - Processing file /home/suyog/miniconda3/envs/fraud_mlops/lib/python3.11/site-packages/airflow/example_dags/example_subdag_operator.py for tasks to queue
[2026-06-07T17:40:25.238+0545] {logging_mixin.py:188} INFO - [2026-06-07T17:40:25.237+0545] {dagbag.py:545} INFO - Filling up the DagBag from /home/suyog/miniconda3/envs/fraud_mlops/lib/python3.11/site-packages/airflow/example_dags/example_subdag_operator.py
[2026-06-07T17:40:25.273+0545] {processor.py:840} INFO - DAG(s) 'example_subdag_operator.section-1', 'example_subdag_operator.section-2', 'example_subdag_operator' retrieved from /home/suyog/miniconda3/envs/fraud_mlops/lib/python3.11/site-packages/airflow/example_dags/example_subdag_operator.py
[2026-06-07T17:40:25.286+0545] {logging_mixin.py:188} INFO - [2026-06-07T17:40:25.286+0545] {dag.py:3089} INFO - Sync 3 DAGs
[2026-06-07T17:40:25.300+0545] {logging_mixin.py:188} INFO - [2026-06-07T17:40:25.300+0545] {dag.py:3947} INFO - Setting next_dagrun for example_subdag_operator to 2022-01-01 00:00:00+00:00, run_after=2022-01-01 00:00:00+00:00
[2026-06-07T17:40:25.303+0545] {logging_mixin.py:188} INFO - [2026-06-07T17:40:25.303+0545] {dag.py:3947} INFO - Setting next_dagrun for example_subdag_operator.section-1 to None, run_after=None
[2026-06-07T17:40:25.303+0545] {logging_mixin.py:188} INFO - [2026-06-07T17:40:25.303+0545] {dag.py:3947} INFO - Setting next_dagrun for example_subdag_operator.section-2 to None, run_after=None
[2026-06-07T17:40:25.307+0545] {logging_mixin.py:188} INFO - [2026-06-07T17:40:25.307+0545] {dag.py:3089} INFO - Sync 2 DAGs
[2026-06-07T17:40:25.310+0545] {logging_mixin.py:188} INFO - [2026-06-07T17:40:25.310+0545] {dag.py:3947} INFO - Setting next_dagrun for example_subdag_operator.section-1 to None, run_after=None
[2026-06-07T17:40:25.310+0545] {logging_mixin.py:188} INFO - [2026-06-07T17:40:25.310+0545] {dag.py:3947} INFO - Setting next_dagrun for example_subdag_operator.section-2 to None, run_after=None
[2026-06-07T17:40:25.467+0545] {processor.py:183} INFO - Processing /home/suyog/miniconda3/envs/fraud_mlops/lib/python3.11/site-packages/airflow/example_dags/example_subdag_operator.py took 0.264 seconds
[2026-06-07T17:41:35.106+0545] {processor.py:161} INFO - Started process (PID=32156) to work on /home/suyog/miniconda3/envs/fraud_mlops/lib/python3.11/site-packages/airflow/example_dags/example_subdag_operator.py
[2026-06-07T17:41:35.151+0545] {processor.py:830} INFO - Processing file /home/suyog/miniconda3/envs/fraud_mlops/lib/python3.11/site-packages/airflow/example_dags/example_subdag_operator.py for tasks to queue
[2026-06-07T17:41:35.153+0545] {logging_mixin.py:188} INFO - [2026-06-07T17:41:35.153+0545] {dagbag.py:545} INFO - Filling up the DagBag from /home/suyog/miniconda3/envs/fraud_mlops/lib/python3.11/site-packages/airflow/example_dags/example_subdag_operator.py
[2026-06-07T17:41:35.186+0545] {processor.py:840} INFO - DAG(s) 'example_subdag_operator.section-1', 'example_subdag_operator.section-2', 'example_subdag_operator' retrieved from /home/suyog/miniconda3/envs/fraud_mlops/lib/python3.11/site-packages/airflow/example_dags/example_subdag_operator.py
[2026-06-07T17:41:35.199+0545] {logging_mixin.py:188} INFO - [2026-06-07T17:41:35.199+0545] {dag.py:3089} INFO - Sync 3 DAGs
[2026-06-07T17:41:35.213+0545] {logging_mixin.py:188} INFO - [2026-06-07T17:41:35.213+0545] {dag.py:3947} INFO - Setting next_dagrun for example_subdag_operator to 2022-01-01 00:00:00+00:00, run_after=2022-01-01 00:00:00+00:00
[2026-06-07T17:41:35.216+0545] {logging_mixin.py:188} INFO - [2026-06-07T17:41:35.215+0545] {dag.py:3947} INFO - Setting next_dagrun for example_subdag_operator.section-1 to None, run_after=None
[2026-06-07T17:41:35.217+0545] {logging_mixin.py:188} INFO - [2026-06-07T17:41:35.216+0545] {dag.py:3947} INFO - Setting next_dagrun for example_subdag_operator.section-2 to None, run_after=None
[2026-06-07T17:41:35.221+0545] {logging_mixin.py:188} INFO - [2026-06-07T17:41:35.221+0545] {dag.py:3089} INFO - Sync 2 DAGs
[2026-06-07T17:41:35.224+0545] {logging_mixin.py:188} INFO - [2026-06-07T17:41:35.224+0545] {dag.py:3947} INFO - Setting next_dagrun for example_subdag_operator.section-1 to None, run_after=None
[2026-06-07T17:41:35.225+0545] {logging_mixin.py:188} INFO - [2026-06-07T17:41:35.224+0545] {dag.py:3947} INFO - Setting next_dagrun for example_subdag_operator.section-2 to None, run_after=None
[2026-06-07T17:41:35.385+0545] {processor.py:183} INFO - Processing /home/suyog/miniconda3/envs/fraud_mlops/lib/python3.11/site-packages/airflow/example_dags/example_subdag_operator.py took 0.289 seconds
[2026-06-07T17:42:48.599+0545] {processor.py:161} INFO - Started process (PID=32353) to work on /home/suyog/miniconda3/envs/fraud_mlops/lib/python3.11/site-packages/airflow/example_dags/example_subdag_operator.py
[2026-06-07T17:42:48.600+0545] {processor.py:830} INFO - Processing file /home/suyog/miniconda3/envs/fraud_mlops/lib/python3.11/site-packages/airflow/example_dags/example_subdag_operator.py for tasks to queue
[2026-06-07T17:42:48.602+0545] {logging_mixin.py:188} INFO - [2026-06-07T17:42:48.601+0545] {dagbag.py:545} INFO - Filling up the DagBag from /home/suyog/miniconda3/envs/fraud_mlops/lib/python3.11/site-packages/airflow/example_dags/example_subdag_operator.py
[2026-06-07T17:42:48.622+0545] {processor.py:840} INFO - DAG(s) 'example_subdag_operator.section-1', 'example_subdag_operator.section-2', 'example_subdag_operator' retrieved from /home/suyog/miniconda3/envs/fraud_mlops/lib/python3.11/site-packages/airflow/example_dags/example_subdag_operator.py
[2026-06-07T17:42:48.634+0545] {logging_mixin.py:188} INFO - [2026-06-07T17:42:48.633+0545] {dag.py:3089} INFO - Sync 3 DAGs
[2026-06-07T17:42:48.649+0545] {logging_mixin.py:188} INFO - [2026-06-07T17:42:48.649+0545] {dag.py:3947} INFO - Setting next_dagrun for example_subdag_operator to 2022-01-01 00:00:00+00:00, run_after=2022-01-01 00:00:00+00:00
[2026-06-07T17:42:48.651+0545] {logging_mixin.py:188} INFO - [2026-06-07T17:42:48.651+0545] {dag.py:3947} INFO - Setting next_dagrun for example_subdag_operator.section-1 to None, run_after=None
[2026-06-07T17:42:48.652+0545] {logging_mixin.py:188} INFO - [2026-06-07T17:42:48.652+0545] {dag.py:3947} INFO - Setting next_dagrun for example_subdag_operator.section-2 to None, run_after=None
[2026-06-07T17:42:48.656+0545] {logging_mixin.py:188} INFO - [2026-06-07T17:42:48.656+0545] {dag.py:3089} INFO - Sync 2 DAGs
[2026-06-07T17:42:48.659+0545] {logging_mixin.py:188} INFO - [2026-06-07T17:42:48.659+0545] {dag.py:3947} INFO - Setting next_dagrun for example_subdag_operator.section-1 to None, run_after=None
[2026-06-07T17:42:48.660+0545] {logging_mixin.py:188} INFO - [2026-06-07T17:42:48.660+0545] {dag.py:3947} INFO - Setting next_dagrun for example_subdag_operator.section-2 to None, run_after=None
[2026-06-07T17:42:48.838+0545] {processor.py:183} INFO - Processing /home/suyog/miniconda3/envs/fraud_mlops/lib/python3.11/site-packages/airflow/example_dags/example_subdag_operator.py took 0.247 seconds
[2026-06-07T17:44:03.023+0545] {processor.py:161} INFO - Started process (PID=33007) to work on /home/suyog/miniconda3/envs/fraud_mlops/lib/python3.11/site-packages/airflow/example_dags/example_subdag_operator.py
[2026-06-07T17:44:03.025+0545] {processor.py:830} INFO - Processing file /home/suyog/miniconda3/envs/fraud_mlops/lib/python3.11/site-packages/airflow/example_dags/example_subdag_operator.py for tasks to queue
[2026-06-07T17:44:03.028+0545] {logging_mixin.py:188} INFO - [2026-06-07T17:44:03.027+0545] {dagbag.py:545} INFO - Filling up the DagBag from /home/suyog/miniconda3/envs/fraud_mlops/lib/python3.11/site-packages/airflow/example_dags/example_subdag_operator.py
[2026-06-07T17:44:03.053+0545] {processor.py:840} INFO - DAG(s) 'example_subdag_operator.section-1', 'example_subdag_operator.section-2', 'example_subdag_operator' retrieved from /home/suyog/miniconda3/envs/fraud_mlops/lib/python3.11/site-packages/airflow/example_dags/example_subdag_operator.py
[2026-06-07T17:44:03.064+0545] {logging_mixin.py:188} INFO - [2026-06-07T17:44:03.064+0545] {dag.py:3089} INFO - Sync 3 DAGs
[2026-06-07T17:44:03.079+0545] {logging_mixin.py:188} INFO - [2026-06-07T17:44:03.079+0545] {dag.py:3947} INFO - Setting next_dagrun for example_subdag_operator to 2022-01-01 00:00:00+00:00, run_after=2022-01-01 00:00:00+00:00
[2026-06-07T17:44:03.082+0545] {logging_mixin.py:188} INFO - [2026-06-07T17:44:03.082+0545] {dag.py:3947} INFO - Setting next_dagrun for example_subdag_operator.section-1 to None, run_after=None
[2026-06-07T17:44:03.083+0545] {logging_mixin.py:188} INFO - [2026-06-07T17:44:03.083+0545] {dag.py:3947} INFO - Setting next_dagrun for example_subdag_operator.section-2 to None, run_after=None
[2026-06-07T17:44:03.087+0545] {logging_mixin.py:188} INFO - [2026-06-07T17:44:03.087+0545] {dag.py:3089} INFO - Sync 2 DAGs
[2026-06-07T17:44:03.091+0545] {logging_mixin.py:188} INFO - [2026-06-07T17:44:03.090+0545] {dag.py:3947} INFO - Setting next_dagrun for example_subdag_operator.section-1 to None, run_after=None
[2026-06-07T17:44:03.091+0545] {logging_mixin.py:188} INFO - [2026-06-07T17:44:03.091+0545] {dag.py:3947} INFO - Setting next_dagrun for example_subdag_operator.section-2 to None, run_after=None
[2026-06-07T17:44:03.343+0545] {processor.py:183} INFO - Processing /home/suyog/miniconda3/envs/fraud_mlops/lib/python3.11/site-packages/airflow/example_dags/example_subdag_operator.py took 0.332 seconds
[2026-06-07T17:45:11.720+0545] {processor.py:161} INFO - Started process (PID=33165) to work on /home/suyog/miniconda3/envs/fraud_mlops/lib/python3.11/site-packages/airflow/example_dags/example_subdag_operator.py
[2026-06-07T17:45:11.754+0545] {processor.py:830} INFO - Processing file /home/suyog/miniconda3/envs/fraud_mlops/lib/python3.11/site-packages/airflow/example_dags/example_subdag_operator.py for tasks to queue
[2026-06-07T17:45:11.758+0545] {logging_mixin.py:188} INFO - [2026-06-07T17:45:11.757+0545] {dagbag.py:545} INFO - Filling up the DagBag from /home/suyog/miniconda3/envs/fraud_mlops/lib/python3.11/site-packages/airflow/example_dags/example_subdag_operator.py
[2026-06-07T17:45:11.796+0545] {processor.py:840} INFO - DAG(s) 'example_subdag_operator.section-1', 'example_subdag_operator.section-2', 'example_subdag_operator' retrieved from /home/suyog/miniconda3/envs/fraud_mlops/lib/python3.11/site-packages/airflow/example_dags/example_subdag_operator.py
[2026-06-07T17:45:11.808+0545] {logging_mixin.py:188} INFO - [2026-06-07T17:45:11.807+0545] {dag.py:3089} INFO - Sync 3 DAGs
[2026-06-07T17:45:11.822+0545] {logging_mixin.py:188} INFO - [2026-06-07T17:45:11.822+0545] {dag.py:3947} INFO - Setting next_dagrun for example_subdag_operator to 2022-01-01 00:00:00+00:00, run_after=2022-01-01 00:00:00+00:00
[2026-06-07T17:45:11.825+0545] {logging_mixin.py:188} INFO - [2026-06-07T17:45:11.825+0545] {dag.py:3947} INFO - Setting next_dagrun for example_subdag_operator.section-1 to None, run_after=None
[2026-06-07T17:45:11.826+0545] {logging_mixin.py:188} INFO - [2026-06-07T17:45:11.825+0545] {dag.py:3947} INFO - Setting next_dagrun for example_subdag_operator.section-2 to None, run_after=None
[2026-06-07T17:45:11.830+0545] {logging_mixin.py:188} INFO - [2026-06-07T17:45:11.830+0545] {dag.py:3089} INFO - Sync 2 DAGs
[2026-06-07T17:45:11.832+0545] {logging_mixin.py:188} INFO - [2026-06-07T17:45:11.832+0545] {dag.py:3947} INFO - Setting next_dagrun for example_subdag_operator.section-1 to None, run_after=None
[2026-06-07T17:45:11.833+0545] {logging_mixin.py:188} INFO - [2026-06-07T17:45:11.833+0545] {dag.py:3947} INFO - Setting next_dagrun for example_subdag_operator.section-2 to None, run_after=None
[2026-06-07T17:45:11.993+0545] {processor.py:183} INFO - Processing /home/suyog/miniconda3/envs/fraud_mlops/lib/python3.11/site-packages/airflow/example_dags/example_subdag_operator.py took 0.287 seconds
[2026-06-07T17:46:47.949+0545] {processor.py:161} INFO - Started process (PID=33297) to work on /home/suyog/miniconda3/envs/fraud_mlops/lib/python3.11/site-packages/airflow/example_dags/example_subdag_operator.py
[2026-06-07T17:46:47.950+0545] {processor.py:830} INFO - Processing file /home/suyog/miniconda3/envs/fraud_mlops/lib/python3.11/site-packages/airflow/example_dags/example_subdag_operator.py for tasks to queue
[2026-06-07T17:46:47.952+0545] {logging_mixin.py:188} INFO - [2026-06-07T17:46:47.952+0545] {dagbag.py:545} INFO - Filling up the DagBag from /home/suyog/miniconda3/envs/fraud_mlops/lib/python3.11/site-packages/airflow/example_dags/example_subdag_operator.py
[2026-06-07T17:46:47.970+0545] {processor.py:840} INFO - DAG(s) 'example_subdag_operator.section-1', 'example_subdag_operator.section-2', 'example_subdag_operator' retrieved from /home/suyog/miniconda3/envs/fraud_mlops/lib/python3.11/site-packages/airflow/example_dags/example_subdag_operator.py
[2026-06-07T17:46:47.984+0545] {logging_mixin.py:188} INFO - [2026-06-07T17:46:47.984+0545] {dag.py:3089} INFO - Sync 3 DAGs
[2026-06-07T17:46:47.997+0545] {logging_mixin.py:188} INFO - [2026-06-07T17:46:47.997+0545] {dag.py:3947} INFO - Setting next_dagrun for example_subdag_operator to 2022-01-01 00:00:00+00:00, run_after=2022-01-01 00:00:00+00:00
[2026-06-07T17:46:47.999+0545] {logging_mixin.py:188} INFO - [2026-06-07T17:46:47.999+0545] {dag.py:3947} INFO - Setting next_dagrun for example_subdag_operator.section-1 to None, run_after=None
[2026-06-07T17:46:48.000+0545] {logging_mixin.py:188} INFO - [2026-06-07T17:46:48.000+0545] {dag.py:3947} INFO - Setting next_dagrun for example_subdag_operator.section-2 to None, run_after=None
[2026-06-07T17:46:48.004+0545] {logging_mixin.py:188} INFO - [2026-06-07T17:46:48.004+0545] {dag.py:3089} INFO - Sync 2 DAGs
[2026-06-07T17:46:48.007+0545] {logging_mixin.py:188} INFO - [2026-06-07T17:46:48.006+0545] {dag.py:3947} INFO - Setting next_dagrun for example_subdag_operator.section-1 to None, run_after=None
[2026-06-07T17:46:48.007+0545] {logging_mixin.py:188} INFO - [2026-06-07T17:46:48.007+0545] {dag.py:3947} INFO - Setting next_dagrun for example_subdag_operator.section-2 to None, run_after=None
[2026-06-07T17:46:48.196+0545] {processor.py:183} INFO - Processing /home/suyog/miniconda3/envs/fraud_mlops/lib/python3.11/site-packages/airflow/example_dags/example_subdag_operator.py took 0.252 seconds
[2026-06-07T17:47:37.605+0545] {processor.py:161} INFO - Started process (PID=33382) to work on /home/suyog/miniconda3/envs/fraud_mlops/lib/python3.11/site-packages/airflow/example_dags/example_subdag_operator.py
[2026-06-07T17:47:37.625+0545] {processor.py:830} INFO - Processing file /home/suyog/miniconda3/envs/fraud_mlops/lib/python3.11/site-packages/airflow/example_dags/example_subdag_operator.py for tasks to queue
[2026-06-07T17:47:37.628+0545] {logging_mixin.py:188} INFO - [2026-06-07T17:47:37.627+0545] {dagbag.py:545} INFO - Filling up the DagBag from /home/suyog/miniconda3/envs/fraud_mlops/lib/python3.11/site-packages/airflow/example_dags/example_subdag_operator.py
[2026-06-07T17:47:37.658+0545] {processor.py:840} INFO - DAG(s) 'example_subdag_operator.section-1', 'example_subdag_operator.section-2', 'example_subdag_operator' retrieved from /home/suyog/miniconda3/envs/fraud_mlops/lib/python3.11/site-packages/airflow/example_dags/example_subdag_operator.py
[2026-06-07T17:47:37.674+0545] {logging_mixin.py:188} INFO - [2026-06-07T17:47:37.674+0545] {dag.py:3089} INFO - Sync 3 DAGs
[2026-06-07T17:47:37.688+0545] {logging_mixin.py:188} INFO - [2026-06-07T17:47:37.687+0545] {dag.py:3947} INFO - Setting next_dagrun for example_subdag_operator to 2022-01-01 00:00:00+00:00, run_after=2022-01-01 00:00:00+00:00
[2026-06-07T17:47:37.690+0545] {logging_mixin.py:188} INFO - [2026-06-07T17:47:37.690+0545] {dag.py:3947} INFO - Setting next_dagrun for example_subdag_operator.section-1 to None, run_after=None
[2026-06-07T17:47:37.690+0545] {logging_mixin.py:188} INFO - [2026-06-07T17:47:37.690+0545] {dag.py:3947} INFO - Setting next_dagrun for example_subdag_operator.section-2 to None, run_after=None
[2026-06-07T17:47:37.694+0545] {logging_mixin.py:188} INFO - [2026-06-07T17:47:37.694+0545] {dag.py:3089} INFO - Sync 2 DAGs
[2026-06-07T17:47:37.697+0545] {logging_mixin.py:188} INFO - [2026-06-07T17:47:37.697+0545] {dag.py:3947} INFO - Setting next_dagrun for example_subdag_operator.section-1 to None, run_after=None
[2026-06-07T17:47:37.697+0545] {logging_mixin.py:188} INFO - [2026-06-07T17:47:37.697+0545] {dag.py:3947} INFO - Setting next_dagrun for example_subdag_operator.section-2 to None, run_after=None
[2026-06-07T17:47:37.868+0545] {processor.py:183} INFO - Processing /home/suyog/miniconda3/envs/fraud_mlops/lib/python3.11/site-packages/airflow/example_dags/example_subdag_operator.py took 0.267 seconds
[2026-06-07T17:48:45.747+0545] {processor.py:161} INFO - Started process (PID=33523) to work on /home/suyog/miniconda3/envs/fraud_mlops/lib/python3.11/site-packages/airflow/example_dags/example_subdag_operator.py
[2026-06-07T17:48:45.781+0545] {processor.py:830} INFO - Processing file /home/suyog/miniconda3/envs/fraud_mlops/lib/python3.11/site-packages/airflow/example_dags/example_subdag_operator.py for tasks to queue
[2026-06-07T17:48:45.784+0545] {logging_mixin.py:188} INFO - [2026-06-07T17:48:45.784+0545] {dagbag.py:545} INFO - Filling up the DagBag from /home/suyog/miniconda3/envs/fraud_mlops/lib/python3.11/site-packages/airflow/example_dags/example_subdag_operator.py
[2026-06-07T17:48:45.813+0545] {processor.py:840} INFO - DAG(s) 'example_subdag_operator.section-1', 'example_subdag_operator.section-2', 'example_subdag_operator' retrieved from /home/suyog/miniconda3/envs/fraud_mlops/lib/python3.11/site-packages/airflow/example_dags/example_subdag_operator.py
[2026-06-07T17:48:45.830+0545] {logging_mixin.py:188} INFO - [2026-06-07T17:48:45.829+0545] {dag.py:3089} INFO - Sync 3 DAGs
[2026-06-07T17:48:45.849+0545] {logging_mixin.py:188} INFO - [2026-06-07T17:48:45.849+0545] {dag.py:3947} INFO - Setting next_dagrun for example_subdag_operator to 2022-01-01 00:00:00+00:00, run_after=2022-01-01 00:00:00+00:00
[2026-06-07T17:48:45.852+0545] {logging_mixin.py:188} INFO - [2026-06-07T17:48:45.852+0545] {dag.py:3947} INFO - Setting next_dagrun for example_subdag_operator.section-1 to None, run_after=None
[2026-06-07T17:48:45.853+0545] {logging_mixin.py:188} INFO - [2026-06-07T17:48:45.853+0545] {dag.py:3947} INFO - Setting next_dagrun for example_subdag_operator.section-2 to None, run_after=None
[2026-06-07T17:48:45.859+0545] {logging_mixin.py:188} INFO - [2026-06-07T17:48:45.859+0545] {dag.py:3089} INFO - Sync 2 DAGs
[2026-06-07T17:48:45.867+0545] {logging_mixin.py:188} INFO - [2026-06-07T17:48:45.866+0545] {dag.py:3947} INFO - Setting next_dagrun for example_subdag_operator.section-1 to None, run_after=None
[2026-06-07T17:48:45.867+0545] {logging_mixin.py:188} INFO - [2026-06-07T17:48:45.867+0545] {dag.py:3947} INFO - Setting next_dagrun for example_subdag_operator.section-2 to None, run_after=None
[2026-06-07T17:48:45.998+0545] {processor.py:183} INFO - Processing /home/suyog/miniconda3/envs/fraud_mlops/lib/python3.11/site-packages/airflow/example_dags/example_subdag_operator.py took 0.256 seconds
[2026-06-07T17:49:55.793+0545] {processor.py:161} INFO - Started process (PID=33666) to work on /home/suyog/miniconda3/envs/fraud_mlops/lib/python3.11/site-packages/airflow/example_dags/example_subdag_operator.py
[2026-06-07T17:49:55.820+0545] {processor.py:830} INFO - Processing file /home/suyog/miniconda3/envs/fraud_mlops/lib/python3.11/site-packages/airflow/example_dags/example_subdag_operator.py for tasks to queue
[2026-06-07T17:49:55.823+0545] {logging_mixin.py:188} INFO - [2026-06-07T17:49:55.822+0545] {dagbag.py:545} INFO - Filling up the DagBag from /home/suyog/miniconda3/envs/fraud_mlops/lib/python3.11/site-packages/airflow/example_dags/example_subdag_operator.py
[2026-06-07T17:49:55.842+0545] {processor.py:840} INFO - DAG(s) 'example_subdag_operator.section-1', 'example_subdag_operator.section-2', 'example_subdag_operator' retrieved from /home/suyog/miniconda3/envs/fraud_mlops/lib/python3.11/site-packages/airflow/example_dags/example_subdag_operator.py
[2026-06-07T17:49:55.853+0545] {logging_mixin.py:188} INFO - [2026-06-07T17:49:55.853+0545] {dag.py:3089} INFO - Sync 3 DAGs
[2026-06-07T17:49:55.867+0545] {logging_mixin.py:188} INFO - [2026-06-07T17:49:55.867+0545] {dag.py:3947} INFO - Setting next_dagrun for example_subdag_operator to 2022-01-01 00:00:00+00:00, run_after=2022-01-01 00:00:00+00:00
[2026-06-07T17:49:55.869+0545] {logging_mixin.py:188} INFO - [2026-06-07T17:49:55.869+0545] {dag.py:3947} INFO - Setting next_dagrun for example_subdag_operator.section-1 to None, run_after=None
[2026-06-07T17:49:55.870+0545] {logging_mixin.py:188} INFO - [2026-06-07T17:49:55.870+0545] {dag.py:3947} INFO - Setting next_dagrun for example_subdag_operator.section-2 to None, run_after=None
[2026-06-07T17:49:55.874+0545] {logging_mixin.py:188} INFO - [2026-06-07T17:49:55.874+0545] {dag.py:3089} INFO - Sync 2 DAGs
[2026-06-07T17:49:55.877+0545] {logging_mixin.py:188} INFO - [2026-06-07T17:49:55.877+0545] {dag.py:3947} INFO - Setting next_dagrun for example_subdag_operator.section-1 to None, run_after=None
[2026-06-07T17:49:55.877+0545] {logging_mixin.py:188} INFO - [2026-06-07T17:49:55.877+0545] {dag.py:3947} INFO - Setting next_dagrun for example_subdag_operator.section-2 to None, run_after=None
[2026-06-07T17:49:56.116+0545] {processor.py:183} INFO - Processing /home/suyog/miniconda3/envs/fraud_mlops/lib/python3.11/site-packages/airflow/example_dags/example_subdag_operator.py took 0.330 seconds
