[2026-06-07T17:38:52.161+0545] {processor.py:161} INFO - Started process (PID=31846) to work on /home/suyog/miniconda3/envs/fraud_mlops/lib/python3.11/site-packages/airflow/example_dags/example_short_circuit_decorator.py
[2026-06-07T17:38:52.162+0545] {processor.py:830} INFO - Processing file /home/suyog/miniconda3/envs/fraud_mlops/lib/python3.11/site-packages/airflow/example_dags/example_short_circuit_decorator.py for tasks to queue
[2026-06-07T17:38:52.163+0545] {logging_mixin.py:188} INFO - [2026-06-07T17:38:52.163+0545] {dagbag.py:545} INFO - Filling up the DagBag from /home/suyog/miniconda3/envs/fraud_mlops/lib/python3.11/site-packages/airflow/example_dags/example_short_circuit_decorator.py
[2026-06-07T17:38:52.171+0545] {processor.py:840} INFO - DAG(s) 'example_short_circuit_decorator' retrieved from /home/suyog/miniconda3/envs/fraud_mlops/lib/python3.11/site-packages/airflow/example_dags/example_short_circuit_decorator.py
[2026-06-07T17:38:52.674+0545] {logging_mixin.py:188} INFO - [2026-06-07T17:38:52.672+0545] {override.py:1858} INFO - Created Permission View: can edit on DAG:example_short_circuit_decorator
[2026-06-07T17:38:52.848+0545] {logging_mixin.py:188} INFO - [2026-06-07T17:38:52.847+0545] {override.py:1858} INFO - Created Permission View: can read on DAG:example_short_circuit_decorator
[2026-06-07T17:38:53.007+0545] {logging_mixin.py:188} INFO - [2026-06-07T17:38:53.006+0545] {override.py:1858} INFO - Created Permission View: can delete on DAG:example_short_circuit_decorator
[2026-06-07T17:38:53.008+0545] {logging_mixin.py:188} INFO - [2026-06-07T17:38:53.008+0545] {dag.py:3089} INFO - Sync 1 DAGs
[2026-06-07T17:38:53.034+0545] {logging_mixin.py:188} INFO - [2026-06-07T17:38:53.034+0545] {dag.py:3111} INFO - Creating ORM DAG for example_short_circuit_decorator
[2026-06-07T17:38:53.046+0545] {logging_mixin.py:188} INFO - [2026-06-07T17:38:53.046+0545] {dag.py:3947} INFO - Setting next_dagrun for example_short_circuit_decorator to 2026-06-06 00:00:00+00:00, run_after=2026-06-07 00:00:00+00:00
[2026-06-07T17:38:53.236+0545] {processor.py:183} INFO - Processing /home/suyog/miniconda3/envs/fraud_mlops/lib/python3.11/site-packages/airflow/example_dags/example_short_circuit_decorator.py took 1.080 seconds
[2026-06-07T17:40:30.655+0545] {processor.py:161} INFO - Started process (PID=32012) to work on /home/suyog/miniconda3/envs/fraud_mlops/lib/python3.11/site-packages/airflow/example_dags/example_short_circuit_decorator.py
[2026-06-07T17:40:30.656+0545] {processor.py:830} INFO - Processing file /home/suyog/miniconda3/envs/fraud_mlops/lib/python3.11/site-packages/airflow/example_dags/example_short_circuit_decorator.py for tasks to queue
[2026-06-07T17:40:30.658+0545] {logging_mixin.py:188} INFO - [2026-06-07T17:40:30.658+0545] {dagbag.py:545} INFO - Filling up the DagBag from /home/suyog/miniconda3/envs/fraud_mlops/lib/python3.11/site-packages/airflow/example_dags/example_short_circuit_decorator.py
[2026-06-07T17:40:30.668+0545] {processor.py:840} INFO - DAG(s) 'example_short_circuit_decorator' retrieved from /home/suyog/miniconda3/envs/fraud_mlops/lib/python3.11/site-packages/airflow/example_dags/example_short_circuit_decorator.py
[2026-06-07T17:40:30.685+0545] {logging_mixin.py:188} INFO - [2026-06-07T17:40:30.685+0545] {dag.py:3089} INFO - Sync 1 DAGs
[2026-06-07T17:40:30.700+0545] {logging_mixin.py:188} INFO - [2026-06-07T17:40:30.700+0545] {dag.py:3947} INFO - Setting next_dagrun for example_short_circuit_decorator to 2026-06-06 00:00:00+00:00, run_after=2026-06-07 00:00:00+00:00
[2026-06-07T17:40:30.891+0545] {processor.py:183} INFO - Processing /home/suyog/miniconda3/envs/fraud_mlops/lib/python3.11/site-packages/airflow/example_dags/example_short_circuit_decorator.py took 0.241 seconds
[2026-06-07T17:41:39.911+0545] {processor.py:161} INFO - Started process (PID=32165) to work on /home/suyog/miniconda3/envs/fraud_mlops/lib/python3.11/site-packages/airflow/example_dags/example_short_circuit_decorator.py
[2026-06-07T17:41:39.912+0545] {processor.py:830} INFO - Processing file /home/suyog/miniconda3/envs/fraud_mlops/lib/python3.11/site-packages/airflow/example_dags/example_short_circuit_decorator.py for tasks to queue
[2026-06-07T17:41:39.913+0545] {logging_mixin.py:188} INFO - [2026-06-07T17:41:39.913+0545] {dagbag.py:545} INFO - Filling up the DagBag from /home/suyog/miniconda3/envs/fraud_mlops/lib/python3.11/site-packages/airflow/example_dags/example_short_circuit_decorator.py
[2026-06-07T17:41:39.922+0545] {processor.py:840} INFO - DAG(s) 'example_short_circuit_decorator' retrieved from /home/suyog/miniconda3/envs/fraud_mlops/lib/python3.11/site-packages/airflow/example_dags/example_short_circuit_decorator.py
[2026-06-07T17:41:39.937+0545] {logging_mixin.py:188} INFO - [2026-06-07T17:41:39.937+0545] {dag.py:3089} INFO - Sync 1 DAGs
[2026-06-07T17:41:39.952+0545] {logging_mixin.py:188} INFO - [2026-06-07T17:41:39.952+0545] {dag.py:3947} INFO - Setting next_dagrun for example_short_circuit_decorator to 2026-06-06 00:00:00+00:00, run_after=2026-06-07 00:00:00+00:00
[2026-06-07T17:41:40.136+0545] {processor.py:183} INFO - Processing /home/suyog/miniconda3/envs/fraud_mlops/lib/python3.11/site-packages/airflow/example_dags/example_short_circuit_decorator.py took 0.229 seconds
[2026-06-07T17:42:54.144+0545] {processor.py:161} INFO - Started process (PID=32358) to work on /home/suyog/miniconda3/envs/fraud_mlops/lib/python3.11/site-packages/airflow/example_dags/example_short_circuit_decorator.py
[2026-06-07T17:42:54.146+0545] {processor.py:830} INFO - Processing file /home/suyog/miniconda3/envs/fraud_mlops/lib/python3.11/site-packages/airflow/example_dags/example_short_circuit_decorator.py for tasks to queue
[2026-06-07T17:42:54.148+0545] {logging_mixin.py:188} INFO - [2026-06-07T17:42:54.147+0545] {dagbag.py:545} INFO - Filling up the DagBag from /home/suyog/miniconda3/envs/fraud_mlops/lib/python3.11/site-packages/airflow/example_dags/example_short_circuit_decorator.py
[2026-06-07T17:42:54.160+0545] {processor.py:840} INFO - DAG(s) 'example_short_circuit_decorator' retrieved from /home/suyog/miniconda3/envs/fraud_mlops/lib/python3.11/site-packages/airflow/example_dags/example_short_circuit_decorator.py
[2026-06-07T17:42:54.175+0545] {logging_mixin.py:188} INFO - [2026-06-07T17:42:54.175+0545] {dag.py:3089} INFO - Sync 1 DAGs
[2026-06-07T17:42:54.190+0545] {logging_mixin.py:188} INFO - [2026-06-07T17:42:54.189+0545] {dag.py:3947} INFO - Setting next_dagrun for example_short_circuit_decorator to 2026-06-06 00:00:00+00:00, run_after=2026-06-07 00:00:00+00:00
[2026-06-07T17:42:54.358+0545] {processor.py:183} INFO - Processing /home/suyog/miniconda3/envs/fraud_mlops/lib/python3.11/site-packages/airflow/example_dags/example_short_circuit_decorator.py took 0.222 seconds
[2026-06-07T17:44:07.716+0545] {processor.py:161} INFO - Started process (PID=33017) to work on /home/suyog/miniconda3/envs/fraud_mlops/lib/python3.11/site-packages/airflow/example_dags/example_short_circuit_decorator.py
[2026-06-07T17:44:07.717+0545] {processor.py:830} INFO - Processing file /home/suyog/miniconda3/envs/fraud_mlops/lib/python3.11/site-packages/airflow/example_dags/example_short_circuit_decorator.py for tasks to queue
[2026-06-07T17:44:07.718+0545] {logging_mixin.py:188} INFO - [2026-06-07T17:44:07.718+0545] {dagbag.py:545} INFO - Filling up the DagBag from /home/suyog/miniconda3/envs/fraud_mlops/lib/python3.11/site-packages/airflow/example_dags/example_short_circuit_decorator.py
[2026-06-07T17:44:07.728+0545] {processor.py:840} INFO - DAG(s) 'example_short_circuit_decorator' retrieved from /home/suyog/miniconda3/envs/fraud_mlops/lib/python3.11/site-packages/airflow/example_dags/example_short_circuit_decorator.py
[2026-06-07T17:44:07.743+0545] {logging_mixin.py:188} INFO - [2026-06-07T17:44:07.743+0545] {dag.py:3089} INFO - Sync 1 DAGs
[2026-06-07T17:44:07.759+0545] {logging_mixin.py:188} INFO - [2026-06-07T17:44:07.759+0545] {dag.py:3947} INFO - Setting next_dagrun for example_short_circuit_decorator to 2026-06-06 00:00:00+00:00, run_after=2026-06-07 00:00:00+00:00
[2026-06-07T17:44:08.020+0545] {processor.py:183} INFO - Processing /home/suyog/miniconda3/envs/fraud_mlops/lib/python3.11/site-packages/airflow/example_dags/example_short_circuit_decorator.py took 0.309 seconds
[2026-06-07T17:45:16.764+0545] {processor.py:161} INFO - Started process (PID=33175) to work on /home/suyog/miniconda3/envs/fraud_mlops/lib/python3.11/site-packages/airflow/example_dags/example_short_circuit_decorator.py
[2026-06-07T17:45:16.794+0545] {processor.py:830} INFO - Processing file /home/suyog/miniconda3/envs/fraud_mlops/lib/python3.11/site-packages/airflow/example_dags/example_short_circuit_decorator.py for tasks to queue
[2026-06-07T17:45:16.796+0545] {logging_mixin.py:188} INFO - [2026-06-07T17:45:16.796+0545] {dagbag.py:545} INFO - Filling up the DagBag from /home/suyog/miniconda3/envs/fraud_mlops/lib/python3.11/site-packages/airflow/example_dags/example_short_circuit_decorator.py
[2026-06-07T17:45:16.807+0545] {processor.py:840} INFO - DAG(s) 'example_short_circuit_decorator' retrieved from /home/suyog/miniconda3/envs/fraud_mlops/lib/python3.11/site-packages/airflow/example_dags/example_short_circuit_decorator.py
[2026-06-07T17:45:16.823+0545] {logging_mixin.py:188} INFO - [2026-06-07T17:45:16.822+0545] {dag.py:3089} INFO - Sync 1 DAGs
[2026-06-07T17:45:16.837+0545] {logging_mixin.py:188} INFO - [2026-06-07T17:45:16.836+0545] {dag.py:3947} INFO - Setting next_dagrun for example_short_circuit_decorator to 2026-06-06 00:00:00+00:00, run_after=2026-06-07 00:00:00+00:00
[2026-06-07T17:45:17.010+0545] {processor.py:183} INFO - Processing /home/suyog/miniconda3/envs/fraud_mlops/lib/python3.11/site-packages/airflow/example_dags/example_short_circuit_decorator.py took 0.252 seconds
[2026-06-07T17:47:43.138+0545] {processor.py:161} INFO - Started process (PID=33386) to work on /home/suyog/miniconda3/envs/fraud_mlops/lib/python3.11/site-packages/airflow/example_dags/example_short_circuit_decorator.py
[2026-06-07T17:47:43.139+0545] {processor.py:830} INFO - Processing file /home/suyog/miniconda3/envs/fraud_mlops/lib/python3.11/site-packages/airflow/example_dags/example_short_circuit_decorator.py for tasks to queue
[2026-06-07T17:47:43.141+0545] {logging_mixin.py:188} INFO - [2026-06-07T17:47:43.140+0545] {dagbag.py:545} INFO - Filling up the DagBag from /home/suyog/miniconda3/envs/fraud_mlops/lib/python3.11/site-packages/airflow/example_dags/example_short_circuit_decorator.py
[2026-06-07T17:47:43.148+0545] {processor.py:840} INFO - DAG(s) 'example_short_circuit_decorator' retrieved from /home/suyog/miniconda3/envs/fraud_mlops/lib/python3.11/site-packages/airflow/example_dags/example_short_circuit_decorator.py
[2026-06-07T17:47:43.165+0545] {logging_mixin.py:188} INFO - [2026-06-07T17:47:43.164+0545] {dag.py:3089} INFO - Sync 1 DAGs
[2026-06-07T17:47:43.178+0545] {logging_mixin.py:188} INFO - [2026-06-07T17:47:43.178+0545] {dag.py:3947} INFO - Setting next_dagrun for example_short_circuit_decorator to 2026-06-06 00:00:00+00:00, run_after=2026-06-07 00:00:00+00:00
[2026-06-07T17:47:43.354+0545] {processor.py:183} INFO - Processing /home/suyog/miniconda3/envs/fraud_mlops/lib/python3.11/site-packages/airflow/example_dags/example_short_circuit_decorator.py took 0.220 seconds
[2026-06-07T17:48:50.808+0545] {processor.py:161} INFO - Started process (PID=33535) to work on /home/suyog/miniconda3/envs/fraud_mlops/lib/python3.11/site-packages/airflow/example_dags/example_short_circuit_decorator.py
[2026-06-07T17:48:50.835+0545] {processor.py:830} INFO - Processing file /home/suyog/miniconda3/envs/fraud_mlops/lib/python3.11/site-packages/airflow/example_dags/example_short_circuit_decorator.py for tasks to queue
[2026-06-07T17:48:50.836+0545] {logging_mixin.py:188} INFO - [2026-06-07T17:48:50.836+0545] {dagbag.py:545} INFO - Filling up the DagBag from /home/suyog/miniconda3/envs/fraud_mlops/lib/python3.11/site-packages/airflow/example_dags/example_short_circuit_decorator.py
[2026-06-07T17:48:50.843+0545] {processor.py:840} INFO - DAG(s) 'example_short_circuit_decorator' retrieved from /home/suyog/miniconda3/envs/fraud_mlops/lib/python3.11/site-packages/airflow/example_dags/example_short_circuit_decorator.py
[2026-06-07T17:48:50.857+0545] {logging_mixin.py:188} INFO - [2026-06-07T17:48:50.857+0545] {dag.py:3089} INFO - Sync 1 DAGs
[2026-06-07T17:48:50.871+0545] {logging_mixin.py:188} INFO - [2026-06-07T17:48:50.871+0545] {dag.py:3947} INFO - Setting next_dagrun for example_short_circuit_decorator to 2026-06-06 00:00:00+00:00, run_after=2026-06-07 00:00:00+00:00
[2026-06-07T17:48:51.128+0545] {processor.py:183} INFO - Processing /home/suyog/miniconda3/envs/fraud_mlops/lib/python3.11/site-packages/airflow/example_dags/example_short_circuit_decorator.py took 0.324 seconds
[2026-06-07T17:50:01.006+0545] {processor.py:161} INFO - Started process (PID=33670) to work on /home/suyog/miniconda3/envs/fraud_mlops/lib/python3.11/site-packages/airflow/example_dags/example_short_circuit_decorator.py
[2026-06-07T17:50:01.007+0545] {processor.py:830} INFO - Processing file /home/suyog/miniconda3/envs/fraud_mlops/lib/python3.11/site-packages/airflow/example_dags/example_short_circuit_decorator.py for tasks to queue
[2026-06-07T17:50:01.009+0545] {logging_mixin.py:188} INFO - [2026-06-07T17:50:01.009+0545] {dagbag.py:545} INFO - Filling up the DagBag from /home/suyog/miniconda3/envs/fraud_mlops/lib/python3.11/site-packages/airflow/example_dags/example_short_circuit_decorator.py
[2026-06-07T17:50:01.019+0545] {processor.py:840} INFO - DAG(s) 'example_short_circuit_decorator' retrieved from /home/suyog/miniconda3/envs/fraud_mlops/lib/python3.11/site-packages/airflow/example_dags/example_short_circuit_decorator.py
[2026-06-07T17:50:01.040+0545] {logging_mixin.py:188} INFO - [2026-06-07T17:50:01.040+0545] {dag.py:3089} INFO - Sync 1 DAGs
[2026-06-07T17:50:01.058+0545] {logging_mixin.py:188} INFO - [2026-06-07T17:50:01.058+0545] {dag.py:3947} INFO - Setting next_dagrun for example_short_circuit_decorator to 2026-06-06 00:00:00+00:00, run_after=2026-06-07 00:00:00+00:00
[2026-06-07T17:50:01.347+0545] {processor.py:183} INFO - Processing /home/suyog/miniconda3/envs/fraud_mlops/lib/python3.11/site-packages/airflow/example_dags/example_short_circuit_decorator.py took 0.347 seconds
