[2026-06-07T17:39:20.353+0545] {processor.py:161} INFO - Started process (PID=31873) to work on /home/suyog/miniconda3/envs/fraud_mlops/lib/python3.11/site-packages/airflow/example_dags/example_kubernetes_executor.py
[2026-06-07T17:39:20.354+0545] {processor.py:830} INFO - Processing file /home/suyog/miniconda3/envs/fraud_mlops/lib/python3.11/site-packages/airflow/example_dags/example_kubernetes_executor.py for tasks to queue
[2026-06-07T17:39:20.357+0545] {logging_mixin.py:188} INFO - [2026-06-07T17:39:20.356+0545] {dagbag.py:545} INFO - Filling up the DagBag from /home/suyog/miniconda3/envs/fraud_mlops/lib/python3.11/site-packages/airflow/example_dags/example_kubernetes_executor.py
[2026-06-07T17:39:20.362+0545] {logging_mixin.py:188} INFO - [2026-06-07T17:39:20.362+0545] {example_kubernetes_executor.py:39} WARNING - The example_kubernetes_executor example DAG requires the kubernetes provider. Please install it with: pip install apache-airflow[cncf.kubernetes]
[2026-06-07T17:39:20.363+0545] {processor.py:842} WARNING - No viable dags retrieved from /home/suyog/miniconda3/envs/fraud_mlops/lib/python3.11/site-packages/airflow/example_dags/example_kubernetes_executor.py
[2026-06-07T17:39:20.375+0545] {processor.py:183} INFO - Processing /home/suyog/miniconda3/envs/fraud_mlops/lib/python3.11/site-packages/airflow/example_dags/example_kubernetes_executor.py took 0.033 seconds
[2026-06-07T17:40:47.407+0545] {processor.py:161} INFO - Started process (PID=32050) to work on /home/suyog/miniconda3/envs/fraud_mlops/lib/python3.11/site-packages/airflow/example_dags/example_kubernetes_executor.py
[2026-06-07T17:40:47.426+0545] {processor.py:830} INFO - Processing file /home/suyog/miniconda3/envs/fraud_mlops/lib/python3.11/site-packages/airflow/example_dags/example_kubernetes_executor.py for tasks to queue
[2026-06-07T17:40:47.429+0545] {logging_mixin.py:188} INFO - [2026-06-07T17:40:47.428+0545] {dagbag.py:545} INFO - Filling up the DagBag from /home/suyog/miniconda3/envs/fraud_mlops/lib/python3.11/site-packages/airflow/example_dags/example_kubernetes_executor.py
[2026-06-07T17:40:47.433+0545] {logging_mixin.py:188} INFO - [2026-06-07T17:40:47.433+0545] {example_kubernetes_executor.py:39} WARNING - The example_kubernetes_executor example DAG requires the kubernetes provider. Please install it with: pip install apache-airflow[cncf.kubernetes]
[2026-06-07T17:40:47.434+0545] {processor.py:842} WARNING - No viable dags retrieved from /home/suyog/miniconda3/envs/fraud_mlops/lib/python3.11/site-packages/airflow/example_dags/example_kubernetes_executor.py
[2026-06-07T17:40:47.448+0545] {processor.py:183} INFO - Processing /home/suyog/miniconda3/envs/fraud_mlops/lib/python3.11/site-packages/airflow/example_dags/example_kubernetes_executor.py took 0.056 seconds
[2026-06-07T17:41:58.172+0545] {processor.py:161} INFO - Started process (PID=32215) to work on /home/suyog/miniconda3/envs/fraud_mlops/lib/python3.11/site-packages/airflow/example_dags/example_kubernetes_executor.py
[2026-06-07T17:41:58.173+0545] {processor.py:830} INFO - Processing file /home/suyog/miniconda3/envs/fraud_mlops/lib/python3.11/site-packages/airflow/example_dags/example_kubernetes_executor.py for tasks to queue
[2026-06-07T17:41:58.174+0545] {logging_mixin.py:188} INFO - [2026-06-07T17:41:58.174+0545] {dagbag.py:545} INFO - Filling up the DagBag from /home/suyog/miniconda3/envs/fraud_mlops/lib/python3.11/site-packages/airflow/example_dags/example_kubernetes_executor.py
[2026-06-07T17:41:58.176+0545] {logging_mixin.py:188} INFO - [2026-06-07T17:41:58.176+0545] {example_kubernetes_executor.py:39} WARNING - The example_kubernetes_executor example DAG requires the kubernetes provider. Please install it with: pip install apache-airflow[cncf.kubernetes]
[2026-06-07T17:41:58.176+0545] {processor.py:842} WARNING - No viable dags retrieved from /home/suyog/miniconda3/envs/fraud_mlops/lib/python3.11/site-packages/airflow/example_dags/example_kubernetes_executor.py
[2026-06-07T17:41:58.184+0545] {processor.py:183} INFO - Processing /home/suyog/miniconda3/envs/fraud_mlops/lib/python3.11/site-packages/airflow/example_dags/example_kubernetes_executor.py took 0.016 seconds
[2026-06-07T17:43:12.020+0545] {processor.py:161} INFO - Started process (PID=32509) to work on /home/suyog/miniconda3/envs/fraud_mlops/lib/python3.11/site-packages/airflow/example_dags/example_kubernetes_executor.py
[2026-06-07T17:43:12.021+0545] {processor.py:830} INFO - Processing file /home/suyog/miniconda3/envs/fraud_mlops/lib/python3.11/site-packages/airflow/example_dags/example_kubernetes_executor.py for tasks to queue
[2026-06-07T17:43:12.023+0545] {logging_mixin.py:188} INFO - [2026-06-07T17:43:12.023+0545] {dagbag.py:545} INFO - Filling up the DagBag from /home/suyog/miniconda3/envs/fraud_mlops/lib/python3.11/site-packages/airflow/example_dags/example_kubernetes_executor.py
[2026-06-07T17:43:12.026+0545] {logging_mixin.py:188} INFO - [2026-06-07T17:43:12.026+0545] {example_kubernetes_executor.py:39} WARNING - The example_kubernetes_executor example DAG requires the kubernetes provider. Please install it with: pip install apache-airflow[cncf.kubernetes]
[2026-06-07T17:43:12.026+0545] {processor.py:842} WARNING - No viable dags retrieved from /home/suyog/miniconda3/envs/fraud_mlops/lib/python3.11/site-packages/airflow/example_dags/example_kubernetes_executor.py
[2026-06-07T17:43:12.037+0545] {processor.py:183} INFO - Processing /home/suyog/miniconda3/envs/fraud_mlops/lib/python3.11/site-packages/airflow/example_dags/example_kubernetes_executor.py took 0.023 seconds
[2026-06-07T17:44:24.533+0545] {processor.py:161} INFO - Started process (PID=33058) to work on /home/suyog/miniconda3/envs/fraud_mlops/lib/python3.11/site-packages/airflow/example_dags/example_kubernetes_executor.py
[2026-06-07T17:44:24.534+0545] {processor.py:830} INFO - Processing file /home/suyog/miniconda3/envs/fraud_mlops/lib/python3.11/site-packages/airflow/example_dags/example_kubernetes_executor.py for tasks to queue
[2026-06-07T17:44:24.536+0545] {logging_mixin.py:188} INFO - [2026-06-07T17:44:24.535+0545] {dagbag.py:545} INFO - Filling up the DagBag from /home/suyog/miniconda3/envs/fraud_mlops/lib/python3.11/site-packages/airflow/example_dags/example_kubernetes_executor.py
[2026-06-07T17:44:24.540+0545] {logging_mixin.py:188} INFO - [2026-06-07T17:44:24.539+0545] {example_kubernetes_executor.py:39} WARNING - The example_kubernetes_executor example DAG requires the kubernetes provider. Please install it with: pip install apache-airflow[cncf.kubernetes]
[2026-06-07T17:44:24.540+0545] {processor.py:842} WARNING - No viable dags retrieved from /home/suyog/miniconda3/envs/fraud_mlops/lib/python3.11/site-packages/airflow/example_dags/example_kubernetes_executor.py
[2026-06-07T17:44:24.551+0545] {processor.py:183} INFO - Processing /home/suyog/miniconda3/envs/fraud_mlops/lib/python3.11/site-packages/airflow/example_dags/example_kubernetes_executor.py took 0.026 seconds
[2026-06-07T17:47:59.871+0545] {processor.py:161} INFO - Started process (PID=33412) to work on /home/suyog/miniconda3/envs/fraud_mlops/lib/python3.11/site-packages/airflow/example_dags/example_kubernetes_executor.py
[2026-06-07T17:47:59.900+0545] {processor.py:830} INFO - Processing file /home/suyog/miniconda3/envs/fraud_mlops/lib/python3.11/site-packages/airflow/example_dags/example_kubernetes_executor.py for tasks to queue
[2026-06-07T17:47:59.904+0545] {logging_mixin.py:188} INFO - [2026-06-07T17:47:59.903+0545] {dagbag.py:545} INFO - Filling up the DagBag from /home/suyog/miniconda3/envs/fraud_mlops/lib/python3.11/site-packages/airflow/example_dags/example_kubernetes_executor.py
[2026-06-07T17:47:59.910+0545] {logging_mixin.py:188} INFO - [2026-06-07T17:47:59.910+0545] {example_kubernetes_executor.py:39} WARNING - The example_kubernetes_executor example DAG requires the kubernetes provider. Please install it with: pip install apache-airflow[cncf.kubernetes]
[2026-06-07T17:47:59.911+0545] {processor.py:842} WARNING - No viable dags retrieved from /home/suyog/miniconda3/envs/fraud_mlops/lib/python3.11/site-packages/airflow/example_dags/example_kubernetes_executor.py
[2026-06-07T17:47:59.930+0545] {processor.py:183} INFO - Processing /home/suyog/miniconda3/envs/fraud_mlops/lib/python3.11/site-packages/airflow/example_dags/example_kubernetes_executor.py took 0.067 seconds
[2026-06-07T17:49:17.900+0545] {processor.py:161} INFO - Started process (PID=33611) to work on /home/suyog/miniconda3/envs/fraud_mlops/lib/python3.11/site-packages/airflow/example_dags/example_kubernetes_executor.py
[2026-06-07T17:49:17.914+0545] {processor.py:830} INFO - Processing file /home/suyog/miniconda3/envs/fraud_mlops/lib/python3.11/site-packages/airflow/example_dags/example_kubernetes_executor.py for tasks to queue
[2026-06-07T17:49:17.915+0545] {logging_mixin.py:188} INFO - [2026-06-07T17:49:17.915+0545] {dagbag.py:545} INFO - Filling up the DagBag from /home/suyog/miniconda3/envs/fraud_mlops/lib/python3.11/site-packages/airflow/example_dags/example_kubernetes_executor.py
[2026-06-07T17:49:17.917+0545] {logging_mixin.py:188} INFO - [2026-06-07T17:49:17.917+0545] {example_kubernetes_executor.py:39} WARNING - The example_kubernetes_executor example DAG requires the kubernetes provider. Please install it with: pip install apache-airflow[cncf.kubernetes]
[2026-06-07T17:49:17.917+0545] {processor.py:842} WARNING - No viable dags retrieved from /home/suyog/miniconda3/envs/fraud_mlops/lib/python3.11/site-packages/airflow/example_dags/example_kubernetes_executor.py
[2026-06-07T17:49:17.924+0545] {processor.py:183} INFO - Processing /home/suyog/miniconda3/envs/fraud_mlops/lib/python3.11/site-packages/airflow/example_dags/example_kubernetes_executor.py took 0.032 seconds
[2026-06-07T17:50:27.212+0545] {processor.py:161} INFO - Started process (PID=33704) to work on /home/suyog/miniconda3/envs/fraud_mlops/lib/python3.11/site-packages/airflow/example_dags/example_kubernetes_executor.py
[2026-06-07T17:50:27.236+0545] {processor.py:830} INFO - Processing file /home/suyog/miniconda3/envs/fraud_mlops/lib/python3.11/site-packages/airflow/example_dags/example_kubernetes_executor.py for tasks to queue
[2026-06-07T17:50:27.239+0545] {logging_mixin.py:188} INFO - [2026-06-07T17:50:27.238+0545] {dagbag.py:545} INFO - Filling up the DagBag from /home/suyog/miniconda3/envs/fraud_mlops/lib/python3.11/site-packages/airflow/example_dags/example_kubernetes_executor.py
[2026-06-07T17:50:27.243+0545] {logging_mixin.py:188} INFO - [2026-06-07T17:50:27.243+0545] {example_kubernetes_executor.py:39} WARNING - The example_kubernetes_executor example DAG requires the kubernetes provider. Please install it with: pip install apache-airflow[cncf.kubernetes]
[2026-06-07T17:50:27.244+0545] {processor.py:842} WARNING - No viable dags retrieved from /home/suyog/miniconda3/envs/fraud_mlops/lib/python3.11/site-packages/airflow/example_dags/example_kubernetes_executor.py
[2026-06-07T17:50:27.260+0545] {processor.py:183} INFO - Processing /home/suyog/miniconda3/envs/fraud_mlops/lib/python3.11/site-packages/airflow/example_dags/example_kubernetes_executor.py took 0.058 seconds
