[2026-06-07T17:39:48.423+0545] {processor.py:161} INFO - Started process (PID=31931) to work on /home/suyog/miniconda3/envs/fraud_mlops/lib/python3.11/site-packages/airflow/example_dags/example_branch_day_of_week_operator.py
[2026-06-07T17:39:48.424+0545] {processor.py:830} INFO - Processing file /home/suyog/miniconda3/envs/fraud_mlops/lib/python3.11/site-packages/airflow/example_dags/example_branch_day_of_week_operator.py for tasks to queue
[2026-06-07T17:39:48.427+0545] {logging_mixin.py:188} INFO - [2026-06-07T17:39:48.427+0545] {dagbag.py:545} INFO - Filling up the DagBag from /home/suyog/miniconda3/envs/fraud_mlops/lib/python3.11/site-packages/airflow/example_dags/example_branch_day_of_week_operator.py
[2026-06-07T17:39:48.437+0545] {processor.py:840} INFO - DAG(s) 'example_weekday_branch_operator' retrieved from /home/suyog/miniconda3/envs/fraud_mlops/lib/python3.11/site-packages/airflow/example_dags/example_branch_day_of_week_operator.py
[2026-06-07T17:39:49.032+0545] {logging_mixin.py:188} INFO - [2026-06-07T17:39:49.031+0545] {override.py:1858} INFO - Created Permission View: can edit on DAG:example_weekday_branch_operator
[2026-06-07T17:39:49.208+0545] {logging_mixin.py:188} INFO - [2026-06-07T17:39:49.207+0545] {override.py:1858} INFO - Created Permission View: can read on DAG:example_weekday_branch_operator
[2026-06-07T17:39:49.374+0545] {logging_mixin.py:188} INFO - [2026-06-07T17:39:49.373+0545] {override.py:1858} INFO - Created Permission View: can delete on DAG:example_weekday_branch_operator
[2026-06-07T17:39:49.375+0545] {logging_mixin.py:188} INFO - [2026-06-07T17:39:49.375+0545] {dag.py:3089} INFO - Sync 1 DAGs
[2026-06-07T17:39:49.398+0545] {logging_mixin.py:188} INFO - [2026-06-07T17:39:49.397+0545] {dag.py:3111} INFO - Creating ORM DAG for example_weekday_branch_operator
[2026-06-07T17:39:49.411+0545] {logging_mixin.py:188} INFO - [2026-06-07T17:39:49.410+0545] {dag.py:3947} INFO - Setting next_dagrun for example_weekday_branch_operator to 2026-06-06 00:00:00+00:00, run_after=2026-06-07 00:00:00+00:00
[2026-06-07T17:39:49.623+0545] {processor.py:183} INFO - Processing /home/suyog/miniconda3/envs/fraud_mlops/lib/python3.11/site-packages/airflow/example_dags/example_branch_day_of_week_operator.py took 1.213 seconds
[2026-06-07T17:41:23.614+0545] {processor.py:161} INFO - Started process (PID=32126) to work on /home/suyog/miniconda3/envs/fraud_mlops/lib/python3.11/site-packages/airflow/example_dags/example_branch_day_of_week_operator.py
[2026-06-07T17:41:23.642+0545] {processor.py:830} INFO - Processing file /home/suyog/miniconda3/envs/fraud_mlops/lib/python3.11/site-packages/airflow/example_dags/example_branch_day_of_week_operator.py for tasks to queue
[2026-06-07T17:41:23.644+0545] {logging_mixin.py:188} INFO - [2026-06-07T17:41:23.643+0545] {dagbag.py:545} INFO - Filling up the DagBag from /home/suyog/miniconda3/envs/fraud_mlops/lib/python3.11/site-packages/airflow/example_dags/example_branch_day_of_week_operator.py
[2026-06-07T17:41:23.655+0545] {processor.py:840} INFO - DAG(s) 'example_weekday_branch_operator' retrieved from /home/suyog/miniconda3/envs/fraud_mlops/lib/python3.11/site-packages/airflow/example_dags/example_branch_day_of_week_operator.py
[2026-06-07T17:41:23.674+0545] {logging_mixin.py:188} INFO - [2026-06-07T17:41:23.674+0545] {dag.py:3089} INFO - Sync 1 DAGs
[2026-06-07T17:41:23.691+0545] {logging_mixin.py:188} INFO - [2026-06-07T17:41:23.691+0545] {dag.py:3947} INFO - Setting next_dagrun for example_weekday_branch_operator to 2026-06-06 00:00:00+00:00, run_after=2026-06-07 00:00:00+00:00
[2026-06-07T17:41:23.857+0545] {processor.py:183} INFO - Processing /home/suyog/miniconda3/envs/fraud_mlops/lib/python3.11/site-packages/airflow/example_dags/example_branch_day_of_week_operator.py took 0.251 seconds
[2026-06-07T17:42:35.592+0545] {processor.py:161} INFO - Started process (PID=32317) to work on /home/suyog/miniconda3/envs/fraud_mlops/lib/python3.11/site-packages/airflow/example_dags/example_branch_day_of_week_operator.py
[2026-06-07T17:42:35.595+0545] {processor.py:830} INFO - Processing file /home/suyog/miniconda3/envs/fraud_mlops/lib/python3.11/site-packages/airflow/example_dags/example_branch_day_of_week_operator.py for tasks to queue
[2026-06-07T17:42:35.599+0545] {logging_mixin.py:188} INFO - [2026-06-07T17:42:35.598+0545] {dagbag.py:545} INFO - Filling up the DagBag from /home/suyog/miniconda3/envs/fraud_mlops/lib/python3.11/site-packages/airflow/example_dags/example_branch_day_of_week_operator.py
[2026-06-07T17:42:35.610+0545] {processor.py:840} INFO - DAG(s) 'example_weekday_branch_operator' retrieved from /home/suyog/miniconda3/envs/fraud_mlops/lib/python3.11/site-packages/airflow/example_dags/example_branch_day_of_week_operator.py
[2026-06-07T17:42:35.625+0545] {logging_mixin.py:188} INFO - [2026-06-07T17:42:35.625+0545] {dag.py:3089} INFO - Sync 1 DAGs
[2026-06-07T17:42:35.640+0545] {logging_mixin.py:188} INFO - [2026-06-07T17:42:35.640+0545] {dag.py:3947} INFO - Setting next_dagrun for example_weekday_branch_operator to 2026-06-06 00:00:00+00:00, run_after=2026-06-07 00:00:00+00:00
[2026-06-07T17:42:35.833+0545] {processor.py:183} INFO - Processing /home/suyog/miniconda3/envs/fraud_mlops/lib/python3.11/site-packages/airflow/example_dags/example_branch_day_of_week_operator.py took 0.258 seconds
[2026-06-07T17:43:50.286+0545] {processor.py:161} INFO - Started process (PID=32970) to work on /home/suyog/miniconda3/envs/fraud_mlops/lib/python3.11/site-packages/airflow/example_dags/example_branch_day_of_week_operator.py
[2026-06-07T17:43:50.287+0545] {processor.py:830} INFO - Processing file /home/suyog/miniconda3/envs/fraud_mlops/lib/python3.11/site-packages/airflow/example_dags/example_branch_day_of_week_operator.py for tasks to queue
[2026-06-07T17:43:50.289+0545] {logging_mixin.py:188} INFO - [2026-06-07T17:43:50.288+0545] {dagbag.py:545} INFO - Filling up the DagBag from /home/suyog/miniconda3/envs/fraud_mlops/lib/python3.11/site-packages/airflow/example_dags/example_branch_day_of_week_operator.py
[2026-06-07T17:43:50.296+0545] {processor.py:840} INFO - DAG(s) 'example_weekday_branch_operator' retrieved from /home/suyog/miniconda3/envs/fraud_mlops/lib/python3.11/site-packages/airflow/example_dags/example_branch_day_of_week_operator.py
[2026-06-07T17:43:50.311+0545] {logging_mixin.py:188} INFO - [2026-06-07T17:43:50.311+0545] {dag.py:3089} INFO - Sync 1 DAGs
[2026-06-07T17:43:50.326+0545] {logging_mixin.py:188} INFO - [2026-06-07T17:43:50.325+0545] {dag.py:3947} INFO - Setting next_dagrun for example_weekday_branch_operator to 2026-06-06 00:00:00+00:00, run_after=2026-06-07 00:00:00+00:00
[2026-06-07T17:43:50.521+0545] {processor.py:183} INFO - Processing /home/suyog/miniconda3/envs/fraud_mlops/lib/python3.11/site-packages/airflow/example_dags/example_branch_day_of_week_operator.py took 0.240 seconds
[2026-06-07T17:44:58.055+0545] {processor.py:161} INFO - Started process (PID=33128) to work on /home/suyog/miniconda3/envs/fraud_mlops/lib/python3.11/site-packages/airflow/example_dags/example_branch_day_of_week_operator.py
[2026-06-07T17:44:58.056+0545] {processor.py:830} INFO - Processing file /home/suyog/miniconda3/envs/fraud_mlops/lib/python3.11/site-packages/airflow/example_dags/example_branch_day_of_week_operator.py for tasks to queue
[2026-06-07T17:44:58.057+0545] {logging_mixin.py:188} INFO - [2026-06-07T17:44:58.057+0545] {dagbag.py:545} INFO - Filling up the DagBag from /home/suyog/miniconda3/envs/fraud_mlops/lib/python3.11/site-packages/airflow/example_dags/example_branch_day_of_week_operator.py
[2026-06-07T17:44:58.065+0545] {processor.py:840} INFO - DAG(s) 'example_weekday_branch_operator' retrieved from /home/suyog/miniconda3/envs/fraud_mlops/lib/python3.11/site-packages/airflow/example_dags/example_branch_day_of_week_operator.py
[2026-06-07T17:44:58.078+0545] {logging_mixin.py:188} INFO - [2026-06-07T17:44:58.077+0545] {dag.py:3089} INFO - Sync 1 DAGs
[2026-06-07T17:44:58.094+0545] {logging_mixin.py:188} INFO - [2026-06-07T17:44:58.093+0545] {dag.py:3947} INFO - Setting next_dagrun for example_weekday_branch_operator to 2026-06-06 00:00:00+00:00, run_after=2026-06-07 00:00:00+00:00
[2026-06-07T17:44:58.316+0545] {processor.py:183} INFO - Processing /home/suyog/miniconda3/envs/fraud_mlops/lib/python3.11/site-packages/airflow/example_dags/example_branch_day_of_week_operator.py took 0.268 seconds
[2026-06-07T17:48:16.267+0545] {processor.py:161} INFO - Started process (PID=33441) to work on /home/suyog/miniconda3/envs/fraud_mlops/lib/python3.11/site-packages/airflow/example_dags/example_branch_day_of_week_operator.py
[2026-06-07T17:48:16.268+0545] {processor.py:830} INFO - Processing file /home/suyog/miniconda3/envs/fraud_mlops/lib/python3.11/site-packages/airflow/example_dags/example_branch_day_of_week_operator.py for tasks to queue
[2026-06-07T17:48:16.270+0545] {logging_mixin.py:188} INFO - [2026-06-07T17:48:16.270+0545] {dagbag.py:545} INFO - Filling up the DagBag from /home/suyog/miniconda3/envs/fraud_mlops/lib/python3.11/site-packages/airflow/example_dags/example_branch_day_of_week_operator.py
[2026-06-07T17:48:16.280+0545] {processor.py:840} INFO - DAG(s) 'example_weekday_branch_operator' retrieved from /home/suyog/miniconda3/envs/fraud_mlops/lib/python3.11/site-packages/airflow/example_dags/example_branch_day_of_week_operator.py
[2026-06-07T17:48:16.390+0545] {logging_mixin.py:188} INFO - [2026-06-07T17:48:16.390+0545] {dag.py:3089} INFO - Sync 1 DAGs
[2026-06-07T17:48:16.407+0545] {logging_mixin.py:188} INFO - [2026-06-07T17:48:16.407+0545] {dag.py:3947} INFO - Setting next_dagrun for example_weekday_branch_operator to 2026-06-06 00:00:00+00:00, run_after=2026-06-07 00:00:00+00:00
[2026-06-07T17:48:16.580+0545] {processor.py:183} INFO - Processing /home/suyog/miniconda3/envs/fraud_mlops/lib/python3.11/site-packages/airflow/example_dags/example_branch_day_of_week_operator.py took 0.320 seconds
[2026-06-07T17:49:32.281+0545] {processor.py:161} INFO - Started process (PID=33637) to work on /home/suyog/miniconda3/envs/fraud_mlops/lib/python3.11/site-packages/airflow/example_dags/example_branch_day_of_week_operator.py
[2026-06-07T17:49:32.300+0545] {processor.py:830} INFO - Processing file /home/suyog/miniconda3/envs/fraud_mlops/lib/python3.11/site-packages/airflow/example_dags/example_branch_day_of_week_operator.py for tasks to queue
[2026-06-07T17:49:32.302+0545] {logging_mixin.py:188} INFO - [2026-06-07T17:49:32.302+0545] {dagbag.py:545} INFO - Filling up the DagBag from /home/suyog/miniconda3/envs/fraud_mlops/lib/python3.11/site-packages/airflow/example_dags/example_branch_day_of_week_operator.py
[2026-06-07T17:49:32.313+0545] {processor.py:840} INFO - DAG(s) 'example_weekday_branch_operator' retrieved from /home/suyog/miniconda3/envs/fraud_mlops/lib/python3.11/site-packages/airflow/example_dags/example_branch_day_of_week_operator.py
[2026-06-07T17:49:32.332+0545] {logging_mixin.py:188} INFO - [2026-06-07T17:49:32.332+0545] {dag.py:3089} INFO - Sync 1 DAGs
[2026-06-07T17:49:32.348+0545] {logging_mixin.py:188} INFO - [2026-06-07T17:49:32.347+0545] {dag.py:3947} INFO - Setting next_dagrun for example_weekday_branch_operator to 2026-06-06 00:00:00+00:00, run_after=2026-06-07 00:00:00+00:00
[2026-06-07T17:49:32.494+0545] {processor.py:183} INFO - Processing /home/suyog/miniconda3/envs/fraud_mlops/lib/python3.11/site-packages/airflow/example_dags/example_branch_day_of_week_operator.py took 0.221 seconds
