[2026-06-07T17:38:49.820+0545] {processor.py:161} INFO - Started process (PID=31845) to work on /home/suyog/miniconda3/envs/fraud_mlops/lib/python3.11/site-packages/airflow/example_dags/example_short_circuit_operator.py
[2026-06-07T17:38:49.821+0545] {processor.py:830} INFO - Processing file /home/suyog/miniconda3/envs/fraud_mlops/lib/python3.11/site-packages/airflow/example_dags/example_short_circuit_operator.py for tasks to queue
[2026-06-07T17:38:49.822+0545] {logging_mixin.py:188} INFO - [2026-06-07T17:38:49.822+0545] {dagbag.py:545} INFO - Filling up the DagBag from /home/suyog/miniconda3/envs/fraud_mlops/lib/python3.11/site-packages/airflow/example_dags/example_short_circuit_operator.py
[2026-06-07T17:38:49.831+0545] {processor.py:840} INFO - DAG(s) 'example_short_circuit_operator' retrieved from /home/suyog/miniconda3/envs/fraud_mlops/lib/python3.11/site-packages/airflow/example_dags/example_short_circuit_operator.py
[2026-06-07T17:38:50.309+0545] {logging_mixin.py:188} INFO - [2026-06-07T17:38:50.308+0545] {override.py:1858} INFO - Created Permission View: can edit on DAG:example_short_circuit_operator
[2026-06-07T17:38:50.460+0545] {logging_mixin.py:188} INFO - [2026-06-07T17:38:50.459+0545] {override.py:1858} INFO - Created Permission View: can read on DAG:example_short_circuit_operator
[2026-06-07T17:38:50.863+0545] {logging_mixin.py:188} INFO - [2026-06-07T17:38:50.862+0545] {override.py:1858} INFO - Created Permission View: can delete on DAG:example_short_circuit_operator
[2026-06-07T17:38:50.864+0545] {logging_mixin.py:188} INFO - [2026-06-07T17:38:50.864+0545] {dag.py:3089} INFO - Sync 1 DAGs
[2026-06-07T17:38:50.880+0545] {logging_mixin.py:188} INFO - [2026-06-07T17:38:50.879+0545] {dag.py:3111} INFO - Creating ORM DAG for example_short_circuit_operator
[2026-06-07T17:38:50.888+0545] {logging_mixin.py:188} INFO - [2026-06-07T17:38:50.888+0545] {dag.py:3947} INFO - Setting next_dagrun for example_short_circuit_operator to 2026-06-06 00:00:00+00:00, run_after=2026-06-07 00:00:00+00:00
[2026-06-07T17:38:51.074+0545] {processor.py:183} INFO - Processing /home/suyog/miniconda3/envs/fraud_mlops/lib/python3.11/site-packages/airflow/example_dags/example_short_circuit_operator.py took 1.259 seconds
[2026-06-07T17:40:29.320+0545] {processor.py:161} INFO - Started process (PID=32011) to work on /home/suyog/miniconda3/envs/fraud_mlops/lib/python3.11/site-packages/airflow/example_dags/example_short_circuit_operator.py
[2026-06-07T17:40:29.351+0545] {processor.py:830} INFO - Processing file /home/suyog/miniconda3/envs/fraud_mlops/lib/python3.11/site-packages/airflow/example_dags/example_short_circuit_operator.py for tasks to queue
[2026-06-07T17:40:29.356+0545] {logging_mixin.py:188} INFO - [2026-06-07T17:40:29.355+0545] {dagbag.py:545} INFO - Filling up the DagBag from /home/suyog/miniconda3/envs/fraud_mlops/lib/python3.11/site-packages/airflow/example_dags/example_short_circuit_operator.py
[2026-06-07T17:40:29.377+0545] {processor.py:840} INFO - DAG(s) 'example_short_circuit_operator' retrieved from /home/suyog/miniconda3/envs/fraud_mlops/lib/python3.11/site-packages/airflow/example_dags/example_short_circuit_operator.py
[2026-06-07T17:40:29.399+0545] {logging_mixin.py:188} INFO - [2026-06-07T17:40:29.398+0545] {dag.py:3089} INFO - Sync 1 DAGs
[2026-06-07T17:40:29.413+0545] {logging_mixin.py:188} INFO - [2026-06-07T17:40:29.413+0545] {dag.py:3947} INFO - Setting next_dagrun for example_short_circuit_operator to 2026-06-06 00:00:00+00:00, run_after=2026-06-07 00:00:00+00:00
[2026-06-07T17:40:29.592+0545] {processor.py:183} INFO - Processing /home/suyog/miniconda3/envs/fraud_mlops/lib/python3.11/site-packages/airflow/example_dags/example_short_circuit_operator.py took 0.287 seconds
[2026-06-07T17:41:38.593+0545] {processor.py:161} INFO - Started process (PID=32164) to work on /home/suyog/miniconda3/envs/fraud_mlops/lib/python3.11/site-packages/airflow/example_dags/example_short_circuit_operator.py
[2026-06-07T17:41:38.622+0545] {processor.py:830} INFO - Processing file /home/suyog/miniconda3/envs/fraud_mlops/lib/python3.11/site-packages/airflow/example_dags/example_short_circuit_operator.py for tasks to queue
[2026-06-07T17:41:38.624+0545] {logging_mixin.py:188} INFO - [2026-06-07T17:41:38.623+0545] {dagbag.py:545} INFO - Filling up the DagBag from /home/suyog/miniconda3/envs/fraud_mlops/lib/python3.11/site-packages/airflow/example_dags/example_short_circuit_operator.py
[2026-06-07T17:41:38.635+0545] {processor.py:840} INFO - DAG(s) 'example_short_circuit_operator' retrieved from /home/suyog/miniconda3/envs/fraud_mlops/lib/python3.11/site-packages/airflow/example_dags/example_short_circuit_operator.py
[2026-06-07T17:41:38.656+0545] {logging_mixin.py:188} INFO - [2026-06-07T17:41:38.655+0545] {dag.py:3089} INFO - Sync 1 DAGs
[2026-06-07T17:41:38.671+0545] {logging_mixin.py:188} INFO - [2026-06-07T17:41:38.670+0545] {dag.py:3947} INFO - Setting next_dagrun for example_short_circuit_operator to 2026-06-06 00:00:00+00:00, run_after=2026-06-07 00:00:00+00:00
[2026-06-07T17:41:38.831+0545] {processor.py:183} INFO - Processing /home/suyog/miniconda3/envs/fraud_mlops/lib/python3.11/site-packages/airflow/example_dags/example_short_circuit_operator.py took 0.253 seconds
[2026-06-07T17:42:52.579+0545] {processor.py:161} INFO - Started process (PID=32356) to work on /home/suyog/miniconda3/envs/fraud_mlops/lib/python3.11/site-packages/airflow/example_dags/example_short_circuit_operator.py
[2026-06-07T17:42:52.580+0545] {processor.py:830} INFO - Processing file /home/suyog/miniconda3/envs/fraud_mlops/lib/python3.11/site-packages/airflow/example_dags/example_short_circuit_operator.py for tasks to queue
[2026-06-07T17:42:52.581+0545] {logging_mixin.py:188} INFO - [2026-06-07T17:42:52.581+0545] {dagbag.py:545} INFO - Filling up the DagBag from /home/suyog/miniconda3/envs/fraud_mlops/lib/python3.11/site-packages/airflow/example_dags/example_short_circuit_operator.py
[2026-06-07T17:42:52.587+0545] {processor.py:840} INFO - DAG(s) 'example_short_circuit_operator' retrieved from /home/suyog/miniconda3/envs/fraud_mlops/lib/python3.11/site-packages/airflow/example_dags/example_short_circuit_operator.py
[2026-06-07T17:42:52.601+0545] {logging_mixin.py:188} INFO - [2026-06-07T17:42:52.601+0545] {dag.py:3089} INFO - Sync 1 DAGs
[2026-06-07T17:42:52.616+0545] {logging_mixin.py:188} INFO - [2026-06-07T17:42:52.615+0545] {dag.py:3947} INFO - Setting next_dagrun for example_short_circuit_operator to 2026-06-06 00:00:00+00:00, run_after=2026-06-07 00:00:00+00:00
[2026-06-07T17:42:52.846+0545] {processor.py:183} INFO - Processing /home/suyog/miniconda3/envs/fraud_mlops/lib/python3.11/site-packages/airflow/example_dags/example_short_circuit_operator.py took 0.271 seconds
[2026-06-07T17:44:07.357+0545] {processor.py:161} INFO - Started process (PID=33015) to work on /home/suyog/miniconda3/envs/fraud_mlops/lib/python3.11/site-packages/airflow/example_dags/example_short_circuit_operator.py
[2026-06-07T17:44:07.358+0545] {processor.py:830} INFO - Processing file /home/suyog/miniconda3/envs/fraud_mlops/lib/python3.11/site-packages/airflow/example_dags/example_short_circuit_operator.py for tasks to queue
[2026-06-07T17:44:07.359+0545] {logging_mixin.py:188} INFO - [2026-06-07T17:44:07.359+0545] {dagbag.py:545} INFO - Filling up the DagBag from /home/suyog/miniconda3/envs/fraud_mlops/lib/python3.11/site-packages/airflow/example_dags/example_short_circuit_operator.py
[2026-06-07T17:44:07.366+0545] {processor.py:840} INFO - DAG(s) 'example_short_circuit_operator' retrieved from /home/suyog/miniconda3/envs/fraud_mlops/lib/python3.11/site-packages/airflow/example_dags/example_short_circuit_operator.py
[2026-06-07T17:44:07.380+0545] {logging_mixin.py:188} INFO - [2026-06-07T17:44:07.380+0545] {dag.py:3089} INFO - Sync 1 DAGs
[2026-06-07T17:44:07.395+0545] {logging_mixin.py:188} INFO - [2026-06-07T17:44:07.395+0545] {dag.py:3947} INFO - Setting next_dagrun for example_short_circuit_operator to 2026-06-06 00:00:00+00:00, run_after=2026-06-07 00:00:00+00:00
[2026-06-07T17:44:07.582+0545] {processor.py:183} INFO - Processing /home/suyog/miniconda3/envs/fraud_mlops/lib/python3.11/site-packages/airflow/example_dags/example_short_circuit_operator.py took 0.233 seconds
[2026-06-07T17:45:15.248+0545] {processor.py:161} INFO - Started process (PID=33173) to work on /home/suyog/miniconda3/envs/fraud_mlops/lib/python3.11/site-packages/airflow/example_dags/example_short_circuit_operator.py
[2026-06-07T17:45:15.249+0545] {processor.py:830} INFO - Processing file /home/suyog/miniconda3/envs/fraud_mlops/lib/python3.11/site-packages/airflow/example_dags/example_short_circuit_operator.py for tasks to queue
[2026-06-07T17:45:15.250+0545] {logging_mixin.py:188} INFO - [2026-06-07T17:45:15.250+0545] {dagbag.py:545} INFO - Filling up the DagBag from /home/suyog/miniconda3/envs/fraud_mlops/lib/python3.11/site-packages/airflow/example_dags/example_short_circuit_operator.py
[2026-06-07T17:45:15.258+0545] {processor.py:840} INFO - DAG(s) 'example_short_circuit_operator' retrieved from /home/suyog/miniconda3/envs/fraud_mlops/lib/python3.11/site-packages/airflow/example_dags/example_short_circuit_operator.py
[2026-06-07T17:45:15.275+0545] {logging_mixin.py:188} INFO - [2026-06-07T17:45:15.275+0545] {dag.py:3089} INFO - Sync 1 DAGs
[2026-06-07T17:45:15.289+0545] {logging_mixin.py:188} INFO - [2026-06-07T17:45:15.288+0545] {dag.py:3947} INFO - Setting next_dagrun for example_short_circuit_operator to 2026-06-06 00:00:00+00:00, run_after=2026-06-07 00:00:00+00:00
[2026-06-07T17:45:15.474+0545] {processor.py:183} INFO - Processing /home/suyog/miniconda3/envs/fraud_mlops/lib/python3.11/site-packages/airflow/example_dags/example_short_circuit_operator.py took 0.232 seconds
[2026-06-07T17:47:41.597+0545] {processor.py:161} INFO - Started process (PID=33385) to work on /home/suyog/miniconda3/envs/fraud_mlops/lib/python3.11/site-packages/airflow/example_dags/example_short_circuit_operator.py
[2026-06-07T17:47:41.597+0545] {processor.py:830} INFO - Processing file /home/suyog/miniconda3/envs/fraud_mlops/lib/python3.11/site-packages/airflow/example_dags/example_short_circuit_operator.py for tasks to queue
[2026-06-07T17:47:41.599+0545] {logging_mixin.py:188} INFO - [2026-06-07T17:47:41.598+0545] {dagbag.py:545} INFO - Filling up the DagBag from /home/suyog/miniconda3/envs/fraud_mlops/lib/python3.11/site-packages/airflow/example_dags/example_short_circuit_operator.py
[2026-06-07T17:47:41.604+0545] {processor.py:840} INFO - DAG(s) 'example_short_circuit_operator' retrieved from /home/suyog/miniconda3/envs/fraud_mlops/lib/python3.11/site-packages/airflow/example_dags/example_short_circuit_operator.py
[2026-06-07T17:47:41.618+0545] {logging_mixin.py:188} INFO - [2026-06-07T17:47:41.618+0545] {dag.py:3089} INFO - Sync 1 DAGs
[2026-06-07T17:47:41.631+0545] {logging_mixin.py:188} INFO - [2026-06-07T17:47:41.631+0545] {dag.py:3947} INFO - Setting next_dagrun for example_short_circuit_operator to 2026-06-06 00:00:00+00:00, run_after=2026-06-07 00:00:00+00:00
[2026-06-07T17:47:41.820+0545] {processor.py:183} INFO - Processing /home/suyog/miniconda3/envs/fraud_mlops/lib/python3.11/site-packages/airflow/example_dags/example_short_circuit_operator.py took 0.227 seconds
[2026-06-07T17:48:49.190+0545] {processor.py:161} INFO - Started process (PID=33533) to work on /home/suyog/miniconda3/envs/fraud_mlops/lib/python3.11/site-packages/airflow/example_dags/example_short_circuit_operator.py
[2026-06-07T17:48:49.210+0545] {processor.py:830} INFO - Processing file /home/suyog/miniconda3/envs/fraud_mlops/lib/python3.11/site-packages/airflow/example_dags/example_short_circuit_operator.py for tasks to queue
[2026-06-07T17:48:49.212+0545] {logging_mixin.py:188} INFO - [2026-06-07T17:48:49.212+0545] {dagbag.py:545} INFO - Filling up the DagBag from /home/suyog/miniconda3/envs/fraud_mlops/lib/python3.11/site-packages/airflow/example_dags/example_short_circuit_operator.py
[2026-06-07T17:48:49.221+0545] {processor.py:840} INFO - DAG(s) 'example_short_circuit_operator' retrieved from /home/suyog/miniconda3/envs/fraud_mlops/lib/python3.11/site-packages/airflow/example_dags/example_short_circuit_operator.py
[2026-06-07T17:48:49.240+0545] {logging_mixin.py:188} INFO - [2026-06-07T17:48:49.240+0545] {dag.py:3089} INFO - Sync 1 DAGs
[2026-06-07T17:48:49.255+0545] {logging_mixin.py:188} INFO - [2026-06-07T17:48:49.254+0545] {dag.py:3947} INFO - Setting next_dagrun for example_short_circuit_operator to 2026-06-06 00:00:00+00:00, run_after=2026-06-07 00:00:00+00:00
[2026-06-07T17:48:49.495+0545] {processor.py:183} INFO - Processing /home/suyog/miniconda3/envs/fraud_mlops/lib/python3.11/site-packages/airflow/example_dags/example_short_circuit_operator.py took 0.311 seconds
[2026-06-07T17:49:59.670+0545] {processor.py:161} INFO - Started process (PID=33669) to work on /home/suyog/miniconda3/envs/fraud_mlops/lib/python3.11/site-packages/airflow/example_dags/example_short_circuit_operator.py
[2026-06-07T17:49:59.692+0545] {processor.py:830} INFO - Processing file /home/suyog/miniconda3/envs/fraud_mlops/lib/python3.11/site-packages/airflow/example_dags/example_short_circuit_operator.py for tasks to queue
[2026-06-07T17:49:59.694+0545] {logging_mixin.py:188} INFO - [2026-06-07T17:49:59.694+0545] {dagbag.py:545} INFO - Filling up the DagBag from /home/suyog/miniconda3/envs/fraud_mlops/lib/python3.11/site-packages/airflow/example_dags/example_short_circuit_operator.py
[2026-06-07T17:49:59.705+0545] {processor.py:840} INFO - DAG(s) 'example_short_circuit_operator' retrieved from /home/suyog/miniconda3/envs/fraud_mlops/lib/python3.11/site-packages/airflow/example_dags/example_short_circuit_operator.py
[2026-06-07T17:49:59.728+0545] {logging_mixin.py:188} INFO - [2026-06-07T17:49:59.728+0545] {dag.py:3089} INFO - Sync 1 DAGs
[2026-06-07T17:49:59.743+0545] {logging_mixin.py:188} INFO - [2026-06-07T17:49:59.743+0545] {dag.py:3947} INFO - Setting next_dagrun for example_short_circuit_operator to 2026-06-06 00:00:00+00:00, run_after=2026-06-07 00:00:00+00:00
[2026-06-07T17:49:59.898+0545] {processor.py:183} INFO - Processing /home/suyog/miniconda3/envs/fraud_mlops/lib/python3.11/site-packages/airflow/example_dags/example_short_circuit_operator.py took 0.234 seconds
