[2026-06-07T17:39:04.925+0545] {processor.py:161} INFO - Started process (PID=31853) to work on /home/suyog/miniconda3/envs/fraud_mlops/lib/python3.11/site-packages/airflow/example_dags/example_python_decorator.py
[2026-06-07T17:39:04.926+0545] {processor.py:830} INFO - Processing file /home/suyog/miniconda3/envs/fraud_mlops/lib/python3.11/site-packages/airflow/example_dags/example_python_decorator.py for tasks to queue
[2026-06-07T17:39:04.928+0545] {logging_mixin.py:188} INFO - [2026-06-07T17:39:04.928+0545] {dagbag.py:545} INFO - Filling up the DagBag from /home/suyog/miniconda3/envs/fraud_mlops/lib/python3.11/site-packages/airflow/example_dags/example_python_decorator.py
[2026-06-07T17:39:04.940+0545] {logging_mixin.py:188} INFO - [2026-06-07T17:39:04.940+0545] {example_python_decorator.py:80} WARNING - The virtalenv_python example task requires virtualenv, please install it.
[2026-06-07T17:39:04.941+0545] {processor.py:840} INFO - DAG(s) 'example_python_decorator' retrieved from /home/suyog/miniconda3/envs/fraud_mlops/lib/python3.11/site-packages/airflow/example_dags/example_python_decorator.py
[2026-06-07T17:39:05.451+0545] {logging_mixin.py:188} INFO - [2026-06-07T17:39:05.450+0545] {override.py:1858} INFO - Created Permission View: can edit on DAG:example_python_decorator
[2026-06-07T17:39:05.635+0545] {logging_mixin.py:188} INFO - [2026-06-07T17:39:05.633+0545] {override.py:1858} INFO - Created Permission View: can read on DAG:example_python_decorator
[2026-06-07T17:39:05.800+0545] {logging_mixin.py:188} INFO - [2026-06-07T17:39:05.800+0545] {override.py:1858} INFO - Created Permission View: can delete on DAG:example_python_decorator
[2026-06-07T17:39:05.800+0545] {logging_mixin.py:188} INFO - [2026-06-07T17:39:05.800+0545] {dag.py:3089} INFO - Sync 1 DAGs
[2026-06-07T17:39:05.808+0545] {logging_mixin.py:188} INFO - [2026-06-07T17:39:05.808+0545] {dag.py:3111} INFO - Creating ORM DAG for example_python_decorator
[2026-06-07T17:39:05.808+0545] {logging_mixin.py:188} INFO - [2026-06-07T17:39:05.808+0545] {dag.py:3947} INFO - Setting next_dagrun for example_python_decorator to None, run_after=None
[2026-06-07T17:39:06.000+0545] {processor.py:183} INFO - Processing /home/suyog/miniconda3/envs/fraud_mlops/lib/python3.11/site-packages/airflow/example_dags/example_python_decorator.py took 1.082 seconds
[2026-06-07T17:40:37.461+0545] {processor.py:161} INFO - Started process (PID=32028) to work on /home/suyog/miniconda3/envs/fraud_mlops/lib/python3.11/site-packages/airflow/example_dags/example_python_decorator.py
[2026-06-07T17:40:37.492+0545] {processor.py:830} INFO - Processing file /home/suyog/miniconda3/envs/fraud_mlops/lib/python3.11/site-packages/airflow/example_dags/example_python_decorator.py for tasks to queue
[2026-06-07T17:40:37.494+0545] {logging_mixin.py:188} INFO - [2026-06-07T17:40:37.494+0545] {dagbag.py:545} INFO - Filling up the DagBag from /home/suyog/miniconda3/envs/fraud_mlops/lib/python3.11/site-packages/airflow/example_dags/example_python_decorator.py
[2026-06-07T17:40:37.514+0545] {logging_mixin.py:188} INFO - [2026-06-07T17:40:37.513+0545] {example_python_decorator.py:80} WARNING - The virtalenv_python example task requires virtualenv, please install it.
[2026-06-07T17:40:37.515+0545] {processor.py:840} INFO - DAG(s) 'example_python_decorator' retrieved from /home/suyog/miniconda3/envs/fraud_mlops/lib/python3.11/site-packages/airflow/example_dags/example_python_decorator.py
[2026-06-07T17:40:37.540+0545] {logging_mixin.py:188} INFO - [2026-06-07T17:40:37.540+0545] {dag.py:3089} INFO - Sync 1 DAGs
[2026-06-07T17:40:37.549+0545] {logging_mixin.py:188} INFO - [2026-06-07T17:40:37.549+0545] {dag.py:3947} INFO - Setting next_dagrun for example_python_decorator to None, run_after=None
[2026-06-07T17:40:37.712+0545] {processor.py:183} INFO - Processing /home/suyog/miniconda3/envs/fraud_mlops/lib/python3.11/site-packages/airflow/example_dags/example_python_decorator.py took 0.257 seconds
[2026-06-07T17:41:47.631+0545] {processor.py:161} INFO - Started process (PID=32183) to work on /home/suyog/miniconda3/envs/fraud_mlops/lib/python3.11/site-packages/airflow/example_dags/example_python_decorator.py
[2026-06-07T17:41:47.663+0545] {processor.py:830} INFO - Processing file /home/suyog/miniconda3/envs/fraud_mlops/lib/python3.11/site-packages/airflow/example_dags/example_python_decorator.py for tasks to queue
[2026-06-07T17:41:47.664+0545] {logging_mixin.py:188} INFO - [2026-06-07T17:41:47.664+0545] {dagbag.py:545} INFO - Filling up the DagBag from /home/suyog/miniconda3/envs/fraud_mlops/lib/python3.11/site-packages/airflow/example_dags/example_python_decorator.py
[2026-06-07T17:41:47.671+0545] {logging_mixin.py:188} INFO - [2026-06-07T17:41:47.671+0545] {example_python_decorator.py:80} WARNING - The virtalenv_python example task requires virtualenv, please install it.
[2026-06-07T17:41:47.671+0545] {processor.py:840} INFO - DAG(s) 'example_python_decorator' retrieved from /home/suyog/miniconda3/envs/fraud_mlops/lib/python3.11/site-packages/airflow/example_dags/example_python_decorator.py
[2026-06-07T17:41:47.683+0545] {logging_mixin.py:188} INFO - [2026-06-07T17:41:47.683+0545] {dag.py:3089} INFO - Sync 1 DAGs
[2026-06-07T17:41:47.692+0545] {logging_mixin.py:188} INFO - [2026-06-07T17:41:47.692+0545] {dag.py:3947} INFO - Setting next_dagrun for example_python_decorator to None, run_after=None
[2026-06-07T17:41:47.854+0545] {processor.py:183} INFO - Processing /home/suyog/miniconda3/envs/fraud_mlops/lib/python3.11/site-packages/airflow/example_dags/example_python_decorator.py took 0.227 seconds
[2026-06-07T17:43:01.522+0545] {processor.py:161} INFO - Started process (PID=32385) to work on /home/suyog/miniconda3/envs/fraud_mlops/lib/python3.11/site-packages/airflow/example_dags/example_python_decorator.py
[2026-06-07T17:43:01.556+0545] {processor.py:830} INFO - Processing file /home/suyog/miniconda3/envs/fraud_mlops/lib/python3.11/site-packages/airflow/example_dags/example_python_decorator.py for tasks to queue
[2026-06-07T17:43:01.557+0545] {logging_mixin.py:188} INFO - [2026-06-07T17:43:01.557+0545] {dagbag.py:545} INFO - Filling up the DagBag from /home/suyog/miniconda3/envs/fraud_mlops/lib/python3.11/site-packages/airflow/example_dags/example_python_decorator.py
[2026-06-07T17:43:01.569+0545] {logging_mixin.py:188} INFO - [2026-06-07T17:43:01.569+0545] {example_python_decorator.py:80} WARNING - The virtalenv_python example task requires virtualenv, please install it.
[2026-06-07T17:43:01.570+0545] {processor.py:840} INFO - DAG(s) 'example_python_decorator' retrieved from /home/suyog/miniconda3/envs/fraud_mlops/lib/python3.11/site-packages/airflow/example_dags/example_python_decorator.py
[2026-06-07T17:43:01.590+0545] {logging_mixin.py:188} INFO - [2026-06-07T17:43:01.590+0545] {dag.py:3089} INFO - Sync 1 DAGs
[2026-06-07T17:43:01.603+0545] {logging_mixin.py:188} INFO - [2026-06-07T17:43:01.603+0545] {dag.py:3947} INFO - Setting next_dagrun for example_python_decorator to None, run_after=None
[2026-06-07T17:43:01.756+0545] {processor.py:183} INFO - Processing /home/suyog/miniconda3/envs/fraud_mlops/lib/python3.11/site-packages/airflow/example_dags/example_python_decorator.py took 0.239 seconds
[2026-06-07T17:44:14.094+0545] {processor.py:161} INFO - Started process (PID=33039) to work on /home/suyog/miniconda3/envs/fraud_mlops/lib/python3.11/site-packages/airflow/example_dags/example_python_decorator.py
[2026-06-07T17:44:14.127+0545] {processor.py:830} INFO - Processing file /home/suyog/miniconda3/envs/fraud_mlops/lib/python3.11/site-packages/airflow/example_dags/example_python_decorator.py for tasks to queue
[2026-06-07T17:44:14.129+0545] {logging_mixin.py:188} INFO - [2026-06-07T17:44:14.129+0545] {dagbag.py:545} INFO - Filling up the DagBag from /home/suyog/miniconda3/envs/fraud_mlops/lib/python3.11/site-packages/airflow/example_dags/example_python_decorator.py
[2026-06-07T17:44:14.140+0545] {logging_mixin.py:188} INFO - [2026-06-07T17:44:14.140+0545] {example_python_decorator.py:80} WARNING - The virtalenv_python example task requires virtualenv, please install it.
[2026-06-07T17:44:14.140+0545] {processor.py:840} INFO - DAG(s) 'example_python_decorator' retrieved from /home/suyog/miniconda3/envs/fraud_mlops/lib/python3.11/site-packages/airflow/example_dags/example_python_decorator.py
[2026-06-07T17:44:14.162+0545] {logging_mixin.py:188} INFO - [2026-06-07T17:44:14.162+0545] {dag.py:3089} INFO - Sync 1 DAGs
[2026-06-07T17:44:14.181+0545] {logging_mixin.py:188} INFO - [2026-06-07T17:44:14.181+0545] {dag.py:3947} INFO - Setting next_dagrun for example_python_decorator to None, run_after=None
[2026-06-07T17:44:14.351+0545] {processor.py:183} INFO - Processing /home/suyog/miniconda3/envs/fraud_mlops/lib/python3.11/site-packages/airflow/example_dags/example_python_decorator.py took 0.261 seconds
[2026-06-07T17:45:24.192+0545] {processor.py:161} INFO - Started process (PID=33204) to work on /home/suyog/miniconda3/envs/fraud_mlops/lib/python3.11/site-packages/airflow/example_dags/example_python_decorator.py
[2026-06-07T17:45:24.192+0545] {processor.py:830} INFO - Processing file /home/suyog/miniconda3/envs/fraud_mlops/lib/python3.11/site-packages/airflow/example_dags/example_python_decorator.py for tasks to queue
[2026-06-07T17:45:24.194+0545] {logging_mixin.py:188} INFO - [2026-06-07T17:45:24.194+0545] {dagbag.py:545} INFO - Filling up the DagBag from /home/suyog/miniconda3/envs/fraud_mlops/lib/python3.11/site-packages/airflow/example_dags/example_python_decorator.py
[2026-06-07T17:45:24.203+0545] {logging_mixin.py:188} INFO - [2026-06-07T17:45:24.203+0545] {example_python_decorator.py:80} WARNING - The virtalenv_python example task requires virtualenv, please install it.
[2026-06-07T17:45:24.204+0545] {processor.py:840} INFO - DAG(s) 'example_python_decorator' retrieved from /home/suyog/miniconda3/envs/fraud_mlops/lib/python3.11/site-packages/airflow/example_dags/example_python_decorator.py
[2026-06-07T17:45:24.220+0545] {logging_mixin.py:188} INFO - [2026-06-07T17:45:24.220+0545] {dag.py:3089} INFO - Sync 1 DAGs
[2026-06-07T17:45:24.229+0545] {logging_mixin.py:188} INFO - [2026-06-07T17:45:24.229+0545] {dag.py:3947} INFO - Setting next_dagrun for example_python_decorator to None, run_after=None
[2026-06-07T17:45:24.424+0545] {processor.py:183} INFO - Processing /home/suyog/miniconda3/envs/fraud_mlops/lib/python3.11/site-packages/airflow/example_dags/example_python_decorator.py took 0.237 seconds
[2026-06-07T17:47:50.011+0545] {processor.py:161} INFO - Started process (PID=33394) to work on /home/suyog/miniconda3/envs/fraud_mlops/lib/python3.11/site-packages/airflow/example_dags/example_python_decorator.py
[2026-06-07T17:47:50.013+0545] {processor.py:830} INFO - Processing file /home/suyog/miniconda3/envs/fraud_mlops/lib/python3.11/site-packages/airflow/example_dags/example_python_decorator.py for tasks to queue
[2026-06-07T17:47:50.016+0545] {logging_mixin.py:188} INFO - [2026-06-07T17:47:50.015+0545] {dagbag.py:545} INFO - Filling up the DagBag from /home/suyog/miniconda3/envs/fraud_mlops/lib/python3.11/site-packages/airflow/example_dags/example_python_decorator.py
[2026-06-07T17:47:50.032+0545] {logging_mixin.py:188} INFO - [2026-06-07T17:47:50.031+0545] {example_python_decorator.py:80} WARNING - The virtalenv_python example task requires virtualenv, please install it.
[2026-06-07T17:47:50.032+0545] {processor.py:840} INFO - DAG(s) 'example_python_decorator' retrieved from /home/suyog/miniconda3/envs/fraud_mlops/lib/python3.11/site-packages/airflow/example_dags/example_python_decorator.py
[2026-06-07T17:47:50.050+0545] {logging_mixin.py:188} INFO - [2026-06-07T17:47:50.050+0545] {dag.py:3089} INFO - Sync 1 DAGs
[2026-06-07T17:47:50.058+0545] {logging_mixin.py:188} INFO - [2026-06-07T17:47:50.058+0545] {dag.py:3947} INFO - Setting next_dagrun for example_python_decorator to None, run_after=None
[2026-06-07T17:47:50.333+0545] {processor.py:183} INFO - Processing /home/suyog/miniconda3/envs/fraud_mlops/lib/python3.11/site-packages/airflow/example_dags/example_python_decorator.py took 0.332 seconds
[2026-06-07T17:48:59.288+0545] {processor.py:161} INFO - Started process (PID=33579) to work on /home/suyog/miniconda3/envs/fraud_mlops/lib/python3.11/site-packages/airflow/example_dags/example_python_decorator.py
[2026-06-07T17:48:59.318+0545] {processor.py:830} INFO - Processing file /home/suyog/miniconda3/envs/fraud_mlops/lib/python3.11/site-packages/airflow/example_dags/example_python_decorator.py for tasks to queue
[2026-06-07T17:48:59.319+0545] {logging_mixin.py:188} INFO - [2026-06-07T17:48:59.319+0545] {dagbag.py:545} INFO - Filling up the DagBag from /home/suyog/miniconda3/envs/fraud_mlops/lib/python3.11/site-packages/airflow/example_dags/example_python_decorator.py
[2026-06-07T17:48:59.327+0545] {logging_mixin.py:188} INFO - [2026-06-07T17:48:59.326+0545] {example_python_decorator.py:80} WARNING - The virtalenv_python example task requires virtualenv, please install it.
[2026-06-07T17:48:59.327+0545] {processor.py:840} INFO - DAG(s) 'example_python_decorator' retrieved from /home/suyog/miniconda3/envs/fraud_mlops/lib/python3.11/site-packages/airflow/example_dags/example_python_decorator.py
[2026-06-07T17:48:59.340+0545] {logging_mixin.py:188} INFO - [2026-06-07T17:48:59.340+0545] {dag.py:3089} INFO - Sync 1 DAGs
[2026-06-07T17:48:59.349+0545] {logging_mixin.py:188} INFO - [2026-06-07T17:48:59.349+0545] {dag.py:3947} INFO - Setting next_dagrun for example_python_decorator to None, run_after=None
[2026-06-07T17:48:59.503+0545] {processor.py:183} INFO - Processing /home/suyog/miniconda3/envs/fraud_mlops/lib/python3.11/site-packages/airflow/example_dags/example_python_decorator.py took 0.222 seconds
[2026-06-07T17:50:09.399+0545] {processor.py:161} INFO - Started process (PID=33677) to work on /home/suyog/miniconda3/envs/fraud_mlops/lib/python3.11/site-packages/airflow/example_dags/example_python_decorator.py
[2026-06-07T17:50:09.428+0545] {processor.py:830} INFO - Processing file /home/suyog/miniconda3/envs/fraud_mlops/lib/python3.11/site-packages/airflow/example_dags/example_python_decorator.py for tasks to queue
[2026-06-07T17:50:09.431+0545] {logging_mixin.py:188} INFO - [2026-06-07T17:50:09.431+0545] {dagbag.py:545} INFO - Filling up the DagBag from /home/suyog/miniconda3/envs/fraud_mlops/lib/python3.11/site-packages/airflow/example_dags/example_python_decorator.py
[2026-06-07T17:50:09.453+0545] {logging_mixin.py:188} INFO - [2026-06-07T17:50:09.452+0545] {example_python_decorator.py:80} WARNING - The virtalenv_python example task requires virtualenv, please install it.
[2026-06-07T17:50:09.454+0545] {processor.py:840} INFO - DAG(s) 'example_python_decorator' retrieved from /home/suyog/miniconda3/envs/fraud_mlops/lib/python3.11/site-packages/airflow/example_dags/example_python_decorator.py
[2026-06-07T17:50:09.474+0545] {logging_mixin.py:188} INFO - [2026-06-07T17:50:09.473+0545] {dag.py:3089} INFO - Sync 1 DAGs
[2026-06-07T17:50:09.483+0545] {logging_mixin.py:188} INFO - [2026-06-07T17:50:09.483+0545] {dag.py:3947} INFO - Setting next_dagrun for example_python_decorator to None, run_after=None
[2026-06-07T17:50:09.651+0545] {processor.py:183} INFO - Processing /home/suyog/miniconda3/envs/fraud_mlops/lib/python3.11/site-packages/airflow/example_dags/example_python_decorator.py took 0.260 seconds
