[2026-06-07T17:39:26.632+0545] {processor.py:161} INFO - Started process (PID=31887) to work on /home/suyog/miniconda3/envs/fraud_mlops/lib/python3.11/site-packages/airflow/example_dags/example_dynamic_task_mapping.py
[2026-06-07T17:39:26.633+0545] {processor.py:830} INFO - Processing file /home/suyog/miniconda3/envs/fraud_mlops/lib/python3.11/site-packages/airflow/example_dags/example_dynamic_task_mapping.py for tasks to queue
[2026-06-07T17:39:26.634+0545] {logging_mixin.py:188} INFO - [2026-06-07T17:39:26.634+0545] {dagbag.py:545} INFO - Filling up the DagBag from /home/suyog/miniconda3/envs/fraud_mlops/lib/python3.11/site-packages/airflow/example_dags/example_dynamic_task_mapping.py
[2026-06-07T17:39:26.640+0545] {processor.py:840} INFO - DAG(s) 'example_dynamic_task_mapping' retrieved from /home/suyog/miniconda3/envs/fraud_mlops/lib/python3.11/site-packages/airflow/example_dags/example_dynamic_task_mapping.py
[2026-06-07T17:39:27.152+0545] {logging_mixin.py:188} INFO - [2026-06-07T17:39:27.151+0545] {override.py:1858} INFO - Created Permission View: can edit on DAG:example_dynamic_task_mapping
[2026-06-07T17:39:27.310+0545] {logging_mixin.py:188} INFO - [2026-06-07T17:39:27.309+0545] {override.py:1858} INFO - Created Permission View: can read on DAG:example_dynamic_task_mapping
[2026-06-07T17:39:27.469+0545] {logging_mixin.py:188} INFO - [2026-06-07T17:39:27.468+0545] {override.py:1858} INFO - Created Permission View: can delete on DAG:example_dynamic_task_mapping
[2026-06-07T17:39:27.469+0545] {logging_mixin.py:188} INFO - [2026-06-07T17:39:27.469+0545] {dag.py:3089} INFO - Sync 1 DAGs
[2026-06-07T17:39:27.478+0545] {logging_mixin.py:188} INFO - [2026-06-07T17:39:27.478+0545] {dag.py:3111} INFO - Creating ORM DAG for example_dynamic_task_mapping
[2026-06-07T17:39:27.484+0545] {logging_mixin.py:188} INFO - [2026-06-07T17:39:27.484+0545] {dag.py:3947} INFO - Setting next_dagrun for example_dynamic_task_mapping to 2022-03-04 00:00:00+00:00, run_after=2022-03-05 00:00:00+00:00
[2026-06-07T17:39:27.655+0545] {processor.py:183} INFO - Processing /home/suyog/miniconda3/envs/fraud_mlops/lib/python3.11/site-packages/airflow/example_dags/example_dynamic_task_mapping.py took 1.028 seconds
[2026-06-07T17:40:51.120+0545] {processor.py:161} INFO - Started process (PID=32057) to work on /home/suyog/miniconda3/envs/fraud_mlops/lib/python3.11/site-packages/airflow/example_dags/example_dynamic_task_mapping.py
[2026-06-07T17:40:51.122+0545] {processor.py:830} INFO - Processing file /home/suyog/miniconda3/envs/fraud_mlops/lib/python3.11/site-packages/airflow/example_dags/example_dynamic_task_mapping.py for tasks to queue
[2026-06-07T17:40:51.124+0545] {logging_mixin.py:188} INFO - [2026-06-07T17:40:51.123+0545] {dagbag.py:545} INFO - Filling up the DagBag from /home/suyog/miniconda3/envs/fraud_mlops/lib/python3.11/site-packages/airflow/example_dags/example_dynamic_task_mapping.py
[2026-06-07T17:40:51.130+0545] {processor.py:840} INFO - DAG(s) 'example_dynamic_task_mapping' retrieved from /home/suyog/miniconda3/envs/fraud_mlops/lib/python3.11/site-packages/airflow/example_dags/example_dynamic_task_mapping.py
[2026-06-07T17:40:51.141+0545] {logging_mixin.py:188} INFO - [2026-06-07T17:40:51.141+0545] {dag.py:3089} INFO - Sync 1 DAGs
[2026-06-07T17:40:51.156+0545] {logging_mixin.py:188} INFO - [2026-06-07T17:40:51.155+0545] {dag.py:3947} INFO - Setting next_dagrun for example_dynamic_task_mapping to 2022-03-04 00:00:00+00:00, run_after=2022-03-05 00:00:00+00:00
[2026-06-07T17:40:51.342+0545] {processor.py:183} INFO - Processing /home/suyog/miniconda3/envs/fraud_mlops/lib/python3.11/site-packages/airflow/example_dags/example_dynamic_task_mapping.py took 0.228 seconds
[2026-06-07T17:42:02.062+0545] {processor.py:161} INFO - Started process (PID=32220) to work on /home/suyog/miniconda3/envs/fraud_mlops/lib/python3.11/site-packages/airflow/example_dags/example_dynamic_task_mapping.py
[2026-06-07T17:42:02.080+0545] {processor.py:830} INFO - Processing file /home/suyog/miniconda3/envs/fraud_mlops/lib/python3.11/site-packages/airflow/example_dags/example_dynamic_task_mapping.py for tasks to queue
[2026-06-07T17:42:02.083+0545] {logging_mixin.py:188} INFO - [2026-06-07T17:42:02.082+0545] {dagbag.py:545} INFO - Filling up the DagBag from /home/suyog/miniconda3/envs/fraud_mlops/lib/python3.11/site-packages/airflow/example_dags/example_dynamic_task_mapping.py
[2026-06-07T17:42:02.091+0545] {processor.py:840} INFO - DAG(s) 'example_dynamic_task_mapping' retrieved from /home/suyog/miniconda3/envs/fraud_mlops/lib/python3.11/site-packages/airflow/example_dags/example_dynamic_task_mapping.py
[2026-06-07T17:42:02.107+0545] {logging_mixin.py:188} INFO - [2026-06-07T17:42:02.107+0545] {dag.py:3089} INFO - Sync 1 DAGs
[2026-06-07T17:42:02.121+0545] {logging_mixin.py:188} INFO - [2026-06-07T17:42:02.121+0545] {dag.py:3947} INFO - Setting next_dagrun for example_dynamic_task_mapping to 2022-03-04 00:00:00+00:00, run_after=2022-03-05 00:00:00+00:00
[2026-06-07T17:42:02.299+0545] {processor.py:183} INFO - Processing /home/suyog/miniconda3/envs/fraud_mlops/lib/python3.11/site-packages/airflow/example_dags/example_dynamic_task_mapping.py took 0.250 seconds
[2026-06-07T17:43:16.025+0545] {processor.py:161} INFO - Started process (PID=32802) to work on /home/suyog/miniconda3/envs/fraud_mlops/lib/python3.11/site-packages/airflow/example_dags/example_dynamic_task_mapping.py
[2026-06-07T17:43:16.047+0545] {processor.py:830} INFO - Processing file /home/suyog/miniconda3/envs/fraud_mlops/lib/python3.11/site-packages/airflow/example_dags/example_dynamic_task_mapping.py for tasks to queue
[2026-06-07T17:43:16.049+0545] {logging_mixin.py:188} INFO - [2026-06-07T17:43:16.049+0545] {dagbag.py:545} INFO - Filling up the DagBag from /home/suyog/miniconda3/envs/fraud_mlops/lib/python3.11/site-packages/airflow/example_dags/example_dynamic_task_mapping.py
[2026-06-07T17:43:16.058+0545] {processor.py:840} INFO - DAG(s) 'example_dynamic_task_mapping' retrieved from /home/suyog/miniconda3/envs/fraud_mlops/lib/python3.11/site-packages/airflow/example_dags/example_dynamic_task_mapping.py
[2026-06-07T17:43:16.071+0545] {logging_mixin.py:188} INFO - [2026-06-07T17:43:16.071+0545] {dag.py:3089} INFO - Sync 1 DAGs
[2026-06-07T17:43:16.085+0545] {logging_mixin.py:188} INFO - [2026-06-07T17:43:16.085+0545] {dag.py:3947} INFO - Setting next_dagrun for example_dynamic_task_mapping to 2022-03-04 00:00:00+00:00, run_after=2022-03-05 00:00:00+00:00
[2026-06-07T17:43:16.252+0545] {processor.py:183} INFO - Processing /home/suyog/miniconda3/envs/fraud_mlops/lib/python3.11/site-packages/airflow/example_dags/example_dynamic_task_mapping.py took 0.238 seconds
[2026-06-07T17:44:28.030+0545] {processor.py:161} INFO - Started process (PID=33066) to work on /home/suyog/miniconda3/envs/fraud_mlops/lib/python3.11/site-packages/airflow/example_dags/example_dynamic_task_mapping.py
[2026-06-07T17:44:28.059+0545] {processor.py:830} INFO - Processing file /home/suyog/miniconda3/envs/fraud_mlops/lib/python3.11/site-packages/airflow/example_dags/example_dynamic_task_mapping.py for tasks to queue
[2026-06-07T17:44:28.061+0545] {logging_mixin.py:188} INFO - [2026-06-07T17:44:28.060+0545] {dagbag.py:545} INFO - Filling up the DagBag from /home/suyog/miniconda3/envs/fraud_mlops/lib/python3.11/site-packages/airflow/example_dags/example_dynamic_task_mapping.py
[2026-06-07T17:44:28.066+0545] {processor.py:840} INFO - DAG(s) 'example_dynamic_task_mapping' retrieved from /home/suyog/miniconda3/envs/fraud_mlops/lib/python3.11/site-packages/airflow/example_dags/example_dynamic_task_mapping.py
[2026-06-07T17:44:28.078+0545] {logging_mixin.py:188} INFO - [2026-06-07T17:44:28.078+0545] {dag.py:3089} INFO - Sync 1 DAGs
[2026-06-07T17:44:28.093+0545] {logging_mixin.py:188} INFO - [2026-06-07T17:44:28.093+0545] {dag.py:3947} INFO - Setting next_dagrun for example_dynamic_task_mapping to 2022-03-04 00:00:00+00:00, run_after=2022-03-05 00:00:00+00:00
[2026-06-07T17:44:28.235+0545] {processor.py:183} INFO - Processing /home/suyog/miniconda3/envs/fraud_mlops/lib/python3.11/site-packages/airflow/example_dags/example_dynamic_task_mapping.py took 0.209 seconds
[2026-06-07T17:48:03.730+0545] {processor.py:161} INFO - Started process (PID=33422) to work on /home/suyog/miniconda3/envs/fraud_mlops/lib/python3.11/site-packages/airflow/example_dags/example_dynamic_task_mapping.py
[2026-06-07T17:48:03.731+0545] {processor.py:830} INFO - Processing file /home/suyog/miniconda3/envs/fraud_mlops/lib/python3.11/site-packages/airflow/example_dags/example_dynamic_task_mapping.py for tasks to queue
[2026-06-07T17:48:03.732+0545] {logging_mixin.py:188} INFO - [2026-06-07T17:48:03.732+0545] {dagbag.py:545} INFO - Filling up the DagBag from /home/suyog/miniconda3/envs/fraud_mlops/lib/python3.11/site-packages/airflow/example_dags/example_dynamic_task_mapping.py
[2026-06-07T17:48:03.738+0545] {processor.py:840} INFO - DAG(s) 'example_dynamic_task_mapping' retrieved from /home/suyog/miniconda3/envs/fraud_mlops/lib/python3.11/site-packages/airflow/example_dags/example_dynamic_task_mapping.py
[2026-06-07T17:48:03.752+0545] {logging_mixin.py:188} INFO - [2026-06-07T17:48:03.752+0545] {dag.py:3089} INFO - Sync 1 DAGs
[2026-06-07T17:48:03.862+0545] {logging_mixin.py:188} INFO - [2026-06-07T17:48:03.862+0545] {dag.py:3947} INFO - Setting next_dagrun for example_dynamic_task_mapping to 2022-03-04 00:00:00+00:00, run_after=2022-03-05 00:00:00+00:00
[2026-06-07T17:48:04.046+0545] {processor.py:183} INFO - Processing /home/suyog/miniconda3/envs/fraud_mlops/lib/python3.11/site-packages/airflow/example_dags/example_dynamic_task_mapping.py took 0.321 seconds
[2026-06-07T17:49:21.314+0545] {processor.py:161} INFO - Started process (PID=33622) to work on /home/suyog/miniconda3/envs/fraud_mlops/lib/python3.11/site-packages/airflow/example_dags/example_dynamic_task_mapping.py
[2026-06-07T17:49:21.315+0545] {processor.py:830} INFO - Processing file /home/suyog/miniconda3/envs/fraud_mlops/lib/python3.11/site-packages/airflow/example_dags/example_dynamic_task_mapping.py for tasks to queue
[2026-06-07T17:49:21.316+0545] {logging_mixin.py:188} INFO - [2026-06-07T17:49:21.316+0545] {dagbag.py:545} INFO - Filling up the DagBag from /home/suyog/miniconda3/envs/fraud_mlops/lib/python3.11/site-packages/airflow/example_dags/example_dynamic_task_mapping.py
[2026-06-07T17:49:21.321+0545] {processor.py:840} INFO - DAG(s) 'example_dynamic_task_mapping' retrieved from /home/suyog/miniconda3/envs/fraud_mlops/lib/python3.11/site-packages/airflow/example_dags/example_dynamic_task_mapping.py
[2026-06-07T17:49:21.331+0545] {logging_mixin.py:188} INFO - [2026-06-07T17:49:21.331+0545] {dag.py:3089} INFO - Sync 1 DAGs
[2026-06-07T17:49:21.345+0545] {logging_mixin.py:188} INFO - [2026-06-07T17:49:21.345+0545] {dag.py:3947} INFO - Setting next_dagrun for example_dynamic_task_mapping to 2022-03-04 00:00:00+00:00, run_after=2022-03-05 00:00:00+00:00
[2026-06-07T17:49:21.544+0545] {processor.py:183} INFO - Processing /home/suyog/miniconda3/envs/fraud_mlops/lib/python3.11/site-packages/airflow/example_dags/example_dynamic_task_mapping.py took 0.234 seconds
