[2026-06-07T17:38:34.252+0545] {processor.py:161} INFO - Started process (PID=31837) to work on /home/suyog/miniconda3/envs/fraud_mlops/lib/python3.11/site-packages/airflow/example_dags/example_trigger_controller_dag.py
[2026-06-07T17:38:34.253+0545] {processor.py:830} INFO - Processing file /home/suyog/miniconda3/envs/fraud_mlops/lib/python3.11/site-packages/airflow/example_dags/example_trigger_controller_dag.py for tasks to queue
[2026-06-07T17:38:34.255+0545] {logging_mixin.py:188} INFO - [2026-06-07T17:38:34.254+0545] {dagbag.py:545} INFO - Filling up the DagBag from /home/suyog/miniconda3/envs/fraud_mlops/lib/python3.11/site-packages/airflow/example_dags/example_trigger_controller_dag.py
[2026-06-07T17:38:34.262+0545] {processor.py:840} INFO - DAG(s) 'example_trigger_controller_dag' retrieved from /home/suyog/miniconda3/envs/fraud_mlops/lib/python3.11/site-packages/airflow/example_dags/example_trigger_controller_dag.py
[2026-06-07T17:38:34.743+0545] {logging_mixin.py:188} INFO - [2026-06-07T17:38:34.741+0545] {override.py:1858} INFO - Created Permission View: can edit on DAG:example_trigger_controller_dag
[2026-06-07T17:38:35.035+0545] {logging_mixin.py:188} INFO - [2026-06-07T17:38:35.032+0545] {override.py:1858} INFO - Created Permission View: can read on DAG:example_trigger_controller_dag
[2026-06-07T17:38:35.416+0545] {logging_mixin.py:188} INFO - [2026-06-07T17:38:35.415+0545] {override.py:1858} INFO - Created Permission View: can delete on DAG:example_trigger_controller_dag
[2026-06-07T17:38:35.417+0545] {logging_mixin.py:188} INFO - [2026-06-07T17:38:35.417+0545] {dag.py:3089} INFO - Sync 1 DAGs
[2026-06-07T17:38:35.445+0545] {logging_mixin.py:188} INFO - [2026-06-07T17:38:35.444+0545] {dag.py:3111} INFO - Creating ORM DAG for example_trigger_controller_dag
[2026-06-07T17:38:35.456+0545] {logging_mixin.py:188} INFO - [2026-06-07T17:38:35.456+0545] {dag.py:3947} INFO - Setting next_dagrun for example_trigger_controller_dag to 2021-01-01 00:00:00+00:00, run_after=2021-01-01 00:00:00+00:00
[2026-06-07T17:38:35.650+0545] {processor.py:183} INFO - Processing /home/suyog/miniconda3/envs/fraud_mlops/lib/python3.11/site-packages/airflow/example_dags/example_trigger_controller_dag.py took 1.403 seconds
[2026-06-07T17:40:19.741+0545] {processor.py:161} INFO - Started process (PID=31994) to work on /home/suyog/miniconda3/envs/fraud_mlops/lib/python3.11/site-packages/airflow/example_dags/example_trigger_controller_dag.py
[2026-06-07T17:40:19.767+0545] {processor.py:830} INFO - Processing file /home/suyog/miniconda3/envs/fraud_mlops/lib/python3.11/site-packages/airflow/example_dags/example_trigger_controller_dag.py for tasks to queue
[2026-06-07T17:40:19.769+0545] {logging_mixin.py:188} INFO - [2026-06-07T17:40:19.769+0545] {dagbag.py:545} INFO - Filling up the DagBag from /home/suyog/miniconda3/envs/fraud_mlops/lib/python3.11/site-packages/airflow/example_dags/example_trigger_controller_dag.py
[2026-06-07T17:40:19.873+0545] {processor.py:840} INFO - DAG(s) 'example_trigger_controller_dag' retrieved from /home/suyog/miniconda3/envs/fraud_mlops/lib/python3.11/site-packages/airflow/example_dags/example_trigger_controller_dag.py
[2026-06-07T17:40:19.884+0545] {logging_mixin.py:188} INFO - [2026-06-07T17:40:19.884+0545] {dag.py:3089} INFO - Sync 1 DAGs
[2026-06-07T17:40:19.899+0545] {logging_mixin.py:188} INFO - [2026-06-07T17:40:19.899+0545] {dag.py:3947} INFO - Setting next_dagrun for example_trigger_controller_dag to 2021-01-01 00:00:00+00:00, run_after=2021-01-01 00:00:00+00:00
[2026-06-07T17:40:20.056+0545] {processor.py:183} INFO - Processing /home/suyog/miniconda3/envs/fraud_mlops/lib/python3.11/site-packages/airflow/example_dags/example_trigger_controller_dag.py took 0.320 seconds
[2026-06-07T17:41:11.073+0545] {processor.py:161} INFO - Started process (PID=32101) to work on /home/suyog/miniconda3/envs/fraud_mlops/lib/python3.11/site-packages/airflow/example_dags/example_trigger_controller_dag.py
[2026-06-07T17:41:11.097+0545] {processor.py:830} INFO - Processing file /home/suyog/miniconda3/envs/fraud_mlops/lib/python3.11/site-packages/airflow/example_dags/example_trigger_controller_dag.py for tasks to queue
[2026-06-07T17:41:11.099+0545] {logging_mixin.py:188} INFO - [2026-06-07T17:41:11.099+0545] {dagbag.py:545} INFO - Filling up the DagBag from /home/suyog/miniconda3/envs/fraud_mlops/lib/python3.11/site-packages/airflow/example_dags/example_trigger_controller_dag.py
[2026-06-07T17:41:11.104+0545] {processor.py:840} INFO - DAG(s) 'example_trigger_controller_dag' retrieved from /home/suyog/miniconda3/envs/fraud_mlops/lib/python3.11/site-packages/airflow/example_dags/example_trigger_controller_dag.py
[2026-06-07T17:41:11.119+0545] {logging_mixin.py:188} INFO - [2026-06-07T17:41:11.119+0545] {dag.py:3089} INFO - Sync 1 DAGs
[2026-06-07T17:41:11.135+0545] {logging_mixin.py:188} INFO - [2026-06-07T17:41:11.135+0545] {dag.py:3947} INFO - Setting next_dagrun for example_trigger_controller_dag to 2021-01-01 00:00:00+00:00, run_after=2021-01-01 00:00:00+00:00
[2026-06-07T17:41:11.280+0545] {processor.py:183} INFO - Processing /home/suyog/miniconda3/envs/fraud_mlops/lib/python3.11/site-packages/airflow/example_dags/example_trigger_controller_dag.py took 0.214 seconds
[2026-06-07T17:42:21.969+0545] {processor.py:161} INFO - Started process (PID=32265) to work on /home/suyog/miniconda3/envs/fraud_mlops/lib/python3.11/site-packages/airflow/example_dags/example_trigger_controller_dag.py
[2026-06-07T17:42:21.998+0545] {processor.py:830} INFO - Processing file /home/suyog/miniconda3/envs/fraud_mlops/lib/python3.11/site-packages/airflow/example_dags/example_trigger_controller_dag.py for tasks to queue
[2026-06-07T17:42:22.001+0545] {logging_mixin.py:188} INFO - [2026-06-07T17:42:22.000+0545] {dagbag.py:545} INFO - Filling up the DagBag from /home/suyog/miniconda3/envs/fraud_mlops/lib/python3.11/site-packages/airflow/example_dags/example_trigger_controller_dag.py
[2026-06-07T17:42:22.005+0545] {processor.py:840} INFO - DAG(s) 'example_trigger_controller_dag' retrieved from /home/suyog/miniconda3/envs/fraud_mlops/lib/python3.11/site-packages/airflow/example_dags/example_trigger_controller_dag.py
[2026-06-07T17:42:22.021+0545] {logging_mixin.py:188} INFO - [2026-06-07T17:42:22.021+0545] {dag.py:3089} INFO - Sync 1 DAGs
[2026-06-07T17:42:22.037+0545] {logging_mixin.py:188} INFO - [2026-06-07T17:42:22.036+0545] {dag.py:3947} INFO - Setting next_dagrun for example_trigger_controller_dag to 2021-01-01 00:00:00+00:00, run_after=2021-01-01 00:00:00+00:00
[2026-06-07T17:42:22.276+0545] {processor.py:183} INFO - Processing /home/suyog/miniconda3/envs/fraud_mlops/lib/python3.11/site-packages/airflow/example_dags/example_trigger_controller_dag.py took 0.317 seconds
[2026-06-07T17:43:36.170+0545] {processor.py:161} INFO - Started process (PID=32925) to work on /home/suyog/miniconda3/envs/fraud_mlops/lib/python3.11/site-packages/airflow/example_dags/example_trigger_controller_dag.py
[2026-06-07T17:43:36.172+0545] {processor.py:830} INFO - Processing file /home/suyog/miniconda3/envs/fraud_mlops/lib/python3.11/site-packages/airflow/example_dags/example_trigger_controller_dag.py for tasks to queue
[2026-06-07T17:43:36.175+0545] {logging_mixin.py:188} INFO - [2026-06-07T17:43:36.175+0545] {dagbag.py:545} INFO - Filling up the DagBag from /home/suyog/miniconda3/envs/fraud_mlops/lib/python3.11/site-packages/airflow/example_dags/example_trigger_controller_dag.py
[2026-06-07T17:43:36.185+0545] {processor.py:840} INFO - DAG(s) 'example_trigger_controller_dag' retrieved from /home/suyog/miniconda3/envs/fraud_mlops/lib/python3.11/site-packages/airflow/example_dags/example_trigger_controller_dag.py
[2026-06-07T17:43:36.200+0545] {logging_mixin.py:188} INFO - [2026-06-07T17:43:36.200+0545] {dag.py:3089} INFO - Sync 1 DAGs
[2026-06-07T17:43:36.214+0545] {logging_mixin.py:188} INFO - [2026-06-07T17:43:36.214+0545] {dag.py:3947} INFO - Setting next_dagrun for example_trigger_controller_dag to 2021-01-01 00:00:00+00:00, run_after=2021-01-01 00:00:00+00:00
[2026-06-07T17:43:36.390+0545] {processor.py:183} INFO - Processing /home/suyog/miniconda3/envs/fraud_mlops/lib/python3.11/site-packages/airflow/example_dags/example_trigger_controller_dag.py took 0.234 seconds
[2026-06-07T17:44:44.710+0545] {processor.py:161} INFO - Started process (PID=33103) to work on /home/suyog/miniconda3/envs/fraud_mlops/lib/python3.11/site-packages/airflow/example_dags/example_trigger_controller_dag.py
[2026-06-07T17:44:44.729+0545] {processor.py:830} INFO - Processing file /home/suyog/miniconda3/envs/fraud_mlops/lib/python3.11/site-packages/airflow/example_dags/example_trigger_controller_dag.py for tasks to queue
[2026-06-07T17:44:44.731+0545] {logging_mixin.py:188} INFO - [2026-06-07T17:44:44.731+0545] {dagbag.py:545} INFO - Filling up the DagBag from /home/suyog/miniconda3/envs/fraud_mlops/lib/python3.11/site-packages/airflow/example_dags/example_trigger_controller_dag.py
[2026-06-07T17:44:44.737+0545] {processor.py:840} INFO - DAG(s) 'example_trigger_controller_dag' retrieved from /home/suyog/miniconda3/envs/fraud_mlops/lib/python3.11/site-packages/airflow/example_dags/example_trigger_controller_dag.py
[2026-06-07T17:44:44.755+0545] {logging_mixin.py:188} INFO - [2026-06-07T17:44:44.754+0545] {dag.py:3089} INFO - Sync 1 DAGs
[2026-06-07T17:44:44.771+0545] {logging_mixin.py:188} INFO - [2026-06-07T17:44:44.771+0545] {dag.py:3947} INFO - Setting next_dagrun for example_trigger_controller_dag to 2021-01-01 00:00:00+00:00, run_after=2021-01-01 00:00:00+00:00
[2026-06-07T17:44:44.933+0545] {processor.py:183} INFO - Processing /home/suyog/miniconda3/envs/fraud_mlops/lib/python3.11/site-packages/airflow/example_dags/example_trigger_controller_dag.py took 0.228 seconds
[2026-06-07T17:46:43.708+0545] {processor.py:161} INFO - Started process (PID=33293) to work on /home/suyog/miniconda3/envs/fraud_mlops/lib/python3.11/site-packages/airflow/example_dags/example_trigger_controller_dag.py
[2026-06-07T17:46:43.709+0545] {processor.py:830} INFO - Processing file /home/suyog/miniconda3/envs/fraud_mlops/lib/python3.11/site-packages/airflow/example_dags/example_trigger_controller_dag.py for tasks to queue
[2026-06-07T17:46:43.710+0545] {logging_mixin.py:188} INFO - [2026-06-07T17:46:43.710+0545] {dagbag.py:545} INFO - Filling up the DagBag from /home/suyog/miniconda3/envs/fraud_mlops/lib/python3.11/site-packages/airflow/example_dags/example_trigger_controller_dag.py
[2026-06-07T17:46:43.718+0545] {processor.py:840} INFO - DAG(s) 'example_trigger_controller_dag' retrieved from /home/suyog/miniconda3/envs/fraud_mlops/lib/python3.11/site-packages/airflow/example_dags/example_trigger_controller_dag.py
[2026-06-07T17:46:43.734+0545] {logging_mixin.py:188} INFO - [2026-06-07T17:46:43.734+0545] {dag.py:3089} INFO - Sync 1 DAGs
[2026-06-07T17:46:43.749+0545] {logging_mixin.py:188} INFO - [2026-06-07T17:46:43.748+0545] {dag.py:3947} INFO - Setting next_dagrun for example_trigger_controller_dag to 2021-01-01 00:00:00+00:00, run_after=2021-01-01 00:00:00+00:00
[2026-06-07T17:46:43.914+0545] {processor.py:183} INFO - Processing /home/suyog/miniconda3/envs/fraud_mlops/lib/python3.11/site-packages/airflow/example_dags/example_trigger_controller_dag.py took 0.212 seconds
[2026-06-07T17:47:33.480+0545] {processor.py:161} INFO - Started process (PID=33378) to work on /home/suyog/miniconda3/envs/fraud_mlops/lib/python3.11/site-packages/airflow/example_dags/example_trigger_controller_dag.py
[2026-06-07T17:47:33.481+0545] {processor.py:830} INFO - Processing file /home/suyog/miniconda3/envs/fraud_mlops/lib/python3.11/site-packages/airflow/example_dags/example_trigger_controller_dag.py for tasks to queue
[2026-06-07T17:47:33.483+0545] {logging_mixin.py:188} INFO - [2026-06-07T17:47:33.482+0545] {dagbag.py:545} INFO - Filling up the DagBag from /home/suyog/miniconda3/envs/fraud_mlops/lib/python3.11/site-packages/airflow/example_dags/example_trigger_controller_dag.py
[2026-06-07T17:47:33.488+0545] {processor.py:840} INFO - DAG(s) 'example_trigger_controller_dag' retrieved from /home/suyog/miniconda3/envs/fraud_mlops/lib/python3.11/site-packages/airflow/example_dags/example_trigger_controller_dag.py
[2026-06-07T17:47:33.503+0545] {logging_mixin.py:188} INFO - [2026-06-07T17:47:33.503+0545] {dag.py:3089} INFO - Sync 1 DAGs
[2026-06-07T17:47:33.517+0545] {logging_mixin.py:188} INFO - [2026-06-07T17:47:33.516+0545] {dag.py:3947} INFO - Setting next_dagrun for example_trigger_controller_dag to 2021-01-01 00:00:00+00:00, run_after=2021-01-01 00:00:00+00:00
[2026-06-07T17:47:33.709+0545] {processor.py:183} INFO - Processing /home/suyog/miniconda3/envs/fraud_mlops/lib/python3.11/site-packages/airflow/example_dags/example_trigger_controller_dag.py took 0.234 seconds
[2026-06-07T17:48:40.162+0545] {processor.py:161} INFO - Started process (PID=33519) to work on /home/suyog/miniconda3/envs/fraud_mlops/lib/python3.11/site-packages/airflow/example_dags/example_trigger_controller_dag.py
[2026-06-07T17:48:40.199+0545] {processor.py:830} INFO - Processing file /home/suyog/miniconda3/envs/fraud_mlops/lib/python3.11/site-packages/airflow/example_dags/example_trigger_controller_dag.py for tasks to queue
[2026-06-07T17:48:40.200+0545] {logging_mixin.py:188} INFO - [2026-06-07T17:48:40.200+0545] {dagbag.py:545} INFO - Filling up the DagBag from /home/suyog/miniconda3/envs/fraud_mlops/lib/python3.11/site-packages/airflow/example_dags/example_trigger_controller_dag.py
[2026-06-07T17:48:40.206+0545] {processor.py:840} INFO - DAG(s) 'example_trigger_controller_dag' retrieved from /home/suyog/miniconda3/envs/fraud_mlops/lib/python3.11/site-packages/airflow/example_dags/example_trigger_controller_dag.py
[2026-06-07T17:48:40.221+0545] {logging_mixin.py:188} INFO - [2026-06-07T17:48:40.221+0545] {dag.py:3089} INFO - Sync 1 DAGs
[2026-06-07T17:48:40.241+0545] {logging_mixin.py:188} INFO - [2026-06-07T17:48:40.241+0545] {dag.py:3947} INFO - Setting next_dagrun for example_trigger_controller_dag to 2021-01-01 00:00:00+00:00, run_after=2021-01-01 00:00:00+00:00
[2026-06-07T17:48:40.396+0545] {processor.py:183} INFO - Processing /home/suyog/miniconda3/envs/fraud_mlops/lib/python3.11/site-packages/airflow/example_dags/example_trigger_controller_dag.py took 0.239 seconds
[2026-06-07T17:49:50.676+0545] {processor.py:161} INFO - Started process (PID=33662) to work on /home/suyog/miniconda3/envs/fraud_mlops/lib/python3.11/site-packages/airflow/example_dags/example_trigger_controller_dag.py
[2026-06-07T17:49:50.712+0545] {processor.py:830} INFO - Processing file /home/suyog/miniconda3/envs/fraud_mlops/lib/python3.11/site-packages/airflow/example_dags/example_trigger_controller_dag.py for tasks to queue
[2026-06-07T17:49:50.715+0545] {logging_mixin.py:188} INFO - [2026-06-07T17:49:50.714+0545] {dagbag.py:545} INFO - Filling up the DagBag from /home/suyog/miniconda3/envs/fraud_mlops/lib/python3.11/site-packages/airflow/example_dags/example_trigger_controller_dag.py
[2026-06-07T17:49:50.721+0545] {processor.py:840} INFO - DAG(s) 'example_trigger_controller_dag' retrieved from /home/suyog/miniconda3/envs/fraud_mlops/lib/python3.11/site-packages/airflow/example_dags/example_trigger_controller_dag.py
[2026-06-07T17:49:50.740+0545] {logging_mixin.py:188} INFO - [2026-06-07T17:49:50.739+0545] {dag.py:3089} INFO - Sync 1 DAGs
[2026-06-07T17:49:50.755+0545] {logging_mixin.py:188} INFO - [2026-06-07T17:49:50.755+0545] {dag.py:3947} INFO - Setting next_dagrun for example_trigger_controller_dag to 2021-01-01 00:00:00+00:00, run_after=2021-01-01 00:00:00+00:00
[2026-06-07T17:49:50.974+0545] {processor.py:183} INFO - Processing /home/suyog/miniconda3/envs/fraud_mlops/lib/python3.11/site-packages/airflow/example_dags/example_trigger_controller_dag.py took 0.306 seconds
