[2026-06-07T17:39:14.604+0545] {processor.py:161} INFO - Started process (PID=31860) to work on /home/suyog/miniconda3/envs/fraud_mlops/lib/python3.11/site-packages/airflow/example_dags/example_local_kubernetes_executor.py
[2026-06-07T17:39:14.606+0545] {processor.py:830} INFO - Processing file /home/suyog/miniconda3/envs/fraud_mlops/lib/python3.11/site-packages/airflow/example_dags/example_local_kubernetes_executor.py for tasks to queue
[2026-06-07T17:39:14.609+0545] {logging_mixin.py:188} INFO - [2026-06-07T17:39:14.608+0545] {dagbag.py:545} INFO - Filling up the DagBag from /home/suyog/miniconda3/envs/fraud_mlops/lib/python3.11/site-packages/airflow/example_dags/example_local_kubernetes_executor.py
[2026-06-07T17:39:14.614+0545] {logging_mixin.py:188} INFO - [2026-06-07T17:39:14.613+0545] {example_local_kubernetes_executor.py:40} WARNING - Could not import DAGs in example_local_kubernetes_executor.py
Traceback (most recent call last):
  File "/home/suyog/miniconda3/envs/fraud_mlops/lib/python3.11/site-packages/airflow/example_dags/example_local_kubernetes_executor.py", line 38, in <module>
    from kubernetes.client import models as k8s
ModuleNotFoundError: No module named 'kubernetes'
[2026-06-07T17:39:14.615+0545] {logging_mixin.py:188} INFO - [2026-06-07T17:39:14.615+0545] {example_local_kubernetes_executor.py:41} WARNING - Install Kubernetes dependencies with: pip install apache-airflow[cncf.kubernetes]
[2026-06-07T17:39:14.615+0545] {processor.py:842} WARNING - No viable dags retrieved from /home/suyog/miniconda3/envs/fraud_mlops/lib/python3.11/site-packages/airflow/example_dags/example_local_kubernetes_executor.py
[2026-06-07T17:39:14.626+0545] {processor.py:183} INFO - Processing /home/suyog/miniconda3/envs/fraud_mlops/lib/python3.11/site-packages/airflow/example_dags/example_local_kubernetes_executor.py took 0.036 seconds
[2026-06-07T17:40:44.277+0545] {processor.py:161} INFO - Started process (PID=32042) to work on /home/suyog/miniconda3/envs/fraud_mlops/lib/python3.11/site-packages/airflow/example_dags/example_local_kubernetes_executor.py
[2026-06-07T17:40:44.277+0545] {processor.py:830} INFO - Processing file /home/suyog/miniconda3/envs/fraud_mlops/lib/python3.11/site-packages/airflow/example_dags/example_local_kubernetes_executor.py for tasks to queue
[2026-06-07T17:40:44.279+0545] {logging_mixin.py:188} INFO - [2026-06-07T17:40:44.278+0545] {dagbag.py:545} INFO - Filling up the DagBag from /home/suyog/miniconda3/envs/fraud_mlops/lib/python3.11/site-packages/airflow/example_dags/example_local_kubernetes_executor.py
[2026-06-07T17:40:44.281+0545] {logging_mixin.py:188} INFO - [2026-06-07T17:40:44.280+0545] {example_local_kubernetes_executor.py:40} WARNING - Could not import DAGs in example_local_kubernetes_executor.py
Traceback (most recent call last):
  File "/home/suyog/miniconda3/envs/fraud_mlops/lib/python3.11/site-packages/airflow/example_dags/example_local_kubernetes_executor.py", line 38, in <module>
    from kubernetes.client import models as k8s
ModuleNotFoundError: No module named 'kubernetes'
[2026-06-07T17:40:44.281+0545] {logging_mixin.py:188} INFO - [2026-06-07T17:40:44.281+0545] {example_local_kubernetes_executor.py:41} WARNING - Install Kubernetes dependencies with: pip install apache-airflow[cncf.kubernetes]
[2026-06-07T17:40:44.281+0545] {processor.py:842} WARNING - No viable dags retrieved from /home/suyog/miniconda3/envs/fraud_mlops/lib/python3.11/site-packages/airflow/example_dags/example_local_kubernetes_executor.py
[2026-06-07T17:40:44.289+0545] {processor.py:183} INFO - Processing /home/suyog/miniconda3/envs/fraud_mlops/lib/python3.11/site-packages/airflow/example_dags/example_local_kubernetes_executor.py took 0.018 seconds
[2026-06-07T17:41:54.357+0545] {processor.py:161} INFO - Started process (PID=32206) to work on /home/suyog/miniconda3/envs/fraud_mlops/lib/python3.11/site-packages/airflow/example_dags/example_local_kubernetes_executor.py
[2026-06-07T17:41:54.358+0545] {processor.py:830} INFO - Processing file /home/suyog/miniconda3/envs/fraud_mlops/lib/python3.11/site-packages/airflow/example_dags/example_local_kubernetes_executor.py for tasks to queue
[2026-06-07T17:41:54.359+0545] {logging_mixin.py:188} INFO - [2026-06-07T17:41:54.359+0545] {dagbag.py:545} INFO - Filling up the DagBag from /home/suyog/miniconda3/envs/fraud_mlops/lib/python3.11/site-packages/airflow/example_dags/example_local_kubernetes_executor.py
[2026-06-07T17:41:54.362+0545] {logging_mixin.py:188} INFO - [2026-06-07T17:41:54.361+0545] {example_local_kubernetes_executor.py:40} WARNING - Could not import DAGs in example_local_kubernetes_executor.py
Traceback (most recent call last):
  File "/home/suyog/miniconda3/envs/fraud_mlops/lib/python3.11/site-packages/airflow/example_dags/example_local_kubernetes_executor.py", line 38, in <module>
    from kubernetes.client import models as k8s
ModuleNotFoundError: No module named 'kubernetes'
[2026-06-07T17:41:54.362+0545] {logging_mixin.py:188} INFO - [2026-06-07T17:41:54.362+0545] {example_local_kubernetes_executor.py:41} WARNING - Install Kubernetes dependencies with: pip install apache-airflow[cncf.kubernetes]
[2026-06-07T17:41:54.362+0545] {processor.py:842} WARNING - No viable dags retrieved from /home/suyog/miniconda3/envs/fraud_mlops/lib/python3.11/site-packages/airflow/example_dags/example_local_kubernetes_executor.py
[2026-06-07T17:41:54.370+0545] {processor.py:183} INFO - Processing /home/suyog/miniconda3/envs/fraud_mlops/lib/python3.11/site-packages/airflow/example_dags/example_local_kubernetes_executor.py took 0.017 seconds
[2026-06-07T17:43:07.869+0545] {processor.py:161} INFO - Started process (PID=32396) to work on /home/suyog/miniconda3/envs/fraud_mlops/lib/python3.11/site-packages/airflow/example_dags/example_local_kubernetes_executor.py
[2026-06-07T17:43:07.870+0545] {processor.py:830} INFO - Processing file /home/suyog/miniconda3/envs/fraud_mlops/lib/python3.11/site-packages/airflow/example_dags/example_local_kubernetes_executor.py for tasks to queue
[2026-06-07T17:43:07.871+0545] {logging_mixin.py:188} INFO - [2026-06-07T17:43:07.871+0545] {dagbag.py:545} INFO - Filling up the DagBag from /home/suyog/miniconda3/envs/fraud_mlops/lib/python3.11/site-packages/airflow/example_dags/example_local_kubernetes_executor.py
[2026-06-07T17:43:07.873+0545] {logging_mixin.py:188} INFO - [2026-06-07T17:43:07.873+0545] {example_local_kubernetes_executor.py:40} WARNING - Could not import DAGs in example_local_kubernetes_executor.py
Traceback (most recent call last):
  File "/home/suyog/miniconda3/envs/fraud_mlops/lib/python3.11/site-packages/airflow/example_dags/example_local_kubernetes_executor.py", line 38, in <module>
    from kubernetes.client import models as k8s
ModuleNotFoundError: No module named 'kubernetes'
[2026-06-07T17:43:07.874+0545] {logging_mixin.py:188} INFO - [2026-06-07T17:43:07.873+0545] {example_local_kubernetes_executor.py:41} WARNING - Install Kubernetes dependencies with: pip install apache-airflow[cncf.kubernetes]
[2026-06-07T17:43:07.874+0545] {processor.py:842} WARNING - No viable dags retrieved from /home/suyog/miniconda3/envs/fraud_mlops/lib/python3.11/site-packages/airflow/example_dags/example_local_kubernetes_executor.py
[2026-06-07T17:43:07.882+0545] {processor.py:183} INFO - Processing /home/suyog/miniconda3/envs/fraud_mlops/lib/python3.11/site-packages/airflow/example_dags/example_local_kubernetes_executor.py took 0.018 seconds
[2026-06-07T17:44:21.164+0545] {processor.py:161} INFO - Started process (PID=33050) to work on /home/suyog/miniconda3/envs/fraud_mlops/lib/python3.11/site-packages/airflow/example_dags/example_local_kubernetes_executor.py
[2026-06-07T17:44:21.194+0545] {processor.py:830} INFO - Processing file /home/suyog/miniconda3/envs/fraud_mlops/lib/python3.11/site-packages/airflow/example_dags/example_local_kubernetes_executor.py for tasks to queue
[2026-06-07T17:44:21.197+0545] {logging_mixin.py:188} INFO - [2026-06-07T17:44:21.196+0545] {dagbag.py:545} INFO - Filling up the DagBag from /home/suyog/miniconda3/envs/fraud_mlops/lib/python3.11/site-packages/airflow/example_dags/example_local_kubernetes_executor.py
[2026-06-07T17:44:21.201+0545] {logging_mixin.py:188} INFO - [2026-06-07T17:44:21.200+0545] {example_local_kubernetes_executor.py:40} WARNING - Could not import DAGs in example_local_kubernetes_executor.py
Traceback (most recent call last):
  File "/home/suyog/miniconda3/envs/fraud_mlops/lib/python3.11/site-packages/airflow/example_dags/example_local_kubernetes_executor.py", line 38, in <module>
    from kubernetes.client import models as k8s
ModuleNotFoundError: No module named 'kubernetes'
[2026-06-07T17:44:21.202+0545] {logging_mixin.py:188} INFO - [2026-06-07T17:44:21.201+0545] {example_local_kubernetes_executor.py:41} WARNING - Install Kubernetes dependencies with: pip install apache-airflow[cncf.kubernetes]
[2026-06-07T17:44:21.202+0545] {processor.py:842} WARNING - No viable dags retrieved from /home/suyog/miniconda3/envs/fraud_mlops/lib/python3.11/site-packages/airflow/example_dags/example_local_kubernetes_executor.py
[2026-06-07T17:44:21.219+0545] {processor.py:183} INFO - Processing /home/suyog/miniconda3/envs/fraud_mlops/lib/python3.11/site-packages/airflow/example_dags/example_local_kubernetes_executor.py took 0.060 seconds
[2026-06-07T17:45:30.613+0545] {processor.py:161} INFO - Started process (PID=33209) to work on /home/suyog/miniconda3/envs/fraud_mlops/lib/python3.11/site-packages/airflow/example_dags/example_local_kubernetes_executor.py
[2026-06-07T17:45:30.614+0545] {processor.py:830} INFO - Processing file /home/suyog/miniconda3/envs/fraud_mlops/lib/python3.11/site-packages/airflow/example_dags/example_local_kubernetes_executor.py for tasks to queue
[2026-06-07T17:45:30.615+0545] {logging_mixin.py:188} INFO - [2026-06-07T17:45:30.615+0545] {dagbag.py:545} INFO - Filling up the DagBag from /home/suyog/miniconda3/envs/fraud_mlops/lib/python3.11/site-packages/airflow/example_dags/example_local_kubernetes_executor.py
[2026-06-07T17:45:30.618+0545] {logging_mixin.py:188} INFO - [2026-06-07T17:45:30.617+0545] {example_local_kubernetes_executor.py:40} WARNING - Could not import DAGs in example_local_kubernetes_executor.py
Traceback (most recent call last):
  File "/home/suyog/miniconda3/envs/fraud_mlops/lib/python3.11/site-packages/airflow/example_dags/example_local_kubernetes_executor.py", line 38, in <module>
    from kubernetes.client import models as k8s
ModuleNotFoundError: No module named 'kubernetes'
[2026-06-07T17:45:30.618+0545] {logging_mixin.py:188} INFO - [2026-06-07T17:45:30.618+0545] {example_local_kubernetes_executor.py:41} WARNING - Install Kubernetes dependencies with: pip install apache-airflow[cncf.kubernetes]
[2026-06-07T17:45:30.618+0545] {processor.py:842} WARNING - No viable dags retrieved from /home/suyog/miniconda3/envs/fraud_mlops/lib/python3.11/site-packages/airflow/example_dags/example_local_kubernetes_executor.py
[2026-06-07T17:45:30.628+0545] {processor.py:183} INFO - Processing /home/suyog/miniconda3/envs/fraud_mlops/lib/python3.11/site-packages/airflow/example_dags/example_local_kubernetes_executor.py took 0.021 seconds
[2026-06-07T17:47:56.293+0545] {processor.py:161} INFO - Started process (PID=33399) to work on /home/suyog/miniconda3/envs/fraud_mlops/lib/python3.11/site-packages/airflow/example_dags/example_local_kubernetes_executor.py
[2026-06-07T17:47:56.294+0545] {processor.py:830} INFO - Processing file /home/suyog/miniconda3/envs/fraud_mlops/lib/python3.11/site-packages/airflow/example_dags/example_local_kubernetes_executor.py for tasks to queue
[2026-06-07T17:47:56.296+0545] {logging_mixin.py:188} INFO - [2026-06-07T17:47:56.295+0545] {dagbag.py:545} INFO - Filling up the DagBag from /home/suyog/miniconda3/envs/fraud_mlops/lib/python3.11/site-packages/airflow/example_dags/example_local_kubernetes_executor.py
[2026-06-07T17:47:56.298+0545] {logging_mixin.py:188} INFO - [2026-06-07T17:47:56.298+0545] {example_local_kubernetes_executor.py:40} WARNING - Could not import DAGs in example_local_kubernetes_executor.py
Traceback (most recent call last):
  File "/home/suyog/miniconda3/envs/fraud_mlops/lib/python3.11/site-packages/airflow/example_dags/example_local_kubernetes_executor.py", line 38, in <module>
    from kubernetes.client import models as k8s
ModuleNotFoundError: No module named 'kubernetes'
[2026-06-07T17:47:56.299+0545] {logging_mixin.py:188} INFO - [2026-06-07T17:47:56.299+0545] {example_local_kubernetes_executor.py:41} WARNING - Install Kubernetes dependencies with: pip install apache-airflow[cncf.kubernetes]
[2026-06-07T17:47:56.299+0545] {processor.py:842} WARNING - No viable dags retrieved from /home/suyog/miniconda3/envs/fraud_mlops/lib/python3.11/site-packages/airflow/example_dags/example_local_kubernetes_executor.py
[2026-06-07T17:47:56.309+0545] {processor.py:183} INFO - Processing /home/suyog/miniconda3/envs/fraud_mlops/lib/python3.11/site-packages/airflow/example_dags/example_local_kubernetes_executor.py took 0.021 seconds
[2026-06-07T17:49:15.068+0545] {processor.py:161} INFO - Started process (PID=33606) to work on /home/suyog/miniconda3/envs/fraud_mlops/lib/python3.11/site-packages/airflow/example_dags/example_local_kubernetes_executor.py
[2026-06-07T17:49:15.140+0545] {processor.py:830} INFO - Processing file /home/suyog/miniconda3/envs/fraud_mlops/lib/python3.11/site-packages/airflow/example_dags/example_local_kubernetes_executor.py for tasks to queue
[2026-06-07T17:49:15.144+0545] {logging_mixin.py:188} INFO - [2026-06-07T17:49:15.143+0545] {dagbag.py:545} INFO - Filling up the DagBag from /home/suyog/miniconda3/envs/fraud_mlops/lib/python3.11/site-packages/airflow/example_dags/example_local_kubernetes_executor.py
[2026-06-07T17:49:15.152+0545] {logging_mixin.py:188} INFO - [2026-06-07T17:49:15.150+0545] {example_local_kubernetes_executor.py:40} WARNING - Could not import DAGs in example_local_kubernetes_executor.py
Traceback (most recent call last):
  File "/home/suyog/miniconda3/envs/fraud_mlops/lib/python3.11/site-packages/airflow/example_dags/example_local_kubernetes_executor.py", line 38, in <module>
    from kubernetes.client import models as k8s
ModuleNotFoundError: No module named 'kubernetes'
[2026-06-07T17:49:15.153+0545] {logging_mixin.py:188} INFO - [2026-06-07T17:49:15.152+0545] {example_local_kubernetes_executor.py:41} WARNING - Install Kubernetes dependencies with: pip install apache-airflow[cncf.kubernetes]
[2026-06-07T17:49:15.154+0545] {processor.py:842} WARNING - No viable dags retrieved from /home/suyog/miniconda3/envs/fraud_mlops/lib/python3.11/site-packages/airflow/example_dags/example_local_kubernetes_executor.py
[2026-06-07T17:49:15.175+0545] {processor.py:183} INFO - Processing /home/suyog/miniconda3/envs/fraud_mlops/lib/python3.11/site-packages/airflow/example_dags/example_local_kubernetes_executor.py took 0.112 seconds
[2026-06-07T17:50:23.835+0545] {processor.py:161} INFO - Started process (PID=33701) to work on /home/suyog/miniconda3/envs/fraud_mlops/lib/python3.11/site-packages/airflow/example_dags/example_local_kubernetes_executor.py
[2026-06-07T17:50:23.853+0545] {processor.py:830} INFO - Processing file /home/suyog/miniconda3/envs/fraud_mlops/lib/python3.11/site-packages/airflow/example_dags/example_local_kubernetes_executor.py for tasks to queue
[2026-06-07T17:50:23.855+0545] {logging_mixin.py:188} INFO - [2026-06-07T17:50:23.855+0545] {dagbag.py:545} INFO - Filling up the DagBag from /home/suyog/miniconda3/envs/fraud_mlops/lib/python3.11/site-packages/airflow/example_dags/example_local_kubernetes_executor.py
[2026-06-07T17:50:23.860+0545] {logging_mixin.py:188} INFO - [2026-06-07T17:50:23.859+0545] {example_local_kubernetes_executor.py:40} WARNING - Could not import DAGs in example_local_kubernetes_executor.py
Traceback (most recent call last):
  File "/home/suyog/miniconda3/envs/fraud_mlops/lib/python3.11/site-packages/airflow/example_dags/example_local_kubernetes_executor.py", line 38, in <module>
    from kubernetes.client import models as k8s
ModuleNotFoundError: No module named 'kubernetes'
[2026-06-07T17:50:23.860+0545] {logging_mixin.py:188} INFO - [2026-06-07T17:50:23.860+0545] {example_local_kubernetes_executor.py:41} WARNING - Install Kubernetes dependencies with: pip install apache-airflow[cncf.kubernetes]
[2026-06-07T17:50:23.861+0545] {processor.py:842} WARNING - No viable dags retrieved from /home/suyog/miniconda3/envs/fraud_mlops/lib/python3.11/site-packages/airflow/example_dags/example_local_kubernetes_executor.py
[2026-06-07T17:50:23.879+0545] {processor.py:183} INFO - Processing /home/suyog/miniconda3/envs/fraud_mlops/lib/python3.11/site-packages/airflow/example_dags/example_local_kubernetes_executor.py took 0.049 seconds
