[2026-06-07T17:36:19.740+0545] {processor.py:161} INFO - Started process (PID=31670) to work on /home/suyog/miniconda3/envs/fraud_mlops/lib/python3.11/site-packages/airflow/example_dags/tutorial_objectstorage.py
[2026-06-07T17:36:19.741+0545] {processor.py:830} INFO - Processing file /home/suyog/miniconda3/envs/fraud_mlops/lib/python3.11/site-packages/airflow/example_dags/tutorial_objectstorage.py for tasks to queue
[2026-06-07T17:36:19.742+0545] {logging_mixin.py:188} INFO - [2026-06-07T17:36:19.742+0545] {dagbag.py:545} INFO - Filling up the DagBag from /home/suyog/miniconda3/envs/fraud_mlops/lib/python3.11/site-packages/airflow/example_dags/tutorial_objectstorage.py
[2026-06-07T17:36:19.749+0545] {processor.py:840} INFO - DAG(s) 'tutorial_objectstorage' retrieved from /home/suyog/miniconda3/envs/fraud_mlops/lib/python3.11/site-packages/airflow/example_dags/tutorial_objectstorage.py
[2026-06-07T17:36:20.392+0545] {logging_mixin.py:188} INFO - [2026-06-07T17:36:20.390+0545] {override.py:1858} INFO - Created Permission View: can read on DAG:tutorial_objectstorage
[2026-06-07T17:36:20.570+0545] {logging_mixin.py:188} INFO - [2026-06-07T17:36:20.569+0545] {override.py:1858} INFO - Created Permission View: can edit on DAG:tutorial_objectstorage
[2026-06-07T17:36:20.737+0545] {logging_mixin.py:188} INFO - [2026-06-07T17:36:20.736+0545] {override.py:1858} INFO - Created Permission View: can delete on DAG:tutorial_objectstorage
[2026-06-07T17:36:20.737+0545] {logging_mixin.py:188} INFO - [2026-06-07T17:36:20.737+0545] {dag.py:3089} INFO - Sync 1 DAGs
[2026-06-07T17:36:20.745+0545] {logging_mixin.py:188} INFO - [2026-06-07T17:36:20.745+0545] {dag.py:3111} INFO - Creating ORM DAG for tutorial_objectstorage
[2026-06-07T17:36:20.745+0545] {logging_mixin.py:188} INFO - [2026-06-07T17:36:20.745+0545] {dag.py:3947} INFO - Setting next_dagrun for tutorial_objectstorage to None, run_after=None
[2026-06-07T17:36:21.039+0545] {processor.py:183} INFO - Processing /home/suyog/miniconda3/envs/fraud_mlops/lib/python3.11/site-packages/airflow/example_dags/tutorial_objectstorage.py took 1.302 seconds
[2026-06-07T17:38:23.550+0545] {processor.py:161} INFO - Started process (PID=31798) to work on /home/suyog/miniconda3/envs/fraud_mlops/lib/python3.11/site-packages/airflow/example_dags/tutorial_objectstorage.py
[2026-06-07T17:38:23.551+0545] {processor.py:830} INFO - Processing file /home/suyog/miniconda3/envs/fraud_mlops/lib/python3.11/site-packages/airflow/example_dags/tutorial_objectstorage.py for tasks to queue
[2026-06-07T17:38:23.552+0545] {logging_mixin.py:188} INFO - [2026-06-07T17:38:23.551+0545] {dagbag.py:545} INFO - Filling up the DagBag from /home/suyog/miniconda3/envs/fraud_mlops/lib/python3.11/site-packages/airflow/example_dags/tutorial_objectstorage.py
[2026-06-07T17:38:23.558+0545] {processor.py:840} INFO - DAG(s) 'tutorial_objectstorage' retrieved from /home/suyog/miniconda3/envs/fraud_mlops/lib/python3.11/site-packages/airflow/example_dags/tutorial_objectstorage.py
[2026-06-07T17:38:23.572+0545] {logging_mixin.py:188} INFO - [2026-06-07T17:38:23.572+0545] {dag.py:3089} INFO - Sync 1 DAGs
[2026-06-07T17:38:23.579+0545] {logging_mixin.py:188} INFO - [2026-06-07T17:38:23.579+0545] {dag.py:3947} INFO - Setting next_dagrun for tutorial_objectstorage to None, run_after=None
[2026-06-07T17:38:23.756+0545] {processor.py:183} INFO - Processing /home/suyog/miniconda3/envs/fraud_mlops/lib/python3.11/site-packages/airflow/example_dags/tutorial_objectstorage.py took 0.209 seconds
[2026-06-07T17:40:11.526+0545] {processor.py:161} INFO - Started process (PID=31983) to work on /home/suyog/miniconda3/envs/fraud_mlops/lib/python3.11/site-packages/airflow/example_dags/tutorial_objectstorage.py
[2026-06-07T17:40:11.527+0545] {processor.py:830} INFO - Processing file /home/suyog/miniconda3/envs/fraud_mlops/lib/python3.11/site-packages/airflow/example_dags/tutorial_objectstorage.py for tasks to queue
[2026-06-07T17:40:11.529+0545] {logging_mixin.py:188} INFO - [2026-06-07T17:40:11.528+0545] {dagbag.py:545} INFO - Filling up the DagBag from /home/suyog/miniconda3/envs/fraud_mlops/lib/python3.11/site-packages/airflow/example_dags/tutorial_objectstorage.py
[2026-06-07T17:40:11.628+0545] {processor.py:840} INFO - DAG(s) 'tutorial_objectstorage' retrieved from /home/suyog/miniconda3/envs/fraud_mlops/lib/python3.11/site-packages/airflow/example_dags/tutorial_objectstorage.py
[2026-06-07T17:40:11.640+0545] {logging_mixin.py:188} INFO - [2026-06-07T17:40:11.639+0545] {dag.py:3089} INFO - Sync 1 DAGs
[2026-06-07T17:40:11.650+0545] {logging_mixin.py:188} INFO - [2026-06-07T17:40:11.650+0545] {dag.py:3947} INFO - Setting next_dagrun for tutorial_objectstorage to None, run_after=None
[2026-06-07T17:40:11.841+0545] {processor.py:183} INFO - Processing /home/suyog/miniconda3/envs/fraud_mlops/lib/python3.11/site-packages/airflow/example_dags/tutorial_objectstorage.py took 0.319 seconds
[2026-06-07T17:41:03.892+0545] {processor.py:161} INFO - Started process (PID=32090) to work on /home/suyog/miniconda3/envs/fraud_mlops/lib/python3.11/site-packages/airflow/example_dags/tutorial_objectstorage.py
[2026-06-07T17:41:03.893+0545] {processor.py:830} INFO - Processing file /home/suyog/miniconda3/envs/fraud_mlops/lib/python3.11/site-packages/airflow/example_dags/tutorial_objectstorage.py for tasks to queue
[2026-06-07T17:41:03.896+0545] {logging_mixin.py:188} INFO - [2026-06-07T17:41:03.895+0545] {dagbag.py:545} INFO - Filling up the DagBag from /home/suyog/miniconda3/envs/fraud_mlops/lib/python3.11/site-packages/airflow/example_dags/tutorial_objectstorage.py
[2026-06-07T17:41:03.907+0545] {processor.py:840} INFO - DAG(s) 'tutorial_objectstorage' retrieved from /home/suyog/miniconda3/envs/fraud_mlops/lib/python3.11/site-packages/airflow/example_dags/tutorial_objectstorage.py
[2026-06-07T17:41:03.922+0545] {logging_mixin.py:188} INFO - [2026-06-07T17:41:03.921+0545] {dag.py:3089} INFO - Sync 1 DAGs
[2026-06-07T17:41:03.931+0545] {logging_mixin.py:188} INFO - [2026-06-07T17:41:03.930+0545] {dag.py:3947} INFO - Setting next_dagrun for tutorial_objectstorage to None, run_after=None
[2026-06-07T17:41:04.146+0545] {processor.py:183} INFO - Processing /home/suyog/miniconda3/envs/fraud_mlops/lib/python3.11/site-packages/airflow/example_dags/tutorial_objectstorage.py took 0.263 seconds
[2026-06-07T17:42:14.217+0545] {processor.py:161} INFO - Started process (PID=32254) to work on /home/suyog/miniconda3/envs/fraud_mlops/lib/python3.11/site-packages/airflow/example_dags/tutorial_objectstorage.py
[2026-06-07T17:42:14.247+0545] {processor.py:830} INFO - Processing file /home/suyog/miniconda3/envs/fraud_mlops/lib/python3.11/site-packages/airflow/example_dags/tutorial_objectstorage.py for tasks to queue
[2026-06-07T17:42:14.251+0545] {logging_mixin.py:188} INFO - [2026-06-07T17:42:14.250+0545] {dagbag.py:545} INFO - Filling up the DagBag from /home/suyog/miniconda3/envs/fraud_mlops/lib/python3.11/site-packages/airflow/example_dags/tutorial_objectstorage.py
[2026-06-07T17:42:14.272+0545] {processor.py:840} INFO - DAG(s) 'tutorial_objectstorage' retrieved from /home/suyog/miniconda3/envs/fraud_mlops/lib/python3.11/site-packages/airflow/example_dags/tutorial_objectstorage.py
[2026-06-07T17:42:14.293+0545] {logging_mixin.py:188} INFO - [2026-06-07T17:42:14.292+0545] {dag.py:3089} INFO - Sync 1 DAGs
[2026-06-07T17:42:14.302+0545] {logging_mixin.py:188} INFO - [2026-06-07T17:42:14.302+0545] {dag.py:3947} INFO - Setting next_dagrun for tutorial_objectstorage to None, run_after=None
[2026-06-07T17:42:14.462+0545] {processor.py:183} INFO - Processing /home/suyog/miniconda3/envs/fraud_mlops/lib/python3.11/site-packages/airflow/example_dags/tutorial_objectstorage.py took 0.253 seconds
[2026-06-07T17:43:29.088+0545] {processor.py:161} INFO - Started process (PID=32914) to work on /home/suyog/miniconda3/envs/fraud_mlops/lib/python3.11/site-packages/airflow/example_dags/tutorial_objectstorage.py
[2026-06-07T17:43:29.089+0545] {processor.py:830} INFO - Processing file /home/suyog/miniconda3/envs/fraud_mlops/lib/python3.11/site-packages/airflow/example_dags/tutorial_objectstorage.py for tasks to queue
[2026-06-07T17:43:29.090+0545] {logging_mixin.py:188} INFO - [2026-06-07T17:43:29.090+0545] {dagbag.py:545} INFO - Filling up the DagBag from /home/suyog/miniconda3/envs/fraud_mlops/lib/python3.11/site-packages/airflow/example_dags/tutorial_objectstorage.py
[2026-06-07T17:43:29.097+0545] {processor.py:840} INFO - DAG(s) 'tutorial_objectstorage' retrieved from /home/suyog/miniconda3/envs/fraud_mlops/lib/python3.11/site-packages/airflow/example_dags/tutorial_objectstorage.py
[2026-06-07T17:43:29.110+0545] {logging_mixin.py:188} INFO - [2026-06-07T17:43:29.110+0545] {dag.py:3089} INFO - Sync 1 DAGs
[2026-06-07T17:43:29.119+0545] {logging_mixin.py:188} INFO - [2026-06-07T17:43:29.119+0545] {dag.py:3947} INFO - Setting next_dagrun for tutorial_objectstorage to None, run_after=None
[2026-06-07T17:43:29.308+0545] {processor.py:183} INFO - Processing /home/suyog/miniconda3/envs/fraud_mlops/lib/python3.11/site-packages/airflow/example_dags/tutorial_objectstorage.py took 0.225 seconds
[2026-06-07T17:44:36.829+0545] {processor.py:161} INFO - Started process (PID=33087) to work on /home/suyog/miniconda3/envs/fraud_mlops/lib/python3.11/site-packages/airflow/example_dags/tutorial_objectstorage.py
[2026-06-07T17:44:36.854+0545] {processor.py:830} INFO - Processing file /home/suyog/miniconda3/envs/fraud_mlops/lib/python3.11/site-packages/airflow/example_dags/tutorial_objectstorage.py for tasks to queue
[2026-06-07T17:44:36.855+0545] {logging_mixin.py:188} INFO - [2026-06-07T17:44:36.855+0545] {dagbag.py:545} INFO - Filling up the DagBag from /home/suyog/miniconda3/envs/fraud_mlops/lib/python3.11/site-packages/airflow/example_dags/tutorial_objectstorage.py
[2026-06-07T17:44:36.861+0545] {processor.py:840} INFO - DAG(s) 'tutorial_objectstorage' retrieved from /home/suyog/miniconda3/envs/fraud_mlops/lib/python3.11/site-packages/airflow/example_dags/tutorial_objectstorage.py
[2026-06-07T17:44:36.871+0545] {logging_mixin.py:188} INFO - [2026-06-07T17:44:36.871+0545] {dag.py:3089} INFO - Sync 1 DAGs
[2026-06-07T17:44:36.880+0545] {logging_mixin.py:188} INFO - [2026-06-07T17:44:36.880+0545] {dag.py:3947} INFO - Setting next_dagrun for tutorial_objectstorage to None, run_after=None
[2026-06-07T17:44:37.070+0545] {processor.py:183} INFO - Processing /home/suyog/miniconda3/envs/fraud_mlops/lib/python3.11/site-packages/airflow/example_dags/tutorial_objectstorage.py took 0.255 seconds
[2026-06-07T17:46:36.921+0545] {processor.py:161} INFO - Started process (PID=33287) to work on /home/suyog/miniconda3/envs/fraud_mlops/lib/python3.11/site-packages/airflow/example_dags/tutorial_objectstorage.py
[2026-06-07T17:46:36.922+0545] {processor.py:830} INFO - Processing file /home/suyog/miniconda3/envs/fraud_mlops/lib/python3.11/site-packages/airflow/example_dags/tutorial_objectstorage.py for tasks to queue
[2026-06-07T17:46:36.923+0545] {logging_mixin.py:188} INFO - [2026-06-07T17:46:36.923+0545] {dagbag.py:545} INFO - Filling up the DagBag from /home/suyog/miniconda3/envs/fraud_mlops/lib/python3.11/site-packages/airflow/example_dags/tutorial_objectstorage.py
[2026-06-07T17:46:36.932+0545] {processor.py:840} INFO - DAG(s) 'tutorial_objectstorage' retrieved from /home/suyog/miniconda3/envs/fraud_mlops/lib/python3.11/site-packages/airflow/example_dags/tutorial_objectstorage.py
[2026-06-07T17:46:36.949+0545] {logging_mixin.py:188} INFO - [2026-06-07T17:46:36.949+0545] {dag.py:3089} INFO - Sync 1 DAGs
[2026-06-07T17:46:36.958+0545] {logging_mixin.py:188} INFO - [2026-06-07T17:46:36.958+0545] {dag.py:3947} INFO - Setting next_dagrun for tutorial_objectstorage to None, run_after=None
[2026-06-07T17:46:37.186+0545] {processor.py:183} INFO - Processing /home/suyog/miniconda3/envs/fraud_mlops/lib/python3.11/site-packages/airflow/example_dags/tutorial_objectstorage.py took 0.270 seconds
[2026-06-07T17:47:26.662+0545] {processor.py:161} INFO - Started process (PID=33339) to work on /home/suyog/miniconda3/envs/fraud_mlops/lib/python3.11/site-packages/airflow/example_dags/tutorial_objectstorage.py
[2026-06-07T17:47:26.663+0545] {processor.py:830} INFO - Processing file /home/suyog/miniconda3/envs/fraud_mlops/lib/python3.11/site-packages/airflow/example_dags/tutorial_objectstorage.py for tasks to queue
[2026-06-07T17:47:26.664+0545] {logging_mixin.py:188} INFO - [2026-06-07T17:47:26.664+0545] {dagbag.py:545} INFO - Filling up the DagBag from /home/suyog/miniconda3/envs/fraud_mlops/lib/python3.11/site-packages/airflow/example_dags/tutorial_objectstorage.py
[2026-06-07T17:47:26.670+0545] {processor.py:840} INFO - DAG(s) 'tutorial_objectstorage' retrieved from /home/suyog/miniconda3/envs/fraud_mlops/lib/python3.11/site-packages/airflow/example_dags/tutorial_objectstorage.py
[2026-06-07T17:47:26.686+0545] {logging_mixin.py:188} INFO - [2026-06-07T17:47:26.686+0545] {dag.py:3089} INFO - Sync 1 DAGs
[2026-06-07T17:47:26.694+0545] {logging_mixin.py:188} INFO - [2026-06-07T17:47:26.693+0545] {dag.py:3947} INFO - Setting next_dagrun for tutorial_objectstorage to None, run_after=None
[2026-06-07T17:47:26.897+0545] {processor.py:183} INFO - Processing /home/suyog/miniconda3/envs/fraud_mlops/lib/python3.11/site-packages/airflow/example_dags/tutorial_objectstorage.py took 0.239 seconds
[2026-06-07T17:48:31.748+0545] {processor.py:161} INFO - Started process (PID=33505) to work on /home/suyog/miniconda3/envs/fraud_mlops/lib/python3.11/site-packages/airflow/example_dags/tutorial_objectstorage.py
[2026-06-07T17:48:31.773+0545] {processor.py:830} INFO - Processing file /home/suyog/miniconda3/envs/fraud_mlops/lib/python3.11/site-packages/airflow/example_dags/tutorial_objectstorage.py for tasks to queue
[2026-06-07T17:48:31.775+0545] {logging_mixin.py:188} INFO - [2026-06-07T17:48:31.775+0545] {dagbag.py:545} INFO - Filling up the DagBag from /home/suyog/miniconda3/envs/fraud_mlops/lib/python3.11/site-packages/airflow/example_dags/tutorial_objectstorage.py
[2026-06-07T17:48:31.785+0545] {processor.py:840} INFO - DAG(s) 'tutorial_objectstorage' retrieved from /home/suyog/miniconda3/envs/fraud_mlops/lib/python3.11/site-packages/airflow/example_dags/tutorial_objectstorage.py
[2026-06-07T17:48:31.804+0545] {logging_mixin.py:188} INFO - [2026-06-07T17:48:31.804+0545] {dag.py:3089} INFO - Sync 1 DAGs
[2026-06-07T17:48:31.815+0545] {logging_mixin.py:188} INFO - [2026-06-07T17:48:31.815+0545] {dag.py:3947} INFO - Setting next_dagrun for tutorial_objectstorage to None, run_after=None
[2026-06-07T17:48:32.155+0545] {processor.py:183} INFO - Processing /home/suyog/miniconda3/envs/fraud_mlops/lib/python3.11/site-packages/airflow/example_dags/tutorial_objectstorage.py took 0.411 seconds
[2026-06-07T17:49:43.311+0545] {processor.py:161} INFO - Started process (PID=33656) to work on /home/suyog/miniconda3/envs/fraud_mlops/lib/python3.11/site-packages/airflow/example_dags/tutorial_objectstorage.py
[2026-06-07T17:49:43.312+0545] {processor.py:830} INFO - Processing file /home/suyog/miniconda3/envs/fraud_mlops/lib/python3.11/site-packages/airflow/example_dags/tutorial_objectstorage.py for tasks to queue
[2026-06-07T17:49:43.314+0545] {logging_mixin.py:188} INFO - [2026-06-07T17:49:43.314+0545] {dagbag.py:545} INFO - Filling up the DagBag from /home/suyog/miniconda3/envs/fraud_mlops/lib/python3.11/site-packages/airflow/example_dags/tutorial_objectstorage.py
[2026-06-07T17:49:43.323+0545] {processor.py:840} INFO - DAG(s) 'tutorial_objectstorage' retrieved from /home/suyog/miniconda3/envs/fraud_mlops/lib/python3.11/site-packages/airflow/example_dags/tutorial_objectstorage.py
[2026-06-07T17:49:43.339+0545] {logging_mixin.py:188} INFO - [2026-06-07T17:49:43.339+0545] {dag.py:3089} INFO - Sync 1 DAGs
[2026-06-07T17:49:43.348+0545] {logging_mixin.py:188} INFO - [2026-06-07T17:49:43.348+0545] {dag.py:3947} INFO - Setting next_dagrun for tutorial_objectstorage to None, run_after=None
[2026-06-07T17:49:43.523+0545] {processor.py:183} INFO - Processing /home/suyog/miniconda3/envs/fraud_mlops/lib/python3.11/site-packages/airflow/example_dags/tutorial_objectstorage.py took 0.219 seconds
