[2026-06-07T17:36:23.703+0545] {processor.py:161} INFO - Started process (PID=31686) to work on /home/suyog/miniconda3/envs/fraud_mlops/lib/python3.11/site-packages/airflow/example_dags/tutorial.py
[2026-06-07T17:36:23.704+0545] {processor.py:830} INFO - Processing file /home/suyog/miniconda3/envs/fraud_mlops/lib/python3.11/site-packages/airflow/example_dags/tutorial.py for tasks to queue
[2026-06-07T17:36:23.706+0545] {logging_mixin.py:188} INFO - [2026-06-07T17:36:23.706+0545] {dagbag.py:545} INFO - Filling up the DagBag from /home/suyog/miniconda3/envs/fraud_mlops/lib/python3.11/site-packages/airflow/example_dags/tutorial.py
[2026-06-07T17:36:23.716+0545] {processor.py:840} INFO - DAG(s) 'tutorial' retrieved from /home/suyog/miniconda3/envs/fraud_mlops/lib/python3.11/site-packages/airflow/example_dags/tutorial.py
[2026-06-07T17:36:24.199+0545] {logging_mixin.py:188} INFO - [2026-06-07T17:36:24.197+0545] {override.py:1858} INFO - Created Permission View: can read on DAG:tutorial
[2026-06-07T17:36:24.399+0545] {logging_mixin.py:188} INFO - [2026-06-07T17:36:24.398+0545] {override.py:1858} INFO - Created Permission View: can edit on DAG:tutorial
[2026-06-07T17:36:24.583+0545] {logging_mixin.py:188} INFO - [2026-06-07T17:36:24.581+0545] {override.py:1858} INFO - Created Permission View: can delete on DAG:tutorial
[2026-06-07T17:36:24.584+0545] {logging_mixin.py:188} INFO - [2026-06-07T17:36:24.583+0545] {dag.py:3089} INFO - Sync 1 DAGs
[2026-06-07T17:36:24.610+0545] {logging_mixin.py:188} INFO - [2026-06-07T17:36:24.609+0545] {dag.py:3111} INFO - Creating ORM DAG for tutorial
[2026-06-07T17:36:24.620+0545] {logging_mixin.py:188} INFO - [2026-06-07T17:36:24.620+0545] {dag.py:3947} INFO - Setting next_dagrun for tutorial to 2026-06-06 00:00:00+00:00, run_after=2026-06-07 00:00:00+00:00
[2026-06-07T17:36:24.818+0545] {processor.py:183} INFO - Processing /home/suyog/miniconda3/envs/fraud_mlops/lib/python3.11/site-packages/airflow/example_dags/tutorial.py took 1.127 seconds
[2026-06-07T17:38:26.257+0545] {processor.py:161} INFO - Started process (PID=31804) to work on /home/suyog/miniconda3/envs/fraud_mlops/lib/python3.11/site-packages/airflow/example_dags/tutorial.py
[2026-06-07T17:38:26.258+0545] {processor.py:830} INFO - Processing file /home/suyog/miniconda3/envs/fraud_mlops/lib/python3.11/site-packages/airflow/example_dags/tutorial.py for tasks to queue
[2026-06-07T17:38:26.259+0545] {logging_mixin.py:188} INFO - [2026-06-07T17:38:26.259+0545] {dagbag.py:545} INFO - Filling up the DagBag from /home/suyog/miniconda3/envs/fraud_mlops/lib/python3.11/site-packages/airflow/example_dags/tutorial.py
[2026-06-07T17:38:26.266+0545] {processor.py:840} INFO - DAG(s) 'tutorial' retrieved from /home/suyog/miniconda3/envs/fraud_mlops/lib/python3.11/site-packages/airflow/example_dags/tutorial.py
[2026-06-07T17:38:26.282+0545] {logging_mixin.py:188} INFO - [2026-06-07T17:38:26.281+0545] {dag.py:3089} INFO - Sync 1 DAGs
[2026-06-07T17:38:26.295+0545] {logging_mixin.py:188} INFO - [2026-06-07T17:38:26.295+0545] {dag.py:3947} INFO - Setting next_dagrun for tutorial to 2026-06-06 00:00:00+00:00, run_after=2026-06-07 00:00:00+00:00
[2026-06-07T17:38:26.481+0545] {processor.py:183} INFO - Processing /home/suyog/miniconda3/envs/fraud_mlops/lib/python3.11/site-packages/airflow/example_dags/tutorial.py took 0.228 seconds
[2026-06-07T17:40:13.745+0545] {processor.py:161} INFO - Started process (PID=31985) to work on /home/suyog/miniconda3/envs/fraud_mlops/lib/python3.11/site-packages/airflow/example_dags/tutorial.py
[2026-06-07T17:40:13.746+0545] {processor.py:830} INFO - Processing file /home/suyog/miniconda3/envs/fraud_mlops/lib/python3.11/site-packages/airflow/example_dags/tutorial.py for tasks to queue
[2026-06-07T17:40:13.747+0545] {logging_mixin.py:188} INFO - [2026-06-07T17:40:13.747+0545] {dagbag.py:545} INFO - Filling up the DagBag from /home/suyog/miniconda3/envs/fraud_mlops/lib/python3.11/site-packages/airflow/example_dags/tutorial.py
[2026-06-07T17:40:13.850+0545] {processor.py:840} INFO - DAG(s) 'tutorial' retrieved from /home/suyog/miniconda3/envs/fraud_mlops/lib/python3.11/site-packages/airflow/example_dags/tutorial.py
[2026-06-07T17:40:13.861+0545] {logging_mixin.py:188} INFO - [2026-06-07T17:40:13.861+0545] {dag.py:3089} INFO - Sync 1 DAGs
[2026-06-07T17:40:13.876+0545] {logging_mixin.py:188} INFO - [2026-06-07T17:40:13.876+0545] {dag.py:3947} INFO - Setting next_dagrun for tutorial to 2026-06-06 00:00:00+00:00, run_after=2026-06-07 00:00:00+00:00
[2026-06-07T17:40:14.109+0545] {processor.py:183} INFO - Processing /home/suyog/miniconda3/envs/fraud_mlops/lib/python3.11/site-packages/airflow/example_dags/tutorial.py took 0.369 seconds
[2026-06-07T17:41:05.571+0545] {processor.py:161} INFO - Started process (PID=32092) to work on /home/suyog/miniconda3/envs/fraud_mlops/lib/python3.11/site-packages/airflow/example_dags/tutorial.py
[2026-06-07T17:41:05.572+0545] {processor.py:830} INFO - Processing file /home/suyog/miniconda3/envs/fraud_mlops/lib/python3.11/site-packages/airflow/example_dags/tutorial.py for tasks to queue
[2026-06-07T17:41:05.573+0545] {logging_mixin.py:188} INFO - [2026-06-07T17:41:05.573+0545] {dagbag.py:545} INFO - Filling up the DagBag from /home/suyog/miniconda3/envs/fraud_mlops/lib/python3.11/site-packages/airflow/example_dags/tutorial.py
[2026-06-07T17:41:05.578+0545] {processor.py:840} INFO - DAG(s) 'tutorial' retrieved from /home/suyog/miniconda3/envs/fraud_mlops/lib/python3.11/site-packages/airflow/example_dags/tutorial.py
[2026-06-07T17:41:05.590+0545] {logging_mixin.py:188} INFO - [2026-06-07T17:41:05.590+0545] {dag.py:3089} INFO - Sync 1 DAGs
[2026-06-07T17:41:05.605+0545] {logging_mixin.py:188} INFO - [2026-06-07T17:41:05.605+0545] {dag.py:3947} INFO - Setting next_dagrun for tutorial to 2026-06-06 00:00:00+00:00, run_after=2026-06-07 00:00:00+00:00
[2026-06-07T17:41:05.784+0545] {processor.py:183} INFO - Processing /home/suyog/miniconda3/envs/fraud_mlops/lib/python3.11/site-packages/airflow/example_dags/tutorial.py took 0.218 seconds
[2026-06-07T17:42:17.131+0545] {processor.py:161} INFO - Started process (PID=32256) to work on /home/suyog/miniconda3/envs/fraud_mlops/lib/python3.11/site-packages/airflow/example_dags/tutorial.py
[2026-06-07T17:42:17.155+0545] {processor.py:830} INFO - Processing file /home/suyog/miniconda3/envs/fraud_mlops/lib/python3.11/site-packages/airflow/example_dags/tutorial.py for tasks to queue
[2026-06-07T17:42:17.159+0545] {logging_mixin.py:188} INFO - [2026-06-07T17:42:17.158+0545] {dagbag.py:545} INFO - Filling up the DagBag from /home/suyog/miniconda3/envs/fraud_mlops/lib/python3.11/site-packages/airflow/example_dags/tutorial.py
[2026-06-07T17:42:17.170+0545] {processor.py:840} INFO - DAG(s) 'tutorial' retrieved from /home/suyog/miniconda3/envs/fraud_mlops/lib/python3.11/site-packages/airflow/example_dags/tutorial.py
[2026-06-07T17:42:17.191+0545] {logging_mixin.py:188} INFO - [2026-06-07T17:42:17.190+0545] {dag.py:3089} INFO - Sync 1 DAGs
[2026-06-07T17:42:17.205+0545] {logging_mixin.py:188} INFO - [2026-06-07T17:42:17.205+0545] {dag.py:3947} INFO - Setting next_dagrun for tutorial to 2026-06-06 00:00:00+00:00, run_after=2026-06-07 00:00:00+00:00
[2026-06-07T17:42:17.373+0545] {processor.py:183} INFO - Processing /home/suyog/miniconda3/envs/fraud_mlops/lib/python3.11/site-packages/airflow/example_dags/tutorial.py took 0.259 seconds
[2026-06-07T17:43:30.624+0545] {processor.py:161} INFO - Started process (PID=32916) to work on /home/suyog/miniconda3/envs/fraud_mlops/lib/python3.11/site-packages/airflow/example_dags/tutorial.py
[2026-06-07T17:43:30.626+0545] {processor.py:830} INFO - Processing file /home/suyog/miniconda3/envs/fraud_mlops/lib/python3.11/site-packages/airflow/example_dags/tutorial.py for tasks to queue
[2026-06-07T17:43:30.628+0545] {logging_mixin.py:188} INFO - [2026-06-07T17:43:30.628+0545] {dagbag.py:545} INFO - Filling up the DagBag from /home/suyog/miniconda3/envs/fraud_mlops/lib/python3.11/site-packages/airflow/example_dags/tutorial.py
[2026-06-07T17:43:30.636+0545] {processor.py:840} INFO - DAG(s) 'tutorial' retrieved from /home/suyog/miniconda3/envs/fraud_mlops/lib/python3.11/site-packages/airflow/example_dags/tutorial.py
[2026-06-07T17:43:30.649+0545] {logging_mixin.py:188} INFO - [2026-06-07T17:43:30.649+0545] {dag.py:3089} INFO - Sync 1 DAGs
[2026-06-07T17:43:30.663+0545] {logging_mixin.py:188} INFO - [2026-06-07T17:43:30.663+0545] {dag.py:3947} INFO - Setting next_dagrun for tutorial to 2026-06-06 00:00:00+00:00, run_after=2026-06-07 00:00:00+00:00
[2026-06-07T17:43:30.849+0545] {processor.py:183} INFO - Processing /home/suyog/miniconda3/envs/fraud_mlops/lib/python3.11/site-packages/airflow/example_dags/tutorial.py took 0.239 seconds
[2026-06-07T17:44:39.675+0545] {processor.py:161} INFO - Started process (PID=33094) to work on /home/suyog/miniconda3/envs/fraud_mlops/lib/python3.11/site-packages/airflow/example_dags/tutorial.py
[2026-06-07T17:44:39.676+0545] {processor.py:830} INFO - Processing file /home/suyog/miniconda3/envs/fraud_mlops/lib/python3.11/site-packages/airflow/example_dags/tutorial.py for tasks to queue
[2026-06-07T17:44:39.677+0545] {logging_mixin.py:188} INFO - [2026-06-07T17:44:39.677+0545] {dagbag.py:545} INFO - Filling up the DagBag from /home/suyog/miniconda3/envs/fraud_mlops/lib/python3.11/site-packages/airflow/example_dags/tutorial.py
[2026-06-07T17:44:39.683+0545] {processor.py:840} INFO - DAG(s) 'tutorial' retrieved from /home/suyog/miniconda3/envs/fraud_mlops/lib/python3.11/site-packages/airflow/example_dags/tutorial.py
[2026-06-07T17:44:39.696+0545] {logging_mixin.py:188} INFO - [2026-06-07T17:44:39.696+0545] {dag.py:3089} INFO - Sync 1 DAGs
[2026-06-07T17:44:39.711+0545] {logging_mixin.py:188} INFO - [2026-06-07T17:44:39.711+0545] {dag.py:3947} INFO - Setting next_dagrun for tutorial to 2026-06-06 00:00:00+00:00, run_after=2026-06-07 00:00:00+00:00
[2026-06-07T17:44:39.937+0545] {processor.py:183} INFO - Processing /home/suyog/miniconda3/envs/fraud_mlops/lib/python3.11/site-packages/airflow/example_dags/tutorial.py took 0.267 seconds
[2026-06-07T17:46:39.625+0545] {processor.py:161} INFO - Started process (PID=33289) to work on /home/suyog/miniconda3/envs/fraud_mlops/lib/python3.11/site-packages/airflow/example_dags/tutorial.py
[2026-06-07T17:46:39.626+0545] {processor.py:830} INFO - Processing file /home/suyog/miniconda3/envs/fraud_mlops/lib/python3.11/site-packages/airflow/example_dags/tutorial.py for tasks to queue
[2026-06-07T17:46:39.627+0545] {logging_mixin.py:188} INFO - [2026-06-07T17:46:39.627+0545] {dagbag.py:545} INFO - Filling up the DagBag from /home/suyog/miniconda3/envs/fraud_mlops/lib/python3.11/site-packages/airflow/example_dags/tutorial.py
[2026-06-07T17:46:39.634+0545] {processor.py:840} INFO - DAG(s) 'tutorial' retrieved from /home/suyog/miniconda3/envs/fraud_mlops/lib/python3.11/site-packages/airflow/example_dags/tutorial.py
[2026-06-07T17:46:39.652+0545] {logging_mixin.py:188} INFO - [2026-06-07T17:46:39.651+0545] {dag.py:3089} INFO - Sync 1 DAGs
[2026-06-07T17:46:39.665+0545] {logging_mixin.py:188} INFO - [2026-06-07T17:46:39.665+0545] {dag.py:3947} INFO - Setting next_dagrun for tutorial to 2026-06-06 00:00:00+00:00, run_after=2026-06-07 00:00:00+00:00
[2026-06-07T17:46:39.871+0545] {processor.py:183} INFO - Processing /home/suyog/miniconda3/envs/fraud_mlops/lib/python3.11/site-packages/airflow/example_dags/tutorial.py took 0.251 seconds
[2026-06-07T17:47:29.375+0545] {processor.py:161} INFO - Started process (PID=33373) to work on /home/suyog/miniconda3/envs/fraud_mlops/lib/python3.11/site-packages/airflow/example_dags/tutorial.py
[2026-06-07T17:47:29.376+0545] {processor.py:830} INFO - Processing file /home/suyog/miniconda3/envs/fraud_mlops/lib/python3.11/site-packages/airflow/example_dags/tutorial.py for tasks to queue
[2026-06-07T17:47:29.377+0545] {logging_mixin.py:188} INFO - [2026-06-07T17:47:29.377+0545] {dagbag.py:545} INFO - Filling up the DagBag from /home/suyog/miniconda3/envs/fraud_mlops/lib/python3.11/site-packages/airflow/example_dags/tutorial.py
[2026-06-07T17:47:29.383+0545] {processor.py:840} INFO - DAG(s) 'tutorial' retrieved from /home/suyog/miniconda3/envs/fraud_mlops/lib/python3.11/site-packages/airflow/example_dags/tutorial.py
[2026-06-07T17:47:29.399+0545] {logging_mixin.py:188} INFO - [2026-06-07T17:47:29.398+0545] {dag.py:3089} INFO - Sync 1 DAGs
[2026-06-07T17:47:29.413+0545] {logging_mixin.py:188} INFO - [2026-06-07T17:47:29.412+0545] {dag.py:3947} INFO - Setting next_dagrun for tutorial to 2026-06-06 00:00:00+00:00, run_after=2026-06-07 00:00:00+00:00
[2026-06-07T17:47:29.625+0545] {processor.py:183} INFO - Processing /home/suyog/miniconda3/envs/fraud_mlops/lib/python3.11/site-packages/airflow/example_dags/tutorial.py took 0.254 seconds
[2026-06-07T17:48:34.841+0545] {processor.py:161} INFO - Started process (PID=33507) to work on /home/suyog/miniconda3/envs/fraud_mlops/lib/python3.11/site-packages/airflow/example_dags/tutorial.py
[2026-06-07T17:48:34.865+0545] {processor.py:830} INFO - Processing file /home/suyog/miniconda3/envs/fraud_mlops/lib/python3.11/site-packages/airflow/example_dags/tutorial.py for tasks to queue
[2026-06-07T17:48:34.867+0545] {logging_mixin.py:188} INFO - [2026-06-07T17:48:34.867+0545] {dagbag.py:545} INFO - Filling up the DagBag from /home/suyog/miniconda3/envs/fraud_mlops/lib/python3.11/site-packages/airflow/example_dags/tutorial.py
[2026-06-07T17:48:34.877+0545] {processor.py:840} INFO - DAG(s) 'tutorial' retrieved from /home/suyog/miniconda3/envs/fraud_mlops/lib/python3.11/site-packages/airflow/example_dags/tutorial.py
[2026-06-07T17:48:34.897+0545] {logging_mixin.py:188} INFO - [2026-06-07T17:48:34.897+0545] {dag.py:3089} INFO - Sync 1 DAGs
[2026-06-07T17:48:34.913+0545] {logging_mixin.py:188} INFO - [2026-06-07T17:48:34.912+0545] {dag.py:3947} INFO - Setting next_dagrun for tutorial to 2026-06-06 00:00:00+00:00, run_after=2026-06-07 00:00:00+00:00
[2026-06-07T17:48:35.094+0545] {processor.py:183} INFO - Processing /home/suyog/miniconda3/envs/fraud_mlops/lib/python3.11/site-packages/airflow/example_dags/tutorial.py took 0.270 seconds
[2026-06-07T17:49:45.953+0545] {processor.py:161} INFO - Started process (PID=33658) to work on /home/suyog/miniconda3/envs/fraud_mlops/lib/python3.11/site-packages/airflow/example_dags/tutorial.py
[2026-06-07T17:49:45.955+0545] {processor.py:830} INFO - Processing file /home/suyog/miniconda3/envs/fraud_mlops/lib/python3.11/site-packages/airflow/example_dags/tutorial.py for tasks to queue
[2026-06-07T17:49:45.958+0545] {logging_mixin.py:188} INFO - [2026-06-07T17:49:45.957+0545] {dagbag.py:545} INFO - Filling up the DagBag from /home/suyog/miniconda3/envs/fraud_mlops/lib/python3.11/site-packages/airflow/example_dags/tutorial.py
[2026-06-07T17:49:45.966+0545] {processor.py:840} INFO - DAG(s) 'tutorial' retrieved from /home/suyog/miniconda3/envs/fraud_mlops/lib/python3.11/site-packages/airflow/example_dags/tutorial.py
[2026-06-07T17:49:45.980+0545] {logging_mixin.py:188} INFO - [2026-06-07T17:49:45.979+0545] {dag.py:3089} INFO - Sync 1 DAGs
[2026-06-07T17:49:45.994+0545] {logging_mixin.py:188} INFO - [2026-06-07T17:49:45.993+0545] {dag.py:3947} INFO - Setting next_dagrun for tutorial to 2026-06-06 00:00:00+00:00, run_after=2026-06-07 00:00:00+00:00
[2026-06-07T17:49:46.182+0545] {processor.py:183} INFO - Processing /home/suyog/miniconda3/envs/fraud_mlops/lib/python3.11/site-packages/airflow/example_dags/tutorial.py took 0.246 seconds
