[2026-06-07T17:36:21.555+0545] {processor.py:161} INFO - Started process (PID=31672) to work on /home/suyog/miniconda3/envs/fraud_mlops/lib/python3.11/site-packages/airflow/example_dags/tutorial_dag.py
[2026-06-07T17:36:21.555+0545] {processor.py:830} INFO - Processing file /home/suyog/miniconda3/envs/fraud_mlops/lib/python3.11/site-packages/airflow/example_dags/tutorial_dag.py for tasks to queue
[2026-06-07T17:36:21.557+0545] {logging_mixin.py:188} INFO - [2026-06-07T17:36:21.557+0545] {dagbag.py:545} INFO - Filling up the DagBag from /home/suyog/miniconda3/envs/fraud_mlops/lib/python3.11/site-packages/airflow/example_dags/tutorial_dag.py
[2026-06-07T17:36:21.566+0545] {processor.py:840} INFO - DAG(s) 'tutorial_dag' retrieved from /home/suyog/miniconda3/envs/fraud_mlops/lib/python3.11/site-packages/airflow/example_dags/tutorial_dag.py
[2026-06-07T17:36:22.374+0545] {logging_mixin.py:188} INFO - [2026-06-07T17:36:22.373+0545] {override.py:1858} INFO - Created Permission View: can read on DAG:tutorial_dag
[2026-06-07T17:36:22.568+0545] {logging_mixin.py:188} INFO - [2026-06-07T17:36:22.567+0545] {override.py:1858} INFO - Created Permission View: can edit on DAG:tutorial_dag
[2026-06-07T17:36:22.951+0545] {logging_mixin.py:188} INFO - [2026-06-07T17:36:22.951+0545] {override.py:1858} INFO - Created Permission View: can delete on DAG:tutorial_dag
[2026-06-07T17:36:22.951+0545] {logging_mixin.py:188} INFO - [2026-06-07T17:36:22.951+0545] {dag.py:3089} INFO - Sync 1 DAGs
[2026-06-07T17:36:22.959+0545] {logging_mixin.py:188} INFO - [2026-06-07T17:36:22.959+0545] {dag.py:3111} INFO - Creating ORM DAG for tutorial_dag
[2026-06-07T17:36:22.959+0545] {logging_mixin.py:188} INFO - [2026-06-07T17:36:22.959+0545] {dag.py:3947} INFO - Setting next_dagrun for tutorial_dag to None, run_after=None
[2026-06-07T17:36:23.161+0545] {processor.py:183} INFO - Processing /home/suyog/miniconda3/envs/fraud_mlops/lib/python3.11/site-packages/airflow/example_dags/tutorial_dag.py took 1.611 seconds
[2026-06-07T17:38:24.908+0545] {processor.py:161} INFO - Started process (PID=31803) to work on /home/suyog/miniconda3/envs/fraud_mlops/lib/python3.11/site-packages/airflow/example_dags/tutorial_dag.py
[2026-06-07T17:38:24.909+0545] {processor.py:830} INFO - Processing file /home/suyog/miniconda3/envs/fraud_mlops/lib/python3.11/site-packages/airflow/example_dags/tutorial_dag.py for tasks to queue
[2026-06-07T17:38:24.913+0545] {logging_mixin.py:188} INFO - [2026-06-07T17:38:24.912+0545] {dagbag.py:545} INFO - Filling up the DagBag from /home/suyog/miniconda3/envs/fraud_mlops/lib/python3.11/site-packages/airflow/example_dags/tutorial_dag.py
[2026-06-07T17:38:24.927+0545] {processor.py:840} INFO - DAG(s) 'tutorial_dag' retrieved from /home/suyog/miniconda3/envs/fraud_mlops/lib/python3.11/site-packages/airflow/example_dags/tutorial_dag.py
[2026-06-07T17:38:24.948+0545] {logging_mixin.py:188} INFO - [2026-06-07T17:38:24.948+0545] {dag.py:3089} INFO - Sync 1 DAGs
[2026-06-07T17:38:24.957+0545] {logging_mixin.py:188} INFO - [2026-06-07T17:38:24.956+0545] {dag.py:3947} INFO - Setting next_dagrun for tutorial_dag to None, run_after=None
[2026-06-07T17:38:25.146+0545] {processor.py:183} INFO - Processing /home/suyog/miniconda3/envs/fraud_mlops/lib/python3.11/site-packages/airflow/example_dags/tutorial_dag.py took 0.249 seconds
[2026-06-07T17:40:12.382+0545] {processor.py:161} INFO - Started process (PID=31984) to work on /home/suyog/miniconda3/envs/fraud_mlops/lib/python3.11/site-packages/airflow/example_dags/tutorial_dag.py
[2026-06-07T17:40:12.383+0545] {processor.py:830} INFO - Processing file /home/suyog/miniconda3/envs/fraud_mlops/lib/python3.11/site-packages/airflow/example_dags/tutorial_dag.py for tasks to queue
[2026-06-07T17:40:12.384+0545] {logging_mixin.py:188} INFO - [2026-06-07T17:40:12.384+0545] {dagbag.py:545} INFO - Filling up the DagBag from /home/suyog/miniconda3/envs/fraud_mlops/lib/python3.11/site-packages/airflow/example_dags/tutorial_dag.py
[2026-06-07T17:40:12.483+0545] {processor.py:840} INFO - DAG(s) 'tutorial_dag' retrieved from /home/suyog/miniconda3/envs/fraud_mlops/lib/python3.11/site-packages/airflow/example_dags/tutorial_dag.py
[2026-06-07T17:40:12.495+0545] {logging_mixin.py:188} INFO - [2026-06-07T17:40:12.494+0545] {dag.py:3089} INFO - Sync 1 DAGs
[2026-06-07T17:40:12.505+0545] {logging_mixin.py:188} INFO - [2026-06-07T17:40:12.505+0545] {dag.py:3947} INFO - Setting next_dagrun for tutorial_dag to None, run_after=None
[2026-06-07T17:40:12.643+0545] {processor.py:183} INFO - Processing /home/suyog/miniconda3/envs/fraud_mlops/lib/python3.11/site-packages/airflow/example_dags/tutorial_dag.py took 0.265 seconds
[2026-06-07T17:41:04.755+0545] {processor.py:161} INFO - Started process (PID=32091) to work on /home/suyog/miniconda3/envs/fraud_mlops/lib/python3.11/site-packages/airflow/example_dags/tutorial_dag.py
[2026-06-07T17:41:04.757+0545] {processor.py:830} INFO - Processing file /home/suyog/miniconda3/envs/fraud_mlops/lib/python3.11/site-packages/airflow/example_dags/tutorial_dag.py for tasks to queue
[2026-06-07T17:41:04.760+0545] {logging_mixin.py:188} INFO - [2026-06-07T17:41:04.760+0545] {dagbag.py:545} INFO - Filling up the DagBag from /home/suyog/miniconda3/envs/fraud_mlops/lib/python3.11/site-packages/airflow/example_dags/tutorial_dag.py
[2026-06-07T17:41:04.770+0545] {processor.py:840} INFO - DAG(s) 'tutorial_dag' retrieved from /home/suyog/miniconda3/envs/fraud_mlops/lib/python3.11/site-packages/airflow/example_dags/tutorial_dag.py
[2026-06-07T17:41:04.786+0545] {logging_mixin.py:188} INFO - [2026-06-07T17:41:04.786+0545] {dag.py:3089} INFO - Sync 1 DAGs
[2026-06-07T17:41:04.796+0545] {logging_mixin.py:188} INFO - [2026-06-07T17:41:04.796+0545] {dag.py:3947} INFO - Setting next_dagrun for tutorial_dag to None, run_after=None
[2026-06-07T17:41:04.969+0545] {processor.py:183} INFO - Processing /home/suyog/miniconda3/envs/fraud_mlops/lib/python3.11/site-packages/airflow/example_dags/tutorial_dag.py took 0.224 seconds
[2026-06-07T17:42:15.563+0545] {processor.py:161} INFO - Started process (PID=32255) to work on /home/suyog/miniconda3/envs/fraud_mlops/lib/python3.11/site-packages/airflow/example_dags/tutorial_dag.py
[2026-06-07T17:42:15.589+0545] {processor.py:830} INFO - Processing file /home/suyog/miniconda3/envs/fraud_mlops/lib/python3.11/site-packages/airflow/example_dags/tutorial_dag.py for tasks to queue
[2026-06-07T17:42:15.590+0545] {logging_mixin.py:188} INFO - [2026-06-07T17:42:15.590+0545] {dagbag.py:545} INFO - Filling up the DagBag from /home/suyog/miniconda3/envs/fraud_mlops/lib/python3.11/site-packages/airflow/example_dags/tutorial_dag.py
[2026-06-07T17:42:15.596+0545] {processor.py:840} INFO - DAG(s) 'tutorial_dag' retrieved from /home/suyog/miniconda3/envs/fraud_mlops/lib/python3.11/site-packages/airflow/example_dags/tutorial_dag.py
[2026-06-07T17:42:15.610+0545] {logging_mixin.py:188} INFO - [2026-06-07T17:42:15.610+0545] {dag.py:3089} INFO - Sync 1 DAGs
[2026-06-07T17:42:15.620+0545] {logging_mixin.py:188} INFO - [2026-06-07T17:42:15.620+0545] {dag.py:3947} INFO - Setting next_dagrun for tutorial_dag to None, run_after=None
[2026-06-07T17:42:16.010+0545] {processor.py:183} INFO - Processing /home/suyog/miniconda3/envs/fraud_mlops/lib/python3.11/site-packages/airflow/example_dags/tutorial_dag.py took 0.452 seconds
[2026-06-07T17:43:29.702+0545] {processor.py:161} INFO - Started process (PID=32915) to work on /home/suyog/miniconda3/envs/fraud_mlops/lib/python3.11/site-packages/airflow/example_dags/tutorial_dag.py
[2026-06-07T17:43:29.703+0545] {processor.py:830} INFO - Processing file /home/suyog/miniconda3/envs/fraud_mlops/lib/python3.11/site-packages/airflow/example_dags/tutorial_dag.py for tasks to queue
[2026-06-07T17:43:29.705+0545] {logging_mixin.py:188} INFO - [2026-06-07T17:43:29.704+0545] {dagbag.py:545} INFO - Filling up the DagBag from /home/suyog/miniconda3/envs/fraud_mlops/lib/python3.11/site-packages/airflow/example_dags/tutorial_dag.py
[2026-06-07T17:43:29.711+0545] {processor.py:840} INFO - DAG(s) 'tutorial_dag' retrieved from /home/suyog/miniconda3/envs/fraud_mlops/lib/python3.11/site-packages/airflow/example_dags/tutorial_dag.py
[2026-06-07T17:43:29.723+0545] {logging_mixin.py:188} INFO - [2026-06-07T17:43:29.723+0545] {dag.py:3089} INFO - Sync 1 DAGs
[2026-06-07T17:43:29.732+0545] {logging_mixin.py:188} INFO - [2026-06-07T17:43:29.732+0545] {dag.py:3947} INFO - Setting next_dagrun for tutorial_dag to None, run_after=None
[2026-06-07T17:43:29.917+0545] {processor.py:183} INFO - Processing /home/suyog/miniconda3/envs/fraud_mlops/lib/python3.11/site-packages/airflow/example_dags/tutorial_dag.py took 0.221 seconds
[2026-06-07T17:44:38.322+0545] {processor.py:161} INFO - Started process (PID=33093) to work on /home/suyog/miniconda3/envs/fraud_mlops/lib/python3.11/site-packages/airflow/example_dags/tutorial_dag.py
[2026-06-07T17:44:38.349+0545] {processor.py:830} INFO - Processing file /home/suyog/miniconda3/envs/fraud_mlops/lib/python3.11/site-packages/airflow/example_dags/tutorial_dag.py for tasks to queue
[2026-06-07T17:44:38.353+0545] {logging_mixin.py:188} INFO - [2026-06-07T17:44:38.352+0545] {dagbag.py:545} INFO - Filling up the DagBag from /home/suyog/miniconda3/envs/fraud_mlops/lib/python3.11/site-packages/airflow/example_dags/tutorial_dag.py
[2026-06-07T17:44:38.368+0545] {processor.py:840} INFO - DAG(s) 'tutorial_dag' retrieved from /home/suyog/miniconda3/envs/fraud_mlops/lib/python3.11/site-packages/airflow/example_dags/tutorial_dag.py
[2026-06-07T17:44:38.389+0545] {logging_mixin.py:188} INFO - [2026-06-07T17:44:38.389+0545] {dag.py:3089} INFO - Sync 1 DAGs
[2026-06-07T17:44:38.399+0545] {logging_mixin.py:188} INFO - [2026-06-07T17:44:38.399+0545] {dag.py:3947} INFO - Setting next_dagrun for tutorial_dag to None, run_after=None
[2026-06-07T17:44:38.561+0545] {processor.py:183} INFO - Processing /home/suyog/miniconda3/envs/fraud_mlops/lib/python3.11/site-packages/airflow/example_dags/tutorial_dag.py took 0.253 seconds
[2026-06-07T17:46:38.275+0545] {processor.py:161} INFO - Started process (PID=33288) to work on /home/suyog/miniconda3/envs/fraud_mlops/lib/python3.11/site-packages/airflow/example_dags/tutorial_dag.py
[2026-06-07T17:46:38.276+0545] {processor.py:830} INFO - Processing file /home/suyog/miniconda3/envs/fraud_mlops/lib/python3.11/site-packages/airflow/example_dags/tutorial_dag.py for tasks to queue
[2026-06-07T17:46:38.277+0545] {logging_mixin.py:188} INFO - [2026-06-07T17:46:38.277+0545] {dagbag.py:545} INFO - Filling up the DagBag from /home/suyog/miniconda3/envs/fraud_mlops/lib/python3.11/site-packages/airflow/example_dags/tutorial_dag.py
[2026-06-07T17:46:38.284+0545] {processor.py:840} INFO - DAG(s) 'tutorial_dag' retrieved from /home/suyog/miniconda3/envs/fraud_mlops/lib/python3.11/site-packages/airflow/example_dags/tutorial_dag.py
[2026-06-07T17:46:38.302+0545] {logging_mixin.py:188} INFO - [2026-06-07T17:46:38.302+0545] {dag.py:3089} INFO - Sync 1 DAGs
[2026-06-07T17:46:38.311+0545] {logging_mixin.py:188} INFO - [2026-06-07T17:46:38.310+0545] {dag.py:3947} INFO - Setting next_dagrun for tutorial_dag to None, run_after=None
[2026-06-07T17:46:38.511+0545] {processor.py:183} INFO - Processing /home/suyog/miniconda3/envs/fraud_mlops/lib/python3.11/site-packages/airflow/example_dags/tutorial_dag.py took 0.242 seconds
[2026-06-07T17:47:28.045+0545] {processor.py:161} INFO - Started process (PID=33372) to work on /home/suyog/miniconda3/envs/fraud_mlops/lib/python3.11/site-packages/airflow/example_dags/tutorial_dag.py
[2026-06-07T17:47:28.046+0545] {processor.py:830} INFO - Processing file /home/suyog/miniconda3/envs/fraud_mlops/lib/python3.11/site-packages/airflow/example_dags/tutorial_dag.py for tasks to queue
[2026-06-07T17:47:28.050+0545] {logging_mixin.py:188} INFO - [2026-06-07T17:47:28.049+0545] {dagbag.py:545} INFO - Filling up the DagBag from /home/suyog/miniconda3/envs/fraud_mlops/lib/python3.11/site-packages/airflow/example_dags/tutorial_dag.py
[2026-06-07T17:47:28.061+0545] {processor.py:840} INFO - DAG(s) 'tutorial_dag' retrieved from /home/suyog/miniconda3/envs/fraud_mlops/lib/python3.11/site-packages/airflow/example_dags/tutorial_dag.py
[2026-06-07T17:47:28.078+0545] {logging_mixin.py:188} INFO - [2026-06-07T17:47:28.077+0545] {dag.py:3089} INFO - Sync 1 DAGs
[2026-06-07T17:47:28.085+0545] {logging_mixin.py:188} INFO - [2026-06-07T17:47:28.085+0545] {dag.py:3947} INFO - Setting next_dagrun for tutorial_dag to None, run_after=None
[2026-06-07T17:47:28.293+0545] {processor.py:183} INFO - Processing /home/suyog/miniconda3/envs/fraud_mlops/lib/python3.11/site-packages/airflow/example_dags/tutorial_dag.py took 0.259 seconds
[2026-06-07T17:48:33.315+0545] {processor.py:161} INFO - Started process (PID=33506) to work on /home/suyog/miniconda3/envs/fraud_mlops/lib/python3.11/site-packages/airflow/example_dags/tutorial_dag.py
[2026-06-07T17:48:33.316+0545] {processor.py:830} INFO - Processing file /home/suyog/miniconda3/envs/fraud_mlops/lib/python3.11/site-packages/airflow/example_dags/tutorial_dag.py for tasks to queue
[2026-06-07T17:48:33.318+0545] {logging_mixin.py:188} INFO - [2026-06-07T17:48:33.317+0545] {dagbag.py:545} INFO - Filling up the DagBag from /home/suyog/miniconda3/envs/fraud_mlops/lib/python3.11/site-packages/airflow/example_dags/tutorial_dag.py
[2026-06-07T17:48:33.323+0545] {processor.py:840} INFO - DAG(s) 'tutorial_dag' retrieved from /home/suyog/miniconda3/envs/fraud_mlops/lib/python3.11/site-packages/airflow/example_dags/tutorial_dag.py
[2026-06-07T17:48:33.338+0545] {logging_mixin.py:188} INFO - [2026-06-07T17:48:33.337+0545] {dag.py:3089} INFO - Sync 1 DAGs
[2026-06-07T17:48:33.348+0545] {logging_mixin.py:188} INFO - [2026-06-07T17:48:33.348+0545] {dag.py:3947} INFO - Setting next_dagrun for tutorial_dag to None, run_after=None
[2026-06-07T17:48:33.540+0545] {processor.py:183} INFO - Processing /home/suyog/miniconda3/envs/fraud_mlops/lib/python3.11/site-packages/airflow/example_dags/tutorial_dag.py took 0.230 seconds
[2026-06-07T17:49:44.690+0545] {processor.py:161} INFO - Started process (PID=33657) to work on /home/suyog/miniconda3/envs/fraud_mlops/lib/python3.11/site-packages/airflow/example_dags/tutorial_dag.py
[2026-06-07T17:49:44.691+0545] {processor.py:830} INFO - Processing file /home/suyog/miniconda3/envs/fraud_mlops/lib/python3.11/site-packages/airflow/example_dags/tutorial_dag.py for tasks to queue
[2026-06-07T17:49:44.694+0545] {logging_mixin.py:188} INFO - [2026-06-07T17:49:44.693+0545] {dagbag.py:545} INFO - Filling up the DagBag from /home/suyog/miniconda3/envs/fraud_mlops/lib/python3.11/site-packages/airflow/example_dags/tutorial_dag.py
[2026-06-07T17:49:44.701+0545] {processor.py:840} INFO - DAG(s) 'tutorial_dag' retrieved from /home/suyog/miniconda3/envs/fraud_mlops/lib/python3.11/site-packages/airflow/example_dags/tutorial_dag.py
[2026-06-07T17:49:44.716+0545] {logging_mixin.py:188} INFO - [2026-06-07T17:49:44.716+0545] {dag.py:3089} INFO - Sync 1 DAGs
[2026-06-07T17:49:44.724+0545] {logging_mixin.py:188} INFO - [2026-06-07T17:49:44.724+0545] {dag.py:3947} INFO - Setting next_dagrun for tutorial_dag to None, run_after=None
[2026-06-07T17:49:44.897+0545] {processor.py:183} INFO - Processing /home/suyog/miniconda3/envs/fraud_mlops/lib/python3.11/site-packages/airflow/example_dags/tutorial_dag.py took 0.218 seconds
