[2026-06-07T17:36:10.979+0545] {processor.py:161} INFO - Started process (PID=31621) to work on /home/suyog/miniconda3/envs/fraud_mlops/lib/python3.11/site-packages/airflow/example_dags/subdags/subdag.py
[2026-06-07T17:36:10.980+0545] {processor.py:830} INFO - Processing file /home/suyog/miniconda3/envs/fraud_mlops/lib/python3.11/site-packages/airflow/example_dags/subdags/subdag.py for tasks to queue
[2026-06-07T17:36:10.983+0545] {logging_mixin.py:188} INFO - [2026-06-07T17:36:10.982+0545] {dagbag.py:545} INFO - Filling up the DagBag from /home/suyog/miniconda3/envs/fraud_mlops/lib/python3.11/site-packages/airflow/example_dags/subdags/subdag.py
[2026-06-07T17:36:10.986+0545] {processor.py:842} WARNING - No viable dags retrieved from /home/suyog/miniconda3/envs/fraud_mlops/lib/python3.11/site-packages/airflow/example_dags/subdags/subdag.py
[2026-06-07T17:36:10.999+0545] {processor.py:183} INFO - Processing /home/suyog/miniconda3/envs/fraud_mlops/lib/python3.11/site-packages/airflow/example_dags/subdags/subdag.py took 0.029 seconds
[2026-06-07T17:38:15.344+0545] {processor.py:161} INFO - Started process (PID=31786) to work on /home/suyog/miniconda3/envs/fraud_mlops/lib/python3.11/site-packages/airflow/example_dags/subdags/subdag.py
[2026-06-07T17:38:15.374+0545] {processor.py:830} INFO - Processing file /home/suyog/miniconda3/envs/fraud_mlops/lib/python3.11/site-packages/airflow/example_dags/subdags/subdag.py for tasks to queue
[2026-06-07T17:38:15.376+0545] {logging_mixin.py:188} INFO - [2026-06-07T17:38:15.376+0545] {dagbag.py:545} INFO - Filling up the DagBag from /home/suyog/miniconda3/envs/fraud_mlops/lib/python3.11/site-packages/airflow/example_dags/subdags/subdag.py
[2026-06-07T17:38:15.378+0545] {processor.py:842} WARNING - No viable dags retrieved from /home/suyog/miniconda3/envs/fraud_mlops/lib/python3.11/site-packages/airflow/example_dags/subdags/subdag.py
[2026-06-07T17:38:15.390+0545] {processor.py:183} INFO - Processing /home/suyog/miniconda3/envs/fraud_mlops/lib/python3.11/site-packages/airflow/example_dags/subdags/subdag.py took 0.051 seconds
[2026-06-07T17:40:02.651+0545] {processor.py:161} INFO - Started process (PID=31965) to work on /home/suyog/miniconda3/envs/fraud_mlops/lib/python3.11/site-packages/airflow/example_dags/subdags/subdag.py
[2026-06-07T17:40:02.685+0545] {processor.py:830} INFO - Processing file /home/suyog/miniconda3/envs/fraud_mlops/lib/python3.11/site-packages/airflow/example_dags/subdags/subdag.py for tasks to queue
[2026-06-07T17:40:02.687+0545] {logging_mixin.py:188} INFO - [2026-06-07T17:40:02.686+0545] {dagbag.py:545} INFO - Filling up the DagBag from /home/suyog/miniconda3/envs/fraud_mlops/lib/python3.11/site-packages/airflow/example_dags/subdags/subdag.py
[2026-06-07T17:40:02.689+0545] {processor.py:842} WARNING - No viable dags retrieved from /home/suyog/miniconda3/envs/fraud_mlops/lib/python3.11/site-packages/airflow/example_dags/subdags/subdag.py
[2026-06-07T17:40:02.702+0545] {processor.py:183} INFO - Processing /home/suyog/miniconda3/envs/fraud_mlops/lib/python3.11/site-packages/airflow/example_dags/subdags/subdag.py took 0.059 seconds
[2026-06-07T17:40:55.097+0545] {processor.py:161} INFO - Started process (PID=32070) to work on /home/suyog/miniconda3/envs/fraud_mlops/lib/python3.11/site-packages/airflow/example_dags/subdags/subdag.py
[2026-06-07T17:40:55.123+0545] {processor.py:830} INFO - Processing file /home/suyog/miniconda3/envs/fraud_mlops/lib/python3.11/site-packages/airflow/example_dags/subdags/subdag.py for tasks to queue
[2026-06-07T17:40:55.124+0545] {logging_mixin.py:188} INFO - [2026-06-07T17:40:55.124+0545] {dagbag.py:545} INFO - Filling up the DagBag from /home/suyog/miniconda3/envs/fraud_mlops/lib/python3.11/site-packages/airflow/example_dags/subdags/subdag.py
[2026-06-07T17:40:55.126+0545] {processor.py:842} WARNING - No viable dags retrieved from /home/suyog/miniconda3/envs/fraud_mlops/lib/python3.11/site-packages/airflow/example_dags/subdags/subdag.py
[2026-06-07T17:40:55.133+0545] {processor.py:183} INFO - Processing /home/suyog/miniconda3/envs/fraud_mlops/lib/python3.11/site-packages/airflow/example_dags/subdags/subdag.py took 0.040 seconds
[2026-06-07T17:41:31.108+0545] {processor.py:161} INFO - Started process (PID=32146) to work on /home/suyog/miniconda3/envs/fraud_mlops/lib/python3.11/site-packages/airflow/example_dags/subdags/subdag.py
[2026-06-07T17:41:31.109+0545] {processor.py:830} INFO - Processing file /home/suyog/miniconda3/envs/fraud_mlops/lib/python3.11/site-packages/airflow/example_dags/subdags/subdag.py for tasks to queue
[2026-06-07T17:41:31.111+0545] {logging_mixin.py:188} INFO - [2026-06-07T17:41:31.110+0545] {dagbag.py:545} INFO - Filling up the DagBag from /home/suyog/miniconda3/envs/fraud_mlops/lib/python3.11/site-packages/airflow/example_dags/subdags/subdag.py
[2026-06-07T17:41:31.113+0545] {processor.py:842} WARNING - No viable dags retrieved from /home/suyog/miniconda3/envs/fraud_mlops/lib/python3.11/site-packages/airflow/example_dags/subdags/subdag.py
[2026-06-07T17:41:31.125+0545] {processor.py:183} INFO - Processing /home/suyog/miniconda3/envs/fraud_mlops/lib/python3.11/site-packages/airflow/example_dags/subdags/subdag.py took 0.024 seconds
[2026-06-07T17:42:06.837+0545] {processor.py:161} INFO - Started process (PID=32236) to work on /home/suyog/miniconda3/envs/fraud_mlops/lib/python3.11/site-packages/airflow/example_dags/subdags/subdag.py
[2026-06-07T17:42:06.867+0545] {processor.py:830} INFO - Processing file /home/suyog/miniconda3/envs/fraud_mlops/lib/python3.11/site-packages/airflow/example_dags/subdags/subdag.py for tasks to queue
[2026-06-07T17:42:06.869+0545] {logging_mixin.py:188} INFO - [2026-06-07T17:42:06.868+0545] {dagbag.py:545} INFO - Filling up the DagBag from /home/suyog/miniconda3/envs/fraud_mlops/lib/python3.11/site-packages/airflow/example_dags/subdags/subdag.py
[2026-06-07T17:42:06.870+0545] {processor.py:842} WARNING - No viable dags retrieved from /home/suyog/miniconda3/envs/fraud_mlops/lib/python3.11/site-packages/airflow/example_dags/subdags/subdag.py
[2026-06-07T17:42:06.879+0545] {processor.py:183} INFO - Processing /home/suyog/miniconda3/envs/fraud_mlops/lib/python3.11/site-packages/airflow/example_dags/subdags/subdag.py took 0.046 seconds
[2026-06-07T17:42:42.980+0545] {processor.py:161} INFO - Started process (PID=32341) to work on /home/suyog/miniconda3/envs/fraud_mlops/lib/python3.11/site-packages/airflow/example_dags/subdags/subdag.py
[2026-06-07T17:42:42.981+0545] {processor.py:830} INFO - Processing file /home/suyog/miniconda3/envs/fraud_mlops/lib/python3.11/site-packages/airflow/example_dags/subdags/subdag.py for tasks to queue
[2026-06-07T17:42:42.984+0545] {logging_mixin.py:188} INFO - [2026-06-07T17:42:42.983+0545] {dagbag.py:545} INFO - Filling up the DagBag from /home/suyog/miniconda3/envs/fraud_mlops/lib/python3.11/site-packages/airflow/example_dags/subdags/subdag.py
[2026-06-07T17:42:42.987+0545] {processor.py:842} WARNING - No viable dags retrieved from /home/suyog/miniconda3/envs/fraud_mlops/lib/python3.11/site-packages/airflow/example_dags/subdags/subdag.py
[2026-06-07T17:42:43.001+0545] {processor.py:183} INFO - Processing /home/suyog/miniconda3/envs/fraud_mlops/lib/python3.11/site-packages/airflow/example_dags/subdags/subdag.py took 0.032 seconds
[2026-06-07T17:43:19.995+0545] {processor.py:161} INFO - Started process (PID=32892) to work on /home/suyog/miniconda3/envs/fraud_mlops/lib/python3.11/site-packages/airflow/example_dags/subdags/subdag.py
[2026-06-07T17:43:20.042+0545] {processor.py:830} INFO - Processing file /home/suyog/miniconda3/envs/fraud_mlops/lib/python3.11/site-packages/airflow/example_dags/subdags/subdag.py for tasks to queue
[2026-06-07T17:43:20.043+0545] {logging_mixin.py:188} INFO - [2026-06-07T17:43:20.043+0545] {dagbag.py:545} INFO - Filling up the DagBag from /home/suyog/miniconda3/envs/fraud_mlops/lib/python3.11/site-packages/airflow/example_dags/subdags/subdag.py
[2026-06-07T17:43:20.044+0545] {processor.py:842} WARNING - No viable dags retrieved from /home/suyog/miniconda3/envs/fraud_mlops/lib/python3.11/site-packages/airflow/example_dags/subdags/subdag.py
[2026-06-07T17:43:20.051+0545] {processor.py:183} INFO - Processing /home/suyog/miniconda3/envs/fraud_mlops/lib/python3.11/site-packages/airflow/example_dags/subdags/subdag.py took 0.061 seconds
[2026-06-07T17:43:57.717+0545] {processor.py:161} INFO - Started process (PID=32995) to work on /home/suyog/miniconda3/envs/fraud_mlops/lib/python3.11/site-packages/airflow/example_dags/subdags/subdag.py
[2026-06-07T17:43:57.738+0545] {processor.py:830} INFO - Processing file /home/suyog/miniconda3/envs/fraud_mlops/lib/python3.11/site-packages/airflow/example_dags/subdags/subdag.py for tasks to queue
[2026-06-07T17:43:57.740+0545] {logging_mixin.py:188} INFO - [2026-06-07T17:43:57.739+0545] {dagbag.py:545} INFO - Filling up the DagBag from /home/suyog/miniconda3/envs/fraud_mlops/lib/python3.11/site-packages/airflow/example_dags/subdags/subdag.py
[2026-06-07T17:43:57.741+0545] {processor.py:842} WARNING - No viable dags retrieved from /home/suyog/miniconda3/envs/fraud_mlops/lib/python3.11/site-packages/airflow/example_dags/subdags/subdag.py
[2026-06-07T17:43:57.748+0545] {processor.py:183} INFO - Processing /home/suyog/miniconda3/envs/fraud_mlops/lib/python3.11/site-packages/airflow/example_dags/subdags/subdag.py took 0.037 seconds
[2026-06-07T17:44:32.812+0545] {processor.py:161} INFO - Started process (PID=33082) to work on /home/suyog/miniconda3/envs/fraud_mlops/lib/python3.11/site-packages/airflow/example_dags/subdags/subdag.py
[2026-06-07T17:44:32.814+0545] {processor.py:830} INFO - Processing file /home/suyog/miniconda3/envs/fraud_mlops/lib/python3.11/site-packages/airflow/example_dags/subdags/subdag.py for tasks to queue
[2026-06-07T17:44:32.817+0545] {logging_mixin.py:188} INFO - [2026-06-07T17:44:32.816+0545] {dagbag.py:545} INFO - Filling up the DagBag from /home/suyog/miniconda3/envs/fraud_mlops/lib/python3.11/site-packages/airflow/example_dags/subdags/subdag.py
[2026-06-07T17:44:32.820+0545] {processor.py:842} WARNING - No viable dags retrieved from /home/suyog/miniconda3/envs/fraud_mlops/lib/python3.11/site-packages/airflow/example_dags/subdags/subdag.py
[2026-06-07T17:44:32.837+0545] {processor.py:183} INFO - Processing /home/suyog/miniconda3/envs/fraud_mlops/lib/python3.11/site-packages/airflow/example_dags/subdags/subdag.py took 0.035 seconds
[2026-06-07T17:45:06.263+0545] {processor.py:161} INFO - Started process (PID=33154) to work on /home/suyog/miniconda3/envs/fraud_mlops/lib/python3.11/site-packages/airflow/example_dags/subdags/subdag.py
[2026-06-07T17:45:06.264+0545] {processor.py:830} INFO - Processing file /home/suyog/miniconda3/envs/fraud_mlops/lib/python3.11/site-packages/airflow/example_dags/subdags/subdag.py for tasks to queue
[2026-06-07T17:45:06.266+0545] {logging_mixin.py:188} INFO - [2026-06-07T17:45:06.265+0545] {dagbag.py:545} INFO - Filling up the DagBag from /home/suyog/miniconda3/envs/fraud_mlops/lib/python3.11/site-packages/airflow/example_dags/subdags/subdag.py
[2026-06-07T17:45:06.267+0545] {processor.py:842} WARNING - No viable dags retrieved from /home/suyog/miniconda3/envs/fraud_mlops/lib/python3.11/site-packages/airflow/example_dags/subdags/subdag.py
[2026-06-07T17:45:06.275+0545] {processor.py:183} INFO - Processing /home/suyog/miniconda3/envs/fraud_mlops/lib/python3.11/site-packages/airflow/example_dags/subdags/subdag.py took 0.017 seconds
[2026-06-07T17:46:28.758+0545] {processor.py:161} INFO - Started process (PID=33240) to work on /home/suyog/miniconda3/envs/fraud_mlops/lib/python3.11/site-packages/airflow/example_dags/subdags/subdag.py
[2026-06-07T17:46:28.782+0545] {processor.py:830} INFO - Processing file /home/suyog/miniconda3/envs/fraud_mlops/lib/python3.11/site-packages/airflow/example_dags/subdags/subdag.py for tasks to queue
[2026-06-07T17:46:28.784+0545] {logging_mixin.py:188} INFO - [2026-06-07T17:46:28.784+0545] {dagbag.py:545} INFO - Filling up the DagBag from /home/suyog/miniconda3/envs/fraud_mlops/lib/python3.11/site-packages/airflow/example_dags/subdags/subdag.py
[2026-06-07T17:46:28.787+0545] {processor.py:842} WARNING - No viable dags retrieved from /home/suyog/miniconda3/envs/fraud_mlops/lib/python3.11/site-packages/airflow/example_dags/subdags/subdag.py
[2026-06-07T17:46:28.806+0545] {processor.py:183} INFO - Processing /home/suyog/miniconda3/envs/fraud_mlops/lib/python3.11/site-packages/airflow/example_dags/subdags/subdag.py took 0.053 seconds
[2026-06-07T17:47:18.285+0545] {processor.py:161} INFO - Started process (PID=33323) to work on /home/suyog/miniconda3/envs/fraud_mlops/lib/python3.11/site-packages/airflow/example_dags/subdags/subdag.py
[2026-06-07T17:47:18.324+0545] {processor.py:830} INFO - Processing file /home/suyog/miniconda3/envs/fraud_mlops/lib/python3.11/site-packages/airflow/example_dags/subdags/subdag.py for tasks to queue
[2026-06-07T17:47:18.327+0545] {logging_mixin.py:188} INFO - [2026-06-07T17:47:18.326+0545] {dagbag.py:545} INFO - Filling up the DagBag from /home/suyog/miniconda3/envs/fraud_mlops/lib/python3.11/site-packages/airflow/example_dags/subdags/subdag.py
[2026-06-07T17:47:18.331+0545] {processor.py:842} WARNING - No viable dags retrieved from /home/suyog/miniconda3/envs/fraud_mlops/lib/python3.11/site-packages/airflow/example_dags/subdags/subdag.py
[2026-06-07T17:47:18.350+0545] {processor.py:183} INFO - Processing /home/suyog/miniconda3/envs/fraud_mlops/lib/python3.11/site-packages/airflow/example_dags/subdags/subdag.py took 0.070 seconds
[2026-06-07T17:48:24.074+0545] {processor.py:161} INFO - Started process (PID=33461) to work on /home/suyog/miniconda3/envs/fraud_mlops/lib/python3.11/site-packages/airflow/example_dags/subdags/subdag.py
[2026-06-07T17:48:24.104+0545] {processor.py:830} INFO - Processing file /home/suyog/miniconda3/envs/fraud_mlops/lib/python3.11/site-packages/airflow/example_dags/subdags/subdag.py for tasks to queue
[2026-06-07T17:48:24.106+0545] {logging_mixin.py:188} INFO - [2026-06-07T17:48:24.106+0545] {dagbag.py:545} INFO - Filling up the DagBag from /home/suyog/miniconda3/envs/fraud_mlops/lib/python3.11/site-packages/airflow/example_dags/subdags/subdag.py
[2026-06-07T17:48:24.107+0545] {processor.py:842} WARNING - No viable dags retrieved from /home/suyog/miniconda3/envs/fraud_mlops/lib/python3.11/site-packages/airflow/example_dags/subdags/subdag.py
[2026-06-07T17:48:24.117+0545] {processor.py:183} INFO - Processing /home/suyog/miniconda3/envs/fraud_mlops/lib/python3.11/site-packages/airflow/example_dags/subdags/subdag.py took 0.057 seconds
[2026-06-07T17:49:03.913+0545] {processor.py:161} INFO - Started process (PID=33594) to work on /home/suyog/miniconda3/envs/fraud_mlops/lib/python3.11/site-packages/airflow/example_dags/subdags/subdag.py
[2026-06-07T17:49:03.969+0545] {processor.py:830} INFO - Processing file /home/suyog/miniconda3/envs/fraud_mlops/lib/python3.11/site-packages/airflow/example_dags/subdags/subdag.py for tasks to queue
[2026-06-07T17:49:03.974+0545] {logging_mixin.py:188} INFO - [2026-06-07T17:49:03.973+0545] {dagbag.py:545} INFO - Filling up the DagBag from /home/suyog/miniconda3/envs/fraud_mlops/lib/python3.11/site-packages/airflow/example_dags/subdags/subdag.py
[2026-06-07T17:49:03.980+0545] {processor.py:842} WARNING - No viable dags retrieved from /home/suyog/miniconda3/envs/fraud_mlops/lib/python3.11/site-packages/airflow/example_dags/subdags/subdag.py
[2026-06-07T17:49:03.996+0545] {processor.py:183} INFO - Processing /home/suyog/miniconda3/envs/fraud_mlops/lib/python3.11/site-packages/airflow/example_dags/subdags/subdag.py took 0.097 seconds
[2026-06-07T17:49:39.159+0545] {processor.py:161} INFO - Started process (PID=33652) to work on /home/suyog/miniconda3/envs/fraud_mlops/lib/python3.11/site-packages/airflow/example_dags/subdags/subdag.py
[2026-06-07T17:49:39.176+0545] {processor.py:830} INFO - Processing file /home/suyog/miniconda3/envs/fraud_mlops/lib/python3.11/site-packages/airflow/example_dags/subdags/subdag.py for tasks to queue
[2026-06-07T17:49:39.178+0545] {logging_mixin.py:188} INFO - [2026-06-07T17:49:39.177+0545] {dagbag.py:545} INFO - Filling up the DagBag from /home/suyog/miniconda3/envs/fraud_mlops/lib/python3.11/site-packages/airflow/example_dags/subdags/subdag.py
[2026-06-07T17:49:39.179+0545] {processor.py:842} WARNING - No viable dags retrieved from /home/suyog/miniconda3/envs/fraud_mlops/lib/python3.11/site-packages/airflow/example_dags/subdags/subdag.py
[2026-06-07T17:49:39.190+0545] {processor.py:183} INFO - Processing /home/suyog/miniconda3/envs/fraud_mlops/lib/python3.11/site-packages/airflow/example_dags/subdags/subdag.py took 0.040 seconds
[2026-06-07T17:50:13.407+0545] {processor.py:161} INFO - Started process (PID=33689) to work on /home/suyog/miniconda3/envs/fraud_mlops/lib/python3.11/site-packages/airflow/example_dags/subdags/subdag.py
[2026-06-07T17:50:13.409+0545] {processor.py:830} INFO - Processing file /home/suyog/miniconda3/envs/fraud_mlops/lib/python3.11/site-packages/airflow/example_dags/subdags/subdag.py for tasks to queue
[2026-06-07T17:50:13.411+0545] {logging_mixin.py:188} INFO - [2026-06-07T17:50:13.411+0545] {dagbag.py:545} INFO - Filling up the DagBag from /home/suyog/miniconda3/envs/fraud_mlops/lib/python3.11/site-packages/airflow/example_dags/subdags/subdag.py
[2026-06-07T17:50:13.413+0545] {processor.py:842} WARNING - No viable dags retrieved from /home/suyog/miniconda3/envs/fraud_mlops/lib/python3.11/site-packages/airflow/example_dags/subdags/subdag.py
[2026-06-07T17:50:13.425+0545] {processor.py:183} INFO - Processing /home/suyog/miniconda3/envs/fraud_mlops/lib/python3.11/site-packages/airflow/example_dags/subdags/subdag.py took 0.033 seconds
