[2026-06-07T17:36:06.587+0545] {processor.py:161} INFO - Started process (PID=31605) to work on /home/suyog/Desktop/A_space/MLOPS/Final_Project/Fraud_Detection_MLOps/orchestration/dags/fraud_pipeline_dag.py
[2026-06-07T17:36:06.587+0545] {processor.py:830} INFO - Processing file /home/suyog/Desktop/A_space/MLOPS/Final_Project/Fraud_Detection_MLOps/orchestration/dags/fraud_pipeline_dag.py for tasks to queue
[2026-06-07T17:36:06.588+0545] {logging_mixin.py:188} INFO - [2026-06-07T17:36:06.588+0545] {dagbag.py:545} INFO - Filling up the DagBag from /home/suyog/Desktop/A_space/MLOPS/Final_Project/Fraud_Detection_MLOps/orchestration/dags/fraud_pipeline_dag.py
[2026-06-07T17:36:08.493+0545] {processor.py:840} INFO - DAG(s) 'fraud_detection_pipeline' retrieved from /home/suyog/Desktop/A_space/MLOPS/Final_Project/Fraud_Detection_MLOps/orchestration/dags/fraud_pipeline_dag.py
[2026-06-07T17:36:09.028+0545] {logging_mixin.py:188} INFO - [2026-06-07T17:36:09.027+0545] {override.py:1858} INFO - Created Permission View: can read on DAG:fraud_detection_pipeline
[2026-06-07T17:36:09.337+0545] {logging_mixin.py:188} INFO - [2026-06-07T17:36:09.336+0545] {override.py:1858} INFO - Created Permission View: can edit on DAG:fraud_detection_pipeline
[2026-06-07T17:36:09.639+0545] {logging_mixin.py:188} INFO - [2026-06-07T17:36:09.638+0545] {override.py:1858} INFO - Created Permission View: can delete on DAG:fraud_detection_pipeline
[2026-06-07T17:36:09.640+0545] {logging_mixin.py:188} INFO - [2026-06-07T17:36:09.640+0545] {dag.py:3089} INFO - Sync 1 DAGs
[2026-06-07T17:36:09.666+0545] {logging_mixin.py:188} INFO - [2026-06-07T17:36:09.665+0545] {dag.py:3111} INFO - Creating ORM DAG for fraud_detection_pipeline
[2026-06-07T17:36:09.668+0545] {logging_mixin.py:188} INFO - [2026-06-07T17:36:09.667+0545] {dag.py:3947} INFO - Setting next_dagrun for fraud_detection_pipeline to None, run_after=None
[2026-06-07T17:36:09.845+0545] {processor.py:183} INFO - Processing /home/suyog/Desktop/A_space/MLOPS/Final_Project/Fraud_Detection_MLOps/orchestration/dags/fraud_pipeline_dag.py took 3.261 seconds
[2026-06-07T17:38:12.056+0545] {processor.py:161} INFO - Started process (PID=31775) to work on /home/suyog/Desktop/A_space/MLOPS/Final_Project/Fraud_Detection_MLOps/orchestration/dags/fraud_pipeline_dag.py
[2026-06-07T17:38:12.065+0545] {processor.py:830} INFO - Processing file /home/suyog/Desktop/A_space/MLOPS/Final_Project/Fraud_Detection_MLOps/orchestration/dags/fraud_pipeline_dag.py for tasks to queue
[2026-06-07T17:38:12.067+0545] {logging_mixin.py:188} INFO - [2026-06-07T17:38:12.066+0545] {dagbag.py:545} INFO - Filling up the DagBag from /home/suyog/Desktop/A_space/MLOPS/Final_Project/Fraud_Detection_MLOps/orchestration/dags/fraud_pipeline_dag.py
[2026-06-07T17:38:13.901+0545] {processor.py:840} INFO - DAG(s) 'fraud_detection_pipeline' retrieved from /home/suyog/Desktop/A_space/MLOPS/Final_Project/Fraud_Detection_MLOps/orchestration/dags/fraud_pipeline_dag.py
[2026-06-07T17:38:13.912+0545] {logging_mixin.py:188} INFO - [2026-06-07T17:38:13.912+0545] {dag.py:3089} INFO - Sync 1 DAGs
[2026-06-07T17:38:13.919+0545] {logging_mixin.py:188} INFO - [2026-06-07T17:38:13.919+0545] {dag.py:3947} INFO - Setting next_dagrun for fraud_detection_pipeline to None, run_after=None
[2026-06-07T17:38:14.177+0545] {processor.py:183} INFO - Processing /home/suyog/Desktop/A_space/MLOPS/Final_Project/Fraud_Detection_MLOps/orchestration/dags/fraud_pipeline_dag.py took 2.125 seconds
[2026-06-07T17:39:58.856+0545] {processor.py:161} INFO - Started process (PID=31945) to work on /home/suyog/Desktop/A_space/MLOPS/Final_Project/Fraud_Detection_MLOps/orchestration/dags/fraud_pipeline_dag.py
[2026-06-07T17:39:58.885+0545] {processor.py:830} INFO - Processing file /home/suyog/Desktop/A_space/MLOPS/Final_Project/Fraud_Detection_MLOps/orchestration/dags/fraud_pipeline_dag.py for tasks to queue
[2026-06-07T17:39:58.886+0545] {logging_mixin.py:188} INFO - [2026-06-07T17:39:58.886+0545] {dagbag.py:545} INFO - Filling up the DagBag from /home/suyog/Desktop/A_space/MLOPS/Final_Project/Fraud_Detection_MLOps/orchestration/dags/fraud_pipeline_dag.py
[2026-06-07T17:40:01.152+0545] {processor.py:840} INFO - DAG(s) 'fraud_detection_pipeline' retrieved from /home/suyog/Desktop/A_space/MLOPS/Final_Project/Fraud_Detection_MLOps/orchestration/dags/fraud_pipeline_dag.py
[2026-06-07T17:40:01.160+0545] {logging_mixin.py:188} INFO - [2026-06-07T17:40:01.160+0545] {dag.py:3089} INFO - Sync 1 DAGs
[2026-06-07T17:40:01.167+0545] {logging_mixin.py:188} INFO - [2026-06-07T17:40:01.167+0545] {dag.py:3947} INFO - Setting next_dagrun for fraud_detection_pipeline to None, run_after=None
[2026-06-07T17:40:01.396+0545] {processor.py:183} INFO - Processing /home/suyog/Desktop/A_space/MLOPS/Final_Project/Fraud_Detection_MLOps/orchestration/dags/fraud_pipeline_dag.py took 2.545 seconds
[2026-06-07T17:40:52.481+0545] {processor.py:161} INFO - Started process (PID=32059) to work on /home/suyog/Desktop/A_space/MLOPS/Final_Project/Fraud_Detection_MLOps/orchestration/dags/fraud_pipeline_dag.py
[2026-06-07T17:40:52.510+0545] {processor.py:830} INFO - Processing file /home/suyog/Desktop/A_space/MLOPS/Final_Project/Fraud_Detection_MLOps/orchestration/dags/fraud_pipeline_dag.py for tasks to queue
[2026-06-07T17:40:52.513+0545] {logging_mixin.py:188} INFO - [2026-06-07T17:40:52.512+0545] {dagbag.py:545} INFO - Filling up the DagBag from /home/suyog/Desktop/A_space/MLOPS/Final_Project/Fraud_Detection_MLOps/orchestration/dags/fraud_pipeline_dag.py
[2026-06-07T17:40:54.444+0545] {processor.py:840} INFO - DAG(s) 'fraud_detection_pipeline' retrieved from /home/suyog/Desktop/A_space/MLOPS/Final_Project/Fraud_Detection_MLOps/orchestration/dags/fraud_pipeline_dag.py
[2026-06-07T17:40:54.453+0545] {logging_mixin.py:188} INFO - [2026-06-07T17:40:54.452+0545] {dag.py:3089} INFO - Sync 1 DAGs
[2026-06-07T17:40:54.460+0545] {logging_mixin.py:188} INFO - [2026-06-07T17:40:54.460+0545] {dag.py:3947} INFO - Setting next_dagrun for fraud_detection_pipeline to None, run_after=None
[2026-06-07T17:40:54.654+0545] {processor.py:183} INFO - Processing /home/suyog/Desktop/A_space/MLOPS/Final_Project/Fraud_Detection_MLOps/orchestration/dags/fraud_pipeline_dag.py took 2.178 seconds
[2026-06-07T17:41:27.594+0545] {processor.py:161} INFO - Started process (PID=32135) to work on /home/suyog/Desktop/A_space/MLOPS/Final_Project/Fraud_Detection_MLOps/orchestration/dags/fraud_pipeline_dag.py
[2026-06-07T17:41:27.594+0545] {processor.py:830} INFO - Processing file /home/suyog/Desktop/A_space/MLOPS/Final_Project/Fraud_Detection_MLOps/orchestration/dags/fraud_pipeline_dag.py for tasks to queue
[2026-06-07T17:41:27.596+0545] {logging_mixin.py:188} INFO - [2026-06-07T17:41:27.595+0545] {dagbag.py:545} INFO - Filling up the DagBag from /home/suyog/Desktop/A_space/MLOPS/Final_Project/Fraud_Detection_MLOps/orchestration/dags/fraud_pipeline_dag.py
[2026-06-07T17:41:29.664+0545] {processor.py:840} INFO - DAG(s) 'fraud_detection_pipeline' retrieved from /home/suyog/Desktop/A_space/MLOPS/Final_Project/Fraud_Detection_MLOps/orchestration/dags/fraud_pipeline_dag.py
[2026-06-07T17:41:29.672+0545] {logging_mixin.py:188} INFO - [2026-06-07T17:41:29.672+0545] {dag.py:3089} INFO - Sync 1 DAGs
[2026-06-07T17:41:29.680+0545] {logging_mixin.py:188} INFO - [2026-06-07T17:41:29.679+0545] {dag.py:3947} INFO - Setting next_dagrun for fraud_detection_pipeline to None, run_after=None
[2026-06-07T17:41:29.872+0545] {processor.py:183} INFO - Processing /home/suyog/Desktop/A_space/MLOPS/Final_Project/Fraud_Detection_MLOps/orchestration/dags/fraud_pipeline_dag.py took 2.282 seconds
[2026-06-07T17:42:03.561+0545] {processor.py:161} INFO - Started process (PID=32225) to work on /home/suyog/Desktop/A_space/MLOPS/Final_Project/Fraud_Detection_MLOps/orchestration/dags/fraud_pipeline_dag.py
[2026-06-07T17:42:03.606+0545] {processor.py:830} INFO - Processing file /home/suyog/Desktop/A_space/MLOPS/Final_Project/Fraud_Detection_MLOps/orchestration/dags/fraud_pipeline_dag.py for tasks to queue
[2026-06-07T17:42:03.610+0545] {logging_mixin.py:188} INFO - [2026-06-07T17:42:03.609+0545] {dagbag.py:545} INFO - Filling up the DagBag from /home/suyog/Desktop/A_space/MLOPS/Final_Project/Fraud_Detection_MLOps/orchestration/dags/fraud_pipeline_dag.py
[2026-06-07T17:42:05.525+0545] {processor.py:840} INFO - DAG(s) 'fraud_detection_pipeline' retrieved from /home/suyog/Desktop/A_space/MLOPS/Final_Project/Fraud_Detection_MLOps/orchestration/dags/fraud_pipeline_dag.py
[2026-06-07T17:42:05.533+0545] {logging_mixin.py:188} INFO - [2026-06-07T17:42:05.533+0545] {dag.py:3089} INFO - Sync 1 DAGs
[2026-06-07T17:42:05.541+0545] {logging_mixin.py:188} INFO - [2026-06-07T17:42:05.541+0545] {dag.py:3947} INFO - Setting next_dagrun for fraud_detection_pipeline to None, run_after=None
[2026-06-07T17:42:05.740+0545] {processor.py:183} INFO - Processing /home/suyog/Desktop/A_space/MLOPS/Final_Project/Fraud_Detection_MLOps/orchestration/dags/fraud_pipeline_dag.py took 2.184 seconds
[2026-06-07T17:42:39.563+0545] {processor.py:161} INFO - Started process (PID=32326) to work on /home/suyog/Desktop/A_space/MLOPS/Final_Project/Fraud_Detection_MLOps/orchestration/dags/fraud_pipeline_dag.py
[2026-06-07T17:42:39.564+0545] {processor.py:830} INFO - Processing file /home/suyog/Desktop/A_space/MLOPS/Final_Project/Fraud_Detection_MLOps/orchestration/dags/fraud_pipeline_dag.py for tasks to queue
[2026-06-07T17:42:39.566+0545] {logging_mixin.py:188} INFO - [2026-06-07T17:42:39.565+0545] {dagbag.py:545} INFO - Filling up the DagBag from /home/suyog/Desktop/A_space/MLOPS/Final_Project/Fraud_Detection_MLOps/orchestration/dags/fraud_pipeline_dag.py
[2026-06-07T17:42:41.477+0545] {processor.py:840} INFO - DAG(s) 'fraud_detection_pipeline' retrieved from /home/suyog/Desktop/A_space/MLOPS/Final_Project/Fraud_Detection_MLOps/orchestration/dags/fraud_pipeline_dag.py
[2026-06-07T17:42:41.486+0545] {logging_mixin.py:188} INFO - [2026-06-07T17:42:41.486+0545] {dag.py:3089} INFO - Sync 1 DAGs
[2026-06-07T17:42:41.493+0545] {logging_mixin.py:188} INFO - [2026-06-07T17:42:41.493+0545] {dag.py:3947} INFO - Setting next_dagrun for fraud_detection_pipeline to None, run_after=None
[2026-06-07T17:42:41.704+0545] {processor.py:183} INFO - Processing /home/suyog/Desktop/A_space/MLOPS/Final_Project/Fraud_Detection_MLOps/orchestration/dags/fraud_pipeline_dag.py took 2.147 seconds
[2026-06-07T17:43:17.356+0545] {processor.py:161} INFO - Started process (PID=32879) to work on /home/suyog/Desktop/A_space/MLOPS/Final_Project/Fraud_Detection_MLOps/orchestration/dags/fraud_pipeline_dag.py
[2026-06-07T17:43:17.371+0545] {processor.py:830} INFO - Processing file /home/suyog/Desktop/A_space/MLOPS/Final_Project/Fraud_Detection_MLOps/orchestration/dags/fraud_pipeline_dag.py for tasks to queue
[2026-06-07T17:43:17.373+0545] {logging_mixin.py:188} INFO - [2026-06-07T17:43:17.373+0545] {dagbag.py:545} INFO - Filling up the DagBag from /home/suyog/Desktop/A_space/MLOPS/Final_Project/Fraud_Detection_MLOps/orchestration/dags/fraud_pipeline_dag.py
[2026-06-07T17:43:19.392+0545] {processor.py:840} INFO - DAG(s) 'fraud_detection_pipeline' retrieved from /home/suyog/Desktop/A_space/MLOPS/Final_Project/Fraud_Detection_MLOps/orchestration/dags/fraud_pipeline_dag.py
[2026-06-07T17:43:19.400+0545] {logging_mixin.py:188} INFO - [2026-06-07T17:43:19.400+0545] {dag.py:3089} INFO - Sync 1 DAGs
[2026-06-07T17:43:19.408+0545] {logging_mixin.py:188} INFO - [2026-06-07T17:43:19.407+0545] {dag.py:3947} INFO - Setting next_dagrun for fraud_detection_pipeline to None, run_after=None
[2026-06-07T17:43:19.585+0545] {processor.py:183} INFO - Processing /home/suyog/Desktop/A_space/MLOPS/Final_Project/Fraud_Detection_MLOps/orchestration/dags/fraud_pipeline_dag.py took 2.234 seconds
[2026-06-07T17:43:55.070+0545] {processor.py:161} INFO - Started process (PID=32979) to work on /home/suyog/Desktop/A_space/MLOPS/Final_Project/Fraud_Detection_MLOps/orchestration/dags/fraud_pipeline_dag.py
[2026-06-07T17:43:55.078+0545] {processor.py:830} INFO - Processing file /home/suyog/Desktop/A_space/MLOPS/Final_Project/Fraud_Detection_MLOps/orchestration/dags/fraud_pipeline_dag.py for tasks to queue
[2026-06-07T17:43:55.079+0545] {logging_mixin.py:188} INFO - [2026-06-07T17:43:55.079+0545] {dagbag.py:545} INFO - Filling up the DagBag from /home/suyog/Desktop/A_space/MLOPS/Final_Project/Fraud_Detection_MLOps/orchestration/dags/fraud_pipeline_dag.py
[2026-06-07T17:43:57.174+0545] {processor.py:840} INFO - DAG(s) 'fraud_detection_pipeline' retrieved from /home/suyog/Desktop/A_space/MLOPS/Final_Project/Fraud_Detection_MLOps/orchestration/dags/fraud_pipeline_dag.py
[2026-06-07T17:43:57.183+0545] {logging_mixin.py:188} INFO - [2026-06-07T17:43:57.183+0545] {dag.py:3089} INFO - Sync 1 DAGs
[2026-06-07T17:43:57.190+0545] {logging_mixin.py:188} INFO - [2026-06-07T17:43:57.190+0545] {dag.py:3947} INFO - Setting next_dagrun for fraud_detection_pipeline to None, run_after=None
[2026-06-07T17:43:57.401+0545] {processor.py:183} INFO - Processing /home/suyog/Desktop/A_space/MLOPS/Final_Project/Fraud_Detection_MLOps/orchestration/dags/fraud_pipeline_dag.py took 2.336 seconds
[2026-06-07T17:44:29.414+0545] {processor.py:161} INFO - Started process (PID=33067) to work on /home/suyog/Desktop/A_space/MLOPS/Final_Project/Fraud_Detection_MLOps/orchestration/dags/fraud_pipeline_dag.py
[2026-06-07T17:44:29.440+0545] {processor.py:830} INFO - Processing file /home/suyog/Desktop/A_space/MLOPS/Final_Project/Fraud_Detection_MLOps/orchestration/dags/fraud_pipeline_dag.py for tasks to queue
[2026-06-07T17:44:29.444+0545] {logging_mixin.py:188} INFO - [2026-06-07T17:44:29.443+0545] {dagbag.py:545} INFO - Filling up the DagBag from /home/suyog/Desktop/A_space/MLOPS/Final_Project/Fraud_Detection_MLOps/orchestration/dags/fraud_pipeline_dag.py
[2026-06-07T17:44:31.344+0545] {processor.py:840} INFO - DAG(s) 'fraud_detection_pipeline' retrieved from /home/suyog/Desktop/A_space/MLOPS/Final_Project/Fraud_Detection_MLOps/orchestration/dags/fraud_pipeline_dag.py
[2026-06-07T17:44:31.351+0545] {logging_mixin.py:188} INFO - [2026-06-07T17:44:31.351+0545] {dag.py:3089} INFO - Sync 1 DAGs
[2026-06-07T17:44:31.357+0545] {logging_mixin.py:188} INFO - [2026-06-07T17:44:31.357+0545] {dag.py:3947} INFO - Setting next_dagrun for fraud_detection_pipeline to None, run_after=None
[2026-06-07T17:44:31.546+0545] {processor.py:183} INFO - Processing /home/suyog/Desktop/A_space/MLOPS/Final_Project/Fraud_Detection_MLOps/orchestration/dags/fraud_pipeline_dag.py took 2.141 seconds
[2026-06-07T17:45:03.057+0545] {processor.py:161} INFO - Started process (PID=33142) to work on /home/suyog/Desktop/A_space/MLOPS/Final_Project/Fraud_Detection_MLOps/orchestration/dags/fraud_pipeline_dag.py
[2026-06-07T17:45:03.058+0545] {processor.py:830} INFO - Processing file /home/suyog/Desktop/A_space/MLOPS/Final_Project/Fraud_Detection_MLOps/orchestration/dags/fraud_pipeline_dag.py for tasks to queue
[2026-06-07T17:45:03.060+0545] {logging_mixin.py:188} INFO - [2026-06-07T17:45:03.059+0545] {dagbag.py:545} INFO - Filling up the DagBag from /home/suyog/Desktop/A_space/MLOPS/Final_Project/Fraud_Detection_MLOps/orchestration/dags/fraud_pipeline_dag.py
[2026-06-07T17:45:04.819+0545] {processor.py:840} INFO - DAG(s) 'fraud_detection_pipeline' retrieved from /home/suyog/Desktop/A_space/MLOPS/Final_Project/Fraud_Detection_MLOps/orchestration/dags/fraud_pipeline_dag.py
[2026-06-07T17:45:04.827+0545] {logging_mixin.py:188} INFO - [2026-06-07T17:45:04.826+0545] {dag.py:3089} INFO - Sync 1 DAGs
[2026-06-07T17:45:04.834+0545] {logging_mixin.py:188} INFO - [2026-06-07T17:45:04.834+0545] {dag.py:3947} INFO - Setting next_dagrun for fraud_detection_pipeline to None, run_after=None
[2026-06-07T17:45:05.036+0545] {processor.py:183} INFO - Processing /home/suyog/Desktop/A_space/MLOPS/Final_Project/Fraud_Detection_MLOps/orchestration/dags/fraud_pipeline_dag.py took 1.990 seconds
[2026-06-07T17:46:25.387+0545] {processor.py:161} INFO - Started process (PID=33229) to work on /home/suyog/Desktop/A_space/MLOPS/Final_Project/Fraud_Detection_MLOps/orchestration/dags/fraud_pipeline_dag.py
[2026-06-07T17:46:25.401+0545] {processor.py:830} INFO - Processing file /home/suyog/Desktop/A_space/MLOPS/Final_Project/Fraud_Detection_MLOps/orchestration/dags/fraud_pipeline_dag.py for tasks to queue
[2026-06-07T17:46:25.402+0545] {logging_mixin.py:188} INFO - [2026-06-07T17:46:25.402+0545] {dagbag.py:545} INFO - Filling up the DagBag from /home/suyog/Desktop/A_space/MLOPS/Final_Project/Fraud_Detection_MLOps/orchestration/dags/fraud_pipeline_dag.py
[2026-06-07T17:46:27.374+0545] {processor.py:840} INFO - DAG(s) 'fraud_detection_pipeline' retrieved from /home/suyog/Desktop/A_space/MLOPS/Final_Project/Fraud_Detection_MLOps/orchestration/dags/fraud_pipeline_dag.py
[2026-06-07T17:46:27.386+0545] {logging_mixin.py:188} INFO - [2026-06-07T17:46:27.386+0545] {dag.py:3089} INFO - Sync 1 DAGs
[2026-06-07T17:46:27.396+0545] {logging_mixin.py:188} INFO - [2026-06-07T17:46:27.396+0545] {dag.py:3947} INFO - Setting next_dagrun for fraud_detection_pipeline to None, run_after=None
[2026-06-07T17:46:27.611+0545] {processor.py:183} INFO - Processing /home/suyog/Desktop/A_space/MLOPS/Final_Project/Fraud_Detection_MLOps/orchestration/dags/fraud_pipeline_dag.py took 2.228 seconds
[2026-06-07T17:47:15.113+0545] {processor.py:161} INFO - Started process (PID=33312) to work on /home/suyog/Desktop/A_space/MLOPS/Final_Project/Fraud_Detection_MLOps/orchestration/dags/fraud_pipeline_dag.py
[2026-06-07T17:47:15.126+0545] {processor.py:830} INFO - Processing file /home/suyog/Desktop/A_space/MLOPS/Final_Project/Fraud_Detection_MLOps/orchestration/dags/fraud_pipeline_dag.py for tasks to queue
[2026-06-07T17:47:15.127+0545] {logging_mixin.py:188} INFO - [2026-06-07T17:47:15.127+0545] {dagbag.py:545} INFO - Filling up the DagBag from /home/suyog/Desktop/A_space/MLOPS/Final_Project/Fraud_Detection_MLOps/orchestration/dags/fraud_pipeline_dag.py
[2026-06-07T17:47:16.964+0545] {processor.py:840} INFO - DAG(s) 'fraud_detection_pipeline' retrieved from /home/suyog/Desktop/A_space/MLOPS/Final_Project/Fraud_Detection_MLOps/orchestration/dags/fraud_pipeline_dag.py
[2026-06-07T17:47:16.975+0545] {logging_mixin.py:188} INFO - [2026-06-07T17:47:16.974+0545] {dag.py:3089} INFO - Sync 1 DAGs
[2026-06-07T17:47:16.982+0545] {logging_mixin.py:188} INFO - [2026-06-07T17:47:16.981+0545] {dag.py:3947} INFO - Setting next_dagrun for fraud_detection_pipeline to None, run_after=None
[2026-06-07T17:47:17.185+0545] {processor.py:183} INFO - Processing /home/suyog/Desktop/A_space/MLOPS/Final_Project/Fraud_Detection_MLOps/orchestration/dags/fraud_pipeline_dag.py took 2.076 seconds
[2026-06-07T17:48:20.562+0545] {processor.py:161} INFO - Started process (PID=33450) to work on /home/suyog/Desktop/A_space/MLOPS/Final_Project/Fraud_Detection_MLOps/orchestration/dags/fraud_pipeline_dag.py
[2026-06-07T17:48:20.590+0545] {processor.py:830} INFO - Processing file /home/suyog/Desktop/A_space/MLOPS/Final_Project/Fraud_Detection_MLOps/orchestration/dags/fraud_pipeline_dag.py for tasks to queue
[2026-06-07T17:48:20.594+0545] {logging_mixin.py:188} INFO - [2026-06-07T17:48:20.593+0545] {dagbag.py:545} INFO - Filling up the DagBag from /home/suyog/Desktop/A_space/MLOPS/Final_Project/Fraud_Detection_MLOps/orchestration/dags/fraud_pipeline_dag.py
[2026-06-07T17:48:22.605+0545] {processor.py:840} INFO - DAG(s) 'fraud_detection_pipeline' retrieved from /home/suyog/Desktop/A_space/MLOPS/Final_Project/Fraud_Detection_MLOps/orchestration/dags/fraud_pipeline_dag.py
[2026-06-07T17:48:22.613+0545] {logging_mixin.py:188} INFO - [2026-06-07T17:48:22.613+0545] {dag.py:3089} INFO - Sync 1 DAGs
[2026-06-07T17:48:22.620+0545] {logging_mixin.py:188} INFO - [2026-06-07T17:48:22.620+0545] {dag.py:3947} INFO - Setting next_dagrun for fraud_detection_pipeline to None, run_after=None
[2026-06-07T17:48:22.827+0545] {processor.py:183} INFO - Processing /home/suyog/Desktop/A_space/MLOPS/Final_Project/Fraud_Detection_MLOps/orchestration/dags/fraud_pipeline_dag.py took 2.275 seconds
[2026-06-07T17:49:00.569+0545] {processor.py:161} INFO - Started process (PID=33581) to work on /home/suyog/Desktop/A_space/MLOPS/Final_Project/Fraud_Detection_MLOps/orchestration/dags/fraud_pipeline_dag.py
[2026-06-07T17:49:00.571+0545] {processor.py:830} INFO - Processing file /home/suyog/Desktop/A_space/MLOPS/Final_Project/Fraud_Detection_MLOps/orchestration/dags/fraud_pipeline_dag.py for tasks to queue
[2026-06-07T17:49:00.572+0545] {logging_mixin.py:188} INFO - [2026-06-07T17:49:00.572+0545] {dagbag.py:545} INFO - Filling up the DagBag from /home/suyog/Desktop/A_space/MLOPS/Final_Project/Fraud_Detection_MLOps/orchestration/dags/fraud_pipeline_dag.py
[2026-06-07T17:49:02.451+0545] {processor.py:840} INFO - DAG(s) 'fraud_detection_pipeline' retrieved from /home/suyog/Desktop/A_space/MLOPS/Final_Project/Fraud_Detection_MLOps/orchestration/dags/fraud_pipeline_dag.py
[2026-06-07T17:49:02.459+0545] {logging_mixin.py:188} INFO - [2026-06-07T17:49:02.458+0545] {dag.py:3089} INFO - Sync 1 DAGs
[2026-06-07T17:49:02.466+0545] {logging_mixin.py:188} INFO - [2026-06-07T17:49:02.466+0545] {dag.py:3947} INFO - Setting next_dagrun for fraud_detection_pipeline to None, run_after=None
[2026-06-07T17:49:02.648+0545] {processor.py:183} INFO - Processing /home/suyog/Desktop/A_space/MLOPS/Final_Project/Fraud_Detection_MLOps/orchestration/dags/fraud_pipeline_dag.py took 2.084 seconds
[2026-06-07T17:49:36.528+0545] {processor.py:161} INFO - Started process (PID=33641) to work on /home/suyog/Desktop/A_space/MLOPS/Final_Project/Fraud_Detection_MLOps/orchestration/dags/fraud_pipeline_dag.py
[2026-06-07T17:49:36.529+0545] {processor.py:830} INFO - Processing file /home/suyog/Desktop/A_space/MLOPS/Final_Project/Fraud_Detection_MLOps/orchestration/dags/fraud_pipeline_dag.py for tasks to queue
[2026-06-07T17:49:36.530+0545] {logging_mixin.py:188} INFO - [2026-06-07T17:49:36.530+0545] {dagbag.py:545} INFO - Filling up the DagBag from /home/suyog/Desktop/A_space/MLOPS/Final_Project/Fraud_Detection_MLOps/orchestration/dags/fraud_pipeline_dag.py
[2026-06-07T17:49:38.516+0545] {processor.py:840} INFO - DAG(s) 'fraud_detection_pipeline' retrieved from /home/suyog/Desktop/A_space/MLOPS/Final_Project/Fraud_Detection_MLOps/orchestration/dags/fraud_pipeline_dag.py
[2026-06-07T17:49:38.525+0545] {logging_mixin.py:188} INFO - [2026-06-07T17:49:38.524+0545] {dag.py:3089} INFO - Sync 1 DAGs
[2026-06-07T17:49:38.532+0545] {logging_mixin.py:188} INFO - [2026-06-07T17:49:38.531+0545] {dag.py:3947} INFO - Setting next_dagrun for fraud_detection_pipeline to None, run_after=None
[2026-06-07T17:49:38.719+0545] {processor.py:183} INFO - Processing /home/suyog/Desktop/A_space/MLOPS/Final_Project/Fraud_Detection_MLOps/orchestration/dags/fraud_pipeline_dag.py took 2.197 seconds
[2026-06-07T17:50:10.029+0545] {processor.py:161} INFO - Started process (PID=33678) to work on /home/suyog/Desktop/A_space/MLOPS/Final_Project/Fraud_Detection_MLOps/orchestration/dags/fraud_pipeline_dag.py
[2026-06-07T17:50:10.030+0545] {processor.py:830} INFO - Processing file /home/suyog/Desktop/A_space/MLOPS/Final_Project/Fraud_Detection_MLOps/orchestration/dags/fraud_pipeline_dag.py for tasks to queue
[2026-06-07T17:50:10.032+0545] {logging_mixin.py:188} INFO - [2026-06-07T17:50:10.032+0545] {dagbag.py:545} INFO - Filling up the DagBag from /home/suyog/Desktop/A_space/MLOPS/Final_Project/Fraud_Detection_MLOps/orchestration/dags/fraud_pipeline_dag.py
[2026-06-07T17:50:12.016+0545] {processor.py:840} INFO - DAG(s) 'fraud_detection_pipeline' retrieved from /home/suyog/Desktop/A_space/MLOPS/Final_Project/Fraud_Detection_MLOps/orchestration/dags/fraud_pipeline_dag.py
[2026-06-07T17:50:12.024+0545] {logging_mixin.py:188} INFO - [2026-06-07T17:50:12.023+0545] {dag.py:3089} INFO - Sync 1 DAGs
[2026-06-07T17:50:12.031+0545] {logging_mixin.py:188} INFO - [2026-06-07T17:50:12.031+0545] {dag.py:3947} INFO - Setting next_dagrun for fraud_detection_pipeline to None, run_after=None
[2026-06-07T17:50:12.334+0545] {processor.py:183} INFO - Processing /home/suyog/Desktop/A_space/MLOPS/Final_Project/Fraud_Detection_MLOps/orchestration/dags/fraud_pipeline_dag.py took 2.313 seconds
