[2026-06-07T17:36:14.441+0545] {processor.py:161} INFO - Started process (PID=31660) to work on /home/suyog/miniconda3/envs/fraud_mlops/lib/python3.11/site-packages/airflow/example_dags/plugins/event_listener.py
[2026-06-07T17:36:14.441+0545] {processor.py:830} INFO - Processing file /home/suyog/miniconda3/envs/fraud_mlops/lib/python3.11/site-packages/airflow/example_dags/plugins/event_listener.py for tasks to queue
[2026-06-07T17:36:14.442+0545] {logging_mixin.py:188} INFO - [2026-06-07T17:36:14.442+0545] {dagbag.py:545} INFO - Filling up the DagBag from /home/suyog/miniconda3/envs/fraud_mlops/lib/python3.11/site-packages/airflow/example_dags/plugins/event_listener.py
[2026-06-07T17:36:14.444+0545] {processor.py:842} WARNING - No viable dags retrieved from /home/suyog/miniconda3/envs/fraud_mlops/lib/python3.11/site-packages/airflow/example_dags/plugins/event_listener.py
[2026-06-07T17:36:14.451+0545] {processor.py:183} INFO - Processing /home/suyog/miniconda3/envs/fraud_mlops/lib/python3.11/site-packages/airflow/example_dags/plugins/event_listener.py took 0.015 seconds
[2026-06-07T17:38:19.248+0545] {processor.py:161} INFO - Started process (PID=31791) to work on /home/suyog/miniconda3/envs/fraud_mlops/lib/python3.11/site-packages/airflow/example_dags/plugins/event_listener.py
[2026-06-07T17:38:19.249+0545] {processor.py:830} INFO - Processing file /home/suyog/miniconda3/envs/fraud_mlops/lib/python3.11/site-packages/airflow/example_dags/plugins/event_listener.py for tasks to queue
[2026-06-07T17:38:19.250+0545] {logging_mixin.py:188} INFO - [2026-06-07T17:38:19.250+0545] {dagbag.py:545} INFO - Filling up the DagBag from /home/suyog/miniconda3/envs/fraud_mlops/lib/python3.11/site-packages/airflow/example_dags/plugins/event_listener.py
[2026-06-07T17:38:19.252+0545] {processor.py:842} WARNING - No viable dags retrieved from /home/suyog/miniconda3/envs/fraud_mlops/lib/python3.11/site-packages/airflow/example_dags/plugins/event_listener.py
[2026-06-07T17:38:19.260+0545] {processor.py:183} INFO - Processing /home/suyog/miniconda3/envs/fraud_mlops/lib/python3.11/site-packages/airflow/example_dags/plugins/event_listener.py took 0.017 seconds
[2026-06-07T17:40:06.505+0545] {processor.py:161} INFO - Started process (PID=31974) to work on /home/suyog/miniconda3/envs/fraud_mlops/lib/python3.11/site-packages/airflow/example_dags/plugins/event_listener.py
[2026-06-07T17:40:06.506+0545] {processor.py:830} INFO - Processing file /home/suyog/miniconda3/envs/fraud_mlops/lib/python3.11/site-packages/airflow/example_dags/plugins/event_listener.py for tasks to queue
[2026-06-07T17:40:06.508+0545] {logging_mixin.py:188} INFO - [2026-06-07T17:40:06.507+0545] {dagbag.py:545} INFO - Filling up the DagBag from /home/suyog/miniconda3/envs/fraud_mlops/lib/python3.11/site-packages/airflow/example_dags/plugins/event_listener.py
[2026-06-07T17:40:06.511+0545] {processor.py:842} WARNING - No viable dags retrieved from /home/suyog/miniconda3/envs/fraud_mlops/lib/python3.11/site-packages/airflow/example_dags/plugins/event_listener.py
[2026-06-07T17:40:06.523+0545] {processor.py:183} INFO - Processing /home/suyog/miniconda3/envs/fraud_mlops/lib/python3.11/site-packages/airflow/example_dags/plugins/event_listener.py took 0.026 seconds
[2026-06-07T17:40:59.023+0545] {processor.py:161} INFO - Started process (PID=32079) to work on /home/suyog/miniconda3/envs/fraud_mlops/lib/python3.11/site-packages/airflow/example_dags/plugins/event_listener.py
[2026-06-07T17:40:59.024+0545] {processor.py:830} INFO - Processing file /home/suyog/miniconda3/envs/fraud_mlops/lib/python3.11/site-packages/airflow/example_dags/plugins/event_listener.py for tasks to queue
[2026-06-07T17:40:59.026+0545] {logging_mixin.py:188} INFO - [2026-06-07T17:40:59.025+0545] {dagbag.py:545} INFO - Filling up the DagBag from /home/suyog/miniconda3/envs/fraud_mlops/lib/python3.11/site-packages/airflow/example_dags/plugins/event_listener.py
[2026-06-07T17:40:59.027+0545] {processor.py:842} WARNING - No viable dags retrieved from /home/suyog/miniconda3/envs/fraud_mlops/lib/python3.11/site-packages/airflow/example_dags/plugins/event_listener.py
[2026-06-07T17:40:59.037+0545] {processor.py:183} INFO - Processing /home/suyog/miniconda3/envs/fraud_mlops/lib/python3.11/site-packages/airflow/example_dags/plugins/event_listener.py took 0.018 seconds
[2026-06-07T17:42:09.865+0545] {processor.py:161} INFO - Started process (PID=32245) to work on /home/suyog/miniconda3/envs/fraud_mlops/lib/python3.11/site-packages/airflow/example_dags/plugins/event_listener.py
[2026-06-07T17:42:09.867+0545] {processor.py:830} INFO - Processing file /home/suyog/miniconda3/envs/fraud_mlops/lib/python3.11/site-packages/airflow/example_dags/plugins/event_listener.py for tasks to queue
[2026-06-07T17:42:09.869+0545] {logging_mixin.py:188} INFO - [2026-06-07T17:42:09.868+0545] {dagbag.py:545} INFO - Filling up the DagBag from /home/suyog/miniconda3/envs/fraud_mlops/lib/python3.11/site-packages/airflow/example_dags/plugins/event_listener.py
[2026-06-07T17:42:09.872+0545] {processor.py:842} WARNING - No viable dags retrieved from /home/suyog/miniconda3/envs/fraud_mlops/lib/python3.11/site-packages/airflow/example_dags/plugins/event_listener.py
[2026-06-07T17:42:09.883+0545] {processor.py:183} INFO - Processing /home/suyog/miniconda3/envs/fraud_mlops/lib/python3.11/site-packages/airflow/example_dags/plugins/event_listener.py took 0.025 seconds
[2026-06-07T17:43:24.078+0545] {processor.py:161} INFO - Started process (PID=32904) to work on /home/suyog/miniconda3/envs/fraud_mlops/lib/python3.11/site-packages/airflow/example_dags/plugins/event_listener.py
[2026-06-07T17:43:24.079+0545] {processor.py:830} INFO - Processing file /home/suyog/miniconda3/envs/fraud_mlops/lib/python3.11/site-packages/airflow/example_dags/plugins/event_listener.py for tasks to queue
[2026-06-07T17:43:24.082+0545] {logging_mixin.py:188} INFO - [2026-06-07T17:43:24.081+0545] {dagbag.py:545} INFO - Filling up the DagBag from /home/suyog/miniconda3/envs/fraud_mlops/lib/python3.11/site-packages/airflow/example_dags/plugins/event_listener.py
[2026-06-07T17:43:24.085+0545] {processor.py:842} WARNING - No viable dags retrieved from /home/suyog/miniconda3/envs/fraud_mlops/lib/python3.11/site-packages/airflow/example_dags/plugins/event_listener.py
[2026-06-07T17:43:24.097+0545] {processor.py:183} INFO - Processing /home/suyog/miniconda3/envs/fraud_mlops/lib/python3.11/site-packages/airflow/example_dags/plugins/event_listener.py took 0.029 seconds
[2026-06-07T17:44:00.678+0545] {processor.py:161} INFO - Started process (PID=32999) to work on /home/suyog/miniconda3/envs/fraud_mlops/lib/python3.11/site-packages/airflow/example_dags/plugins/event_listener.py
[2026-06-07T17:44:00.679+0545] {processor.py:830} INFO - Processing file /home/suyog/miniconda3/envs/fraud_mlops/lib/python3.11/site-packages/airflow/example_dags/plugins/event_listener.py for tasks to queue
[2026-06-07T17:44:00.681+0545] {logging_mixin.py:188} INFO - [2026-06-07T17:44:00.681+0545] {dagbag.py:545} INFO - Filling up the DagBag from /home/suyog/miniconda3/envs/fraud_mlops/lib/python3.11/site-packages/airflow/example_dags/plugins/event_listener.py
[2026-06-07T17:44:00.684+0545] {processor.py:842} WARNING - No viable dags retrieved from /home/suyog/miniconda3/envs/fraud_mlops/lib/python3.11/site-packages/airflow/example_dags/plugins/event_listener.py
[2026-06-07T17:44:00.694+0545] {processor.py:183} INFO - Processing /home/suyog/miniconda3/envs/fraud_mlops/lib/python3.11/site-packages/airflow/example_dags/plugins/event_listener.py took 0.030 seconds
[2026-06-07T17:45:09.029+0545] {processor.py:161} INFO - Started process (PID=33163) to work on /home/suyog/miniconda3/envs/fraud_mlops/lib/python3.11/site-packages/airflow/example_dags/plugins/event_listener.py
[2026-06-07T17:45:09.032+0545] {processor.py:830} INFO - Processing file /home/suyog/miniconda3/envs/fraud_mlops/lib/python3.11/site-packages/airflow/example_dags/plugins/event_listener.py for tasks to queue
[2026-06-07T17:45:09.034+0545] {logging_mixin.py:188} INFO - [2026-06-07T17:45:09.033+0545] {dagbag.py:545} INFO - Filling up the DagBag from /home/suyog/miniconda3/envs/fraud_mlops/lib/python3.11/site-packages/airflow/example_dags/plugins/event_listener.py
[2026-06-07T17:45:09.035+0545] {processor.py:842} WARNING - No viable dags retrieved from /home/suyog/miniconda3/envs/fraud_mlops/lib/python3.11/site-packages/airflow/example_dags/plugins/event_listener.py
[2026-06-07T17:45:09.043+0545] {processor.py:183} INFO - Processing /home/suyog/miniconda3/envs/fraud_mlops/lib/python3.11/site-packages/airflow/example_dags/plugins/event_listener.py took 0.018 seconds
[2026-06-07T17:46:32.614+0545] {processor.py:161} INFO - Started process (PID=33246) to work on /home/suyog/miniconda3/envs/fraud_mlops/lib/python3.11/site-packages/airflow/example_dags/plugins/event_listener.py
[2026-06-07T17:46:32.631+0545] {processor.py:830} INFO - Processing file /home/suyog/miniconda3/envs/fraud_mlops/lib/python3.11/site-packages/airflow/example_dags/plugins/event_listener.py for tasks to queue
[2026-06-07T17:46:32.632+0545] {logging_mixin.py:188} INFO - [2026-06-07T17:46:32.632+0545] {dagbag.py:545} INFO - Filling up the DagBag from /home/suyog/miniconda3/envs/fraud_mlops/lib/python3.11/site-packages/airflow/example_dags/plugins/event_listener.py
[2026-06-07T17:46:32.634+0545] {processor.py:842} WARNING - No viable dags retrieved from /home/suyog/miniconda3/envs/fraud_mlops/lib/python3.11/site-packages/airflow/example_dags/plugins/event_listener.py
[2026-06-07T17:46:32.641+0545] {processor.py:183} INFO - Processing /home/suyog/miniconda3/envs/fraud_mlops/lib/python3.11/site-packages/airflow/example_dags/plugins/event_listener.py took 0.030 seconds
[2026-06-07T17:47:22.284+0545] {processor.py:161} INFO - Started process (PID=33332) to work on /home/suyog/miniconda3/envs/fraud_mlops/lib/python3.11/site-packages/airflow/example_dags/plugins/event_listener.py
[2026-06-07T17:47:22.313+0545] {processor.py:830} INFO - Processing file /home/suyog/miniconda3/envs/fraud_mlops/lib/python3.11/site-packages/airflow/example_dags/plugins/event_listener.py for tasks to queue
[2026-06-07T17:47:22.316+0545] {logging_mixin.py:188} INFO - [2026-06-07T17:47:22.315+0545] {dagbag.py:545} INFO - Filling up the DagBag from /home/suyog/miniconda3/envs/fraud_mlops/lib/python3.11/site-packages/airflow/example_dags/plugins/event_listener.py
[2026-06-07T17:47:22.318+0545] {processor.py:842} WARNING - No viable dags retrieved from /home/suyog/miniconda3/envs/fraud_mlops/lib/python3.11/site-packages/airflow/example_dags/plugins/event_listener.py
[2026-06-07T17:47:22.327+0545] {processor.py:183} INFO - Processing /home/suyog/miniconda3/envs/fraud_mlops/lib/python3.11/site-packages/airflow/example_dags/plugins/event_listener.py took 0.053 seconds
[2026-06-07T17:48:27.362+0545] {processor.py:161} INFO - Started process (PID=33499) to work on /home/suyog/miniconda3/envs/fraud_mlops/lib/python3.11/site-packages/airflow/example_dags/plugins/event_listener.py
[2026-06-07T17:48:27.377+0545] {processor.py:830} INFO - Processing file /home/suyog/miniconda3/envs/fraud_mlops/lib/python3.11/site-packages/airflow/example_dags/plugins/event_listener.py for tasks to queue
[2026-06-07T17:48:27.381+0545] {logging_mixin.py:188} INFO - [2026-06-07T17:48:27.380+0545] {dagbag.py:545} INFO - Filling up the DagBag from /home/suyog/miniconda3/envs/fraud_mlops/lib/python3.11/site-packages/airflow/example_dags/plugins/event_listener.py
[2026-06-07T17:48:27.386+0545] {processor.py:842} WARNING - No viable dags retrieved from /home/suyog/miniconda3/envs/fraud_mlops/lib/python3.11/site-packages/airflow/example_dags/plugins/event_listener.py
[2026-06-07T17:48:27.405+0545] {processor.py:183} INFO - Processing /home/suyog/miniconda3/envs/fraud_mlops/lib/python3.11/site-packages/airflow/example_dags/plugins/event_listener.py took 0.056 seconds
[2026-06-07T17:49:07.782+0545] {processor.py:161} INFO - Started process (PID=33599) to work on /home/suyog/miniconda3/envs/fraud_mlops/lib/python3.11/site-packages/airflow/example_dags/plugins/event_listener.py
[2026-06-07T17:49:07.808+0545] {processor.py:830} INFO - Processing file /home/suyog/miniconda3/envs/fraud_mlops/lib/python3.11/site-packages/airflow/example_dags/plugins/event_listener.py for tasks to queue
[2026-06-07T17:49:07.811+0545] {logging_mixin.py:188} INFO - [2026-06-07T17:49:07.810+0545] {dagbag.py:545} INFO - Filling up the DagBag from /home/suyog/miniconda3/envs/fraud_mlops/lib/python3.11/site-packages/airflow/example_dags/plugins/event_listener.py
[2026-06-07T17:49:07.813+0545] {processor.py:842} WARNING - No viable dags retrieved from /home/suyog/miniconda3/envs/fraud_mlops/lib/python3.11/site-packages/airflow/example_dags/plugins/event_listener.py
[2026-06-07T17:49:07.823+0545] {processor.py:183} INFO - Processing /home/suyog/miniconda3/envs/fraud_mlops/lib/python3.11/site-packages/airflow/example_dags/plugins/event_listener.py took 0.055 seconds
[2026-06-07T17:50:15.848+0545] {processor.py:161} INFO - Started process (PID=33694) to work on /home/suyog/miniconda3/envs/fraud_mlops/lib/python3.11/site-packages/airflow/example_dags/plugins/event_listener.py
[2026-06-07T17:50:15.849+0545] {processor.py:830} INFO - Processing file /home/suyog/miniconda3/envs/fraud_mlops/lib/python3.11/site-packages/airflow/example_dags/plugins/event_listener.py for tasks to queue
[2026-06-07T17:50:15.850+0545] {logging_mixin.py:188} INFO - [2026-06-07T17:50:15.850+0545] {dagbag.py:545} INFO - Filling up the DagBag from /home/suyog/miniconda3/envs/fraud_mlops/lib/python3.11/site-packages/airflow/example_dags/plugins/event_listener.py
[2026-06-07T17:50:15.852+0545] {processor.py:842} WARNING - No viable dags retrieved from /home/suyog/miniconda3/envs/fraud_mlops/lib/python3.11/site-packages/airflow/example_dags/plugins/event_listener.py
[2026-06-07T17:50:15.860+0545] {processor.py:183} INFO - Processing /home/suyog/miniconda3/envs/fraud_mlops/lib/python3.11/site-packages/airflow/example_dags/plugins/event_listener.py took 0.018 seconds
