[2026-06-07T17:36:13.314+0545] {processor.py:161} INFO - Started process (PID=31658) to work on /home/suyog/miniconda3/envs/fraud_mlops/lib/python3.11/site-packages/airflow/example_dags/plugins/listener_plugin.py
[2026-06-07T17:36:13.316+0545] {processor.py:830} INFO - Processing file /home/suyog/miniconda3/envs/fraud_mlops/lib/python3.11/site-packages/airflow/example_dags/plugins/listener_plugin.py for tasks to queue
[2026-06-07T17:36:13.320+0545] {logging_mixin.py:188} INFO - [2026-06-07T17:36:13.319+0545] {dagbag.py:545} INFO - Filling up the DagBag from /home/suyog/miniconda3/envs/fraud_mlops/lib/python3.11/site-packages/airflow/example_dags/plugins/listener_plugin.py
[2026-06-07T17:36:13.326+0545] {processor.py:842} WARNING - No viable dags retrieved from /home/suyog/miniconda3/envs/fraud_mlops/lib/python3.11/site-packages/airflow/example_dags/plugins/listener_plugin.py
[2026-06-07T17:36:13.341+0545] {processor.py:183} INFO - Processing /home/suyog/miniconda3/envs/fraud_mlops/lib/python3.11/site-packages/airflow/example_dags/plugins/listener_plugin.py took 0.041 seconds
[2026-06-07T17:38:18.088+0545] {processor.py:161} INFO - Started process (PID=31789) to work on /home/suyog/miniconda3/envs/fraud_mlops/lib/python3.11/site-packages/airflow/example_dags/plugins/listener_plugin.py
[2026-06-07T17:38:18.089+0545] {processor.py:830} INFO - Processing file /home/suyog/miniconda3/envs/fraud_mlops/lib/python3.11/site-packages/airflow/example_dags/plugins/listener_plugin.py for tasks to queue
[2026-06-07T17:38:18.091+0545] {logging_mixin.py:188} INFO - [2026-06-07T17:38:18.090+0545] {dagbag.py:545} INFO - Filling up the DagBag from /home/suyog/miniconda3/envs/fraud_mlops/lib/python3.11/site-packages/airflow/example_dags/plugins/listener_plugin.py
[2026-06-07T17:38:18.093+0545] {processor.py:842} WARNING - No viable dags retrieved from /home/suyog/miniconda3/envs/fraud_mlops/lib/python3.11/site-packages/airflow/example_dags/plugins/listener_plugin.py
[2026-06-07T17:38:18.102+0545] {processor.py:183} INFO - Processing /home/suyog/miniconda3/envs/fraud_mlops/lib/python3.11/site-packages/airflow/example_dags/plugins/listener_plugin.py took 0.019 seconds
[2026-06-07T17:40:05.368+0545] {processor.py:161} INFO - Started process (PID=31968) to work on /home/suyog/miniconda3/envs/fraud_mlops/lib/python3.11/site-packages/airflow/example_dags/plugins/listener_plugin.py
[2026-06-07T17:40:05.369+0545] {processor.py:830} INFO - Processing file /home/suyog/miniconda3/envs/fraud_mlops/lib/python3.11/site-packages/airflow/example_dags/plugins/listener_plugin.py for tasks to queue
[2026-06-07T17:40:05.372+0545] {logging_mixin.py:188} INFO - [2026-06-07T17:40:05.371+0545] {dagbag.py:545} INFO - Filling up the DagBag from /home/suyog/miniconda3/envs/fraud_mlops/lib/python3.11/site-packages/airflow/example_dags/plugins/listener_plugin.py
[2026-06-07T17:40:05.376+0545] {processor.py:842} WARNING - No viable dags retrieved from /home/suyog/miniconda3/envs/fraud_mlops/lib/python3.11/site-packages/airflow/example_dags/plugins/listener_plugin.py
[2026-06-07T17:40:05.389+0545] {processor.py:183} INFO - Processing /home/suyog/miniconda3/envs/fraud_mlops/lib/python3.11/site-packages/airflow/example_dags/plugins/listener_plugin.py took 0.031 seconds
[2026-06-07T17:40:57.862+0545] {processor.py:161} INFO - Started process (PID=32078) to work on /home/suyog/miniconda3/envs/fraud_mlops/lib/python3.11/site-packages/airflow/example_dags/plugins/listener_plugin.py
[2026-06-07T17:40:57.863+0545] {processor.py:830} INFO - Processing file /home/suyog/miniconda3/envs/fraud_mlops/lib/python3.11/site-packages/airflow/example_dags/plugins/listener_plugin.py for tasks to queue
[2026-06-07T17:40:57.864+0545] {logging_mixin.py:188} INFO - [2026-06-07T17:40:57.864+0545] {dagbag.py:545} INFO - Filling up the DagBag from /home/suyog/miniconda3/envs/fraud_mlops/lib/python3.11/site-packages/airflow/example_dags/plugins/listener_plugin.py
[2026-06-07T17:40:57.866+0545] {processor.py:842} WARNING - No viable dags retrieved from /home/suyog/miniconda3/envs/fraud_mlops/lib/python3.11/site-packages/airflow/example_dags/plugins/listener_plugin.py
[2026-06-07T17:40:57.874+0545] {processor.py:183} INFO - Processing /home/suyog/miniconda3/envs/fraud_mlops/lib/python3.11/site-packages/airflow/example_dags/plugins/listener_plugin.py took 0.019 seconds
[2026-06-07T17:42:08.706+0545] {processor.py:161} INFO - Started process (PID=32244) to work on /home/suyog/miniconda3/envs/fraud_mlops/lib/python3.11/site-packages/airflow/example_dags/plugins/listener_plugin.py
[2026-06-07T17:42:08.733+0545] {processor.py:830} INFO - Processing file /home/suyog/miniconda3/envs/fraud_mlops/lib/python3.11/site-packages/airflow/example_dags/plugins/listener_plugin.py for tasks to queue
[2026-06-07T17:42:08.735+0545] {logging_mixin.py:188} INFO - [2026-06-07T17:42:08.734+0545] {dagbag.py:545} INFO - Filling up the DagBag from /home/suyog/miniconda3/envs/fraud_mlops/lib/python3.11/site-packages/airflow/example_dags/plugins/listener_plugin.py
[2026-06-07T17:42:08.737+0545] {processor.py:842} WARNING - No viable dags retrieved from /home/suyog/miniconda3/envs/fraud_mlops/lib/python3.11/site-packages/airflow/example_dags/plugins/listener_plugin.py
[2026-06-07T17:42:08.747+0545] {processor.py:183} INFO - Processing /home/suyog/miniconda3/envs/fraud_mlops/lib/python3.11/site-packages/airflow/example_dags/plugins/listener_plugin.py took 0.049 seconds
[2026-06-07T17:42:45.594+0545] {processor.py:161} INFO - Started process (PID=32345) to work on /home/suyog/miniconda3/envs/fraud_mlops/lib/python3.11/site-packages/airflow/example_dags/plugins/listener_plugin.py
[2026-06-07T17:42:45.623+0545] {processor.py:830} INFO - Processing file /home/suyog/miniconda3/envs/fraud_mlops/lib/python3.11/site-packages/airflow/example_dags/plugins/listener_plugin.py for tasks to queue
[2026-06-07T17:42:45.625+0545] {logging_mixin.py:188} INFO - [2026-06-07T17:42:45.624+0545] {dagbag.py:545} INFO - Filling up the DagBag from /home/suyog/miniconda3/envs/fraud_mlops/lib/python3.11/site-packages/airflow/example_dags/plugins/listener_plugin.py
[2026-06-07T17:42:45.627+0545] {processor.py:842} WARNING - No viable dags retrieved from /home/suyog/miniconda3/envs/fraud_mlops/lib/python3.11/site-packages/airflow/example_dags/plugins/listener_plugin.py
[2026-06-07T17:42:45.638+0545] {processor.py:183} INFO - Processing /home/suyog/miniconda3/envs/fraud_mlops/lib/python3.11/site-packages/airflow/example_dags/plugins/listener_plugin.py took 0.049 seconds
[2026-06-07T17:43:22.928+0545] {processor.py:161} INFO - Started process (PID=32903) to work on /home/suyog/miniconda3/envs/fraud_mlops/lib/python3.11/site-packages/airflow/example_dags/plugins/listener_plugin.py
[2026-06-07T17:43:22.930+0545] {processor.py:830} INFO - Processing file /home/suyog/miniconda3/envs/fraud_mlops/lib/python3.11/site-packages/airflow/example_dags/plugins/listener_plugin.py for tasks to queue
[2026-06-07T17:43:22.932+0545] {logging_mixin.py:188} INFO - [2026-06-07T17:43:22.932+0545] {dagbag.py:545} INFO - Filling up the DagBag from /home/suyog/miniconda3/envs/fraud_mlops/lib/python3.11/site-packages/airflow/example_dags/plugins/listener_plugin.py
[2026-06-07T17:43:22.936+0545] {processor.py:842} WARNING - No viable dags retrieved from /home/suyog/miniconda3/envs/fraud_mlops/lib/python3.11/site-packages/airflow/example_dags/plugins/listener_plugin.py
[2026-06-07T17:43:22.947+0545] {processor.py:183} INFO - Processing /home/suyog/miniconda3/envs/fraud_mlops/lib/python3.11/site-packages/airflow/example_dags/plugins/listener_plugin.py took 0.029 seconds
[2026-06-07T17:44:00.463+0545] {processor.py:161} INFO - Started process (PID=32998) to work on /home/suyog/miniconda3/envs/fraud_mlops/lib/python3.11/site-packages/airflow/example_dags/plugins/listener_plugin.py
[2026-06-07T17:44:00.494+0545] {processor.py:830} INFO - Processing file /home/suyog/miniconda3/envs/fraud_mlops/lib/python3.11/site-packages/airflow/example_dags/plugins/listener_plugin.py for tasks to queue
[2026-06-07T17:44:00.496+0545] {logging_mixin.py:188} INFO - [2026-06-07T17:44:00.495+0545] {dagbag.py:545} INFO - Filling up the DagBag from /home/suyog/miniconda3/envs/fraud_mlops/lib/python3.11/site-packages/airflow/example_dags/plugins/listener_plugin.py
[2026-06-07T17:44:00.498+0545] {processor.py:842} WARNING - No viable dags retrieved from /home/suyog/miniconda3/envs/fraud_mlops/lib/python3.11/site-packages/airflow/example_dags/plugins/listener_plugin.py
[2026-06-07T17:44:00.510+0545] {processor.py:183} INFO - Processing /home/suyog/miniconda3/envs/fraud_mlops/lib/python3.11/site-packages/airflow/example_dags/plugins/listener_plugin.py took 0.060 seconds
[2026-06-07T17:45:08.856+0545] {processor.py:161} INFO - Started process (PID=33162) to work on /home/suyog/miniconda3/envs/fraud_mlops/lib/python3.11/site-packages/airflow/example_dags/plugins/listener_plugin.py
[2026-06-07T17:45:08.873+0545] {processor.py:830} INFO - Processing file /home/suyog/miniconda3/envs/fraud_mlops/lib/python3.11/site-packages/airflow/example_dags/plugins/listener_plugin.py for tasks to queue
[2026-06-07T17:45:08.875+0545] {logging_mixin.py:188} INFO - [2026-06-07T17:45:08.875+0545] {dagbag.py:545} INFO - Filling up the DagBag from /home/suyog/miniconda3/envs/fraud_mlops/lib/python3.11/site-packages/airflow/example_dags/plugins/listener_plugin.py
[2026-06-07T17:45:08.878+0545] {processor.py:842} WARNING - No viable dags retrieved from /home/suyog/miniconda3/envs/fraud_mlops/lib/python3.11/site-packages/airflow/example_dags/plugins/listener_plugin.py
[2026-06-07T17:45:08.894+0545] {processor.py:183} INFO - Processing /home/suyog/miniconda3/envs/fraud_mlops/lib/python3.11/site-packages/airflow/example_dags/plugins/listener_plugin.py took 0.043 seconds
[2026-06-07T17:46:31.484+0545] {processor.py:161} INFO - Started process (PID=33244) to work on /home/suyog/miniconda3/envs/fraud_mlops/lib/python3.11/site-packages/airflow/example_dags/plugins/listener_plugin.py
[2026-06-07T17:46:31.510+0545] {processor.py:830} INFO - Processing file /home/suyog/miniconda3/envs/fraud_mlops/lib/python3.11/site-packages/airflow/example_dags/plugins/listener_plugin.py for tasks to queue
[2026-06-07T17:46:31.512+0545] {logging_mixin.py:188} INFO - [2026-06-07T17:46:31.511+0545] {dagbag.py:545} INFO - Filling up the DagBag from /home/suyog/miniconda3/envs/fraud_mlops/lib/python3.11/site-packages/airflow/example_dags/plugins/listener_plugin.py
[2026-06-07T17:46:31.513+0545] {processor.py:842} WARNING - No viable dags retrieved from /home/suyog/miniconda3/envs/fraud_mlops/lib/python3.11/site-packages/airflow/example_dags/plugins/listener_plugin.py
[2026-06-07T17:46:31.520+0545] {processor.py:183} INFO - Processing /home/suyog/miniconda3/envs/fraud_mlops/lib/python3.11/site-packages/airflow/example_dags/plugins/listener_plugin.py took 0.040 seconds
[2026-06-07T17:47:21.134+0545] {processor.py:161} INFO - Started process (PID=33328) to work on /home/suyog/miniconda3/envs/fraud_mlops/lib/python3.11/site-packages/airflow/example_dags/plugins/listener_plugin.py
[2026-06-07T17:47:21.175+0545] {processor.py:830} INFO - Processing file /home/suyog/miniconda3/envs/fraud_mlops/lib/python3.11/site-packages/airflow/example_dags/plugins/listener_plugin.py for tasks to queue
[2026-06-07T17:47:21.176+0545] {logging_mixin.py:188} INFO - [2026-06-07T17:47:21.176+0545] {dagbag.py:545} INFO - Filling up the DagBag from /home/suyog/miniconda3/envs/fraud_mlops/lib/python3.11/site-packages/airflow/example_dags/plugins/listener_plugin.py
[2026-06-07T17:47:21.178+0545] {processor.py:842} WARNING - No viable dags retrieved from /home/suyog/miniconda3/envs/fraud_mlops/lib/python3.11/site-packages/airflow/example_dags/plugins/listener_plugin.py
[2026-06-07T17:47:21.184+0545] {processor.py:183} INFO - Processing /home/suyog/miniconda3/envs/fraud_mlops/lib/python3.11/site-packages/airflow/example_dags/plugins/listener_plugin.py took 0.054 seconds
[2026-06-07T17:48:26.650+0545] {processor.py:161} INFO - Started process (PID=33490) to work on /home/suyog/miniconda3/envs/fraud_mlops/lib/python3.11/site-packages/airflow/example_dags/plugins/listener_plugin.py
[2026-06-07T17:48:26.650+0545] {processor.py:830} INFO - Processing file /home/suyog/miniconda3/envs/fraud_mlops/lib/python3.11/site-packages/airflow/example_dags/plugins/listener_plugin.py for tasks to queue
[2026-06-07T17:48:26.652+0545] {logging_mixin.py:188} INFO - [2026-06-07T17:48:26.651+0545] {dagbag.py:545} INFO - Filling up the DagBag from /home/suyog/miniconda3/envs/fraud_mlops/lib/python3.11/site-packages/airflow/example_dags/plugins/listener_plugin.py
[2026-06-07T17:48:26.653+0545] {processor.py:842} WARNING - No viable dags retrieved from /home/suyog/miniconda3/envs/fraud_mlops/lib/python3.11/site-packages/airflow/example_dags/plugins/listener_plugin.py
[2026-06-07T17:48:26.661+0545] {processor.py:183} INFO - Processing /home/suyog/miniconda3/envs/fraud_mlops/lib/python3.11/site-packages/airflow/example_dags/plugins/listener_plugin.py took 0.016 seconds
[2026-06-07T17:49:06.625+0545] {processor.py:161} INFO - Started process (PID=33598) to work on /home/suyog/miniconda3/envs/fraud_mlops/lib/python3.11/site-packages/airflow/example_dags/plugins/listener_plugin.py
[2026-06-07T17:49:06.627+0545] {processor.py:830} INFO - Processing file /home/suyog/miniconda3/envs/fraud_mlops/lib/python3.11/site-packages/airflow/example_dags/plugins/listener_plugin.py for tasks to queue
[2026-06-07T17:49:06.630+0545] {logging_mixin.py:188} INFO - [2026-06-07T17:49:06.630+0545] {dagbag.py:545} INFO - Filling up the DagBag from /home/suyog/miniconda3/envs/fraud_mlops/lib/python3.11/site-packages/airflow/example_dags/plugins/listener_plugin.py
[2026-06-07T17:49:06.634+0545] {processor.py:842} WARNING - No viable dags retrieved from /home/suyog/miniconda3/envs/fraud_mlops/lib/python3.11/site-packages/airflow/example_dags/plugins/listener_plugin.py
[2026-06-07T17:49:06.646+0545] {processor.py:183} INFO - Processing /home/suyog/miniconda3/envs/fraud_mlops/lib/python3.11/site-packages/airflow/example_dags/plugins/listener_plugin.py took 0.035 seconds
[2026-06-07T17:50:14.710+0545] {processor.py:161} INFO - Started process (PID=33690) to work on /home/suyog/miniconda3/envs/fraud_mlops/lib/python3.11/site-packages/airflow/example_dags/plugins/listener_plugin.py
[2026-06-07T17:50:14.737+0545] {processor.py:830} INFO - Processing file /home/suyog/miniconda3/envs/fraud_mlops/lib/python3.11/site-packages/airflow/example_dags/plugins/listener_plugin.py for tasks to queue
[2026-06-07T17:50:14.741+0545] {logging_mixin.py:188} INFO - [2026-06-07T17:50:14.740+0545] {dagbag.py:545} INFO - Filling up the DagBag from /home/suyog/miniconda3/envs/fraud_mlops/lib/python3.11/site-packages/airflow/example_dags/plugins/listener_plugin.py
[2026-06-07T17:50:14.750+0545] {processor.py:842} WARNING - No viable dags retrieved from /home/suyog/miniconda3/envs/fraud_mlops/lib/python3.11/site-packages/airflow/example_dags/plugins/listener_plugin.py
[2026-06-07T17:50:14.771+0545] {processor.py:183} INFO - Processing /home/suyog/miniconda3/envs/fraud_mlops/lib/python3.11/site-packages/airflow/example_dags/plugins/listener_plugin.py took 0.074 seconds
