[2026-06-07T17:36:11.571+0545] {processor.py:161} INFO - Started process (PID=31622) to work on /home/suyog/miniconda3/envs/fraud_mlops/lib/python3.11/site-packages/airflow/example_dags/plugins/workday.py
[2026-06-07T17:36:11.573+0545] {processor.py:830} INFO - Processing file /home/suyog/miniconda3/envs/fraud_mlops/lib/python3.11/site-packages/airflow/example_dags/plugins/workday.py for tasks to queue
[2026-06-07T17:36:11.575+0545] {logging_mixin.py:188} INFO - [2026-06-07T17:36:11.574+0545] {dagbag.py:545} INFO - Filling up the DagBag from /home/suyog/miniconda3/envs/fraud_mlops/lib/python3.11/site-packages/airflow/example_dags/plugins/workday.py
[2026-06-07T17:36:11.958+0545] {processor.py:842} WARNING - No viable dags retrieved from /home/suyog/miniconda3/envs/fraud_mlops/lib/python3.11/site-packages/airflow/example_dags/plugins/workday.py
[2026-06-07T17:36:11.962+0545] {processor.py:183} INFO - Processing /home/suyog/miniconda3/envs/fraud_mlops/lib/python3.11/site-packages/airflow/example_dags/plugins/workday.py took 0.401 seconds
[2026-06-07T17:38:16.484+0545] {processor.py:161} INFO - Started process (PID=31787) to work on /home/suyog/miniconda3/envs/fraud_mlops/lib/python3.11/site-packages/airflow/example_dags/plugins/workday.py
[2026-06-07T17:38:16.485+0545] {processor.py:830} INFO - Processing file /home/suyog/miniconda3/envs/fraud_mlops/lib/python3.11/site-packages/airflow/example_dags/plugins/workday.py for tasks to queue
[2026-06-07T17:38:16.487+0545] {logging_mixin.py:188} INFO - [2026-06-07T17:38:16.486+0545] {dagbag.py:545} INFO - Filling up the DagBag from /home/suyog/miniconda3/envs/fraud_mlops/lib/python3.11/site-packages/airflow/example_dags/plugins/workday.py
[2026-06-07T17:38:16.867+0545] {processor.py:842} WARNING - No viable dags retrieved from /home/suyog/miniconda3/envs/fraud_mlops/lib/python3.11/site-packages/airflow/example_dags/plugins/workday.py
[2026-06-07T17:38:16.871+0545] {processor.py:183} INFO - Processing /home/suyog/miniconda3/envs/fraud_mlops/lib/python3.11/site-packages/airflow/example_dags/plugins/workday.py took 0.391 seconds
[2026-06-07T17:40:03.789+0545] {processor.py:161} INFO - Started process (PID=31966) to work on /home/suyog/miniconda3/envs/fraud_mlops/lib/python3.11/site-packages/airflow/example_dags/plugins/workday.py
[2026-06-07T17:40:03.790+0545] {processor.py:830} INFO - Processing file /home/suyog/miniconda3/envs/fraud_mlops/lib/python3.11/site-packages/airflow/example_dags/plugins/workday.py for tasks to queue
[2026-06-07T17:40:03.792+0545] {logging_mixin.py:188} INFO - [2026-06-07T17:40:03.792+0545] {dagbag.py:545} INFO - Filling up the DagBag from /home/suyog/miniconda3/envs/fraud_mlops/lib/python3.11/site-packages/airflow/example_dags/plugins/workday.py
[2026-06-07T17:40:04.195+0545] {processor.py:842} WARNING - No viable dags retrieved from /home/suyog/miniconda3/envs/fraud_mlops/lib/python3.11/site-packages/airflow/example_dags/plugins/workday.py
[2026-06-07T17:40:04.200+0545] {processor.py:183} INFO - Processing /home/suyog/miniconda3/envs/fraud_mlops/lib/python3.11/site-packages/airflow/example_dags/plugins/workday.py took 0.414 seconds
[2026-06-07T17:40:56.429+0545] {processor.py:161} INFO - Started process (PID=32076) to work on /home/suyog/miniconda3/envs/fraud_mlops/lib/python3.11/site-packages/airflow/example_dags/plugins/workday.py
[2026-06-07T17:40:56.457+0545] {processor.py:830} INFO - Processing file /home/suyog/miniconda3/envs/fraud_mlops/lib/python3.11/site-packages/airflow/example_dags/plugins/workday.py for tasks to queue
[2026-06-07T17:40:56.459+0545] {logging_mixin.py:188} INFO - [2026-06-07T17:40:56.459+0545] {dagbag.py:545} INFO - Filling up the DagBag from /home/suyog/miniconda3/envs/fraud_mlops/lib/python3.11/site-packages/airflow/example_dags/plugins/workday.py
[2026-06-07T17:40:56.754+0545] {processor.py:842} WARNING - No viable dags retrieved from /home/suyog/miniconda3/envs/fraud_mlops/lib/python3.11/site-packages/airflow/example_dags/plugins/workday.py
[2026-06-07T17:40:56.760+0545] {processor.py:183} INFO - Processing /home/suyog/miniconda3/envs/fraud_mlops/lib/python3.11/site-packages/airflow/example_dags/plugins/workday.py took 0.345 seconds
[2026-06-07T17:41:32.266+0545] {processor.py:161} INFO - Started process (PID=32152) to work on /home/suyog/miniconda3/envs/fraud_mlops/lib/python3.11/site-packages/airflow/example_dags/plugins/workday.py
[2026-06-07T17:41:32.266+0545] {processor.py:830} INFO - Processing file /home/suyog/miniconda3/envs/fraud_mlops/lib/python3.11/site-packages/airflow/example_dags/plugins/workday.py for tasks to queue
[2026-06-07T17:41:32.268+0545] {logging_mixin.py:188} INFO - [2026-06-07T17:41:32.268+0545] {dagbag.py:545} INFO - Filling up the DagBag from /home/suyog/miniconda3/envs/fraud_mlops/lib/python3.11/site-packages/airflow/example_dags/plugins/workday.py
[2026-06-07T17:41:32.559+0545] {processor.py:842} WARNING - No viable dags retrieved from /home/suyog/miniconda3/envs/fraud_mlops/lib/python3.11/site-packages/airflow/example_dags/plugins/workday.py
[2026-06-07T17:41:32.565+0545] {processor.py:183} INFO - Processing /home/suyog/miniconda3/envs/fraud_mlops/lib/python3.11/site-packages/airflow/example_dags/plugins/workday.py took 0.305 seconds
[2026-06-07T17:42:07.175+0545] {processor.py:161} INFO - Started process (PID=32239) to work on /home/suyog/miniconda3/envs/fraud_mlops/lib/python3.11/site-packages/airflow/example_dags/plugins/workday.py
[2026-06-07T17:42:07.175+0545] {processor.py:830} INFO - Processing file /home/suyog/miniconda3/envs/fraud_mlops/lib/python3.11/site-packages/airflow/example_dags/plugins/workday.py for tasks to queue
[2026-06-07T17:42:07.177+0545] {logging_mixin.py:188} INFO - [2026-06-07T17:42:07.177+0545] {dagbag.py:545} INFO - Filling up the DagBag from /home/suyog/miniconda3/envs/fraud_mlops/lib/python3.11/site-packages/airflow/example_dags/plugins/workday.py
[2026-06-07T17:42:07.460+0545] {processor.py:842} WARNING - No viable dags retrieved from /home/suyog/miniconda3/envs/fraud_mlops/lib/python3.11/site-packages/airflow/example_dags/plugins/workday.py
[2026-06-07T17:42:07.465+0545] {processor.py:183} INFO - Processing /home/suyog/miniconda3/envs/fraud_mlops/lib/python3.11/site-packages/airflow/example_dags/plugins/workday.py took 0.296 seconds
[2026-06-07T17:42:44.150+0545] {processor.py:161} INFO - Started process (PID=32343) to work on /home/suyog/miniconda3/envs/fraud_mlops/lib/python3.11/site-packages/airflow/example_dags/plugins/workday.py
[2026-06-07T17:42:44.160+0545] {processor.py:830} INFO - Processing file /home/suyog/miniconda3/envs/fraud_mlops/lib/python3.11/site-packages/airflow/example_dags/plugins/workday.py for tasks to queue
[2026-06-07T17:42:44.164+0545] {logging_mixin.py:188} INFO - [2026-06-07T17:42:44.163+0545] {dagbag.py:545} INFO - Filling up the DagBag from /home/suyog/miniconda3/envs/fraud_mlops/lib/python3.11/site-packages/airflow/example_dags/plugins/workday.py
[2026-06-07T17:42:44.455+0545] {processor.py:842} WARNING - No viable dags retrieved from /home/suyog/miniconda3/envs/fraud_mlops/lib/python3.11/site-packages/airflow/example_dags/plugins/workday.py
[2026-06-07T17:42:44.460+0545] {processor.py:183} INFO - Processing /home/suyog/miniconda3/envs/fraud_mlops/lib/python3.11/site-packages/airflow/example_dags/plugins/workday.py took 0.324 seconds
[2026-06-07T17:43:21.474+0545] {processor.py:161} INFO - Started process (PID=32893) to work on /home/suyog/miniconda3/envs/fraud_mlops/lib/python3.11/site-packages/airflow/example_dags/plugins/workday.py
[2026-06-07T17:43:21.488+0545] {processor.py:830} INFO - Processing file /home/suyog/miniconda3/envs/fraud_mlops/lib/python3.11/site-packages/airflow/example_dags/plugins/workday.py for tasks to queue
[2026-06-07T17:43:21.490+0545] {logging_mixin.py:188} INFO - [2026-06-07T17:43:21.490+0545] {dagbag.py:545} INFO - Filling up the DagBag from /home/suyog/miniconda3/envs/fraud_mlops/lib/python3.11/site-packages/airflow/example_dags/plugins/workday.py
[2026-06-07T17:43:21.857+0545] {processor.py:842} WARNING - No viable dags retrieved from /home/suyog/miniconda3/envs/fraud_mlops/lib/python3.11/site-packages/airflow/example_dags/plugins/workday.py
[2026-06-07T17:43:21.862+0545] {processor.py:183} INFO - Processing /home/suyog/miniconda3/envs/fraud_mlops/lib/python3.11/site-packages/airflow/example_dags/plugins/workday.py took 0.396 seconds
[2026-06-07T17:43:58.999+0545] {processor.py:161} INFO - Started process (PID=32996) to work on /home/suyog/miniconda3/envs/fraud_mlops/lib/python3.11/site-packages/airflow/example_dags/plugins/workday.py
[2026-06-07T17:43:59.000+0545] {processor.py:830} INFO - Processing file /home/suyog/miniconda3/envs/fraud_mlops/lib/python3.11/site-packages/airflow/example_dags/plugins/workday.py for tasks to queue
[2026-06-07T17:43:59.001+0545] {logging_mixin.py:188} INFO - [2026-06-07T17:43:59.001+0545] {dagbag.py:545} INFO - Filling up the DagBag from /home/suyog/miniconda3/envs/fraud_mlops/lib/python3.11/site-packages/airflow/example_dags/plugins/workday.py
[2026-06-07T17:43:59.292+0545] {processor.py:842} WARNING - No viable dags retrieved from /home/suyog/miniconda3/envs/fraud_mlops/lib/python3.11/site-packages/airflow/example_dags/plugins/workday.py
[2026-06-07T17:43:59.297+0545] {processor.py:183} INFO - Processing /home/suyog/miniconda3/envs/fraud_mlops/lib/python3.11/site-packages/airflow/example_dags/plugins/workday.py took 0.302 seconds
[2026-06-07T17:45:07.415+0545] {processor.py:161} INFO - Started process (PID=33155) to work on /home/suyog/miniconda3/envs/fraud_mlops/lib/python3.11/site-packages/airflow/example_dags/plugins/workday.py
[2026-06-07T17:45:07.444+0545] {processor.py:830} INFO - Processing file /home/suyog/miniconda3/envs/fraud_mlops/lib/python3.11/site-packages/airflow/example_dags/plugins/workday.py for tasks to queue
[2026-06-07T17:45:07.446+0545] {logging_mixin.py:188} INFO - [2026-06-07T17:45:07.446+0545] {dagbag.py:545} INFO - Filling up the DagBag from /home/suyog/miniconda3/envs/fraud_mlops/lib/python3.11/site-packages/airflow/example_dags/plugins/workday.py
[2026-06-07T17:45:07.738+0545] {processor.py:842} WARNING - No viable dags retrieved from /home/suyog/miniconda3/envs/fraud_mlops/lib/python3.11/site-packages/airflow/example_dags/plugins/workday.py
[2026-06-07T17:45:07.744+0545] {processor.py:183} INFO - Processing /home/suyog/miniconda3/envs/fraud_mlops/lib/python3.11/site-packages/airflow/example_dags/plugins/workday.py took 0.333 seconds
[2026-06-07T17:46:29.897+0545] {processor.py:161} INFO - Started process (PID=33241) to work on /home/suyog/miniconda3/envs/fraud_mlops/lib/python3.11/site-packages/airflow/example_dags/plugins/workday.py
[2026-06-07T17:46:29.898+0545] {processor.py:830} INFO - Processing file /home/suyog/miniconda3/envs/fraud_mlops/lib/python3.11/site-packages/airflow/example_dags/plugins/workday.py for tasks to queue
[2026-06-07T17:46:29.899+0545] {logging_mixin.py:188} INFO - [2026-06-07T17:46:29.899+0545] {dagbag.py:545} INFO - Filling up the DagBag from /home/suyog/miniconda3/envs/fraud_mlops/lib/python3.11/site-packages/airflow/example_dags/plugins/workday.py
[2026-06-07T17:46:30.269+0545] {processor.py:842} WARNING - No viable dags retrieved from /home/suyog/miniconda3/envs/fraud_mlops/lib/python3.11/site-packages/airflow/example_dags/plugins/workday.py
[2026-06-07T17:46:30.273+0545] {processor.py:183} INFO - Processing /home/suyog/miniconda3/envs/fraud_mlops/lib/python3.11/site-packages/airflow/example_dags/plugins/workday.py took 0.381 seconds
[2026-06-07T17:47:19.420+0545] {processor.py:161} INFO - Started process (PID=33325) to work on /home/suyog/miniconda3/envs/fraud_mlops/lib/python3.11/site-packages/airflow/example_dags/plugins/workday.py
[2026-06-07T17:47:19.446+0545] {processor.py:830} INFO - Processing file /home/suyog/miniconda3/envs/fraud_mlops/lib/python3.11/site-packages/airflow/example_dags/plugins/workday.py for tasks to queue
[2026-06-07T17:47:19.447+0545] {logging_mixin.py:188} INFO - [2026-06-07T17:47:19.447+0545] {dagbag.py:545} INFO - Filling up the DagBag from /home/suyog/miniconda3/envs/fraud_mlops/lib/python3.11/site-packages/airflow/example_dags/plugins/workday.py
[2026-06-07T17:47:19.819+0545] {processor.py:842} WARNING - No viable dags retrieved from /home/suyog/miniconda3/envs/fraud_mlops/lib/python3.11/site-packages/airflow/example_dags/plugins/workday.py
[2026-06-07T17:47:19.823+0545] {processor.py:183} INFO - Processing /home/suyog/miniconda3/envs/fraud_mlops/lib/python3.11/site-packages/airflow/example_dags/plugins/workday.py took 0.407 seconds
[2026-06-07T17:48:25.231+0545] {processor.py:161} INFO - Started process (PID=33466) to work on /home/suyog/miniconda3/envs/fraud_mlops/lib/python3.11/site-packages/airflow/example_dags/plugins/workday.py
[2026-06-07T17:48:25.257+0545] {processor.py:830} INFO - Processing file /home/suyog/miniconda3/envs/fraud_mlops/lib/python3.11/site-packages/airflow/example_dags/plugins/workday.py for tasks to queue
[2026-06-07T17:48:25.261+0545] {logging_mixin.py:188} INFO - [2026-06-07T17:48:25.260+0545] {dagbag.py:545} INFO - Filling up the DagBag from /home/suyog/miniconda3/envs/fraud_mlops/lib/python3.11/site-packages/airflow/example_dags/plugins/workday.py
[2026-06-07T17:48:25.557+0545] {processor.py:842} WARNING - No viable dags retrieved from /home/suyog/miniconda3/envs/fraud_mlops/lib/python3.11/site-packages/airflow/example_dags/plugins/workday.py
[2026-06-07T17:48:25.562+0545] {processor.py:183} INFO - Processing /home/suyog/miniconda3/envs/fraud_mlops/lib/python3.11/site-packages/airflow/example_dags/plugins/workday.py took 0.345 seconds
[2026-06-07T17:49:05.162+0545] {processor.py:161} INFO - Started process (PID=33596) to work on /home/suyog/miniconda3/envs/fraud_mlops/lib/python3.11/site-packages/airflow/example_dags/plugins/workday.py
[2026-06-07T17:49:05.189+0545] {processor.py:830} INFO - Processing file /home/suyog/miniconda3/envs/fraud_mlops/lib/python3.11/site-packages/airflow/example_dags/plugins/workday.py for tasks to queue
[2026-06-07T17:49:05.191+0545] {logging_mixin.py:188} INFO - [2026-06-07T17:49:05.191+0545] {dagbag.py:545} INFO - Filling up the DagBag from /home/suyog/miniconda3/envs/fraud_mlops/lib/python3.11/site-packages/airflow/example_dags/plugins/workday.py
[2026-06-07T17:49:05.482+0545] {processor.py:842} WARNING - No viable dags retrieved from /home/suyog/miniconda3/envs/fraud_mlops/lib/python3.11/site-packages/airflow/example_dags/plugins/workday.py
[2026-06-07T17:49:05.487+0545] {processor.py:183} INFO - Processing /home/suyog/miniconda3/envs/fraud_mlops/lib/python3.11/site-packages/airflow/example_dags/plugins/workday.py took 0.332 seconds
[2026-06-07T17:49:40.319+0545] {processor.py:161} INFO - Started process (PID=33653) to work on /home/suyog/miniconda3/envs/fraud_mlops/lib/python3.11/site-packages/airflow/example_dags/plugins/workday.py
[2026-06-07T17:49:40.322+0545] {processor.py:830} INFO - Processing file /home/suyog/miniconda3/envs/fraud_mlops/lib/python3.11/site-packages/airflow/example_dags/plugins/workday.py for tasks to queue
[2026-06-07T17:49:40.324+0545] {logging_mixin.py:188} INFO - [2026-06-07T17:49:40.324+0545] {dagbag.py:545} INFO - Filling up the DagBag from /home/suyog/miniconda3/envs/fraud_mlops/lib/python3.11/site-packages/airflow/example_dags/plugins/workday.py
[2026-06-07T17:49:40.622+0545] {processor.py:842} WARNING - No viable dags retrieved from /home/suyog/miniconda3/envs/fraud_mlops/lib/python3.11/site-packages/airflow/example_dags/plugins/workday.py
[2026-06-07T17:49:40.628+0545] {processor.py:183} INFO - Processing /home/suyog/miniconda3/envs/fraud_mlops/lib/python3.11/site-packages/airflow/example_dags/plugins/workday.py took 0.324 seconds
